
25519 : 0x112da2379d7ba8 : 4 : __ittapi_collector_init :  pthread_atfork() result: 0
25519 : 0x112da2379faec0 : 2 : ittapi_config_mask_get :  --itt-config mask to be applied: 17
25519 : 0x112da2379fd838 : 2 : ittapi_config_apply_per_lib :  ITTAPI function instrumented: __itt_domain_create
25519 : 0x112da2379fe596 : 2 : ittapi_config_apply_per_lib :  ITTAPI function instrumented: __itt_string_handle_create
25519 : 0x112da2379ff197 : 2 : ittapi_config_apply_per_lib :  ITTAPI function instrumented: __itt_pause
25519 : 0x112da2379ffbf5 : 2 : ittapi_config_apply_per_lib :  ITTAPI function instrumented: __itt_resume
25519 : 0x112da237a00699 : 2 : ittapi_config_apply_per_lib :  ITTAPI function instrumented: __itt_thread_set_name
25519 : 0x112da237a011c8 : 2 : ittapi_config_apply_per_lib :  ITTAPI function instrumented: __itt_thread_ignore
25519 : 0x112da237a01be0 : 2 : ittapi_config_apply_per_lib :  ITTAPI function instrumented: __itt_thr_name_set
25519 : 0x112da237a02684 : 2 : ittapi_config_apply_per_lib :  ITTAPI function instrumented: __itt_thr_ignore
25519 : 0x112da237a0c31d : 2 : ittapi_config_apply_per_lib :  ITTAPI function not implemented: __itt_enable_attach
25519 : 0x112da237a0d0c1 : 2 : ittapi_config_apply_per_lib :  ITTAPI function NOT instrumented (not matched by --itt-config option): __itt_sync_create

25519 : 0x112da237a0dad9 : 2 : ittapi_config_apply_per_lib :  ITTAPI function NOT instrumented (not matched by --itt-config option): __itt_sync_rename

25519 : 0x112da237a0e237 : 2 : ittapi_config_apply_per_lib :  ITTAPI function NOT instrumented (not matched by --itt-config option): __itt_sync_destroy

25519 : 0x112da237a0e9db : 2 : ittapi_config_apply_per_lib :  ITTAPI function NOT instrumented (not matched by --itt-config option): __itt_sync_prepare

25519 : 0x112da237a0f296 : 2 : ittapi_config_apply_per_lib :  ITTAPI function NOT instrumented (not matched by --itt-config option): __itt_sync_cancel

25519 : 0x112da237a0f9ad : 2 : ittapi_config_apply_per_lib :  ITTAPI function NOT instrumented (not matched by --itt-config option): __itt_sync_acquired

25519 : 0x112da237a100c5 : 2 : ittapi_config_apply_per_lib :  ITTAPI function NOT instrumented (not matched by --itt-config option): __itt_sync_releasing

25519 : 0x112da237a11653 : 2 : ittapi_config_apply_per_lib :  ITTAPI function not implemented: __itt_suppress_push
25519 : 0x112da237a123f7 : 2 : ittapi_config_apply_per_lib :  ITTAPI function not implemented: __itt_suppress_pop
25519 : 0x112da237a1536f : 2 : ittapi_config_apply_per_lib :  ITTAPI function not implemented: __itt_suppress_mark_range
25519 : 0x112da237a16159 : 2 : ittapi_config_apply_per_lib :  ITTAPI function not implemented: __itt_suppress_clear_range
25519 : 0x112da237a16871 : 2 : ittapi_config_apply_per_lib :  ITTAPI function NOT instrumented (not matched by --itt-config option): __itt_sync_prepare

25519 : 0x112da237a16eb7 : 2 : ittapi_config_apply_per_lib :  ITTAPI function NOT instrumented (not matched by --itt-config option): __itt_sync_cancel

25519 : 0x112da237a174fe : 2 : ittapi_config_apply_per_lib :  ITTAPI function NOT instrumented (not matched by --itt-config option): __itt_sync_acquired

25519 : 0x112da237a17db9 : 2 : ittapi_config_apply_per_lib :  ITTAPI function NOT instrumented (not matched by --itt-config option): __itt_sync_releasing

25519 : 0x112da237a18a45 : 2 : ittapi_config_apply_per_lib :  ITTAPI function not implemented: __itt_model_site_begin
25519 : 0x112da237a19575 : 2 : ittapi_config_apply_per_lib :  ITTAPI function not implemented: __itt_model_site_end
25519 : 0x112da237a1a0a4 : 2 : ittapi_config_apply_per_lib :  ITTAPI function not implemented: __itt_model_task_begin
25519 : 0x112da237a1ab8e : 2 : ittapi_config_apply_per_lib :  ITTAPI function not implemented: __itt_model_task_end
25519 : 0x112da237a1d01d : 2 : ittapi_config_apply_per_lib :  ITTAPI function not implemented: __itt_model_lock_acquire
25519 : 0x112da237a1dd35 : 2 : ittapi_config_apply_per_lib :  ITTAPI function not implemented: __itt_model_lock_release
25519 : 0x112da237a1e8aa : 2 : ittapi_config_apply_per_lib :  ITTAPI function not implemented: __itt_model_record_allocation
25519 : 0x112da237a1f4f1 : 2 : ittapi_config_apply_per_lib :  ITTAPI function not implemented: __itt_model_record_deallocation
25519 : 0x112da237a200f2 : 2 : ittapi_config_apply_per_lib :  ITTAPI function not implemented: __itt_model_induction_uses
25519 : 0x112da237a20bdc : 2 : ittapi_config_apply_per_lib :  ITTAPI function not implemented: __itt_model_reduction_uses
25519 : 0x112da237a216c6 : 2 : ittapi_config_apply_per_lib :  ITTAPI function not implemented: __itt_model_observe_uses
25519 : 0x112da237a2223b : 2 : ittapi_config_apply_per_lib :  ITTAPI function not implemented: __itt_model_clear_uses
25519 : 0x112da237a22db0 : 2 : ittapi_config_apply_per_lib :  ITTAPI function not implemented: __itt_model_site_beginA
25519 : 0x112da237a238e0 : 2 : ittapi_config_apply_per_lib :  ITTAPI function not implemented: __itt_model_site_beginAL
25519 : 0x112da237a26b9e : 2 : ittapi_config_apply_per_lib :  ITTAPI function not implemented: __itt_model_task_beginA
25519 : 0x112da237a279ce : 2 : ittapi_config_apply_per_lib :  ITTAPI function not implemented: __itt_model_task_beginAL
25519 : 0x112da237a28543 : 2 : ittapi_config_apply_per_lib :  ITTAPI function not implemented: __itt_model_iteration_taskA
25519 : 0x112da237a290b9 : 2 : ittapi_config_apply_per_lib :  ITTAPI function not implemented: __itt_model_iteration_taskAL
25519 : 0x112da237a29b5c : 2 : ittapi_config_apply_per_lib :  ITTAPI function not implemented: __itt_model_site_end_2
25519 : 0x112da237a2a5ba : 2 : ittapi_config_apply_per_lib :  ITTAPI function not implemented: __itt_model_task_end_2
25519 : 0x112da237a2b247 : 2 : ittapi_config_apply_per_lib :  ITTAPI function not implemented: __itt_model_lock_acquire_2
25519 : 0x112da237a2bd31 : 2 : ittapi_config_apply_per_lib :  ITTAPI function not implemented: __itt_model_lock_release_2
25519 : 0x112da237a2c860 : 2 : ittapi_config_apply_per_lib :  ITTAPI function not implemented: __itt_model_aggregate_task
25519 : 0x112da237a2d304 : 2 : ittapi_config_apply_per_lib :  ITTAPI function not implemented: __itt_model_disable_push
25519 : 0x112da237a2f8f0 : 2 : ittapi_config_apply_per_lib :  ITTAPI function not implemented: __itt_model_disable_pop
25519 : 0x112da237a306da : 2 : ittapi_config_apply_per_lib :  ITTAPI function not implemented: __itt_heap_function_create
25519 : 0x112da237a31209 : 2 : ittapi_config_apply_per_lib :  ITTAPI function not implemented: __itt_heap_allocate_begin
25519 : 0x112da237a31cad : 2 : ittapi_config_apply_per_lib :  ITTAPI function not implemented: __itt_heap_allocate_end
25519 : 0x112da237a32823 : 2 : ittapi_config_apply_per_lib :  ITTAPI function not implemented: __itt_heap_free_begin
25519 : 0x112da237a333de : 2 : ittapi_config_apply_per_lib :  ITTAPI function not implemented: __itt_heap_free_end
25519 : 0x112da237a33f53 : 2 : ittapi_config_apply_per_lib :  ITTAPI function not implemented: __itt_heap_reallocate_begin
25519 : 0x112da237a34b0e : 2 : ittapi_config_apply_per_lib :  ITTAPI function not implemented: __itt_heap_reallocate_end
25519 : 0x112da237a35684 : 2 : ittapi_config_apply_per_lib :  ITTAPI function not implemented: __itt_heap_internal_access_begin
25519 : 0x112da237a3623f : 2 : ittapi_config_apply_per_lib :  ITTAPI function not implemented: __itt_heap_internal_access_end
25519 : 0x112da237a38759 : 2 : ittapi_config_apply_per_lib :  ITTAPI function not implemented: __itt_heap_record_memory_growth_begin
25519 : 0x112da237a394fd : 2 : ittapi_config_apply_per_lib :  ITTAPI function not implemented: __itt_heap_record_memory_growth_end
25519 : 0x112da237a3a18a : 2 : ittapi_config_apply_per_lib :  ITTAPI function not implemented: __itt_heap_reset_detection
25519 : 0x112da237a3ad45 : 2 : ittapi_config_apply_per_lib :  ITTAPI function not implemented: __itt_heap_record
25519 : 0x112da237a3b7e9 : 2 : ittapi_config_apply_per_lib :  ITTAPI function not implemented: __itt_id_create
25519 : 0x112da237a3c2d3 : 2 : ittapi_config_apply_per_lib :  ITTAPI function not implemented: __itt_id_destroy
25519 : 0x112da237a3cd76 : 2 : ittapi_config_apply_per_lib :  ITTAPI function instrumented: __itt_get_timestamp
25519 : 0x112da237a3d81a : 2 : ittapi_config_apply_per_lib :  ITTAPI function not implemented: __itt_region_begin
25519 : 0x112da237a3e2be : 2 : ittapi_config_apply_per_lib :  ITTAPI function not implemented: __itt_region_end
25519 : 0x112da237a3ed1c : 2 : ittapi_config_apply_per_lib :  ITTAPI function instrumented: __itt_frame_begin_v3
25519 : 0x112da237a41765 : 2 : ittapi_config_apply_per_lib :  ITTAPI function instrumented: __itt_frame_end_v3
25519 : 0x112da237a423ac : 2 : ittapi_config_apply_per_lib :  ITTAPI function instrumented: __itt_frame_submit_v3
25519 : 0x112da237a42a7e : 2 : ittapi_config_apply_per_lib :  ITTAPI function NOT instrumented (not matched by --itt-config option): __itt_task_group

25519 : 0x112da237a4310a : 2 : ittapi_config_apply_per_lib :  ITTAPI function NOT instrumented (not matched by --itt-config option): __itt_task_begin

25519 : 0x112da237a4370b : 2 : ittapi_config_apply_per_lib :  ITTAPI function NOT instrumented (not matched by --itt-config option): __itt_task_begin_fn

25519 : 0x112da237a43d97 : 2 : ittapi_config_apply_per_lib :  ITTAPI function NOT instrumented (not matched by --itt-config option): __itt_task_end

25519 : 0x112da237a44998 : 2 : ittapi_config_apply_per_lib :  ITTAPI function not implemented: __itt_counter_inc_v3
25519 : 0x112da237a45553 : 2 : ittapi_config_apply_per_lib :  ITTAPI function not implemented: __itt_counter_inc_delta_v3
25519 : 0x112da237a4610f : 2 : ittapi_config_apply_per_lib :  ITTAPI function not implemented: __itt_marker
25519 : 0x112da237a46b6c : 2 : ittapi_config_apply_per_lib :  ITTAPI function instrumented: __itt_metadata_add
25519 : 0x112da237a48d41 : 2 : ittapi_config_apply_per_lib :  ITTAPI function not implemented: __itt_metadata_str_add
25519 : 0x112da237a49bb6 : 2 : ittapi_config_apply_per_lib :  ITTAPI function not implemented: __itt_relation_add_to_current
25519 : 0x112da237a4a772 : 2 : ittapi_config_apply_per_lib :  ITTAPI function not implemented: __itt_relation_add
25519 : 0x112da237a4b18a : 2 : ittapi_config_apply_per_lib :  ITTAPI function instrumented: __itt_event_create
25519 : 0x112da237a4b7d0 : 2 : ittapi_config_apply_per_lib :  ITTAPI function NOT instrumented (not matched by --itt-config option): __itt_event_start

25519 : 0x112da237a4be16 : 2 : ittapi_config_apply_per_lib :  ITTAPI function NOT instrumented (not matched by --itt-config option): __itt_event_end

25519 : 0x112da237a4c45d : 2 : ittapi_config_apply_per_lib :  ITTAPI function NOT instrumented (not matched by --itt-config option): __itt_sync_set_name

25519 : 0x112da237a4cde9 : 2 : ittapi_config_apply_per_lib :  ITTAPI function instrumented: __itt_notify_sync_name
25519 : 0x112da237a4d847 : 2 : ittapi_config_apply_per_lib :  ITTAPI function instrumented: __itt_notify_sync_prepare
25519 : 0x112da237a4e1d4 : 2 : ittapi_config_apply_per_lib :  ITTAPI function instrumented: __itt_notify_sync_cancel
25519 : 0x112da237a4ff90 : 2 : ittapi_config_apply_per_lib :  ITTAPI function instrumented: __itt_notify_sync_acquired
25519 : 0x112da237a50b4b : 2 : ittapi_config_apply_per_lib :  ITTAPI function instrumented: __itt_notify_sync_releasing
25519 : 0x112da237a51707 : 2 : ittapi_config_apply_per_lib :  ITTAPI function not implemented: __itt_memory_read
25519 : 0x112da237a52308 : 2 : ittapi_config_apply_per_lib :  ITTAPI function not implemented: __itt_memory_write
25519 : 0x112da237a52f09 : 2 : ittapi_config_apply_per_lib :  ITTAPI function not implemented: __itt_memory_update
25519 : 0x112da237a539f2 : 2 : ittapi_config_apply_per_lib :  ITTAPI function not implemented: __itt_state_get
25519 : 0x112da237a54522 : 2 : ittapi_config_apply_per_lib :  ITTAPI function not implemented: __itt_state_set
25519 : 0x112da237a54f80 : 2 : ittapi_config_apply_per_lib :  ITTAPI function not implemented: __itt_obj_mode_set
25519 : 0x112da237a55a69 : 2 : ittapi_config_apply_per_lib :  ITTAPI function not implemented: __itt_thr_mode_set
25519 : 0x112da237a563f6 : 2 : ittapi_config_apply_per_lib :  ITTAPI function instrumented: __itt_frame_create
25519 : 0x112da237a58a28 : 2 : ittapi_config_apply_per_lib :  ITTAPI function instrumented: __itt_frame_begin
25519 : 0x112da237a59629 : 2 : ittapi_config_apply_per_lib :  ITTAPI function instrumented: __itt_frame_end
25519 : 0x112da237a5a158 : 2 : ittapi_config_apply_per_lib :  ITTAPI function not implemented: __itt_counter_create
25519 : 0x112da237a5ad59 : 2 : ittapi_config_apply_per_lib :  ITTAPI function not implemented: __itt_counter_destroy
25519 : 0x112da237a5b889 : 2 : ittapi_config_apply_per_lib :  ITTAPI function not implemented: __itt_counter_inc
25519 : 0x112da237a5c4d0 : 2 : ittapi_config_apply_per_lib :  ITTAPI function not implemented: __itt_counter_inc_delta
25519 : 0x112da237a5d045 : 2 : ittapi_config_apply_per_lib :  ITTAPI function not implemented: __itt_mark_create
25519 : 0x112da237a5dae9 : 2 : ittapi_config_apply_per_lib :  ITTAPI function not implemented: __itt_mark
25519 : 0x112da237a5e6a4 : 2 : ittapi_config_apply_per_lib :  ITTAPI function not implemented: __itt_mark_off
25519 : 0x112da237a5f18e : 2 : ittapi_config_apply_per_lib :  ITTAPI function not implemented: __itt_mark_global
25519 : 0x112da237a61290 : 2 : ittapi_config_apply_per_lib :  ITTAPI function not implemented: __itt_mark_global_off
25519 : 0x112da237a61f63 : 2 : ittapi_config_apply_per_lib :  ITTAPI function instrumented: __itt_stack_caller_create
25519 : 0x112da237a6297b : 2 : ittapi_config_apply_per_lib :  ITTAPI function instrumented: __itt_stack_caller_destroy
25519 : 0x112da237a6334d : 2 : ittapi_config_apply_per_lib :  ITTAPI function instrumented: __itt_stack_callee_enter
25519 : 0x112da237a63d20 : 2 : ittapi_config_apply_per_lib :  ITTAPI function instrumented: __itt_stack_callee_leave
25519 : 0x112da237a64809 : 2 : ittapi_config_apply_per_lib :  ITTAPI function not implemented: __itt_clock_domain_create
25519 : 0x112da237a65339 : 2 : ittapi_config_apply_per_lib :  ITTAPI function not implemented: __itt_clock_domain_reset
25519 : 0x112da237a65d97 : 2 : ittapi_config_apply_per_lib :  ITTAPI function not implemented: __itt_id_create_ex
25519 : 0x112da237a668c6 : 2 : ittapi_config_apply_per_lib :  ITTAPI function not implemented: __itt_id_destroy_ex
25519 : 0x112da237a66f0d : 2 : ittapi_config_apply_per_lib :  ITTAPI function NOT instrumented (not matched by --itt-config option): __itt_task_begin_ex

25519 : 0x112da237a6879a : 2 : ittapi_config_apply_per_lib :  ITTAPI function NOT instrumented (not matched by --itt-config option): __itt_task_begin_fn_ex

25519 : 0x112da237a68f84 : 2 : ittapi_config_apply_per_lib :  ITTAPI function NOT instrumented (not matched by --itt-config option): __itt_task_end_ex

25519 : 0x112da237a695ca : 2 : ittapi_config_apply_per_lib :  ITTAPI function NOT instrumented (not matched by --itt-config option): __itt_task_begin_overlapped

25519 : 0x112da237a69c10 : 2 : ittapi_config_apply_per_lib :  ITTAPI function NOT instrumented (not matched by --itt-config option): __itt_task_begin_overlapped_ex

25519 : 0x112da237a6a211 : 2 : ittapi_config_apply_per_lib :  ITTAPI function NOT instrumented (not matched by --itt-config option): __itt_task_end_overlapped

25519 : 0x112da237a6a857 : 2 : ittapi_config_apply_per_lib :  ITTAPI function NOT instrumented (not matched by --itt-config option): __itt_task_end_overlapped_ex

25519 : 0x112da237a6b641 : 2 : ittapi_config_apply_per_lib :  ITTAPI function not implemented: __itt_marker_ex
25519 : 0x112da237a6c3e5 : 2 : ittapi_config_apply_per_lib :  ITTAPI function not implemented: __itt_metadata_add_with_scope
25519 : 0x112da237a6d072 : 2 : ittapi_config_apply_per_lib :  ITTAPI function not implemented: __itt_metadata_str_add_with_scope
25519 : 0x112da237a6dcb9 : 2 : ittapi_config_apply_per_lib :  ITTAPI function not implemented: __itt_relation_add_to_current_ex
25519 : 0x112da237a6fc18 : 2 : ittapi_config_apply_per_lib :  ITTAPI function not implemented: __itt_relation_add_ex
25519 : 0x112da237a70a02 : 2 : ittapi_config_apply_per_lib :  ITTAPI function not implemented: __itt_track_group_create
25519 : 0x112da237a71578 : 2 : ittapi_config_apply_per_lib :  ITTAPI function not implemented: __itt_track_create
25519 : 0x112da237a720a7 : 2 : ittapi_config_apply_per_lib :  ITTAPI function not implemented: __itt_set_track
25519 : 0x112da237a72b05 : 2 : ittapi_config_apply_per_lib :  ITTAPI function instrumented: __itt_api_version
25519 : 0x112da237a735a9 : 2 : ittapi_config_apply_per_lib :  ITTAPI function not implemented: __itt_av_save
25519 : 0x112da237cb88ea : 2 : ittapi_config_mask_get :  --itt-config mask to be applied: 17
25519 : 0x112da237cb9e78 : 2 : ittapi_config_apply_per_lib :  ITTAPI function instrumented: __itt_domain_create
25519 : 0x112da237cba9a7 : 2 : ittapi_config_apply_per_lib :  ITTAPI function instrumented: __itt_string_handle_create
25519 : 0x112da237cbb44b : 2 : ittapi_config_apply_per_lib :  ITTAPI function instrumented: __itt_pause
25519 : 0x112da237cbf650 : 2 : ittapi_config_apply_per_lib :  ITTAPI function instrumented: __itt_resume
25519 : 0x112da237cc03af : 2 : ittapi_config_apply_per_lib :  ITTAPI function instrumented: __itt_thread_set_name
25519 : 0x112da237cc0e53 : 2 : ittapi_config_apply_per_lib :  ITTAPI function instrumented: __itt_thread_ignore
25519 : 0x112da237cc186b : 2 : ittapi_config_apply_per_lib :  ITTAPI function instrumented: __itt_thr_name_set
25519 : 0x112da237cc223d : 2 : ittapi_config_apply_per_lib :  ITTAPI function instrumented: __itt_thr_ignore
25519 : 0x112da237cc3027 : 2 : ittapi_config_apply_per_lib :  ITTAPI function not implemented: __itt_enable_attach
25519 : 0x112da237cc3856 : 2 : ittapi_config_apply_per_lib :  ITTAPI function NOT instrumented (not matched by --itt-config option): __itt_sync_create

25519 : 0x112da237cc3f28 : 2 : ittapi_config_apply_per_lib :  ITTAPI function NOT instrumented (not matched by --itt-config option): __itt_sync_rename

25519 : 0x112da237cc45b4 : 2 : ittapi_config_apply_per_lib :  ITTAPI function NOT instrumented (not matched by --itt-config option): __itt_sync_destroy

25519 : 0x112da237cc4bfb : 2 : ittapi_config_apply_per_lib :  ITTAPI function NOT instrumented (not matched by --itt-config option): __itt_sync_prepare

25519 : 0x112da237cc68e6 : 2 : ittapi_config_apply_per_lib :  ITTAPI function NOT instrumented (not matched by --itt-config option): __itt_sync_cancel

25519 : 0x112da237cc70cf : 2 : ittapi_config_apply_per_lib :  ITTAPI function NOT instrumented (not matched by --itt-config option): __itt_sync_acquired

25519 : 0x112da237cc7716 : 2 : ittapi_config_apply_per_lib :  ITTAPI function NOT instrumented (not matched by --itt-config option): __itt_sync_releasing

25519 : 0x112da237cc86a3 : 2 : ittapi_config_apply_per_lib :  ITTAPI function not implemented: __itt_suppress_push
25519 : 0x112da237cc9375 : 2 : ittapi_config_apply_per_lib :  ITTAPI function not implemented: __itt_suppress_pop
25519 : 0x112da237cc9fbc : 2 : ittapi_config_apply_per_lib :  ITTAPI function not implemented: __itt_suppress_mark_range
25519 : 0x112da237ccab77 : 2 : ittapi_config_apply_per_lib :  ITTAPI function not implemented: __itt_suppress_clear_range
25519 : 0x112da237ccb203 : 2 : ittapi_config_apply_per_lib :  ITTAPI function NOT instrumented (not matched by --itt-config option): __itt_sync_prepare

25519 : 0x112da237ccb88f : 2 : ittapi_config_apply_per_lib :  ITTAPI function NOT instrumented (not matched by --itt-config option): __itt_sync_cancel

25519 : 0x112da237ccbed6 : 2 : ittapi_config_apply_per_lib :  ITTAPI function NOT instrumented (not matched by --itt-config option): __itt_sync_acquired

25519 : 0x112da237ccd6d8 : 2 : ittapi_config_apply_per_lib :  ITTAPI function NOT instrumented (not matched by --itt-config option): __itt_sync_releasing

25519 : 0x112da237cce6ab : 2 : ittapi_config_apply_per_lib :  ITTAPI function not implemented: __itt_model_site_begin
25519 : 0x112da237ccf2f2 : 2 : ittapi_config_apply_per_lib :  ITTAPI function not implemented: __itt_model_site_end
25519 : 0x112da237ccfead : 2 : ittapi_config_apply_per_lib :  ITTAPI function not implemented: __itt_model_task_begin
25519 : 0x112da237cd09dc : 2 : ittapi_config_apply_per_lib :  ITTAPI function not implemented: __itt_model_task_end
25519 : 0x112da237cd14c6 : 2 : ittapi_config_apply_per_lib :  ITTAPI function not implemented: __itt_model_lock_acquire
25519 : 0x112da237cd203b : 2 : ittapi_config_apply_per_lib :  ITTAPI function not implemented: __itt_model_lock_release
25519 : 0x112da237cd2b6b : 2 : ittapi_config_apply_per_lib :  ITTAPI function not implemented: __itt_model_record_allocation
25519 : 0x112da237cd3726 : 2 : ittapi_config_apply_per_lib :  ITTAPI function not implemented: __itt_model_record_deallocation
25519 : 0x112da237cd429b : 2 : ittapi_config_apply_per_lib :  ITTAPI function not implemented: __itt_model_induction_uses
25519 : 0x112da237cd6d2a : 2 : ittapi_config_apply_per_lib :  ITTAPI function not implemented: __itt_model_reduction_uses
25519 : 0x112da237cd7ba0 : 2 : ittapi_config_apply_per_lib :  ITTAPI function not implemented: __itt_model_observe_uses
25519 : 0x112da237cd87a1 : 2 : ittapi_config_apply_per_lib :  ITTAPI function not implemented: __itt_model_clear_uses
25519 : 0x112da237cd935c : 2 : ittapi_config_apply_per_lib :  ITTAPI function not implemented: __itt_model_site_beginA
25519 : 0x112da237cd9ed2 : 2 : ittapi_config_apply_per_lib :  ITTAPI function not implemented: __itt_model_site_beginAL
25519 : 0x112da237cdaa01 : 2 : ittapi_config_apply_per_lib :  ITTAPI function not implemented: __itt_model_task_beginA
25519 : 0x112da237cdb531 : 2 : ittapi_config_apply_per_lib :  ITTAPI function not implemented: __itt_model_task_beginAL
25519 : 0x112da237cdc0a6 : 2 : ittapi_config_apply_per_lib :  ITTAPI function not implemented: __itt_model_iteration_taskA
25519 : 0x112da237cdcc61 : 2 : ittapi_config_apply_per_lib :  ITTAPI function not implemented: __itt_model_iteration_taskAL
25519 : 0x112da237cdd74b : 2 : ittapi_config_apply_per_lib :  ITTAPI function not implemented: __itt_model_site_end_2
25519 : 0x112da237cdf77c : 2 : ittapi_config_apply_per_lib :  ITTAPI function not implemented: __itt_model_task_end_2
25519 : 0x112da237ce0566 : 2 : ittapi_config_apply_per_lib :  ITTAPI function not implemented: __itt_model_lock_acquire_2
25519 : 0x112da237ce1121 : 2 : ittapi_config_apply_per_lib :  ITTAPI function not implemented: __itt_model_lock_release_2
25519 : 0x112da237ce1c96 : 2 : ittapi_config_apply_per_lib :  ITTAPI function not implemented: __itt_model_aggregate_task
25519 : 0x112da237ce2780 : 2 : ittapi_config_apply_per_lib :  ITTAPI function not implemented: __itt_model_disable_push
25519 : 0x112da237ce32af : 2 : ittapi_config_apply_per_lib :  ITTAPI function not implemented: __itt_model_disable_pop
25519 : 0x112da237ce3d99 : 2 : ittapi_config_apply_per_lib :  ITTAPI function not implemented: __itt_heap_function_create
25519 : 0x112da237ce483d : 2 : ittapi_config_apply_per_lib :  ITTAPI function not implemented: __itt_heap_allocate_begin
25519 : 0x112da237ce5327 : 2 : ittapi_config_apply_per_lib :  ITTAPI function not implemented: __itt_heap_allocate_end
25519 : 0x112da237ce5ee2 : 2 : ittapi_config_apply_per_lib :  ITTAPI function not implemented: __itt_heap_free_begin
25519 : 0x112da237ce7e42 : 2 : ittapi_config_apply_per_lib :  ITTAPI function not implemented: __itt_heap_free_end
25519 : 0x112da237ce8ba0 : 2 : ittapi_config_apply_per_lib :  ITTAPI function not implemented: __itt_heap_reallocate_begin
25519 : 0x112da237ce97a1 : 2 : ittapi_config_apply_per_lib :  ITTAPI function not implemented: __itt_heap_reallocate_end
25519 : 0x112da237cea316 : 2 : ittapi_config_apply_per_lib :  ITTAPI function not implemented: __itt_heap_internal_access_begin
25519 : 0x112da237ceae8b : 2 : ittapi_config_apply_per_lib :  ITTAPI function not implemented: __itt_heap_internal_access_end
25519 : 0x112da237ceba47 : 2 : ittapi_config_apply_per_lib :  ITTAPI function not implemented: __itt_heap_record_memory_growth_begin
25519 : 0x112da237cec5bc : 2 : ittapi_config_apply_per_lib :  ITTAPI function not implemented: __itt_heap_record_memory_growth_end
25519 : 0x112da237ced0a6 : 2 : ittapi_config_apply_per_lib :  ITTAPI function not implemented: __itt_heap_reset_detection
25519 : 0x112da237cedbd5 : 2 : ittapi_config_apply_per_lib :  ITTAPI function not implemented: __itt_heap_record
25519 : 0x112da237cee679 : 2 : ittapi_config_apply_per_lib :  ITTAPI function not implemented: __itt_id_create
25519 : 0x112da237cf0ff1 : 2 : ittapi_config_apply_per_lib :  ITTAPI function not implemented: __itt_id_destroy
25519 : 0x112da237cf1cc3 : 2 : ittapi_config_apply_per_lib :  ITTAPI function instrumented: __itt_get_timestamp
25519 : 0x112da237cf27f3 : 2 : ittapi_config_apply_per_lib :  ITTAPI function not implemented: __itt_region_begin
25519 : 0x112da237cf32dc : 2 : ittapi_config_apply_per_lib :  ITTAPI function not implemented: __itt_region_end
25519 : 0x112da237cf3d3a : 2 : ittapi_config_apply_per_lib :  ITTAPI function instrumented: __itt_frame_begin_v3
25519 : 0x112da237cf470d : 2 : ittapi_config_apply_per_lib :  ITTAPI function instrumented: __itt_frame_end_v3
25519 : 0x112da237cf5125 : 2 : ittapi_config_apply_per_lib :  ITTAPI function instrumented: __itt_frame_submit_v3
25519 : 0x112da237cf576b : 2 : ittapi_config_apply_per_lib :  ITTAPI function NOT instrumented (not matched by --itt-config option): __itt_task_group

25519 : 0x112da237cf5df7 : 2 : ittapi_config_apply_per_lib :  ITTAPI function NOT instrumented (not matched by --itt-config option): __itt_task_begin

25519 : 0x112da237cf63f8 : 2 : ittapi_config_apply_per_lib :  ITTAPI function NOT instrumented (not matched by --itt-config option): __itt_task_begin_fn

25519 : 0x112da237cf7bfa : 2 : ittapi_config_apply_per_lib :  ITTAPI function NOT instrumented (not matched by --itt-config option): __itt_task_end

25519 : 0x112da237cf8b41 : 2 : ittapi_config_apply_per_lib :  ITTAPI function not implemented: __itt_counter_inc_v3
25519 : 0x112da237cf9742 : 2 : ittapi_config_apply_per_lib :  ITTAPI function not implemented: __itt_counter_inc_delta_v3
25519 : 0x112da237cfa2b7 : 2 : ittapi_config_apply_per_lib :  ITTAPI function not implemented: __itt_marker
25519 : 0x112da237cfad5b : 2 : ittapi_config_apply_per_lib :  ITTAPI function instrumented: __itt_metadata_add
25519 : 0x112da237cfb7ff : 2 : ittapi_config_apply_per_lib :  ITTAPI function not implemented: __itt_metadata_str_add
25519 : 0x112da237cfc374 : 2 : ittapi_config_apply_per_lib :  ITTAPI function not implemented: __itt_relation_add_to_current
25519 : 0x112da237cfce5e : 2 : ittapi_config_apply_per_lib :  ITTAPI function not implemented: __itt_relation_add
25519 : 0x112da237cfd7ea : 2 : ittapi_config_apply_per_lib :  ITTAPI function instrumented: __itt_event_create
25519 : 0x112da237cfde31 : 2 : ittapi_config_apply_per_lib :  ITTAPI function NOT instrumented (not matched by --itt-config option): __itt_event_start

25519 : 0x112da237cff5ed : 2 : ittapi_config_apply_per_lib :  ITTAPI function NOT instrumented (not matched by --itt-config option): __itt_event_end

25519 : 0x112da237cffdd6 : 2 : ittapi_config_apply_per_lib :  ITTAPI function NOT instrumented (not matched by --itt-config option): __itt_sync_set_name

25519 : 0x112da237d0094c : 2 : ittapi_config_apply_per_lib :  ITTAPI function instrumented: __itt_notify_sync_name
25519 : 0x112da237d0131e : 2 : ittapi_config_apply_per_lib :  ITTAPI function instrumented: __itt_notify_sync_prepare
25519 : 0x112da237d01caa : 2 : ittapi_config_apply_per_lib :  ITTAPI function instrumented: __itt_notify_sync_cancel
25519 : 0x112da237d0267d : 2 : ittapi_config_apply_per_lib :  ITTAPI function instrumented: __itt_notify_sync_acquired
25519 : 0x112da237d03009 : 2 : ittapi_config_apply_per_lib :  ITTAPI function instrumented: __itt_notify_sync_releasing
25519 : 0x112da237d03b39 : 2 : ittapi_config_apply_per_lib :  ITTAPI function not implemented: __itt_memory_read
25519 : 0x112da237d0473a : 2 : ittapi_config_apply_per_lib :  ITTAPI function not implemented: __itt_memory_write
25519 : 0x112da237d05269 : 2 : ittapi_config_apply_per_lib :  ITTAPI function not implemented: __itt_memory_update
25519 : 0x112da237d073b2 : 2 : ittapi_config_apply_per_lib :  ITTAPI function not implemented: __itt_state_get
25519 : 0x112da237d08084 : 2 : ittapi_config_apply_per_lib :  ITTAPI function not implemented: __itt_state_set
25519 : 0x112da237d08bb4 : 2 : ittapi_config_apply_per_lib :  ITTAPI function not implemented: __itt_obj_mode_set
25519 : 0x112da237d096e3 : 2 : ittapi_config_apply_per_lib :  ITTAPI function not implemented: __itt_thr_mode_set
25519 : 0x112da237d0a0b6 : 2 : ittapi_config_apply_per_lib :  ITTAPI function instrumented: __itt_frame_create
25519 : 0x112da237d0aa42 : 2 : ittapi_config_apply_per_lib :  ITTAPI function instrumented: __itt_frame_begin
25519 : 0x112da237d0b3cf : 2 : ittapi_config_apply_per_lib :  ITTAPI function instrumented: __itt_frame_end
25519 : 0x112da237d0be2c : 2 : ittapi_config_apply_per_lib :  ITTAPI function not implemented: __itt_counter_create
25519 : 0x112da237d0c9a2 : 2 : ittapi_config_apply_per_lib :  ITTAPI function not implemented: __itt_counter_destroy
25519 : 0x112da237d0d446 : 2 : ittapi_config_apply_per_lib :  ITTAPI function not implemented: __itt_counter_inc
25519 : 0x112da237d0fe49 : 2 : ittapi_config_apply_per_lib :  ITTAPI function not implemented: __itt_counter_inc_delta
25519 : 0x112da237d10bed : 2 : ittapi_config_apply_per_lib :  ITTAPI function not implemented: __itt_mark_create
25519 : 0x112da237d117ee : 2 : ittapi_config_apply_per_lib :  ITTAPI function not implemented: __itt_mark
25519 : 0x112da237d12364 : 2 : ittapi_config_apply_per_lib :  ITTAPI function not implemented: __itt_mark_off
25519 : 0x112da237d12e4d : 2 : ittapi_config_apply_per_lib :  ITTAPI function not implemented: __itt_mark_global
25519 : 0x112da237d1397d : 2 : ittapi_config_apply_per_lib :  ITTAPI function not implemented: __itt_mark_global_off
25519 : 0x112da237d14421 : 2 : ittapi_config_apply_per_lib :  ITTAPI function instrumented: __itt_stack_caller_create
25519 : 0x112da237d14e39 : 2 : ittapi_config_apply_per_lib :  ITTAPI function instrumented: __itt_stack_caller_destroy
25519 : 0x112da237d1580b : 2 : ittapi_config_apply_per_lib :  ITTAPI function instrumented: __itt_stack_callee_enter
25519 : 0x112da237d161dd : 2 : ittapi_config_apply_per_lib :  ITTAPI function instrumented: __itt_stack_callee_leave
25519 : 0x112da237d1813d : 2 : ittapi_config_apply_per_lib :  ITTAPI function not implemented: __itt_clock_domain_create
25519 : 0x112da237d18ee1 : 2 : ittapi_config_apply_per_lib :  ITTAPI function not implemented: __itt_clock_domain_reset
25519 : 0x112da237d199cb : 2 : ittapi_config_apply_per_lib :  ITTAPI function not implemented: __itt_id_create_ex
25519 : 0x112da237d1a4b4 : 2 : ittapi_config_apply_per_lib :  ITTAPI function not implemented: __itt_id_destroy_ex
25519 : 0x112da237d1ab41 : 2 : ittapi_config_apply_per_lib :  ITTAPI function NOT instrumented (not matched by --itt-config option): __itt_task_begin_ex

25519 : 0x112da237d1b141 : 2 : ittapi_config_apply_per_lib :  ITTAPI function NOT instrumented (not matched by --itt-config option): __itt_task_begin_fn_ex

25519 : 0x112da237d1b787 : 2 : ittapi_config_apply_per_lib :  ITTAPI function NOT instrumented (not matched by --itt-config option): __itt_task_end_ex

25519 : 0x112da237d1bdce : 2 : ittapi_config_apply_per_lib :  ITTAPI function NOT instrumented (not matched by --itt-config option): __itt_task_begin_overlapped

25519 : 0x112da237d1c3ce : 2 : ittapi_config_apply_per_lib :  ITTAPI function NOT instrumented (not matched by --itt-config option): __itt_task_begin_overlapped_ex

25519 : 0x112da237d1ca5a : 2 : ittapi_config_apply_per_lib :  ITTAPI function NOT instrumented (not matched by --itt-config option): __itt_task_end_overlapped

25519 : 0x112da237d1e32e : 2 : ittapi_config_apply_per_lib :  ITTAPI function NOT instrumented (not matched by --itt-config option): __itt_task_end_overlapped_ex

25519 : 0x112da237d1f2bb : 2 : ittapi_config_apply_per_lib :  ITTAPI function not implemented: __itt_marker_ex
25519 : 0x112da237d1ff48 : 2 : ittapi_config_apply_per_lib :  ITTAPI function not implemented: __itt_metadata_add_with_scope
25519 : 0x112da237d20b49 : 2 : ittapi_config_apply_per_lib :  ITTAPI function not implemented: __itt_metadata_str_add_with_scope
25519 : 0x112da237d21704 : 2 : ittapi_config_apply_per_lib :  ITTAPI function not implemented: __itt_relation_add_to_current_ex
25519 : 0x112da237d221ee : 2 : ittapi_config_apply_per_lib :  ITTAPI function not implemented: __itt_relation_add_ex
25519 : 0x112da237d22d63 : 2 : ittapi_config_apply_per_lib :  ITTAPI function not implemented: __itt_track_group_create
25519 : 0x112da237d23807 : 2 : ittapi_config_apply_per_lib :  ITTAPI function not implemented: __itt_track_create
25519 : 0x112da237d242f0 : 2 : ittapi_config_apply_per_lib :  ITTAPI function not implemented: __itt_set_track
25519 : 0x112da237d24d08 : 2 : ittapi_config_apply_per_lib :  ITTAPI function instrumented: __itt_api_version
25519 : 0x112da237d27523 : 2 : ittapi_config_apply_per_lib :  ITTAPI function not implemented: __itt_av_save