
25385 : 0x112d85a1560bb9 : 4 : __ittapi_collector_init :  pthread_atfork() result: 0
25385 : 0x112d85a15833a2 : 2 : ittapi_config_mask_get :  --itt-config mask to be applied: 17
25385 : 0x112d85a15858bc : 2 : ittapi_config_apply_per_lib :  ITTAPI function instrumented: __itt_domain_create
25385 : 0x112d85a15865d5 : 2 : ittapi_config_apply_per_lib :  ITTAPI function instrumented: __itt_string_handle_create
25385 : 0x112d85a158714a : 2 : ittapi_config_apply_per_lib :  ITTAPI function instrumented: __itt_pause
25385 : 0x112d85a1587bee : 2 : ittapi_config_apply_per_lib :  ITTAPI function instrumented: __itt_resume
25385 : 0x112d85a15886d7 : 2 : ittapi_config_apply_per_lib :  ITTAPI function instrumented: __itt_thread_set_name
25385 : 0x112d85a15892d8 : 2 : ittapi_config_apply_per_lib :  ITTAPI function instrumented: __itt_thread_ignore
25385 : 0x112d85a1589cab : 2 : ittapi_config_apply_per_lib :  ITTAPI function instrumented: __itt_thr_name_set
25385 : 0x112d85a158a6c3 : 2 : ittapi_config_apply_per_lib :  ITTAPI function instrumented: __itt_thr_ignore
25385 : 0x112d85a1593fd0 : 2 : ittapi_config_apply_per_lib :  ITTAPI function not implemented: __itt_enable_attach
25385 : 0x112d85a1594ce8 : 2 : ittapi_config_apply_per_lib :  ITTAPI function NOT instrumented (not matched by --itt-config option): __itt_sync_create

25385 : 0x112d85a15956bb : 2 : ittapi_config_apply_per_lib :  ITTAPI function NOT instrumented (not matched by --itt-config option): __itt_sync_rename

25385 : 0x112d85a1595dd2 : 2 : ittapi_config_apply_per_lib :  ITTAPI function NOT instrumented (not matched by --itt-config option): __itt_sync_destroy

25385 : 0x112d85a15964ea : 2 : ittapi_config_apply_per_lib :  ITTAPI function NOT instrumented (not matched by --itt-config option): __itt_sync_prepare

25385 : 0x112d85a1596c48 : 2 : ittapi_config_apply_per_lib :  ITTAPI function NOT instrumented (not matched by --itt-config option): __itt_sync_cancel

25385 : 0x112d85a1597360 : 2 : ittapi_config_apply_per_lib :  ITTAPI function NOT instrumented (not matched by --itt-config option): __itt_sync_acquired

25385 : 0x112d85a1597b49 : 2 : ittapi_config_apply_per_lib :  ITTAPI function NOT instrumented (not matched by --itt-config option): __itt_sync_releasing

25385 : 0x112d85a1598f34 : 2 : ittapi_config_apply_per_lib :  ITTAPI function not implemented: __itt_suppress_push
25385 : 0x112d85a1599d1e : 2 : ittapi_config_apply_per_lib :  ITTAPI function not implemented: __itt_suppress_pop
25385 : 0x112d85a159cbc4 : 2 : ittapi_config_apply_per_lib :  ITTAPI function not implemented: __itt_suppress_mark_range
25385 : 0x112d85a159dac6 : 2 : ittapi_config_apply_per_lib :  ITTAPI function not implemented: __itt_suppress_clear_range
25385 : 0x112d85a159e223 : 2 : ittapi_config_apply_per_lib :  ITTAPI function NOT instrumented (not matched by --itt-config option): __itt_sync_prepare

25385 : 0x112d85a159e8b0 : 2 : ittapi_config_apply_per_lib :  ITTAPI function NOT instrumented (not matched by --itt-config option): __itt_sync_cancel

25385 : 0x112d85a159ef3c : 2 : ittapi_config_apply_per_lib :  ITTAPI function NOT instrumented (not matched by --itt-config option): __itt_sync_acquired

25385 : 0x112d85a159f654 : 2 : ittapi_config_apply_per_lib :  ITTAPI function NOT instrumented (not matched by --itt-config option): __itt_sync_releasing

25385 : 0x112d85a15a03b2 : 2 : ittapi_config_apply_per_lib :  ITTAPI function not implemented: __itt_model_site_begin
25385 : 0x112d85a15a0fb3 : 2 : ittapi_config_apply_per_lib :  ITTAPI function not implemented: __itt_model_site_end
25385 : 0x112d85a15a1b28 : 2 : ittapi_config_apply_per_lib :  ITTAPI function not implemented: __itt_model_task_begin
25385 : 0x112d85a15a269e : 2 : ittapi_config_apply_per_lib :  ITTAPI function not implemented: __itt_model_task_end
25385 : 0x112d85a15a4bb8 : 2 : ittapi_config_apply_per_lib :  ITTAPI function not implemented: __itt_model_lock_acquire
25385 : 0x112d85a15a5a73 : 2 : ittapi_config_apply_per_lib :  ITTAPI function not implemented: __itt_model_lock_release
25385 : 0x112d85a15a6674 : 2 : ittapi_config_apply_per_lib :  ITTAPI function not implemented: __itt_model_record_allocation
25385 : 0x112d85a15a7347 : 2 : ittapi_config_apply_per_lib :  ITTAPI function not implemented: __itt_model_record_deallocation
25385 : 0x112d85a15a7ebc : 2 : ittapi_config_apply_per_lib :  ITTAPI function not implemented: __itt_model_induction_uses
25385 : 0x112d85a15a89a6 : 2 : ittapi_config_apply_per_lib :  ITTAPI function not implemented: __itt_model_reduction_uses
25385 : 0x112d85a15a94d5 : 2 : ittapi_config_apply_per_lib :  ITTAPI function not implemented: __itt_model_observe_uses
25385 : 0x112d85a15aa162 : 2 : ittapi_config_apply_per_lib :  ITTAPI function not implemented: __itt_model_clear_uses
25385 : 0x112d85a15aad63 : 2 : ittapi_config_apply_per_lib :  ITTAPI function not implemented: __itt_model_site_beginA
25385 : 0x112d85a15ab8d9 : 2 : ittapi_config_apply_per_lib :  ITTAPI function not implemented: __itt_model_site_beginAL
25385 : 0x112d85a15aeb97 : 2 : ittapi_config_apply_per_lib :  ITTAPI function not implemented: __itt_model_task_beginA
25385 : 0x112d85a15afa98 : 2 : ittapi_config_apply_per_lib :  ITTAPI function not implemented: __itt_model_task_beginAL
25385 : 0x112d85a15b0653 : 2 : ittapi_config_apply_per_lib :  ITTAPI function not implemented: __itt_model_iteration_taskA
25385 : 0x112d85a15b11c9 : 2 : ittapi_config_apply_per_lib :  ITTAPI function not implemented: __itt_model_iteration_taskAL
25385 : 0x112d85a15b1cf8 : 2 : ittapi_config_apply_per_lib :  ITTAPI function not implemented: __itt_model_site_end_2
25385 : 0x112d85a15b279c : 2 : ittapi_config_apply_per_lib :  ITTAPI function not implemented: __itt_model_task_end_2
25385 : 0x112d85a15b34b4 : 2 : ittapi_config_apply_per_lib :  ITTAPI function not implemented: __itt_model_lock_acquire_2
25385 : 0x112d85a15b3f9e : 2 : ittapi_config_apply_per_lib :  ITTAPI function not implemented: __itt_model_lock_release_2
25385 : 0x112d85a15b4b13 : 2 : ittapi_config_apply_per_lib :  ITTAPI function not implemented: __itt_model_aggregate_task
25385 : 0x112d85a15b55fd : 2 : ittapi_config_apply_per_lib :  ITTAPI function not implemented: __itt_model_disable_push
25385 : 0x112d85a15b7c75 : 2 : ittapi_config_apply_per_lib :  ITTAPI function not implemented: __itt_model_disable_pop
25385 : 0x112d85a15b8aea : 2 : ittapi_config_apply_per_lib :  ITTAPI function not implemented: __itt_heap_function_create
25385 : 0x112d85a15b96a5 : 2 : ittapi_config_apply_per_lib :  ITTAPI function not implemented: __itt_heap_allocate_begin
25385 : 0x112d85a15ba1d5 : 2 : ittapi_config_apply_per_lib :  ITTAPI function not implemented: __itt_heap_allocate_end
25385 : 0x112d85a15bad90 : 2 : ittapi_config_apply_per_lib :  ITTAPI function not implemented: __itt_heap_free_begin
25385 : 0x112d85a15bb905 : 2 : ittapi_config_apply_per_lib :  ITTAPI function not implemented: __itt_heap_free_end
25385 : 0x112d85a15bc507 : 2 : ittapi_config_apply_per_lib :  ITTAPI function not implemented: __itt_heap_reallocate_begin
25385 : 0x112d85a15bd07c : 2 : ittapi_config_apply_per_lib :  ITTAPI function not implemented: __itt_heap_reallocate_end
25385 : 0x112d85a15bdc37 : 2 : ittapi_config_apply_per_lib :  ITTAPI function not implemented: __itt_heap_internal_access_begin
25385 : 0x112d85a15be7f2 : 2 : ittapi_config_apply_per_lib :  ITTAPI function not implemented: __itt_heap_internal_access_end
25385 : 0x112d85a15c0c3b : 2 : ittapi_config_apply_per_lib :  ITTAPI function not implemented: __itt_heap_record_memory_growth_begin
25385 : 0x112d85a15c1a6b : 2 : ittapi_config_apply_per_lib :  ITTAPI function not implemented: __itt_heap_record_memory_growth_end
25385 : 0x112d85a15c266c : 2 : ittapi_config_apply_per_lib :  ITTAPI function not implemented: __itt_heap_reset_detection
25385 : 0x112d85a15c32b3 : 2 : ittapi_config_apply_per_lib :  ITTAPI function not implemented: __itt_heap_record
25385 : 0x112d85a15c3e28 : 2 : ittapi_config_apply_per_lib :  ITTAPI function not implemented: __itt_id_create
25385 : 0x112d85a15c4912 : 2 : ittapi_config_apply_per_lib :  ITTAPI function not implemented: __itt_id_destroy
25385 : 0x112d85a15c53b5 : 2 : ittapi_config_apply_per_lib :  ITTAPI function instrumented: __itt_get_timestamp
25385 : 0x112d85a15c5e9f : 2 : ittapi_config_apply_per_lib :  ITTAPI function not implemented: __itt_region_begin
25385 : 0x112d85a15c69cf : 2 : ittapi_config_apply_per_lib :  ITTAPI function not implemented: __itt_region_end
25385 : 0x112d85a15c742d : 2 : ittapi_config_apply_per_lib :  ITTAPI function instrumented: __itt_frame_begin_v3
25385 : 0x112d85a15ca0a5 : 2 : ittapi_config_apply_per_lib :  ITTAPI function instrumented: __itt_frame_end_v3
25385 : 0x112d85a15cae03 : 2 : ittapi_config_apply_per_lib :  ITTAPI function instrumented: __itt_frame_submit_v3
25385 : 0x112d85a15cb4d5 : 2 : ittapi_config_apply_per_lib :  ITTAPI function NOT instrumented (not matched by --itt-config option): __itt_task_group

25385 : 0x112d85a15cbbed : 2 : ittapi_config_apply_per_lib :  ITTAPI function NOT instrumented (not matched by --itt-config option): __itt_task_begin

25385 : 0x112d85a15cc305 : 2 : ittapi_config_apply_per_lib :  ITTAPI function NOT instrumented (not matched by --itt-config option): __itt_task_begin_fn

25385 : 0x112d85a15cc9d7 : 2 : ittapi_config_apply_per_lib :  ITTAPI function NOT instrumented (not matched by --itt-config option): __itt_task_end

25385 : 0x112d85a15cd61e : 2 : ittapi_config_apply_per_lib :  ITTAPI function not implemented: __itt_counter_inc_v3
25385 : 0x112d85a15ce264 : 2 : ittapi_config_apply_per_lib :  ITTAPI function not implemented: __itt_counter_inc_delta_v3
25385 : 0x112d85a15cee20 : 2 : ittapi_config_apply_per_lib :  ITTAPI function not implemented: __itt_marker
25385 : 0x112d85a15cf8c3 : 2 : ittapi_config_apply_per_lib :  ITTAPI function instrumented: __itt_metadata_add
25385 : 0x112d85a15d1a98 : 2 : ittapi_config_apply_per_lib :  ITTAPI function not implemented: __itt_metadata_str_add
25385 : 0x112d85a15d2882 : 2 : ittapi_config_apply_per_lib :  ITTAPI function not implemented: __itt_relation_add_to_current
25385 : 0x112d85a15d33f7 : 2 : ittapi_config_apply_per_lib :  ITTAPI function not implemented: __itt_relation_add
25385 : 0x112d85a15d3e55 : 2 : ittapi_config_apply_per_lib :  ITTAPI function instrumented: __itt_event_create
25385 : 0x112d85a15d44e1 : 2 : ittapi_config_apply_per_lib :  ITTAPI function NOT instrumented (not matched by --itt-config option): __itt_event_start

25385 : 0x112d85a15d4b6d : 2 : ittapi_config_apply_per_lib :  ITTAPI function NOT instrumented (not matched by --itt-config option): __itt_event_end

25385 : 0x112d85a15d523f : 2 : ittapi_config_apply_per_lib :  ITTAPI function NOT instrumented (not matched by --itt-config option): __itt_sync_set_name

25385 : 0x112d85a15d5c12 : 2 : ittapi_config_apply_per_lib :  ITTAPI function instrumented: __itt_notify_sync_name
25385 : 0x112d85a15d66b6 : 2 : ittapi_config_apply_per_lib :  ITTAPI function instrumented: __itt_notify_sync_prepare
25385 : 0x112d85a15d7088 : 2 : ittapi_config_apply_per_lib :  ITTAPI function instrumented: __itt_notify_sync_cancel
25385 : 0x112d85a15d8dff : 2 : ittapi_config_apply_per_lib :  ITTAPI function instrumented: __itt_notify_sync_acquired
25385 : 0x112d85a15d9a8b : 2 : ittapi_config_apply_per_lib :  ITTAPI function instrumented: __itt_notify_sync_releasing
25385 : 0x112d85a15da575 : 2 : ittapi_config_apply_per_lib :  ITTAPI function not implemented: __itt_memory_read
25385 : 0x112d85a15db1bc : 2 : ittapi_config_apply_per_lib :  ITTAPI function not implemented: __itt_memory_write
25385 : 0x112d85a15dbd31 : 2 : ittapi_config_apply_per_lib :  ITTAPI function not implemented: __itt_memory_update
25385 : 0x112d85a15dc81b : 2 : ittapi_config_apply_per_lib :  ITTAPI function not implemented: __itt_state_get
25385 : 0x112d85a15dd304 : 2 : ittapi_config_apply_per_lib :  ITTAPI function not implemented: __itt_state_set
25385 : 0x112d85a15ddda8 : 2 : ittapi_config_apply_per_lib :  ITTAPI function not implemented: __itt_obj_mode_set
25385 : 0x112d85a15de84c : 2 : ittapi_config_apply_per_lib :  ITTAPI function not implemented: __itt_thr_mode_set
25385 : 0x112d85a15df264 : 2 : ittapi_config_apply_per_lib :  ITTAPI function instrumented: __itt_frame_create
25385 : 0x112d85a15e180a : 2 : ittapi_config_apply_per_lib :  ITTAPI function instrumented: __itt_frame_begin
25385 : 0x112d85a15e2497 : 2 : ittapi_config_apply_per_lib :  ITTAPI function instrumented: __itt_frame_end
25385 : 0x112d85a15e3052 : 2 : ittapi_config_apply_per_lib :  ITTAPI function not implemented: __itt_counter_create
25385 : 0x112d85a15e3c0d : 2 : ittapi_config_apply_per_lib :  ITTAPI function not implemented: __itt_counter_destroy
25385 : 0x112d85a15e473d : 2 : ittapi_config_apply_per_lib :  ITTAPI function not implemented: __itt_counter_inc
25385 : 0x112d85a15e53ca : 2 : ittapi_config_apply_per_lib :  ITTAPI function not implemented: __itt_counter_inc_delta
25385 : 0x112d85a15e5fcb : 2 : ittapi_config_apply_per_lib :  ITTAPI function not implemented: __itt_mark_create
25385 : 0x112d85a15e6ab4 : 2 : ittapi_config_apply_per_lib :  ITTAPI function not implemented: __itt_mark
25385 : 0x112d85a15e76fb : 2 : ittapi_config_apply_per_lib :  ITTAPI function not implemented: __itt_mark_off
25385 : 0x112d85a15e82b6 : 2 : ittapi_config_apply_per_lib :  ITTAPI function not implemented: __itt_mark_global
25385 : 0x112d85a15ea445 : 2 : ittapi_config_apply_per_lib :  ITTAPI function not implemented: __itt_mark_global_off
25385 : 0x112d85a15eb117 : 2 : ittapi_config_apply_per_lib :  ITTAPI function instrumented: __itt_stack_caller_create
25385 : 0x112d85a15ebbbb : 2 : ittapi_config_apply_per_lib :  ITTAPI function instrumented: __itt_stack_caller_destroy
25385 : 0x112d85a15ec58d : 2 : ittapi_config_apply_per_lib :  ITTAPI function instrumented: __itt_stack_callee_enter
25385 : 0x112d85a15ecf60 : 2 : ittapi_config_apply_per_lib :  ITTAPI function instrumented: __itt_stack_callee_leave
25385 : 0x112d85a15eda8f : 2 : ittapi_config_apply_per_lib :  ITTAPI function not implemented: __itt_clock_domain_create
25385 : 0x112d85a15ee64a : 2 : ittapi_config_apply_per_lib :  ITTAPI function not implemented: __itt_clock_domain_reset
25385 : 0x112d85a15ef134 : 2 : ittapi_config_apply_per_lib :  ITTAPI function not implemented: __itt_id_create_ex
25385 : 0x112d85a15efc63 : 2 : ittapi_config_apply_per_lib :  ITTAPI function not implemented: __itt_id_destroy_ex
25385 : 0x112d85a15f02aa : 2 : ittapi_config_apply_per_lib :  ITTAPI function NOT instrumented (not matched by --itt-config option): __itt_task_begin_ex

25385 : 0x112d85a15f1b38 : 2 : ittapi_config_apply_per_lib :  ITTAPI function NOT instrumented (not matched by --itt-config option): __itt_task_begin_fn_ex

25385 : 0x112d85a15f23ad : 2 : ittapi_config_apply_per_lib :  ITTAPI function NOT instrumented (not matched by --itt-config option): __itt_task_end_ex

25385 : 0x112d85a15f2a7f : 2 : ittapi_config_apply_per_lib :  ITTAPI function NOT instrumented (not matched by --itt-config option): __itt_task_begin_overlapped

25385 : 0x112d85a15f310b : 2 : ittapi_config_apply_per_lib :  ITTAPI function NOT instrumented (not matched by --itt-config option): __itt_task_begin_overlapped_ex

25385 : 0x112d85a15f3751 : 2 : ittapi_config_apply_per_lib :  ITTAPI function NOT instrumented (not matched by --itt-config option): __itt_task_end_overlapped

25385 : 0x112d85a15f3ddd : 2 : ittapi_config_apply_per_lib :  ITTAPI function NOT instrumented (not matched by --itt-config option): __itt_task_end_overlapped_ex

25385 : 0x112d85a15f4bc7 : 2 : ittapi_config_apply_per_lib :  ITTAPI function not implemented: __itt_marker_ex
25385 : 0x112d85a15f58e0 : 2 : ittapi_config_apply_per_lib :  ITTAPI function not implemented: __itt_metadata_add_with_scope
25385 : 0x112d85a15f656c : 2 : ittapi_config_apply_per_lib :  ITTAPI function not implemented: __itt_metadata_str_add_with_scope
25385 : 0x112d85a15f71b3 : 2 : ittapi_config_apply_per_lib :  ITTAPI function not implemented: __itt_relation_add_to_current_ex
25385 : 0x112d85a15f9270 : 2 : ittapi_config_apply_per_lib :  ITTAPI function not implemented: __itt_relation_add_ex
25385 : 0x112d85a15fa05a : 2 : ittapi_config_apply_per_lib :  ITTAPI function not implemented: __itt_track_group_create
25385 : 0x112d85a15fab8a : 2 : ittapi_config_apply_per_lib :  ITTAPI function not implemented: __itt_track_create
25385 : 0x112d85a15fb6ff : 2 : ittapi_config_apply_per_lib :  ITTAPI function not implemented: __itt_set_track
25385 : 0x112d85a15fc117 : 2 : ittapi_config_apply_per_lib :  ITTAPI function instrumented: __itt_api_version
25385 : 0x112d85a15fcc01 : 2 : ittapi_config_apply_per_lib :  ITTAPI function not implemented: __itt_av_save
25385 : 0x112d85a1859178 : 2 : ittapi_config_mask_get :  --itt-config mask to be applied: 17
25385 : 0x112d85a185a792 : 2 : ittapi_config_apply_per_lib :  ITTAPI function instrumented: __itt_domain_create
25385 : 0x112d85a185b307 : 2 : ittapi_config_apply_per_lib :  ITTAPI function instrumented: __itt_string_handle_create
25385 : 0x112d85a185bd65 : 2 : ittapi_config_apply_per_lib :  ITTAPI function instrumented: __itt_pause
25385 : 0x112d85a186010e : 2 : ittapi_config_apply_per_lib :  ITTAPI function instrumented: __itt_resume
25385 : 0x112d85a1860eb2 : 2 : ittapi_config_apply_per_lib :  ITTAPI function instrumented: __itt_thread_set_name
25385 : 0x112d85a186199b : 2 : ittapi_config_apply_per_lib :  ITTAPI function instrumented: __itt_thread_ignore
25385 : 0x112d85a186236e : 2 : ittapi_config_apply_per_lib :  ITTAPI function instrumented: __itt_thr_name_set
25385 : 0x112d85a1862d86 : 2 : ittapi_config_apply_per_lib :  ITTAPI function instrumented: __itt_thr_ignore
25385 : 0x112d85a1863b2a : 2 : ittapi_config_apply_per_lib :  ITTAPI function not implemented: __itt_enable_attach
25385 : 0x112d85a1864359 : 2 : ittapi_config_apply_per_lib :  ITTAPI function NOT instrumented (not matched by --itt-config option): __itt_sync_create

25385 : 0x112d85a1864ab7 : 2 : ittapi_config_apply_per_lib :  ITTAPI function NOT instrumented (not matched by --itt-config option): __itt_sync_rename

25385 : 0x112d85a1865143 : 2 : ittapi_config_apply_per_lib :  ITTAPI function NOT instrumented (not matched by --itt-config option): __itt_sync_destroy

25385 : 0x112d85a18657cf : 2 : ittapi_config_apply_per_lib :  ITTAPI function NOT instrumented (not matched by --itt-config option): __itt_sync_prepare

25385 : 0x112d85a18675d2 : 2 : ittapi_config_apply_per_lib :  ITTAPI function NOT instrumented (not matched by --itt-config option): __itt_sync_cancel

25385 : 0x112d85a1867e01 : 2 : ittapi_config_apply_per_lib :  ITTAPI function NOT instrumented (not matched by --itt-config option): __itt_sync_acquired

25385 : 0x112d85a18684d3 : 2 : ittapi_config_apply_per_lib :  ITTAPI function NOT instrumented (not matched by --itt-config option): __itt_sync_releasing

25385 : 0x112d85a1869531 : 2 : ittapi_config_apply_per_lib :  ITTAPI function not implemented: __itt_suppress_push
25385 : 0x112d85a186a204 : 2 : ittapi_config_apply_per_lib :  ITTAPI function not implemented: __itt_suppress_pop
25385 : 0x112d85a186ae05 : 2 : ittapi_config_apply_per_lib :  ITTAPI function not implemented: __itt_suppress_mark_range
25385 : 0x112d85a186b97a : 2 : ittapi_config_apply_per_lib :  ITTAPI function not implemented: __itt_suppress_clear_range
25385 : 0x112d85a186c04c : 2 : ittapi_config_apply_per_lib :  ITTAPI function NOT instrumented (not matched by --itt-config option): __itt_sync_prepare

25385 : 0x112d85a186c693 : 2 : ittapi_config_apply_per_lib :  ITTAPI function NOT instrumented (not matched by --itt-config option): __itt_sync_cancel

25385 : 0x112d85a186cd1f : 2 : ittapi_config_apply_per_lib :  ITTAPI function NOT instrumented (not matched by --itt-config option): __itt_sync_acquired

25385 : 0x112d85a186e6c4 : 2 : ittapi_config_apply_per_lib :  ITTAPI function NOT instrumented (not matched by --itt-config option): __itt_sync_releasing

25385 : 0x112d85a186f697 : 2 : ittapi_config_apply_per_lib :  ITTAPI function not implemented: __itt_model_site_begin
25385 : 0x112d85a1870298 : 2 : ittapi_config_apply_per_lib :  ITTAPI function not implemented: __itt_model_site_end
25385 : 0x112d85a1870e99 : 2 : ittapi_config_apply_per_lib :  ITTAPI function not implemented: __itt_model_task_begin
25385 : 0x112d85a18719c8 : 2 : ittapi_config_apply_per_lib :  ITTAPI function not implemented: __itt_model_task_end
25385 : 0x112d85a18724b2 : 2 : ittapi_config_apply_per_lib :  ITTAPI function not implemented: __itt_model_lock_acquire
25385 : 0x112d85a1872fe1 : 2 : ittapi_config_apply_per_lib :  ITTAPI function not implemented: __itt_model_lock_release
25385 : 0x112d85a1873b11 : 2 : ittapi_config_apply_per_lib :  ITTAPI function not implemented: __itt_model_record_allocation
25385 : 0x112d85a1874758 : 2 : ittapi_config_apply_per_lib :  ITTAPI function not implemented: __itt_model_record_deallocation
25385 : 0x112d85a18752cd : 2 : ittapi_config_apply_per_lib :  ITTAPI function not implemented: __itt_model_induction_uses
25385 : 0x112d85a1877de8 : 2 : ittapi_config_apply_per_lib :  ITTAPI function not implemented: __itt_model_reduction_uses
25385 : 0x112d85a1878b8c : 2 : ittapi_config_apply_per_lib :  ITTAPI function not implemented: __itt_model_observe_uses
25385 : 0x112d85a1879747 : 2 : ittapi_config_apply_per_lib :  ITTAPI function not implemented: __itt_model_clear_uses
25385 : 0x112d85a187a302 : 2 : ittapi_config_apply_per_lib :  ITTAPI function not implemented: __itt_model_site_beginA
25385 : 0x112d85a187ae32 : 2 : ittapi_config_apply_per_lib :  ITTAPI function not implemented: __itt_model_site_beginAL
25385 : 0x112d85a187b91c : 2 : ittapi_config_apply_per_lib :  ITTAPI function not implemented: __itt_model_task_beginA
25385 : 0x112d85a187c491 : 2 : ittapi_config_apply_per_lib :  ITTAPI function not implemented: __itt_model_task_beginAL
25385 : 0x112d85a187cf7b : 2 : ittapi_config_apply_per_lib :  ITTAPI function not implemented: __itt_model_iteration_taskA
25385 : 0x112d85a187daf0 : 2 : ittapi_config_apply_per_lib :  ITTAPI function not implemented: __itt_model_iteration_taskAL
25385 : 0x112d85a187e61f : 2 : ittapi_config_apply_per_lib :  ITTAPI function not implemented: __itt_model_site_end_2
25385 : 0x112d85a1880651 : 2 : ittapi_config_apply_per_lib :  ITTAPI function not implemented: __itt_model_task_end_2
25385 : 0x112d85a188143b : 2 : ittapi_config_apply_per_lib :  ITTAPI function not implemented: __itt_model_lock_acquire_2
25385 : 0x112d85a1882153 : 2 : ittapi_config_apply_per_lib :  ITTAPI function not implemented: __itt_model_lock_release_2
25385 : 0x112d85a1882c82 : 2 : ittapi_config_apply_per_lib :  ITTAPI function not implemented: __itt_model_aggregate_task
25385 : 0x112d85a188376c : 2 : ittapi_config_apply_per_lib :  ITTAPI function not implemented: __itt_model_disable_push
25385 : 0x112d85a188429c : 2 : ittapi_config_apply_per_lib :  ITTAPI function not implemented: __itt_model_disable_pop
25385 : 0x112d85a1884dcb : 2 : ittapi_config_apply_per_lib :  ITTAPI function not implemented: __itt_heap_function_create
25385 : 0x112d85a18858fb : 2 : ittapi_config_apply_per_lib :  ITTAPI function not implemented: __itt_heap_allocate_begin
25385 : 0x112d85a18863e4 : 2 : ittapi_config_apply_per_lib :  ITTAPI function not implemented: __itt_heap_allocate_end
25385 : 0x112d85a1886f5a : 2 : ittapi_config_apply_per_lib :  ITTAPI function not implemented: __itt_heap_free_begin
25385 : 0x112d85a188905c : 2 : ittapi_config_apply_per_lib :  ITTAPI function not implemented: __itt_heap_free_end
25385 : 0x112d85a1889e00 : 2 : ittapi_config_apply_per_lib :  ITTAPI function not implemented: __itt_heap_reallocate_begin
25385 : 0x112d85a188a9bc : 2 : ittapi_config_apply_per_lib :  ITTAPI function not implemented: __itt_heap_reallocate_end
25385 : 0x112d85a188b577 : 2 : ittapi_config_apply_per_lib :  ITTAPI function not implemented: __itt_heap_internal_access_begin
25385 : 0x112d85a188c132 : 2 : ittapi_config_apply_per_lib :  ITTAPI function not implemented: __itt_heap_internal_access_end
25385 : 0x112d85a188cced : 2 : ittapi_config_apply_per_lib :  ITTAPI function not implemented: __itt_heap_record_memory_growth_begin
25385 : 0x112d85a188d8a8 : 2 : ittapi_config_apply_per_lib :  ITTAPI function not implemented: __itt_heap_record_memory_growth_end
25385 : 0x112d85a188e392 : 2 : ittapi_config_apply_per_lib :  ITTAPI function not implemented: __itt_heap_reset_detection
25385 : 0x112d85a188eec1 : 2 : ittapi_config_apply_per_lib :  ITTAPI function not implemented: __itt_heap_record
25385 : 0x112d85a188f9ab : 2 : ittapi_config_apply_per_lib :  ITTAPI function not implemented: __itt_id_create
25385 : 0x112d85a18923f4 : 2 : ittapi_config_apply_per_lib :  ITTAPI function not implemented: __itt_id_destroy
25385 : 0x112d85a1893153 : 2 : ittapi_config_apply_per_lib :  ITTAPI function instrumented: __itt_get_timestamp
25385 : 0x112d85a1893c3c : 2 : ittapi_config_apply_per_lib :  ITTAPI function not implemented: __itt_region_begin
25385 : 0x112d85a18947b2 : 2 : ittapi_config_apply_per_lib :  ITTAPI function not implemented: __itt_region_end
25385 : 0x112d85a1895210 : 2 : ittapi_config_apply_per_lib :  ITTAPI function instrumented: __itt_frame_begin_v3
25385 : 0x112d85a1895be2 : 2 : ittapi_config_apply_per_lib :  ITTAPI function instrumented: __itt_frame_end_v3
25385 : 0x112d85a18965b4 : 2 : ittapi_config_apply_per_lib :  ITTAPI function instrumented: __itt_frame_submit_v3
25385 : 0x112d85a1896c40 : 2 : ittapi_config_apply_per_lib :  ITTAPI function NOT instrumented (not matched by --itt-config option): __itt_task_group

25385 : 0x112d85a18972cd : 2 : ittapi_config_apply_per_lib :  ITTAPI function NOT instrumented (not matched by --itt-config option): __itt_task_begin

25385 : 0x112d85a1897959 : 2 : ittapi_config_apply_per_lib :  ITTAPI function NOT instrumented (not matched by --itt-config option): __itt_task_begin_fn

25385 : 0x112d85a18992fe : 2 : ittapi_config_apply_per_lib :  ITTAPI function NOT instrumented (not matched by --itt-config option): __itt_task_end

25385 : 0x112d85a189a245 : 2 : ittapi_config_apply_per_lib :  ITTAPI function not implemented: __itt_counter_inc_v3
25385 : 0x112d85a189adba : 2 : ittapi_config_apply_per_lib :  ITTAPI function not implemented: __itt_counter_inc_delta_v3
25385 : 0x112d85a189b8ea : 2 : ittapi_config_apply_per_lib :  ITTAPI function not implemented: __itt_marker
25385 : 0x112d85a189c348 : 2 : ittapi_config_apply_per_lib :  ITTAPI function instrumented: __itt_metadata_add
25385 : 0x112d85a189cdec : 2 : ittapi_config_apply_per_lib :  ITTAPI function not implemented: __itt_metadata_str_add
25385 : 0x112d85a189d91b : 2 : ittapi_config_apply_per_lib :  ITTAPI function not implemented: __itt_relation_add_to_current
25385 : 0x112d85a189e44b : 2 : ittapi_config_apply_per_lib :  ITTAPI function not implemented: __itt_relation_add
25385 : 0x112d85a189ee63 : 2 : ittapi_config_apply_per_lib :  ITTAPI function instrumented: __itt_event_create
25385 : 0x112d85a189f4a9 : 2 : ittapi_config_apply_per_lib :  ITTAPI function NOT instrumented (not matched by --itt-config option): __itt_event_start

25385 : 0x112d85a18a0d37 : 2 : ittapi_config_apply_per_lib :  ITTAPI function NOT instrumented (not matched by --itt-config option): __itt_event_end

25385 : 0x112d85a18a1566 : 2 : ittapi_config_apply_per_lib :  ITTAPI function NOT instrumented (not matched by --itt-config option): __itt_sync_set_name

25385 : 0x112d85a18a2167 : 2 : ittapi_config_apply_per_lib :  ITTAPI function instrumented: __itt_notify_sync_name
25385 : 0x112d85a18a2af3 : 2 : ittapi_config_apply_per_lib :  ITTAPI function instrumented: __itt_notify_sync_prepare
25385 : 0x112d85a18a34c6 : 2 : ittapi_config_apply_per_lib :  ITTAPI function instrumented: __itt_notify_sync_cancel
25385 : 0x112d85a18a3ede : 2 : ittapi_config_apply_per_lib :  ITTAPI function instrumented: __itt_notify_sync_acquired
25385 : 0x112d85a18a48b0 : 2 : ittapi_config_apply_per_lib :  ITTAPI function instrumented: __itt_notify_sync_releasing
25385 : 0x112d85a18a53e0 : 2 : ittapi_config_apply_per_lib :  ITTAPI function not implemented: __itt_memory_read
25385 : 0x112d85a18a5f55 : 2 : ittapi_config_apply_per_lib :  ITTAPI function not implemented: __itt_memory_write
25385 : 0x112d85a18a6a3f : 2 : ittapi_config_apply_per_lib :  ITTAPI function not implemented: __itt_memory_update
25385 : 0x112d85a18a899e : 2 : ittapi_config_apply_per_lib :  ITTAPI function not implemented: __itt_state_get
25385 : 0x112d85a18a96b7 : 2 : ittapi_config_apply_per_lib :  ITTAPI function not implemented: __itt_state_set
25385 : 0x112d85a18aa1e6 : 2 : ittapi_config_apply_per_lib :  ITTAPI function not implemented: __itt_obj_mode_set
25385 : 0x112d85a18aac8a : 2 : ittapi_config_apply_per_lib :  ITTAPI function not implemented: __itt_thr_mode_set
25385 : 0x112d85a18ab6a2 : 2 : ittapi_config_apply_per_lib :  ITTAPI function instrumented: __itt_frame_create
25385 : 0x112d85a18ac074 : 2 : ittapi_config_apply_per_lib :  ITTAPI function instrumented: __itt_frame_begin
25385 : 0x112d85a18aca01 : 2 : ittapi_config_apply_per_lib :  ITTAPI function instrumented: __itt_frame_end
25385 : 0x112d85a18ad4eb : 2 : ittapi_config_apply_per_lib :  ITTAPI function not implemented: __itt_counter_create
25385 : 0x112d85a18ae01a : 2 : ittapi_config_apply_per_lib :  ITTAPI function not implemented: __itt_counter_destroy
25385 : 0x112d85a18aeb04 : 2 : ittapi_config_apply_per_lib :  ITTAPI function not implemented: __itt_counter_inc
25385 : 0x112d85a18b13f0 : 2 : ittapi_config_apply_per_lib :  ITTAPI function not implemented: __itt_counter_inc_delta
25385 : 0x112d85a18b21da : 2 : ittapi_config_apply_per_lib :  ITTAPI function not implemented: __itt_mark_create
25385 : 0x112d85a18b2d09 : 2 : ittapi_config_apply_per_lib :  ITTAPI function not implemented: __itt_mark
25385 : 0x112d85a18b387f : 2 : ittapi_config_apply_per_lib :  ITTAPI function not implemented: __itt_mark_off
25385 : 0x112d85a18b4368 : 2 : ittapi_config_apply_per_lib :  ITTAPI function not implemented: __itt_mark_global
25385 : 0x112d85a18b4e98 : 2 : ittapi_config_apply_per_lib :  ITTAPI function not implemented: __itt_mark_global_off
25385 : 0x112d85a18b58f6 : 2 : ittapi_config_apply_per_lib :  ITTAPI function instrumented: __itt_stack_caller_create
25385 : 0x112d85a18b62c8 : 2 : ittapi_config_apply_per_lib :  ITTAPI function instrumented: __itt_stack_caller_destroy
25385 : 0x112d85a18b6c9a : 2 : ittapi_config_apply_per_lib :  ITTAPI function instrumented: __itt_stack_callee_enter
25385 : 0x112d85a18b766d : 2 : ittapi_config_apply_per_lib :  ITTAPI function instrumented: __itt_stack_callee_leave
25385 : 0x112d85a18b97b5 : 2 : ittapi_config_apply_per_lib :  ITTAPI function not implemented: __itt_clock_domain_create
25385 : 0x112d85a18ba59f : 2 : ittapi_config_apply_per_lib :  ITTAPI function not implemented: __itt_clock_domain_reset
25385 : 0x112d85a18bb0cf : 2 : ittapi_config_apply_per_lib :  ITTAPI function not implemented: __itt_id_create_ex
25385 : 0x112d85a18bbbb8 : 2 : ittapi_config_apply_per_lib :  ITTAPI function not implemented: __itt_id_destroy_ex
25385 : 0x112d85a18bc28a : 2 : ittapi_config_apply_per_lib :  ITTAPI function NOT instrumented (not matched by --itt-config option): __itt_task_begin_ex

25385 : 0x112d85a18bc8d1 : 2 : ittapi_config_apply_per_lib :  ITTAPI function NOT instrumented (not matched by --itt-config option): __itt_task_begin_fn_ex

25385 : 0x112d85a18bcf17 : 2 : ittapi_config_apply_per_lib :  ITTAPI function NOT instrumented (not matched by --itt-config option): __itt_task_end_ex

25385 : 0x112d85a18bd5a3 : 2 : ittapi_config_apply_per_lib :  ITTAPI function NOT instrumented (not matched by --itt-config option): __itt_task_begin_overlapped

25385 : 0x112d85a18bdbea : 2 : ittapi_config_apply_per_lib :  ITTAPI function NOT instrumented (not matched by --itt-config option): __itt_task_begin_overlapped_ex

25385 : 0x112d85a18be276 : 2 : ittapi_config_apply_per_lib :  ITTAPI function NOT instrumented (not matched by --itt-config option): __itt_task_end_overlapped

25385 : 0x112d85a18bfb8f : 2 : ittapi_config_apply_per_lib :  ITTAPI function NOT instrumented (not matched by --itt-config option): __itt_task_end_overlapped_ex

25385 : 0x112d85a18c0b62 : 2 : ittapi_config_apply_per_lib :  ITTAPI function not implemented: __itt_marker_ex
25385 : 0x112d85a18c17a9 : 2 : ittapi_config_apply_per_lib :  ITTAPI function not implemented: __itt_metadata_add_with_scope
25385 : 0x112d85a18c23aa : 2 : ittapi_config_apply_per_lib :  ITTAPI function not implemented: __itt_metadata_str_add_with_scope
25385 : 0x112d85a18c2fab : 2 : ittapi_config_apply_per_lib :  ITTAPI function not implemented: __itt_relation_add_to_current_ex
25385 : 0x112d85a18c3a95 : 2 : ittapi_config_apply_per_lib :  ITTAPI function not implemented: __itt_relation_add_ex
25385 : 0x112d85a18c460a : 2 : ittapi_config_apply_per_lib :  ITTAPI function not implemented: __itt_track_group_create
25385 : 0x112d85a18c50f3 : 2 : ittapi_config_apply_per_lib :  ITTAPI function not implemented: __itt_track_create
25385 : 0x112d85a18c5bdd : 2 : ittapi_config_apply_per_lib :  ITTAPI function not implemented: __itt_set_track
25385 : 0x112d85a18c65af : 2 : ittapi_config_apply_per_lib :  ITTAPI function instrumented: __itt_api_version
25385 : 0x112d85a18c8d84 : 2 : ittapi_config_apply_per_lib :  ITTAPI function not implemented: __itt_av_save