
4739 : 0x120d1d7fe36496 : 4 : __ittapi_collector_init :  pthread_atfork() result: 0
4739 : 0x120d1d7fe42c90 : 2 : ittapi_config_mask_get :  --itt-config mask to be applied: 17
4739 : 0x120d1d7fe45765 : 2 : ittapi_config_apply_per_lib :  ITTAPI function instrumented: __itt_domain_create
4739 : 0x120d1d7fe46666 : 2 : ittapi_config_apply_per_lib :  ITTAPI function instrumented: __itt_string_handle_create
4739 : 0x120d1d7fe47196 : 2 : ittapi_config_apply_per_lib :  ITTAPI function instrumented: __itt_pause
4739 : 0x120d1d7fe47d97 : 2 : ittapi_config_apply_per_lib :  ITTAPI function instrumented: __itt_resume
4739 : 0x120d1d7fe488c6 : 2 : ittapi_config_apply_per_lib :  ITTAPI function instrumented: __itt_thread_set_name
4739 : 0x120d1d7fe49481 : 2 : ittapi_config_apply_per_lib :  ITTAPI function instrumented: __itt_thread_ignore
4739 : 0x120d1d7fe49f6b : 2 : ittapi_config_apply_per_lib :  ITTAPI function instrumented: __itt_thr_name_set
4739 : 0x120d1d7fe4aa0f : 2 : ittapi_config_apply_per_lib :  ITTAPI function instrumented: __itt_thr_ignore
4739 : 0x120d1d7fe55191 : 2 : ittapi_config_apply_per_lib :  ITTAPI function not implemented: __itt_enable_attach
4739 : 0x120d1d7fe55eaa : 2 : ittapi_config_apply_per_lib :  ITTAPI function NOT instrumented (not matched by --itt-config option): __itt_sync_create

4739 : 0x120d1d7fe567f0 : 2 : ittapi_config_apply_per_lib :  ITTAPI function NOT instrumented (not matched by --itt-config option): __itt_sync_rename

4739 : 0x120d1d7fe56fda : 2 : ittapi_config_apply_per_lib :  ITTAPI function NOT instrumented (not matched by --itt-config option): __itt_sync_destroy

4739 : 0x120d1d7fe57620 : 2 : ittapi_config_apply_per_lib :  ITTAPI function NOT instrumented (not matched by --itt-config option): __itt_sync_prepare

4739 : 0x120d1d7fe57c21 : 2 : ittapi_config_apply_per_lib :  ITTAPI function NOT instrumented (not matched by --itt-config option): __itt_sync_cancel

4739 : 0x120d1d7fe581db : 2 : ittapi_config_apply_per_lib :  ITTAPI function NOT instrumented (not matched by --itt-config option): __itt_sync_acquired

4739 : 0x120d1d7fe58868 : 2 : ittapi_config_apply_per_lib :  ITTAPI function NOT instrumented (not matched by --itt-config option): __itt_sync_releasing

4739 : 0x120d1d7fe5a20d : 2 : ittapi_config_apply_per_lib :  ITTAPI function not implemented: __itt_suppress_push
4739 : 0x120d1d7fe5b225 : 2 : ittapi_config_apply_per_lib :  ITTAPI function not implemented: __itt_suppress_pop
4739 : 0x120d1d7fe5ed59 : 2 : ittapi_config_apply_per_lib :  ITTAPI function not implemented: __itt_suppress_mark_range
4739 : 0x120d1d7fe5fce6 : 2 : ittapi_config_apply_per_lib :  ITTAPI function not implemented: __itt_suppress_clear_range
4739 : 0x120d1d7fe60372 : 2 : ittapi_config_apply_per_lib :  ITTAPI function NOT instrumented (not matched by --itt-config option): __itt_sync_prepare

4739 : 0x120d1d7fe60a8a : 2 : ittapi_config_apply_per_lib :  ITTAPI function NOT instrumented (not matched by --itt-config option): __itt_sync_cancel

4739 : 0x120d1d7fe6108a : 2 : ittapi_config_apply_per_lib :  ITTAPI function NOT instrumented (not matched by --itt-config option): __itt_sync_acquired

4739 : 0x120d1d7fe61645 : 2 : ittapi_config_apply_per_lib :  ITTAPI function NOT instrumented (not matched by --itt-config option): __itt_sync_releasing

4739 : 0x120d1d7fe6235d : 2 : ittapi_config_apply_per_lib :  ITTAPI function not implemented: __itt_model_site_begin
4739 : 0x120d1d7fe63101 : 2 : ittapi_config_apply_per_lib :  ITTAPI function not implemented: __itt_model_site_end
4739 : 0x120d1d7fe63dd4 : 2 : ittapi_config_apply_per_lib :  ITTAPI function not implemented: __itt_model_task_begin
4739 : 0x120d1d7fe64a61 : 2 : ittapi_config_apply_per_lib :  ITTAPI function not implemented: __itt_model_task_end
4739 : 0x120d1d7fe67836 : 2 : ittapi_config_apply_per_lib :  ITTAPI function not implemented: __itt_model_lock_acquire
4739 : 0x120d1d7fe6877d : 2 : ittapi_config_apply_per_lib :  ITTAPI function not implemented: __itt_model_lock_release
4739 : 0x120d1d7fe6940a : 2 : ittapi_config_apply_per_lib :  ITTAPI function not implemented: __itt_model_record_allocation
4739 : 0x120d1d7fe6a1ae : 2 : ittapi_config_apply_per_lib :  ITTAPI function not implemented: __itt_model_record_deallocation
4739 : 0x120d1d7fe6adf5 : 2 : ittapi_config_apply_per_lib :  ITTAPI function not implemented: __itt_model_induction_uses
4739 : 0x120d1d7fe6bac7 : 2 : ittapi_config_apply_per_lib :  ITTAPI function not implemented: __itt_model_reduction_uses
4739 : 0x120d1d7fe6c754 : 2 : ittapi_config_apply_per_lib :  ITTAPI function not implemented: __itt_model_observe_uses
4739 : 0x120d1d7fe6d39b : 2 : ittapi_config_apply_per_lib :  ITTAPI function not implemented: __itt_model_clear_uses
4739 : 0x120d1d7fe6e13f : 2 : ittapi_config_apply_per_lib :  ITTAPI function not implemented: __itt_model_site_beginA
4739 : 0x120d1d7fe6ed40 : 2 : ittapi_config_apply_per_lib :  ITTAPI function not implemented: __itt_model_site_beginAL
4739 : 0x120d1d7fe725ff : 2 : ittapi_config_apply_per_lib :  ITTAPI function not implemented: __itt_model_task_beginA
4739 : 0x120d1d7fe73618 : 2 : ittapi_config_apply_per_lib :  ITTAPI function not implemented: __itt_model_task_beginAL
4739 : 0x120d1d7fe74330 : 2 : ittapi_config_apply_per_lib :  ITTAPI function not implemented: __itt_model_iteration_taskA
4739 : 0x120d1d7fe7508e : 2 : ittapi_config_apply_per_lib :  ITTAPI function not implemented: __itt_model_iteration_taskAL
4739 : 0x120d1d7fe75c8f : 2 : ittapi_config_apply_per_lib :  ITTAPI function not implemented: __itt_model_site_end_2
4739 : 0x120d1d7fe76804 : 2 : ittapi_config_apply_per_lib :  ITTAPI function not implemented: __itt_model_task_end_2
4739 : 0x120d1d7fe77791 : 2 : ittapi_config_apply_per_lib :  ITTAPI function not implemented: __itt_model_lock_acquire_2
4739 : 0x120d1d7fe783d8 : 2 : ittapi_config_apply_per_lib :  ITTAPI function not implemented: __itt_model_lock_release_2
4739 : 0x120d1d7fe7a638 : 2 : ittapi_config_apply_per_lib :  ITTAPI function not implemented: __itt_model_aggregate_task
4739 : 0x120d1d7fe7b30b : 2 : ittapi_config_apply_per_lib :  ITTAPI function not implemented: __itt_model_disable_push
4739 : 0x120d1d7fe7dd54 : 2 : ittapi_config_apply_per_lib :  ITTAPI function not implemented: __itt_model_disable_pop
4739 : 0x120d1d7fe7edf9 : 2 : ittapi_config_apply_per_lib :  ITTAPI function not implemented: __itt_heap_function_create
4739 : 0x120d1d7fe7facb : 2 : ittapi_config_apply_per_lib :  ITTAPI function not implemented: __itt_heap_allocate_begin
4739 : 0x120d1d7fe80712 : 2 : ittapi_config_apply_per_lib :  ITTAPI function not implemented: __itt_heap_allocate_end
4739 : 0x120d1d7fe814b6 : 2 : ittapi_config_apply_per_lib :  ITTAPI function not implemented: __itt_heap_free_begin
4739 : 0x120d1d7fe82214 : 2 : ittapi_config_apply_per_lib :  ITTAPI function not implemented: __itt_heap_free_end
4739 : 0x120d1d7fe82ee7 : 2 : ittapi_config_apply_per_lib :  ITTAPI function not implemented: __itt_heap_reallocate_begin
4739 : 0x120d1d7fe83bb9 : 2 : ittapi_config_apply_per_lib :  ITTAPI function not implemented: __itt_heap_reallocate_end
4739 : 0x120d1d7fe848d2 : 2 : ittapi_config_apply_per_lib :  ITTAPI function not implemented: __itt_heap_internal_access_begin
4739 : 0x120d1d7fe855ea : 2 : ittapi_config_apply_per_lib :  ITTAPI function not implemented: __itt_heap_internal_access_end
4739 : 0x120d1d7fe87dbf : 2 : ittapi_config_apply_per_lib :  ITTAPI function not implemented: __itt_heap_record_memory_growth_begin
4739 : 0x120d1d7fe88e1d : 2 : ittapi_config_apply_per_lib :  ITTAPI function not implemented: __itt_heap_record_memory_growth_end
4739 : 0x120d1d7fe89bc1 : 2 : ittapi_config_apply_per_lib :  ITTAPI function not implemented: __itt_heap_reset_detection
4739 : 0x120d1d7fe8a84e : 2 : ittapi_config_apply_per_lib :  ITTAPI function not implemented: __itt_heap_record
4739 : 0x120d1d7fe8b521 : 2 : ittapi_config_apply_per_lib :  ITTAPI function not implemented: __itt_id_create
4739 : 0x120d1d7fe8c168 : 2 : ittapi_config_apply_per_lib :  ITTAPI function not implemented: __itt_id_destroy
4739 : 0x120d1d7fe8cc97 : 2 : ittapi_config_apply_per_lib :  ITTAPI function instrumented: __itt_get_timestamp
4739 : 0x120d1d7fe8d80c : 2 : ittapi_config_apply_per_lib :  ITTAPI function not implemented: __itt_region_begin
4739 : 0x120d1d7fe8e40d : 2 : ittapi_config_apply_per_lib :  ITTAPI function not implemented: __itt_region_end
4739 : 0x120d1d7fe8ef3d : 2 : ittapi_config_apply_per_lib :  ITTAPI function instrumented: __itt_frame_begin_v3
4739 : 0x120d1d7fe91efb : 2 : ittapi_config_apply_per_lib :  ITTAPI function instrumented: __itt_frame_end_v3
4739 : 0x120d1d7fe92c9f : 2 : ittapi_config_apply_per_lib :  ITTAPI function instrumented: __itt_frame_submit_v3
4739 : 0x120d1d7fe9325a : 2 : ittapi_config_apply_per_lib :  ITTAPI function NOT instrumented (not matched by --itt-config option): __itt_task_group

4739 : 0x120d1d7fe938a0 : 2 : ittapi_config_apply_per_lib :  ITTAPI function NOT instrumented (not matched by --itt-config option): __itt_task_begin

4739 : 0x120d1d7fe93f72 : 2 : ittapi_config_apply_per_lib :  ITTAPI function NOT instrumented (not matched by --itt-config option): __itt_task_begin_fn

4739 : 0x120d1d7fe94644 : 2 : ittapi_config_apply_per_lib :  ITTAPI function NOT instrumented (not matched by --itt-config option): __itt_task_end

4739 : 0x120d1d7fe9542e : 2 : ittapi_config_apply_per_lib :  ITTAPI function not implemented: __itt_counter_inc_v3
4739 : 0x120d1d7fe9618c : 2 : ittapi_config_apply_per_lib :  ITTAPI function not implemented: __itt_counter_inc_delta_v3
4739 : 0x120d1d7fe96dd3 : 2 : ittapi_config_apply_per_lib :  ITTAPI function not implemented: __itt_marker
4739 : 0x120d1d7fe978bd : 2 : ittapi_config_apply_per_lib :  ITTAPI function instrumented: __itt_metadata_add
4739 : 0x120d1d7fe99d4c : 2 : ittapi_config_apply_per_lib :  ITTAPI function not implemented: __itt_metadata_str_add
4739 : 0x120d1d7fe9ad64 : 2 : ittapi_config_apply_per_lib :  ITTAPI function not implemented: __itt_relation_add_to_current
4739 : 0x120d1d7fe9b9f1 : 2 : ittapi_config_apply_per_lib :  ITTAPI function not implemented: __itt_relation_add
4739 : 0x120d1d7fe9c520 : 2 : ittapi_config_apply_per_lib :  ITTAPI function instrumented: __itt_event_create
4739 : 0x120d1d7fe9cadb : 2 : ittapi_config_apply_per_lib :  ITTAPI function NOT instrumented (not matched by --itt-config option): __itt_event_start

4739 : 0x120d1d7fe9d0dc : 2 : ittapi_config_apply_per_lib :  ITTAPI function NOT instrumented (not matched by --itt-config option): __itt_event_end

4739 : 0x120d1d7fe9d6dc : 2 : ittapi_config_apply_per_lib :  ITTAPI function NOT instrumented (not matched by --itt-config option): __itt_sync_set_name

4739 : 0x120d1d7fe9e3af : 2 : ittapi_config_apply_per_lib :  ITTAPI function instrumented: __itt_notify_sync_name
4739 : 0x120d1d7fe9ee52 : 2 : ittapi_config_apply_per_lib :  ITTAPI function instrumented: __itt_notify_sync_prepare
4739 : 0x120d1d7fe9f86b : 2 : ittapi_config_apply_per_lib :  ITTAPI function instrumented: __itt_notify_sync_cancel
4739 : 0x120d1d7fea1b10 : 2 : ittapi_config_apply_per_lib :  ITTAPI function instrumented: __itt_notify_sync_acquired
4739 : 0x120d1d7fea27e3 : 2 : ittapi_config_apply_per_lib :  ITTAPI function instrumented: __itt_notify_sync_releasing
4739 : 0x120d1d7fea342a : 2 : ittapi_config_apply_per_lib :  ITTAPI function not implemented: __itt_memory_read
4739 : 0x120d1d7fea40b7 : 2 : ittapi_config_apply_per_lib :  ITTAPI function not implemented: __itt_memory_write
4739 : 0x120d1d7fea4d43 : 2 : ittapi_config_apply_per_lib :  ITTAPI function not implemented: __itt_memory_update
4739 : 0x120d1d7fea598a : 2 : ittapi_config_apply_per_lib :  ITTAPI function not implemented: __itt_state_get
4739 : 0x120d1d7fea66a3 : 2 : ittapi_config_apply_per_lib :  ITTAPI function not implemented: __itt_state_set
4739 : 0x120d1d7fea7218 : 2 : ittapi_config_apply_per_lib :  ITTAPI function not implemented: __itt_obj_mode_set
4739 : 0x120d1d7fea7dd3 : 2 : ittapi_config_apply_per_lib :  ITTAPI function not implemented: __itt_thr_mode_set
4739 : 0x120d1d7fea8877 : 2 : ittapi_config_apply_per_lib :  ITTAPI function instrumented: __itt_frame_create
4739 : 0x120d1d7feaa9bf : 2 : ittapi_config_apply_per_lib :  ITTAPI function instrumented: __itt_frame_begin
4739 : 0x120d1d7feab64c : 2 : ittapi_config_apply_per_lib :  ITTAPI function instrumented: __itt_frame_end
4739 : 0x120d1d7feac31f : 2 : ittapi_config_apply_per_lib :  ITTAPI function not implemented: __itt_counter_create
4739 : 0x120d1d7fead037 : 2 : ittapi_config_apply_per_lib :  ITTAPI function not implemented: __itt_counter_destroy
4739 : 0x120d1d7feadd0a : 2 : ittapi_config_apply_per_lib :  ITTAPI function not implemented: __itt_counter_inc
4739 : 0x120d1d7feaeaae : 2 : ittapi_config_apply_per_lib :  ITTAPI function not implemented: __itt_counter_inc_delta
4739 : 0x120d1d7feaf852 : 2 : ittapi_config_apply_per_lib :  ITTAPI function not implemented: __itt_mark_create
4739 : 0x120d1d7feb0453 : 2 : ittapi_config_apply_per_lib :  ITTAPI function not implemented: __itt_mark
4739 : 0x120d1d7feb109a : 2 : ittapi_config_apply_per_lib :  ITTAPI function not implemented: __itt_mark_off
4739 : 0x120d1d7feb1ce0 : 2 : ittapi_config_apply_per_lib :  ITTAPI function not implemented: __itt_mark_global
4739 : 0x120d1d7feb4b41 : 2 : ittapi_config_apply_per_lib :  ITTAPI function not implemented: __itt_mark_global_off
4739 : 0x120d1d7feb59fd : 2 : ittapi_config_apply_per_lib :  ITTAPI function instrumented: __itt_stack_caller_create
4739 : 0x120d1d7feb64a1 : 2 : ittapi_config_apply_per_lib :  ITTAPI function instrumented: __itt_stack_caller_destroy
4739 : 0x120d1d7feb6f45 : 2 : ittapi_config_apply_per_lib :  ITTAPI function instrumented: __itt_stack_callee_enter
4739 : 0x120d1d7feb79a3 : 2 : ittapi_config_apply_per_lib :  ITTAPI function instrumented: __itt_stack_callee_leave
4739 : 0x120d1d7feb85a4 : 2 : ittapi_config_apply_per_lib :  ITTAPI function not implemented: __itt_clock_domain_create
4739 : 0x120d1d7feb9348 : 2 : ittapi_config_apply_per_lib :  ITTAPI function not implemented: __itt_clock_domain_reset
4739 : 0x120d1d7feb9f03 : 2 : ittapi_config_apply_per_lib :  ITTAPI function not implemented: __itt_id_create_ex
4739 : 0x120d1d7febab4a : 2 : ittapi_config_apply_per_lib :  ITTAPI function not implemented: __itt_id_destroy_ex
4739 : 0x120d1d7febb104 : 2 : ittapi_config_apply_per_lib :  ITTAPI function NOT instrumented (not matched by --itt-config option): __itt_task_begin_ex

4739 : 0x120d1d7febcc4c : 2 : ittapi_config_apply_per_lib :  ITTAPI function NOT instrumented (not matched by --itt-config option): __itt_task_begin_fn_ex

4739 : 0x120d1d7febd436 : 2 : ittapi_config_apply_per_lib :  ITTAPI function NOT instrumented (not matched by --itt-config option): __itt_task_end_ex

4739 : 0x120d1d7febd9f0 : 2 : ittapi_config_apply_per_lib :  ITTAPI function NOT instrumented (not matched by --itt-config option): __itt_task_begin_overlapped

4739 : 0x120d1d7febdfab : 2 : ittapi_config_apply_per_lib :  ITTAPI function NOT instrumented (not matched by --itt-config option): __itt_task_begin_overlapped_ex

4739 : 0x120d1d7febe566 : 2 : ittapi_config_apply_per_lib :  ITTAPI function NOT instrumented (not matched by --itt-config option): __itt_task_end_overlapped

4739 : 0x120d1d7febeb20 : 2 : ittapi_config_apply_per_lib :  ITTAPI function NOT instrumented (not matched by --itt-config option): __itt_task_end_overlapped_ex

4739 : 0x120d1d7febfc50 : 2 : ittapi_config_apply_per_lib :  ITTAPI function not implemented: __itt_marker_ex
4739 : 0x120d1d7fec0b0c : 2 : ittapi_config_apply_per_lib :  ITTAPI function not implemented: __itt_metadata_add_with_scope
4739 : 0x120d1d7fec1982 : 2 : ittapi_config_apply_per_lib :  ITTAPI function not implemented: __itt_metadata_str_add_with_scope
4739 : 0x120d1d7fec269a : 2 : ittapi_config_apply_per_lib :  ITTAPI function not implemented: __itt_relation_add_to_current_ex
4739 : 0x120d1d7fec5f9f : 2 : ittapi_config_apply_per_lib :  ITTAPI function not implemented: __itt_relation_add_ex
4739 : 0x120d1d7fec6f2c : 2 : ittapi_config_apply_per_lib :  ITTAPI function not implemented: __itt_track_group_create
4739 : 0x120d1d7fec7c44 : 2 : ittapi_config_apply_per_lib :  ITTAPI function not implemented: __itt_track_create
4739 : 0x120d1d7fec888b : 2 : ittapi_config_apply_per_lib :  ITTAPI function not implemented: __itt_set_track
4739 : 0x120d1d7fec9400 : 2 : ittapi_config_apply_per_lib :  ITTAPI function instrumented: __itt_api_version
4739 : 0x120d1d7fec9f76 : 2 : ittapi_config_apply_per_lib :  ITTAPI function not implemented: __itt_av_save
4739 : 0x120d1d7ff28c0d : 2 : ittapi_config_mask_get :  --itt-config mask to be applied: 17
4739 : 0x120d1d7ff2a19b : 2 : ittapi_config_apply_per_lib :  ITTAPI function instrumented: __itt_domain_create
4739 : 0x120d1d7ff2ac3f : 2 : ittapi_config_apply_per_lib :  ITTAPI function instrumented: __itt_string_handle_create
4739 : 0x120d1d7ff2b728 : 2 : ittapi_config_apply_per_lib :  ITTAPI function instrumented: __itt_pause
4739 : 0x120d1d7ff2fd00 : 2 : ittapi_config_apply_per_lib :  ITTAPI function instrumented: __itt_resume
4739 : 0x120d1d7ff30b2f : 2 : ittapi_config_apply_per_lib :  ITTAPI function instrumented: __itt_thread_set_name
4739 : 0x120d1d7ff3165f : 2 : ittapi_config_apply_per_lib :  ITTAPI function instrumented: __itt_thread_ignore
4739 : 0x120d1d7ff32103 : 2 : ittapi_config_apply_per_lib :  ITTAPI function instrumented: __itt_thr_name_set
4739 : 0x120d1d7ff32b61 : 2 : ittapi_config_apply_per_lib :  ITTAPI function instrumented: __itt_thr_ignore
4739 : 0x120d1d7ff339d6 : 2 : ittapi_config_apply_per_lib :  ITTAPI function not implemented: __itt_enable_attach
4739 : 0x120d1d7ff340ee : 2 : ittapi_config_apply_per_lib :  ITTAPI function NOT instrumented (not matched by --itt-config option): __itt_sync_create

4739 : 0x120d1d7ff3477a : 2 : ittapi_config_apply_per_lib :  ITTAPI function NOT instrumented (not matched by --itt-config option): __itt_sync_rename

4739 : 0x120d1d7ff34d7b : 2 : ittapi_config_apply_per_lib :  ITTAPI function NOT instrumented (not matched by --itt-config option): __itt_sync_destroy

4739 : 0x120d1d7ff35335 : 2 : ittapi_config_apply_per_lib :  ITTAPI function NOT instrumented (not matched by --itt-config option): __itt_sync_prepare

4739 : 0x120d1d7ff36fdb : 2 : ittapi_config_apply_per_lib :  ITTAPI function NOT instrumented (not matched by --itt-config option): __itt_sync_cancel

4739 : 0x120d1d7ff38c3a : 2 : ittapi_config_apply_per_lib :  ITTAPI function NOT instrumented (not matched by --itt-config option): __itt_sync_acquired

4739 : 0x120d1d7ff391f5 : 2 : ittapi_config_apply_per_lib :  ITTAPI function NOT instrumented (not matched by --itt-config option): __itt_sync_releasing

4739 : 0x120d1d7ff3a43c : 2 : ittapi_config_apply_per_lib :  ITTAPI function not implemented: __itt_suppress_push
4739 : 0x120d1d7ff3b2b2 : 2 : ittapi_config_apply_per_lib :  ITTAPI function not implemented: __itt_suppress_pop
4739 : 0x120d1d7ff3bf84 : 2 : ittapi_config_apply_per_lib :  ITTAPI function not implemented: __itt_suppress_mark_range
4739 : 0x120d1d7ff3cc57 : 2 : ittapi_config_apply_per_lib :  ITTAPI function not implemented: __itt_suppress_clear_range
4739 : 0x120d1d7ff3d29d : 2 : ittapi_config_apply_per_lib :  ITTAPI function NOT instrumented (not matched by --itt-config option): __itt_sync_prepare

4739 : 0x120d1d7ff3d858 : 2 : ittapi_config_apply_per_lib :  ITTAPI function NOT instrumented (not matched by --itt-config option): __itt_sync_cancel

4739 : 0x120d1d7ff3de13 : 2 : ittapi_config_apply_per_lib :  ITTAPI function NOT instrumented (not matched by --itt-config option): __itt_sync_acquired

4739 : 0x120d1d7ff3fafe : 2 : ittapi_config_apply_per_lib :  ITTAPI function NOT instrumented (not matched by --itt-config option): __itt_sync_releasing

4739 : 0x120d1d7ff40cb9 : 2 : ittapi_config_apply_per_lib :  ITTAPI function not implemented: __itt_model_site_begin
4739 : 0x120d1d7ff41a5e : 2 : ittapi_config_apply_per_lib :  ITTAPI function not implemented: __itt_model_site_end
4739 : 0x120d1d7ff426ea : 2 : ittapi_config_apply_per_lib :  ITTAPI function not implemented: __itt_model_task_begin
4739 : 0x120d1d7ff43331 : 2 : ittapi_config_apply_per_lib :  ITTAPI function not implemented: __itt_model_task_end
4739 : 0x120d1d7ff43f32 : 2 : ittapi_config_apply_per_lib :  ITTAPI function not implemented: __itt_model_lock_acquire
4739 : 0x120d1d7ff44b79 : 2 : ittapi_config_apply_per_lib :  ITTAPI function not implemented: __itt_model_lock_release
4739 : 0x120d1d7ff4577a : 2 : ittapi_config_apply_per_lib :  ITTAPI function not implemented: __itt_model_record_allocation
4739 : 0x120d1d7ff46492 : 2 : ittapi_config_apply_per_lib :  ITTAPI function not implemented: __itt_model_record_deallocation
4739 : 0x120d1d7ff470d9 : 2 : ittapi_config_apply_per_lib :  ITTAPI function not implemented: __itt_model_induction_uses
4739 : 0x120d1d7ff49e69 : 2 : ittapi_config_apply_per_lib :  ITTAPI function not implemented: __itt_model_reduction_uses
4739 : 0x120d1d7ff4ad24 : 2 : ittapi_config_apply_per_lib :  ITTAPI function not implemented: __itt_model_observe_uses
4739 : 0x120d1d7ff4b9f7 : 2 : ittapi_config_apply_per_lib :  ITTAPI function not implemented: __itt_model_clear_uses
4739 : 0x120d1d7ff4c6c9 : 2 : ittapi_config_apply_per_lib :  ITTAPI function not implemented: __itt_model_site_beginA
4739 : 0x120d1d7ff4d310 : 2 : ittapi_config_apply_per_lib :  ITTAPI function not implemented: __itt_model_site_beginAL
4739 : 0x120d1d7ff4df11 : 2 : ittapi_config_apply_per_lib :  ITTAPI function not implemented: __itt_model_task_beginA
4739 : 0x120d1d7ff4eb58 : 2 : ittapi_config_apply_per_lib :  ITTAPI function not implemented: __itt_model_task_beginAL
4739 : 0x120d1d7ff4f79f : 2 : ittapi_config_apply_per_lib :  ITTAPI function not implemented: __itt_model_iteration_taskA
4739 : 0x120d1d7ff503a0 : 2 : ittapi_config_apply_per_lib :  ITTAPI function not implemented: __itt_model_iteration_taskAL
4739 : 0x120d1d7ff50fa1 : 2 : ittapi_config_apply_per_lib :  ITTAPI function not implemented: __itt_model_site_end_2
4739 : 0x120d1d7ff533ea : 2 : ittapi_config_apply_per_lib :  ITTAPI function not implemented: __itt_model_task_end_2
4739 : 0x120d1d7ff54331 : 2 : ittapi_config_apply_per_lib :  ITTAPI function not implemented: __itt_model_lock_acquire_2
4739 : 0x120d1d7ff55003 : 2 : ittapi_config_apply_per_lib :  ITTAPI function not implemented: __itt_model_lock_release_2
4739 : 0x120d1d7ff56e92 : 2 : ittapi_config_apply_per_lib :  ITTAPI function not implemented: __itt_model_aggregate_task
4739 : 0x120d1d7ff57baa : 2 : ittapi_config_apply_per_lib :  ITTAPI function not implemented: __itt_model_disable_push
4739 : 0x120d1d7ff58837 : 2 : ittapi_config_apply_per_lib :  ITTAPI function not implemented: __itt_model_disable_pop
4739 : 0x120d1d7ff5947e : 2 : ittapi_config_apply_per_lib :  ITTAPI function not implemented: __itt_heap_function_create
4739 : 0x120d1d7ff5a07f : 2 : ittapi_config_apply_per_lib :  ITTAPI function not implemented: __itt_heap_allocate_begin
4739 : 0x120d1d7ff5ac80 : 2 : ittapi_config_apply_per_lib :  ITTAPI function not implemented: __itt_heap_allocate_end
4739 : 0x120d1d7ff5b90c : 2 : ittapi_config_apply_per_lib :  ITTAPI function not implemented: __itt_heap_free_begin
4739 : 0x120d1d7ff5df84 : 2 : ittapi_config_apply_per_lib :  ITTAPI function not implemented: __itt_heap_free_end
4739 : 0x120d1d7ff5ee85 : 2 : ittapi_config_apply_per_lib :  ITTAPI function not implemented: __itt_heap_reallocate_begin
4739 : 0x120d1d7ff5fb12 : 2 : ittapi_config_apply_per_lib :  ITTAPI function not implemented: __itt_heap_reallocate_end
4739 : 0x120d1d7ff6079f : 2 : ittapi_config_apply_per_lib :  ITTAPI function not implemented: __itt_heap_internal_access_begin
4739 : 0x120d1d7ff6142b : 2 : ittapi_config_apply_per_lib :  ITTAPI function not implemented: __itt_heap_internal_access_end
4739 : 0x120d1d7ff62144 : 2 : ittapi_config_apply_per_lib :  ITTAPI function not implemented: __itt_heap_record_memory_growth_begin
4739 : 0x120d1d7ff62dd0 : 2 : ittapi_config_apply_per_lib :  ITTAPI function not implemented: __itt_heap_record_memory_growth_end
4739 : 0x120d1d7ff639d1 : 2 : ittapi_config_apply_per_lib :  ITTAPI function not implemented: __itt_heap_reset_detection
4739 : 0x120d1d7ff645d2 : 2 : ittapi_config_apply_per_lib :  ITTAPI function not implemented: __itt_heap_record
4739 : 0x120d1d7ff651d3 : 2 : ittapi_config_apply_per_lib :  ITTAPI function not implemented: __itt_id_create
4739 : 0x120d1d7ff67662 : 2 : ittapi_config_apply_per_lib :  ITTAPI function not implemented: __itt_id_destroy
4739 : 0x120d1d7ff683c0 : 2 : ittapi_config_apply_per_lib :  ITTAPI function instrumented: __itt_get_timestamp
4739 : 0x120d1d7ff68ef0 : 2 : ittapi_config_apply_per_lib :  ITTAPI function not implemented: __itt_region_begin
4739 : 0x120d1d7ff69aab : 2 : ittapi_config_apply_per_lib :  ITTAPI function not implemented: __itt_region_end
4739 : 0x120d1d7ff6a620 : 2 : ittapi_config_apply_per_lib :  ITTAPI function instrumented: __itt_frame_begin_v3
4739 : 0x120d1d7ff6b039 : 2 : ittapi_config_apply_per_lib :  ITTAPI function instrumented: __itt_frame_end_v3
4739 : 0x120d1d7ff6ba96 : 2 : ittapi_config_apply_per_lib :  ITTAPI function instrumented: __itt_frame_submit_v3
4739 : 0x120d1d7ff6c051 : 2 : ittapi_config_apply_per_lib :  ITTAPI function NOT instrumented (not matched by --itt-config option): __itt_task_group

4739 : 0x120d1d7ff6c60c : 2 : ittapi_config_apply_per_lib :  ITTAPI function NOT instrumented (not matched by --itt-config option): __itt_task_begin

4739 : 0x120d1d7ff6cc0c : 2 : ittapi_config_apply_per_lib :  ITTAPI function NOT instrumented (not matched by --itt-config option): __itt_task_begin_fn

4739 : 0x120d1d7ff6ee26 : 2 : ittapi_config_apply_per_lib :  ITTAPI function NOT instrumented (not matched by --itt-config option): __itt_task_end

4739 : 0x120d1d7ff70028 : 2 : ittapi_config_apply_per_lib :  ITTAPI function not implemented: __itt_counter_inc_v3
4739 : 0x120d1d7ff70cfb : 2 : ittapi_config_apply_per_lib :  ITTAPI function not implemented: __itt_counter_inc_delta_v3
4739 : 0x120d1d7ff71941 : 2 : ittapi_config_apply_per_lib :  ITTAPI function not implemented: __itt_marker
4739 : 0x120d1d7ff724b7 : 2 : ittapi_config_apply_per_lib :  ITTAPI function instrumented: __itt_metadata_add
4739 : 0x120d1d7ff73072 : 2 : ittapi_config_apply_per_lib :  ITTAPI function not implemented: __itt_metadata_str_add
4739 : 0x120d1d7ff73c73 : 2 : ittapi_config_apply_per_lib :  ITTAPI function not implemented: __itt_relation_add_to_current
4739 : 0x120d1d7ff74874 : 2 : ittapi_config_apply_per_lib :  ITTAPI function not implemented: __itt_relation_add
4739 : 0x120d1d7ff75318 : 2 : ittapi_config_apply_per_lib :  ITTAPI function instrumented: __itt_event_create
4739 : 0x120d1d7ff758d2 : 2 : ittapi_config_apply_per_lib :  ITTAPI function NOT instrumented (not matched by --itt-config option): __itt_event_start

4739 : 0x120d1d7ff774a6 : 2 : ittapi_config_apply_per_lib :  ITTAPI function NOT instrumented (not matched by --itt-config option): __itt_event_end

4739 : 0x120d1d7ff77c90 : 2 : ittapi_config_apply_per_lib :  ITTAPI function NOT instrumented (not matched by --itt-config option): __itt_sync_set_name

4739 : 0x120d1d7ff789ee : 2 : ittapi_config_apply_per_lib :  ITTAPI function instrumented: __itt_notify_sync_name
4739 : 0x120d1d7ff794d7 : 2 : ittapi_config_apply_per_lib :  ITTAPI function instrumented: __itt_notify_sync_prepare
4739 : 0x120d1d7ff79ef0 : 2 : ittapi_config_apply_per_lib :  ITTAPI function instrumented: __itt_notify_sync_cancel
4739 : 0x120d1d7ff7a94e : 2 : ittapi_config_apply_per_lib :  ITTAPI function instrumented: __itt_notify_sync_acquired
4739 : 0x120d1d7ff7b3f1 : 2 : ittapi_config_apply_per_lib :  ITTAPI function instrumented: __itt_notify_sync_releasing
4739 : 0x120d1d7ff7c038 : 2 : ittapi_config_apply_per_lib :  ITTAPI function not implemented: __itt_memory_read
4739 : 0x120d1d7ff7ccc5 : 2 : ittapi_config_apply_per_lib :  ITTAPI function not implemented: __itt_memory_write
4739 : 0x120d1d7ff7d90c : 2 : ittapi_config_apply_per_lib :  ITTAPI function not implemented: __itt_memory_update
4739 : 0x120d1d7ff7fde0 : 2 : ittapi_config_apply_per_lib :  ITTAPI function not implemented: __itt_state_get
4739 : 0x120d1d7ff80ce2 : 2 : ittapi_config_apply_per_lib :  ITTAPI function not implemented: __itt_state_set
4739 : 0x120d1d7ff81929 : 2 : ittapi_config_apply_per_lib :  ITTAPI function not implemented: __itt_obj_mode_set
4739 : 0x120d1d7ff8372b : 2 : ittapi_config_apply_per_lib :  ITTAPI function not implemented: __itt_thr_mode_set
4739 : 0x120d1d7ff8432c : 2 : ittapi_config_apply_per_lib :  ITTAPI function instrumented: __itt_frame_create
4739 : 0x120d1d7ff84d8a : 2 : ittapi_config_apply_per_lib :  ITTAPI function instrumented: __itt_frame_begin
4739 : 0x120d1d7ff857e8 : 2 : ittapi_config_apply_per_lib :  ITTAPI function instrumented: __itt_frame_end
4739 : 0x120d1d7ff8635d : 2 : ittapi_config_apply_per_lib :  ITTAPI function not implemented: __itt_counter_create
4739 : 0x120d1d7ff86fa4 : 2 : ittapi_config_apply_per_lib :  ITTAPI function not implemented: __itt_counter_destroy
4739 : 0x120d1d7ff87beb : 2 : ittapi_config_apply_per_lib :  ITTAPI function not implemented: __itt_counter_inc
4739 : 0x120d1d7ff8aa4c : 2 : ittapi_config_apply_per_lib :  ITTAPI function not implemented: __itt_counter_inc_delta
4739 : 0x120d1d7ff8b993 : 2 : ittapi_config_apply_per_lib :  ITTAPI function not implemented: __itt_mark_create
4739 : 0x120d1d7ff8c6ac : 2 : ittapi_config_apply_per_lib :  ITTAPI function not implemented: __itt_mark
4739 : 0x120d1d7ff8d2f2 : 2 : ittapi_config_apply_per_lib :  ITTAPI function not implemented: __itt_mark_off
4739 : 0x120d1d7ff8def3 : 2 : ittapi_config_apply_per_lib :  ITTAPI function not implemented: __itt_mark_global
4739 : 0x120d1d7ff8eaaf : 2 : ittapi_config_apply_per_lib :  ITTAPI function not implemented: __itt_mark_global_off
4739 : 0x120d1d7ff8f624 : 2 : ittapi_config_apply_per_lib :  ITTAPI function instrumented: __itt_stack_caller_create
4739 : 0x120d1d7ff9003c : 2 : ittapi_config_apply_per_lib :  ITTAPI function instrumented: __itt_stack_caller_destroy
4739 : 0x120d1d7ff90a9a : 2 : ittapi_config_apply_per_lib :  ITTAPI function instrumented: __itt_stack_callee_enter
4739 : 0x120d1d7ff9146c : 2 : ittapi_config_apply_per_lib :  ITTAPI function instrumented: __itt_stack_callee_leave
4739 : 0x120d1d7ff938b5 : 2 : ittapi_config_apply_per_lib :  ITTAPI function not implemented: __itt_clock_domain_create
4739 : 0x120d1d7ff947b7 : 2 : ittapi_config_apply_per_lib :  ITTAPI function not implemented: __itt_clock_domain_reset
4739 : 0x120d1d7ff953fd : 2 : ittapi_config_apply_per_lib :  ITTAPI function not implemented: __itt_id_create_ex
4739 : 0x120d1d7ff95fb9 : 2 : ittapi_config_apply_per_lib :  ITTAPI function not implemented: __itt_id_destroy_ex
4739 : 0x120d1d7ff965b9 : 2 : ittapi_config_apply_per_lib :  ITTAPI function NOT instrumented (not matched by --itt-config option): __itt_task_begin_ex

4739 : 0x120d1d7ff96b74 : 2 : ittapi_config_apply_per_lib :  ITTAPI function NOT instrumented (not matched by --itt-config option): __itt_task_begin_fn_ex

4739 : 0x120d1d7ff97174 : 2 : ittapi_config_apply_per_lib :  ITTAPI function NOT instrumented (not matched by --itt-config option): __itt_task_end_ex

4739 : 0x120d1d7ff9772f : 2 : ittapi_config_apply_per_lib :  ITTAPI function NOT instrumented (not matched by --itt-config option): __itt_task_begin_overlapped

4739 : 0x120d1d7ff97cea : 2 : ittapi_config_apply_per_lib :  ITTAPI function NOT instrumented (not matched by --itt-config option): __itt_task_begin_overlapped_ex

4739 : 0x120d1d7ff982a4 : 2 : ittapi_config_apply_per_lib :  ITTAPI function NOT instrumented (not matched by --itt-config option): __itt_task_end_overlapped

4739 : 0x120d1d7ff99d61 : 2 : ittapi_config_apply_per_lib :  ITTAPI function NOT instrumented (not matched by --itt-config option): __itt_task_end_overlapped_ex

4739 : 0x120d1d7ff9af62 : 2 : ittapi_config_apply_per_lib :  ITTAPI function not implemented: __itt_marker_ex
4739 : 0x120d1d7ff9bd06 : 2 : ittapi_config_apply_per_lib :  ITTAPI function not implemented: __itt_metadata_add_with_scope
4739 : 0x120d1d7ff9ca1f : 2 : ittapi_config_apply_per_lib :  ITTAPI function not implemented: __itt_metadata_str_add_with_scope
4739 : 0x120d1d7ff9d737 : 2 : ittapi_config_apply_per_lib :  ITTAPI function not implemented: __itt_relation_add_to_current_ex
4739 : 0x120d1d7ff9e2f2 : 2 : ittapi_config_apply_per_lib :  ITTAPI function not implemented: __itt_relation_add_ex
4739 : 0x120d1d7ff9ef39 : 2 : ittapi_config_apply_per_lib :  ITTAPI function not implemented: __itt_track_group_create
4739 : 0x120d1d7ff9faae : 2 : ittapi_config_apply_per_lib :  ITTAPI function not implemented: __itt_track_create
4739 : 0x120d1d7ffa06f5 : 2 : ittapi_config_apply_per_lib :  ITTAPI function not implemented: __itt_set_track
4739 : 0x120d1d7ffa11df : 2 : ittapi_config_apply_per_lib :  ITTAPI function instrumented: __itt_api_version
4739 : 0x120d1d7ffa3cfa : 2 : ittapi_config_apply_per_lib :  ITTAPI function not implemented: __itt_av_save
4739 : 0x120d1d94bf0818 : 2 : ittapi_config_mask_get :  --itt-config mask to be applied: 17
4739 : 0x120d1d94bf5063 : 2 : ittapi_config_apply_per_lib :  ITTAPI function instrumented: __itt_domain_create
4739 : 0x120d1d94bf60c2 : 2 : ittapi_config_apply_per_lib :  ITTAPI function instrumented: __itt_string_handle_create
4739 : 0x120d1d94bf727e : 2 : ittapi_config_apply_per_lib :  ITTAPI function instrumented: __itt_pause
4739 : 0x120d1d94bf7f0a : 2 : ittapi_config_apply_per_lib :  ITTAPI function instrumented: __itt_resume
4739 : 0x120d1d94bf8cae : 2 : ittapi_config_apply_per_lib :  ITTAPI function instrumented: __itt_thread_set_name
4739 : 0x120d1d94bf986a : 2 : ittapi_config_apply_per_lib :  ITTAPI function instrumented: __itt_thread_ignore
4739 : 0x120d1d94bfa353 : 2 : ittapi_config_apply_per_lib :  ITTAPI function instrumented: __itt_thr_name_set
4739 : 0x120d1d94bfae3d : 2 : ittapi_config_apply_per_lib :  ITTAPI function instrumented: __itt_thr_ignore
4739 : 0x120d1d94c09b0b : 2 : ittapi_config_apply_per_lib :  ITTAPI function not implemented: __itt_enable_attach
4739 : 0x120d1d94c0a5af : 2 : ittapi_config_apply_per_lib :  ITTAPI function NOT instrumented (not matched by --itt-config option): __itt_sync_create

4739 : 0x120d1d94c0afc7 : 2 : ittapi_config_apply_per_lib :  ITTAPI function NOT instrumented (not matched by --itt-config option): __itt_sync_rename

4739 : 0x120d1d94c0b83c : 2 : ittapi_config_apply_per_lib :  ITTAPI function NOT instrumented (not matched by --itt-config option): __itt_sync_destroy

4739 : 0x120d1d94c0be3d : 2 : ittapi_config_apply_per_lib :  ITTAPI function NOT instrumented (not matched by --itt-config option): __itt_sync_prepare

4739 : 0x120d1d94c0c483 : 2 : ittapi_config_apply_per_lib :  ITTAPI function NOT instrumented (not matched by --itt-config option): __itt_sync_cancel

4739 : 0x120d1d94c0ca3e : 2 : ittapi_config_apply_per_lib :  ITTAPI function NOT instrumented (not matched by --itt-config option): __itt_sync_acquired

4739 : 0x120d1d94c0d0ca : 2 : ittapi_config_apply_per_lib :  ITTAPI function NOT instrumented (not matched by --itt-config option): __itt_sync_releasing

4739 : 0x120d1d94c0e2cb : 2 : ittapi_config_apply_per_lib :  ITTAPI function not implemented: __itt_suppress_push
4739 : 0x120d1d94c0f32a : 2 : ittapi_config_apply_per_lib :  ITTAPI function not implemented: __itt_suppress_pop
4739 : 0x120d1d94c11fa2 : 2 : ittapi_config_apply_per_lib :  ITTAPI function not implemented: __itt_suppress_mark_range
4739 : 0x120d1d94c12f2f : 2 : ittapi_config_apply_per_lib :  ITTAPI function not implemented: __itt_suppress_clear_range
4739 : 0x120d1d94c13601 : 2 : ittapi_config_apply_per_lib :  ITTAPI function NOT instrumented (not matched by --itt-config option): __itt_sync_prepare

4739 : 0x120d1d94c13d19 : 2 : ittapi_config_apply_per_lib :  ITTAPI function NOT instrumented (not matched by --itt-config option): __itt_sync_cancel

4739 : 0x120d1d94c142d4 : 2 : ittapi_config_apply_per_lib :  ITTAPI function NOT instrumented (not matched by --itt-config option): __itt_sync_acquired

4739 : 0x120d1d94c1488e : 2 : ittapi_config_apply_per_lib :  ITTAPI function NOT instrumented (not matched by --itt-config option): __itt_sync_releasing

4739 : 0x120d1d94c156be : 2 : ittapi_config_apply_per_lib :  ITTAPI function not implemented: __itt_model_site_begin
4739 : 0x120d1d94c163d6 : 2 : ittapi_config_apply_per_lib :  ITTAPI function not implemented: __itt_model_site_end
4739 : 0x120d1d94c171c0 : 2 : ittapi_config_apply_per_lib :  ITTAPI function not implemented: __itt_model_task_begin
4739 : 0x120d1d94c17f64 : 2 : ittapi_config_apply_per_lib :  ITTAPI function not implemented: __itt_model_task_end
4739 : 0x120d1d94c1c052 : 2 : ittapi_config_apply_per_lib :  ITTAPI function not implemented: __itt_model_lock_acquire
4739 : 0x120d1d94c1d06b : 2 : ittapi_config_apply_per_lib :  ITTAPI function not implemented: __itt_model_lock_release
4739 : 0x120d1d94c1de55 : 2 : ittapi_config_apply_per_lib :  ITTAPI function not implemented: __itt_model_record_allocation
4739 : 0x120d1d94c1eb28 : 2 : ittapi_config_apply_per_lib :  ITTAPI function not implemented: __itt_model_record_deallocation
4739 : 0x120d1d94c1f886 : 2 : ittapi_config_apply_per_lib :  ITTAPI function not implemented: __itt_model_induction_uses
4739 : 0x120d1d94c204cd : 2 : ittapi_config_apply_per_lib :  ITTAPI function not implemented: __itt_model_reduction_uses
4739 : 0x120d1d94c2122b : 2 : ittapi_config_apply_per_lib :  ITTAPI function not implemented: __itt_model_observe_uses
4739 : 0x120d1d94c21f43 : 2 : ittapi_config_apply_per_lib :  ITTAPI function not implemented: __itt_model_clear_uses
4739 : 0x120d1d94c22f16 : 2 : ittapi_config_apply_per_lib :  ITTAPI function not implemented: __itt_model_site_beginA
4739 : 0x120d1d94c23be9 : 2 : ittapi_config_apply_per_lib :  ITTAPI function not implemented: __itt_model_site_beginAL
4739 : 0x120d1d94c2651b : 2 : ittapi_config_apply_per_lib :  ITTAPI function not implemented: __itt_model_task_beginA
4739 : 0x120d1d94c273d6 : 2 : ittapi_config_apply_per_lib :  ITTAPI function not implemented: __itt_model_task_beginAL
4739 : 0x120d1d94c281c0 : 2 : ittapi_config_apply_per_lib :  ITTAPI function not implemented: __itt_model_iteration_taskA
4739 : 0x120d1d94c28f64 : 2 : ittapi_config_apply_per_lib :  ITTAPI function not implemented: __itt_model_iteration_taskAL
4739 : 0x120d1d94c29bf1 : 2 : ittapi_config_apply_per_lib :  ITTAPI function not implemented: __itt_model_site_end_2
4739 : 0x120d1d94c2a766 : 2 : ittapi_config_apply_per_lib :  ITTAPI function not implemented: __itt_model_task_end_2
4739 : 0x120d1d94c2b596 : 2 : ittapi_config_apply_per_lib :  ITTAPI function not implemented: __itt_model_lock_acquire_2
4739 : 0x120d1d94c2c223 : 2 : ittapi_config_apply_per_lib :  ITTAPI function not implemented: __itt_model_lock_release_2
4739 : 0x120d1d94c2cf3b : 2 : ittapi_config_apply_per_lib :  ITTAPI function not implemented: __itt_model_aggregate_task
4739 : 0x120d1d94c2db82 : 2 : ittapi_config_apply_per_lib :  ITTAPI function not implemented: __itt_model_disable_push
4739 : 0x120d1d94c314cc : 2 : ittapi_config_apply_per_lib :  ITTAPI function not implemented: __itt_model_disable_pop
4739 : 0x120d1d94c32642 : 2 : ittapi_config_apply_per_lib :  ITTAPI function not implemented: __itt_heap_function_create
4739 : 0x120d1d94c333a0 : 2 : ittapi_config_apply_per_lib :  ITTAPI function not implemented: __itt_heap_allocate_begin
4739 : 0x120d1d94c33fa1 : 2 : ittapi_config_apply_per_lib :  ITTAPI function not implemented: __itt_heap_allocate_end
4739 : 0x120d1d94c34dd1 : 2 : ittapi_config_apply_per_lib :  ITTAPI function not implemented: __itt_heap_free_begin
4739 : 0x120d1d94c35b2f : 2 : ittapi_config_apply_per_lib :  ITTAPI function not implemented: __itt_heap_free_end
4739 : 0x120d1d94c369eb : 2 : ittapi_config_apply_per_lib :  ITTAPI function not implemented: __itt_heap_reallocate_begin
4739 : 0x120d1d94c37703 : 2 : ittapi_config_apply_per_lib :  ITTAPI function not implemented: __itt_heap_reallocate_end
4739 : 0x120d1d94c3841c : 2 : ittapi_config_apply_per_lib :  ITTAPI function not implemented: __itt_heap_internal_access_begin
4739 : 0x120d1d94c39134 : 2 : ittapi_config_apply_per_lib :  ITTAPI function not implemented: __itt_heap_internal_access_end
4739 : 0x120d1d94c3b87d : 2 : ittapi_config_apply_per_lib :  ITTAPI function not implemented: __itt_heap_record_memory_growth_begin
4739 : 0x120d1d94c3c850 : 2 : ittapi_config_apply_per_lib :  ITTAPI function not implemented: __itt_heap_record_memory_growth_end
4739 : 0x120d1d94c3d5ae : 2 : ittapi_config_apply_per_lib :  ITTAPI function not implemented: __itt_heap_reset_detection
4739 : 0x120d1d94c3e23b : 2 : ittapi_config_apply_per_lib :  ITTAPI function not implemented: __itt_heap_record
4739 : 0x120d1d94c3f025 : 2 : ittapi_config_apply_per_lib :  ITTAPI function not implemented: __itt_id_create
4739 : 0x120d1d94c3fc26 : 2 : ittapi_config_apply_per_lib :  ITTAPI function not implemented: __itt_id_destroy
4739 : 0x120d1d94c40755 : 2 : ittapi_config_apply_per_lib :  ITTAPI function instrumented: __itt_get_timestamp
4739 : 0x120d1d94c412cb : 2 : ittapi_config_apply_per_lib :  ITTAPI function not implemented: __itt_region_begin
4739 : 0x120d1d94c41ecc : 2 : ittapi_config_apply_per_lib :  ITTAPI function not implemented: __itt_region_end
4739 : 0x120d1d94c429fb : 2 : ittapi_config_apply_per_lib :  ITTAPI function instrumented: __itt_frame_begin_v3
4739 : 0x120d1d94c45cba : 2 : ittapi_config_apply_per_lib :  ITTAPI function instrumented: __itt_frame_end_v3
4739 : 0x120d1d94c46aa4 : 2 : ittapi_config_apply_per_lib :  ITTAPI function instrumented: __itt_frame_submit_v3
4739 : 0x120d1d94c470a4 : 2 : ittapi_config_apply_per_lib :  ITTAPI function NOT instrumented (not matched by --itt-config option): __itt_task_group

4739 : 0x120d1d94c47c5f : 2 : ittapi_config_apply_per_lib :  ITTAPI function NOT instrumented (not matched by --itt-config option): __itt_task_begin

4739 : 0x120d1d94c482a6 : 2 : ittapi_config_apply_per_lib :  ITTAPI function NOT instrumented (not matched by --itt-config option): __itt_task_begin_fn

4739 : 0x120d1d94c48932 : 2 : ittapi_config_apply_per_lib :  ITTAPI function NOT instrumented (not matched by --itt-config option): __itt_task_end

4739 : 0x120d1d94c497ed : 2 : ittapi_config_apply_per_lib :  ITTAPI function not implemented: __itt_counter_inc_v3
4739 : 0x120d1d94c4a506 : 2 : ittapi_config_apply_per_lib :  ITTAPI function not implemented: __itt_counter_inc_delta_v3
4739 : 0x120d1d94c4b21e : 2 : ittapi_config_apply_per_lib :  ITTAPI function not implemented: __itt_marker
4739 : 0x120d1d94c4bd93 : 2 : ittapi_config_apply_per_lib :  ITTAPI function instrumented: __itt_metadata_add
4739 : 0x120d1d94c4f7af : 2 : ittapi_config_apply_per_lib :  ITTAPI function not implemented: __itt_metadata_str_add
4739 : 0x120d1d94c507c8 : 2 : ittapi_config_apply_per_lib :  ITTAPI function not implemented: __itt_relation_add_to_current
4739 : 0x120d1d94c513c9 : 2 : ittapi_config_apply_per_lib :  ITTAPI function not implemented: __itt_relation_add
4739 : 0x120d1d94c51eb3 : 2 : ittapi_config_apply_per_lib :  ITTAPI function instrumented: __itt_event_create
4739 : 0x120d1d94c5246d : 2 : ittapi_config_apply_per_lib :  ITTAPI function NOT instrumented (not matched by --itt-config option): __itt_event_start

4739 : 0x120d1d94c529e2 : 2 : ittapi_config_apply_per_lib :  ITTAPI function NOT instrumented (not matched by --itt-config option): __itt_event_end

4739 : 0x120d1d94c52f9d : 2 : ittapi_config_apply_per_lib :  ITTAPI function NOT instrumented (not matched by --itt-config option): __itt_sync_set_name

4739 : 0x120d1d94c53c6f : 2 : ittapi_config_apply_per_lib :  ITTAPI function instrumented: __itt_notify_sync_name
4739 : 0x120d1d94c54713 : 2 : ittapi_config_apply_per_lib :  ITTAPI function instrumented: __itt_notify_sync_prepare
4739 : 0x120d1d94c5512b : 2 : ittapi_config_apply_per_lib :  ITTAPI function instrumented: __itt_notify_sync_cancel
4739 : 0x120d1d94c5745d : 2 : ittapi_config_apply_per_lib :  ITTAPI function instrumented: __itt_notify_sync_acquired
4739 : 0x120d1d94c5812f : 2 : ittapi_config_apply_per_lib :  ITTAPI function instrumented: __itt_notify_sync_releasing
4739 : 0x120d1d94c58d76 : 2 : ittapi_config_apply_per_lib :  ITTAPI function not implemented: __itt_memory_read
4739 : 0x120d1d94c59a8f : 2 : ittapi_config_apply_per_lib :  ITTAPI function not implemented: __itt_memory_write
4739 : 0x120d1d94c5a71b : 2 : ittapi_config_apply_per_lib :  ITTAPI function not implemented: __itt_memory_update
4739 : 0x120d1d94c5b3ee : 2 : ittapi_config_apply_per_lib :  ITTAPI function not implemented: __itt_state_get
4739 : 0x120d1d94c5c106 : 2 : ittapi_config_apply_per_lib :  ITTAPI function not implemented: __itt_state_set
4739 : 0x120d1d94c5cd07 : 2 : ittapi_config_apply_per_lib :  ITTAPI function not implemented: __itt_obj_mode_set
4739 : 0x120d1d94c5d8c3 : 2 : ittapi_config_apply_per_lib :  ITTAPI function not implemented: __itt_thr_mode_set
4739 : 0x120d1d94c5e3ac : 2 : ittapi_config_apply_per_lib :  ITTAPI function instrumented: __itt_frame_create
4739 : 0x120d1d94c613b0 : 2 : ittapi_config_apply_per_lib :  ITTAPI function instrumented: __itt_frame_begin
4739 : 0x120d1d94c62083 : 2 : ittapi_config_apply_per_lib :  ITTAPI function instrumented: __itt_frame_end
4739 : 0x120d1d94c62d10 : 2 : ittapi_config_apply_per_lib :  ITTAPI function not implemented: __itt_counter_create
4739 : 0x120d1d94c63b3f : 2 : ittapi_config_apply_per_lib :  ITTAPI function not implemented: __itt_counter_destroy
4739 : 0x120d1d94c64812 : 2 : ittapi_config_apply_per_lib :  ITTAPI function not implemented: __itt_counter_inc
4739 : 0x120d1d94c6579f : 2 : ittapi_config_apply_per_lib :  ITTAPI function not implemented: __itt_counter_inc_delta
4739 : 0x120d1d94c66471 : 2 : ittapi_config_apply_per_lib :  ITTAPI function not implemented: __itt_mark_create
4739 : 0x120d1d94c6702c : 2 : ittapi_config_apply_per_lib :  ITTAPI function not implemented: __itt_mark
4739 : 0x120d1d94c67d45 : 2 : ittapi_config_apply_per_lib :  ITTAPI function not implemented: __itt_mark_off
4739 : 0x120d1d94c68946 : 2 : ittapi_config_apply_per_lib :  ITTAPI function not implemented: __itt_mark_global
4739 : 0x120d1d94c6ad8f : 2 : ittapi_config_apply_per_lib :  ITTAPI function not implemented: __itt_mark_global_off
4739 : 0x120d1d94c6bb79 : 2 : ittapi_config_apply_per_lib :  ITTAPI function instrumented: __itt_stack_caller_create
4739 : 0x120d1d94c6c734 : 2 : ittapi_config_apply_per_lib :  ITTAPI function instrumented: __itt_stack_caller_destroy
4739 : 0x120d1d94c6d192 : 2 : ittapi_config_apply_per_lib :  ITTAPI function instrumented: __itt_stack_callee_enter
4739 : 0x120d1d94c6de1e : 2 : ittapi_config_apply_per_lib :  ITTAPI function instrumented: __itt_stack_callee_leave
4739 : 0x120d1d94c6e9da : 2 : ittapi_config_apply_per_lib :  ITTAPI function not implemented: __itt_clock_domain_create
4739 : 0x120d1d94c6f7c4 : 2 : ittapi_config_apply_per_lib :  ITTAPI function not implemented: __itt_clock_domain_reset
4739 : 0x120d1d94c7037f : 2 : ittapi_config_apply_per_lib :  ITTAPI function not implemented: __itt_id_create_ex
4739 : 0x120d1d94c70f80 : 2 : ittapi_config_apply_per_lib :  ITTAPI function not implemented: __itt_id_destroy_ex
4739 : 0x120d1d94c7153a : 2 : ittapi_config_apply_per_lib :  ITTAPI function NOT instrumented (not matched by --itt-config option): __itt_task_begin_ex

4739 : 0x120d1d94c72f6b : 2 : ittapi_config_apply_per_lib :  ITTAPI function NOT instrumented (not matched by --itt-config option): __itt_task_begin_fn_ex

4739 : 0x120d1d94c7370f : 2 : ittapi_config_apply_per_lib :  ITTAPI function NOT instrumented (not matched by --itt-config option): __itt_task_end_ex

4739 : 0x120d1d94c73c84 : 2 : ittapi_config_apply_per_lib :  ITTAPI function NOT instrumented (not matched by --itt-config option): __itt_task_begin_overlapped

4739 : 0x120d1d94c74284 : 2 : ittapi_config_apply_per_lib :  ITTAPI function NOT instrumented (not matched by --itt-config option): __itt_task_begin_overlapped_ex

4739 : 0x120d1d94c747f9 : 2 : ittapi_config_apply_per_lib :  ITTAPI function NOT instrumented (not matched by --itt-config option): __itt_task_end_overlapped

4739 : 0x120d1d94c74df9 : 2 : ittapi_config_apply_per_lib :  ITTAPI function NOT instrumented (not matched by --itt-config option): __itt_task_end_overlapped_ex

4739 : 0x120d1d94c75e9e : 2 : ittapi_config_apply_per_lib :  ITTAPI function not implemented: __itt_marker_ex
4739 : 0x120d1d94c76d9f : 2 : ittapi_config_apply_per_lib :  ITTAPI function not implemented: __itt_metadata_add_with_scope
4739 : 0x120d1d94c77b89 : 2 : ittapi_config_apply_per_lib :  ITTAPI function not implemented: __itt_metadata_str_add_with_scope
4739 : 0x120d1d94c7892d : 2 : ittapi_config_apply_per_lib :  ITTAPI function not implemented: __itt_relation_add_to_current_ex
4739 : 0x120d1d94c7aca4 : 2 : ittapi_config_apply_per_lib :  ITTAPI function not implemented: __itt_relation_add_ex
4739 : 0x120d1d94c7bc31 : 2 : ittapi_config_apply_per_lib :  ITTAPI function not implemented: __itt_track_group_create
4739 : 0x120d1d94c7c8be : 2 : ittapi_config_apply_per_lib :  ITTAPI function not implemented: __itt_track_create
4739 : 0x120d1d94c7d54b : 2 : ittapi_config_apply_per_lib :  ITTAPI function not implemented: __itt_set_track
4739 : 0x120d1d94c7dfa9 : 2 : ittapi_config_apply_per_lib :  ITTAPI function instrumented: __itt_api_version
4739 : 0x120d1d94c7ea92 : 2 : ittapi_config_apply_per_lib :  ITTAPI function not implemented: __itt_av_save
4739 : 0x120d1d94cbdf45 : 2 : ittapi_config_mask_get :  --itt-config mask to be applied: 17
4739 : 0x120d1d94cbf5a4 : 2 : ittapi_config_apply_per_lib :  ITTAPI function instrumented: __itt_domain_create
4739 : 0x120d1d94cc008e : 2 : ittapi_config_apply_per_lib :  ITTAPI function instrumented: __itt_string_handle_create
4739 : 0x120d1d94cc0b77 : 2 : ittapi_config_apply_per_lib :  ITTAPI function instrumented: __itt_pause
4739 : 0x120d1d94cc5fc4 : 2 : ittapi_config_apply_per_lib :  ITTAPI function instrumented: __itt_resume
4739 : 0x120d1d94cc6e80 : 2 : ittapi_config_apply_per_lib :  ITTAPI function instrumented: __itt_thread_set_name
4739 : 0x120d1d94cc79af : 2 : ittapi_config_apply_per_lib :  ITTAPI function instrumented: __itt_thread_ignore
4739 : 0x120d1d94cc840d : 2 : ittapi_config_apply_per_lib :  ITTAPI function instrumented: __itt_thr_name_set
4739 : 0x120d1d94cc8e6b : 2 : ittapi_config_apply_per_lib :  ITTAPI function instrumented: __itt_thr_ignore
4739 : 0x120d1d94cc9c9b : 2 : ittapi_config_apply_per_lib :  ITTAPI function not implemented: __itt_enable_attach
4739 : 0x120d1d94cca2e1 : 2 : ittapi_config_apply_per_lib :  ITTAPI function NOT instrumented (not matched by --itt-config option): __itt_sync_create

4739 : 0x120d1d94cca96e : 2 : ittapi_config_apply_per_lib :  ITTAPI function NOT instrumented (not matched by --itt-config option): __itt_sync_rename

4739 : 0x120d1d94ccaf6e : 2 : ittapi_config_apply_per_lib :  ITTAPI function NOT instrumented (not matched by --itt-config option): __itt_sync_destroy

4739 : 0x120d1d94ccb56f : 2 : ittapi_config_apply_per_lib :  ITTAPI function NOT instrumented (not matched by --itt-config option): __itt_sync_prepare

4739 : 0x120d1d94ccd1ce : 2 : ittapi_config_apply_per_lib :  ITTAPI function NOT instrumented (not matched by --itt-config option): __itt_sync_cancel

4739 : 0x120d1d94ccd972 : 2 : ittapi_config_apply_per_lib :  ITTAPI function NOT instrumented (not matched by --itt-config option): __itt_sync_acquired

4739 : 0x120d1d94ccdfb8 : 2 : ittapi_config_apply_per_lib :  ITTAPI function NOT instrumented (not matched by --itt-config option): __itt_sync_releasing

4739 : 0x120d1d94ccf05c : 2 : ittapi_config_apply_per_lib :  ITTAPI function not implemented: __itt_suppress_push
4739 : 0x120d1d94ccfed2 : 2 : ittapi_config_apply_per_lib :  ITTAPI function not implemented: __itt_suppress_pop
4739 : 0x120d1d94cd0ba4 : 2 : ittapi_config_apply_per_lib :  ITTAPI function not implemented: __itt_suppress_mark_range
4739 : 0x120d1d94cd17a5 : 2 : ittapi_config_apply_per_lib :  ITTAPI function not implemented: __itt_suppress_clear_range
4739 : 0x120d1d94cd1da6 : 2 : ittapi_config_apply_per_lib :  ITTAPI function NOT instrumented (not matched by --itt-config option): __itt_sync_prepare

4739 : 0x120d1d94cd2432 : 2 : ittapi_config_apply_per_lib :  ITTAPI function NOT instrumented (not matched by --itt-config option): __itt_sync_cancel

4739 : 0x120d1d94cd29ed : 2 : ittapi_config_apply_per_lib :  ITTAPI function NOT instrumented (not matched by --itt-config option): __itt_sync_acquired

4739 : 0x120d1d94cd45c1 : 2 : ittapi_config_apply_per_lib :  ITTAPI function NOT instrumented (not matched by --itt-config option): __itt_sync_releasing

4739 : 0x120d1d94cd5736 : 2 : ittapi_config_apply_per_lib :  ITTAPI function not implemented: __itt_model_site_begin
4739 : 0x120d1d94cd644f : 2 : ittapi_config_apply_per_lib :  ITTAPI function not implemented: __itt_model_site_end
4739 : 0x120d1d94cd70dc : 2 : ittapi_config_apply_per_lib :  ITTAPI function not implemented: __itt_model_task_begin
4739 : 0x120d1d94cd7d22 : 2 : ittapi_config_apply_per_lib :  ITTAPI function not implemented: __itt_model_task_end
4739 : 0x120d1d94cd8898 : 2 : ittapi_config_apply_per_lib :  ITTAPI function not implemented: __itt_model_lock_acquire
4739 : 0x120d1d94cd9499 : 2 : ittapi_config_apply_per_lib :  ITTAPI function not implemented: __itt_model_lock_release
4739 : 0x120d1d94cda0e0 : 2 : ittapi_config_apply_per_lib :  ITTAPI function not implemented: __itt_model_record_allocation
4739 : 0x120d1d94cdad6c : 2 : ittapi_config_apply_per_lib :  ITTAPI function not implemented: __itt_model_record_deallocation
4739 : 0x120d1d94cdb9b3 : 2 : ittapi_config_apply_per_lib :  ITTAPI function not implemented: __itt_model_induction_uses
4739 : 0x120d1d94cde9b7 : 2 : ittapi_config_apply_per_lib :  ITTAPI function not implemented: __itt_model_reduction_uses
4739 : 0x120d1d94cdf944 : 2 : ittapi_config_apply_per_lib :  ITTAPI function not implemented: __itt_model_observe_uses
4739 : 0x120d1d94ce065d : 2 : ittapi_config_apply_per_lib :  ITTAPI function not implemented: __itt_model_clear_uses
4739 : 0x120d1d94ce1375 : 2 : ittapi_config_apply_per_lib :  ITTAPI function not implemented: __itt_model_site_beginA
4739 : 0x120d1d94ce2002 : 2 : ittapi_config_apply_per_lib :  ITTAPI function not implemented: __itt_model_site_beginAL
4739 : 0x120d1d94ce2c48 : 2 : ittapi_config_apply_per_lib :  ITTAPI function not implemented: __itt_model_task_beginA
4739 : 0x120d1d94ce384a : 2 : ittapi_config_apply_per_lib :  ITTAPI function not implemented: __itt_model_task_beginAL
4739 : 0x120d1d94ce4490 : 2 : ittapi_config_apply_per_lib :  ITTAPI function not implemented: __itt_model_iteration_taskA
4739 : 0x120d1d94ce511d : 2 : ittapi_config_apply_per_lib :  ITTAPI function not implemented: __itt_model_iteration_taskAL
4739 : 0x120d1d94ce5e35 : 2 : ittapi_config_apply_per_lib :  ITTAPI function not implemented: __itt_model_site_end_2
4739 : 0x120d1d94ce830a : 2 : ittapi_config_apply_per_lib :  ITTAPI function not implemented: __itt_model_task_end_2
4739 : 0x120d1d94ce920b : 2 : ittapi_config_apply_per_lib :  ITTAPI function not implemented: __itt_model_lock_acquire_2
4739 : 0x120d1d94ce9ede : 2 : ittapi_config_apply_per_lib :  ITTAPI function not implemented: __itt_model_lock_release_2
4739 : 0x120d1d94ceab25 : 2 : ittapi_config_apply_per_lib :  ITTAPI function not implemented: __itt_model_aggregate_task
4739 : 0x120d1d94ceb6e0 : 2 : ittapi_config_apply_per_lib :  ITTAPI function not implemented: __itt_model_disable_push
4739 : 0x120d1d94cec327 : 2 : ittapi_config_apply_per_lib :  ITTAPI function not implemented: __itt_model_disable_pop
4739 : 0x120d1d94cecf6e : 2 : ittapi_config_apply_per_lib :  ITTAPI function not implemented: __itt_heap_function_create
4739 : 0x120d1d94cedbb4 : 2 : ittapi_config_apply_per_lib :  ITTAPI function not implemented: __itt_heap_allocate_begin
4739 : 0x120d1d94cee7b5 : 2 : ittapi_config_apply_per_lib :  ITTAPI function not implemented: __itt_heap_allocate_end
4739 : 0x120d1d94cef488 : 2 : ittapi_config_apply_per_lib :  ITTAPI function not implemented: __itt_heap_free_begin
4739 : 0x120d1d94cf1917 : 2 : ittapi_config_apply_per_lib :  ITTAPI function not implemented: __itt_heap_free_end
4739 : 0x120d1d94cf2818 : 2 : ittapi_config_apply_per_lib :  ITTAPI function not implemented: __itt_heap_reallocate_begin
4739 : 0x120d1d94cf34eb : 2 : ittapi_config_apply_per_lib :  ITTAPI function not implemented: __itt_heap_reallocate_end
4739 : 0x120d1d94cf41bd : 2 : ittapi_config_apply_per_lib :  ITTAPI function not implemented: __itt_heap_internal_access_begin
4739 : 0x120d1d94cf4e04 : 2 : ittapi_config_apply_per_lib :  ITTAPI function not implemented: __itt_heap_internal_access_end
4739 : 0x120d1d94cf5b1c : 2 : ittapi_config_apply_per_lib :  ITTAPI function not implemented: __itt_heap_record_memory_growth_begin
4739 : 0x120d1d94cf6763 : 2 : ittapi_config_apply_per_lib :  ITTAPI function not implemented: __itt_heap_record_memory_growth_end
4739 : 0x120d1d94cf7364 : 2 : ittapi_config_apply_per_lib :  ITTAPI function not implemented: __itt_heap_reset_detection
4739 : 0x120d1d94cf7f1f : 2 : ittapi_config_apply_per_lib :  ITTAPI function not implemented: __itt_heap_record
4739 : 0x120d1d94cf8b66 : 2 : ittapi_config_apply_per_lib :  ITTAPI function not implemented: __itt_id_create
4739 : 0x120d1d94cfba99 : 2 : ittapi_config_apply_per_lib :  ITTAPI function not implemented: __itt_id_destroy
4739 : 0x120d1d94cfc883 : 2 : ittapi_config_apply_per_lib :  ITTAPI function instrumented: __itt_get_timestamp
4739 : 0x120d1d94cfd43e : 2 : ittapi_config_apply_per_lib :  ITTAPI function not implemented: __itt_region_begin
4739 : 0x120d1d94cfe085 : 2 : ittapi_config_apply_per_lib :  ITTAPI function not implemented: __itt_region_end
4739 : 0x120d1d94cfec86 : 2 : ittapi_config_apply_per_lib :  ITTAPI function instrumented: __itt_frame_begin_v3
4739 : 0x120d1d94cff6e4 : 2 : ittapi_config_apply_per_lib :  ITTAPI function instrumented: __itt_frame_end_v3
4739 : 0x120d1d94d00188 : 2 : ittapi_config_apply_per_lib :  ITTAPI function instrumented: __itt_frame_submit_v3
4739 : 0x120d1d94d00742 : 2 : ittapi_config_apply_per_lib :  ITTAPI function NOT instrumented (not matched by --itt-config option): __itt_task_group

4739 : 0x120d1d94d00cfd : 2 : ittapi_config_apply_per_lib :  ITTAPI function NOT instrumented (not matched by --itt-config option): __itt_task_begin

4739 : 0x120d1d94d012b8 : 2 : ittapi_config_apply_per_lib :  ITTAPI function NOT instrumented (not matched by --itt-config option): __itt_task_begin_fn

4739 : 0x120d1d94d02d2e : 2 : ittapi_config_apply_per_lib :  ITTAPI function NOT instrumented (not matched by --itt-config option): __itt_task_end

4739 : 0x120d1d94d03eea : 2 : ittapi_config_apply_per_lib :  ITTAPI function not implemented: __itt_counter_inc_v3
4739 : 0x120d1d94d04bbc : 2 : ittapi_config_apply_per_lib :  ITTAPI function not implemented: __itt_counter_inc_delta_v3
4739 : 0x120d1d94d05803 : 2 : ittapi_config_apply_per_lib :  ITTAPI function not implemented: __itt_marker
4739 : 0x120d1d94d063be : 2 : ittapi_config_apply_per_lib :  ITTAPI function instrumented: __itt_metadata_add
4739 : 0x120d1d94d06f7a : 2 : ittapi_config_apply_per_lib :  ITTAPI function not implemented: __itt_metadata_str_add
4739 : 0x120d1d94d07b7b : 2 : ittapi_config_apply_per_lib :  ITTAPI function not implemented: __itt_relation_add_to_current
4739 : 0x120d1d94d087c1 : 2 : ittapi_config_apply_per_lib :  ITTAPI function not implemented: __itt_relation_add
4739 : 0x120d1d94d092ab : 2 : ittapi_config_apply_per_lib :  ITTAPI function instrumented: __itt_event_create
4739 : 0x120d1d94d09820 : 2 : ittapi_config_apply_per_lib :  ITTAPI function NOT instrumented (not matched by --itt-config option): __itt_event_start

4739 : 0x120d1d94d0b296 : 2 : ittapi_config_apply_per_lib :  ITTAPI function NOT instrumented (not matched by --itt-config option): __itt_event_end

4739 : 0x120d1d94d0ba3a : 2 : ittapi_config_apply_per_lib :  ITTAPI function NOT instrumented (not matched by --itt-config option): __itt_sync_set_name

4739 : 0x120d1d94d0c798 : 2 : ittapi_config_apply_per_lib :  ITTAPI function instrumented: __itt_notify_sync_name
4739 : 0x120d1d94d0d1f6 : 2 : ittapi_config_apply_per_lib :  ITTAPI function instrumented: __itt_notify_sync_prepare
4739 : 0x120d1d94d0ee10 : 2 : ittapi_config_apply_per_lib :  ITTAPI function instrumented: __itt_notify_sync_cancel
4739 : 0x120d1d94d0f93f : 2 : ittapi_config_apply_per_lib :  ITTAPI function instrumented: __itt_notify_sync_acquired
4739 : 0x120d1d94d10312 : 2 : ittapi_config_apply_per_lib :  ITTAPI function instrumented: __itt_notify_sync_releasing
4739 : 0x120d1d94d1102a : 2 : ittapi_config_apply_per_lib :  ITTAPI function not implemented: __itt_memory_read
4739 : 0x120d1d94d11cfd : 2 : ittapi_config_apply_per_lib :  ITTAPI function not implemented: __itt_memory_write
4739 : 0x120d1d94d128fe : 2 : ittapi_config_apply_per_lib :  ITTAPI function not implemented: __itt_memory_update
4739 : 0x120d1d94d14d8c : 2 : ittapi_config_apply_per_lib :  ITTAPI function not implemented: __itt_state_get
4739 : 0x120d1d94d15c02 : 2 : ittapi_config_apply_per_lib :  ITTAPI function not implemented: __itt_state_set
4739 : 0x120d1d94d16803 : 2 : ittapi_config_apply_per_lib :  ITTAPI function not implemented: __itt_obj_mode_set
4739 : 0x120d1d94d17404 : 2 : ittapi_config_apply_per_lib :  ITTAPI function not implemented: __itt_thr_mode_set
4739 : 0x120d1d94d17ea8 : 2 : ittapi_config_apply_per_lib :  ITTAPI function instrumented: __itt_frame_create
4739 : 0x120d1d94d1894c : 2 : ittapi_config_apply_per_lib :  ITTAPI function instrumented: __itt_frame_begin
4739 : 0x120d1d94d193aa : 2 : ittapi_config_apply_per_lib :  ITTAPI function instrumented: __itt_frame_end
4739 : 0x120d1d94d19e4d : 2 : ittapi_config_apply_per_lib :  ITTAPI function not implemented: __itt_counter_create
4739 : 0x120d1d94d1aada : 2 : ittapi_config_apply_per_lib :  ITTAPI function not implemented: __itt_counter_destroy
4739 : 0x120d1d94d1b6db : 2 : ittapi_config_apply_per_lib :  ITTAPI function not implemented: __itt_counter_inc
4739 : 0x120d1d94d1e653 : 2 : ittapi_config_apply_per_lib :  ITTAPI function not implemented: __itt_counter_inc_delta
4739 : 0x120d1d94d1f5e0 : 2 : ittapi_config_apply_per_lib :  ITTAPI function not implemented: __itt_mark_create
4739 : 0x120d1d94d2026d : 2 : ittapi_config_apply_per_lib :  ITTAPI function not implemented: __itt_mark
4739 : 0x120d1d94d20f40 : 2 : ittapi_config_apply_per_lib :  ITTAPI function not implemented: __itt_mark_off
4739 : 0x120d1d94d21b87 : 2 : ittapi_config_apply_per_lib :  ITTAPI function not implemented: __itt_mark_global
4739 : 0x120d1d94d22742 : 2 : ittapi_config_apply_per_lib :  ITTAPI function not implemented: __itt_mark_global_off
4739 : 0x120d1d94d23271 : 2 : ittapi_config_apply_per_lib :  ITTAPI function instrumented: __itt_stack_caller_create
4739 : 0x120d1d94d23d15 : 2 : ittapi_config_apply_per_lib :  ITTAPI function instrumented: __itt_stack_caller_destroy
4739 : 0x120d1d94d24773 : 2 : ittapi_config_apply_per_lib :  ITTAPI function instrumented: __itt_stack_callee_enter
4739 : 0x120d1d94d251d1 : 2 : ittapi_config_apply_per_lib :  ITTAPI function instrumented: __itt_stack_callee_leave
4739 : 0x120d1d94d275d4 : 2 : ittapi_config_apply_per_lib :  ITTAPI function not implemented: __itt_clock_domain_create
4739 : 0x120d1d94d28632 : 2 : ittapi_config_apply_per_lib :  ITTAPI function not implemented: __itt_clock_domain_reset
4739 : 0x120d1d94d29279 : 2 : ittapi_config_apply_per_lib :  ITTAPI function not implemented: __itt_id_create_ex
4739 : 0x120d1d94d29e34 : 2 : ittapi_config_apply_per_lib :  ITTAPI function not implemented: __itt_id_destroy_ex
4739 : 0x120d1d94d2a435 : 2 : ittapi_config_apply_per_lib :  ITTAPI function NOT instrumented (not matched by --itt-config option): __itt_task_begin_ex

4739 : 0x120d1d94d2a9f0 : 2 : ittapi_config_apply_per_lib :  ITTAPI function NOT instrumented (not matched by --itt-config option): __itt_task_begin_fn_ex

4739 : 0x120d1d94d2b036 : 2 : ittapi_config_apply_per_lib :  ITTAPI function NOT instrumented (not matched by --itt-config option): __itt_task_end_ex

4739 : 0x120d1d94d2b5ab : 2 : ittapi_config_apply_per_lib :  ITTAPI function NOT instrumented (not matched by --itt-config option): __itt_task_begin_overlapped

4739 : 0x120d1d94d2bbab : 2 : ittapi_config_apply_per_lib :  ITTAPI function NOT instrumented (not matched by --itt-config option): __itt_task_begin_overlapped_ex

4739 : 0x120d1d94d2c166 : 2 : ittapi_config_apply_per_lib :  ITTAPI function NOT instrumented (not matched by --itt-config option): __itt_task_end_overlapped

4739 : 0x120d1d94d2dc22 : 2 : ittapi_config_apply_per_lib :  ITTAPI function NOT instrumented (not matched by --itt-config option): __itt_task_end_overlapped_ex

4739 : 0x120d1d94d2ee24 : 2 : ittapi_config_apply_per_lib :  ITTAPI function not implemented: __itt_marker_ex
4739 : 0x120d1d94d2faf7 : 2 : ittapi_config_apply_per_lib :  ITTAPI function not implemented: __itt_metadata_add_with_scope
4739 : 0x120d1d94d30855 : 2 : ittapi_config_apply_per_lib :  ITTAPI function not implemented: __itt_metadata_str_add_with_scope
4739 : 0x120d1d94d3149c : 2 : ittapi_config_apply_per_lib :  ITTAPI function not implemented: __itt_relation_add_to_current_ex
4739 : 0x120d1d94d32057 : 2 : ittapi_config_apply_per_lib :  ITTAPI function not implemented: __itt_relation_add_ex
4739 : 0x120d1d94d32c58 : 2 : ittapi_config_apply_per_lib :  ITTAPI function not implemented: __itt_track_group_create
4739 : 0x120d1d94d337cd : 2 : ittapi_config_apply_per_lib :  ITTAPI function not implemented: __itt_track_create
4739 : 0x120d1d94d34342 : 2 : ittapi_config_apply_per_lib :  ITTAPI function not implemented: __itt_set_track
4739 : 0x120d1d94d34da0 : 2 : ittapi_config_apply_per_lib :  ITTAPI function instrumented: __itt_api_version
4739 : 0x120d1d94d37c01 : 2 : ittapi_config_apply_per_lib :  ITTAPI function not implemented: __itt_av_save