
4413 : 0x1207944ff99ad7 : 4 : __ittapi_collector_init :  pthread_atfork() result: 0
4413 : 0x1207944ffa9660 : 2 : ittapi_config_mask_get :  --itt-config mask to be applied: 17
4413 : 0x1207944ffac135 : 2 : ittapi_config_apply_per_lib :  ITTAPI function instrumented: __itt_domain_create
4413 : 0x1207944ffaced9 : 2 : ittapi_config_apply_per_lib :  ITTAPI function instrumented: __itt_string_handle_create
4413 : 0x1207944ffadbf2 : 2 : ittapi_config_apply_per_lib :  ITTAPI function instrumented: __itt_pause
4413 : 0x1207944ffae7ad : 2 : ittapi_config_apply_per_lib :  ITTAPI function instrumented: __itt_resume
4413 : 0x1207944ffaf368 : 2 : ittapi_config_apply_per_lib :  ITTAPI function instrumented: __itt_thread_set_name
4413 : 0x1207944ffaff23 : 2 : ittapi_config_apply_per_lib :  ITTAPI function instrumented: __itt_thread_ignore
4413 : 0x1207944ffb09c7 : 2 : ittapi_config_apply_per_lib :  ITTAPI function instrumented: __itt_thr_name_set
4413 : 0x1207944ffb14f7 : 2 : ittapi_config_apply_per_lib :  ITTAPI function instrumented: __itt_thr_ignore
4413 : 0x1207944ffbc5c0 : 2 : ittapi_config_apply_per_lib :  ITTAPI function not implemented: __itt_enable_attach
4413 : 0x1207944ffbd31e : 2 : ittapi_config_apply_per_lib :  ITTAPI function NOT instrumented (not matched by --itt-config option): __itt_sync_create

4413 : 0x1207944ffbdbd9 : 2 : ittapi_config_apply_per_lib :  ITTAPI function NOT instrumented (not matched by --itt-config option): __itt_sync_rename

4413 : 0x1207944ffbe2ab : 2 : ittapi_config_apply_per_lib :  ITTAPI function NOT instrumented (not matched by --itt-config option): __itt_sync_destroy

4413 : 0x1207944ffbe937 : 2 : ittapi_config_apply_per_lib :  ITTAPI function NOT instrumented (not matched by --itt-config option): __itt_sync_prepare

4413 : 0x1207944ffbef38 : 2 : ittapi_config_apply_per_lib :  ITTAPI function NOT instrumented (not matched by --itt-config option): __itt_sync_cancel

4413 : 0x1207944ffbf4ac : 2 : ittapi_config_apply_per_lib :  ITTAPI function NOT instrumented (not matched by --itt-config option): __itt_sync_acquired

4413 : 0x1207944ffbfb39 : 2 : ittapi_config_apply_per_lib :  ITTAPI function NOT instrumented (not matched by --itt-config option): __itt_sync_releasing

4413 : 0x1207944ffc14de : 2 : ittapi_config_apply_per_lib :  ITTAPI function not implemented: __itt_suppress_push
4413 : 0x1207944ffc2399 : 2 : ittapi_config_apply_per_lib :  ITTAPI function not implemented: __itt_suppress_pop
4413 : 0x1207944ffc6070 : 2 : ittapi_config_apply_per_lib :  ITTAPI function not implemented: __itt_suppress_mark_range
4413 : 0x1207944ffc7043 : 2 : ittapi_config_apply_per_lib :  ITTAPI function not implemented: __itt_suppress_clear_range
4413 : 0x1207944ffc7689 : 2 : ittapi_config_apply_per_lib :  ITTAPI function NOT instrumented (not matched by --itt-config option): __itt_sync_prepare

4413 : 0x1207944ffc7de7 : 2 : ittapi_config_apply_per_lib :  ITTAPI function NOT instrumented (not matched by --itt-config option): __itt_sync_cancel

4413 : 0x1207944ffc83e7 : 2 : ittapi_config_apply_per_lib :  ITTAPI function NOT instrumented (not matched by --itt-config option): __itt_sync_acquired

4413 : 0x1207944ffc89a2 : 2 : ittapi_config_apply_per_lib :  ITTAPI function NOT instrumented (not matched by --itt-config option): __itt_sync_releasing

4413 : 0x1207944ffc978c : 2 : ittapi_config_apply_per_lib :  ITTAPI function not implemented: __itt_model_site_begin
4413 : 0x1207944ffca45e : 2 : ittapi_config_apply_per_lib :  ITTAPI function not implemented: __itt_model_site_end
4413 : 0x1207944ffcb131 : 2 : ittapi_config_apply_per_lib :  ITTAPI function not implemented: __itt_model_task_begin
4413 : 0x1207944ffcbd78 : 2 : ittapi_config_apply_per_lib :  ITTAPI function not implemented: __itt_model_task_end
4413 : 0x1207944ffce54c : 2 : ittapi_config_apply_per_lib :  ITTAPI function not implemented: __itt_model_lock_acquire
4413 : 0x1207944ffcf51f : 2 : ittapi_config_apply_per_lib :  ITTAPI function not implemented: __itt_model_lock_release
4413 : 0x1207944ffd027d : 2 : ittapi_config_apply_per_lib :  ITTAPI function not implemented: __itt_model_record_allocation
4413 : 0x1207944ffd10ad : 2 : ittapi_config_apply_per_lib :  ITTAPI function not implemented: __itt_model_record_deallocation
4413 : 0x1207944ffd1dc6 : 2 : ittapi_config_apply_per_lib :  ITTAPI function not implemented: __itt_model_induction_uses
4413 : 0x1207944ffd2a0c : 2 : ittapi_config_apply_per_lib :  ITTAPI function not implemented: __itt_model_reduction_uses
4413 : 0x1207944ffd3699 : 2 : ittapi_config_apply_per_lib :  ITTAPI function not implemented: __itt_model_observe_uses
4413 : 0x1207944ffd42e0 : 2 : ittapi_config_apply_per_lib :  ITTAPI function not implemented: __itt_model_clear_uses
4413 : 0x1207944ffd5084 : 2 : ittapi_config_apply_per_lib :  ITTAPI function not implemented: __itt_model_site_beginA
4413 : 0x1207944ffd5ccb : 2 : ittapi_config_apply_per_lib :  ITTAPI function not implemented: __itt_model_site_beginAL
4413 : 0x1207944ffd9244 : 2 : ittapi_config_apply_per_lib :  ITTAPI function not implemented: __itt_model_task_beginA
4413 : 0x1207944ffda2a2 : 2 : ittapi_config_apply_per_lib :  ITTAPI function not implemented: __itt_model_task_beginAL
4413 : 0x1207944ffdaf75 : 2 : ittapi_config_apply_per_lib :  ITTAPI function not implemented: __itt_model_iteration_taskA
4413 : 0x1207944ffdbc47 : 2 : ittapi_config_apply_per_lib :  ITTAPI function not implemented: __itt_model_iteration_taskAL
4413 : 0x1207944ffdc8d4 : 2 : ittapi_config_apply_per_lib :  ITTAPI function not implemented: __itt_model_site_end_2
4413 : 0x1207944ffdd449 : 2 : ittapi_config_apply_per_lib :  ITTAPI function not implemented: __itt_model_task_end_2
4413 : 0x1207944ffde1ed : 2 : ittapi_config_apply_per_lib :  ITTAPI function not implemented: __itt_model_lock_acquire_2
4413 : 0x1207944ffdee7a : 2 : ittapi_config_apply_per_lib :  ITTAPI function not implemented: __itt_model_lock_release_2
4413 : 0x1207944ffdfb4d : 2 : ittapi_config_apply_per_lib :  ITTAPI function not implemented: __itt_model_aggregate_task
4413 : 0x1207944ffe074e : 2 : ittapi_config_apply_per_lib :  ITTAPI function not implemented: __itt_model_disable_push
4413 : 0x1207944ffe2cf4 : 2 : ittapi_config_apply_per_lib :  ITTAPI function not implemented: __itt_model_disable_pop
4413 : 0x1207944ffe3d0c : 2 : ittapi_config_apply_per_lib :  ITTAPI function not implemented: __itt_heap_function_create
4413 : 0x1207944ffe49df : 2 : ittapi_config_apply_per_lib :  ITTAPI function not implemented: __itt_heap_allocate_begin
4413 : 0x1207944ffe55e0 : 2 : ittapi_config_apply_per_lib :  ITTAPI function not implemented: __itt_heap_allocate_end
4413 : 0x1207944ffe633e : 2 : ittapi_config_apply_per_lib :  ITTAPI function not implemented: __itt_heap_free_begin
4413 : 0x1207944ffe709c : 2 : ittapi_config_apply_per_lib :  ITTAPI function not implemented: __itt_heap_free_end
4413 : 0x1207944ffe7db5 : 2 : ittapi_config_apply_per_lib :  ITTAPI function not implemented: __itt_heap_reallocate_begin
4413 : 0x1207944ffe8b13 : 2 : ittapi_config_apply_per_lib :  ITTAPI function not implemented: __itt_heap_reallocate_end
4413 : 0x1207944ffe982b : 2 : ittapi_config_apply_per_lib :  ITTAPI function not implemented: __itt_heap_internal_access_begin
4413 : 0x1207944ffea4fe : 2 : ittapi_config_apply_per_lib :  ITTAPI function not implemented: __itt_heap_internal_access_end
4413 : 0x1207944ffeca5e : 2 : ittapi_config_apply_per_lib :  ITTAPI function not implemented: __itt_heap_record_memory_growth_begin
4413 : 0x1207944ffedb03 : 2 : ittapi_config_apply_per_lib :  ITTAPI function not implemented: __itt_heap_record_memory_growth_end
4413 : 0x1207944ffee8a7 : 2 : ittapi_config_apply_per_lib :  ITTAPI function not implemented: __itt_heap_reset_detection
4413 : 0x1207944ffef533 : 2 : ittapi_config_apply_per_lib :  ITTAPI function not implemented: __itt_heap_record
4413 : 0x1207944fff017a : 2 : ittapi_config_apply_per_lib :  ITTAPI function not implemented: __itt_id_create
4413 : 0x1207944fff0d7b : 2 : ittapi_config_apply_per_lib :  ITTAPI function not implemented: __itt_id_destroy
4413 : 0x1207944fff18f1 : 2 : ittapi_config_apply_per_lib :  ITTAPI function instrumented: __itt_get_timestamp
4413 : 0x1207944fff24f2 : 2 : ittapi_config_apply_per_lib :  ITTAPI function not implemented: __itt_region_begin
4413 : 0x1207944fff3138 : 2 : ittapi_config_apply_per_lib :  ITTAPI function not implemented: __itt_region_end
4413 : 0x1207944fff3c68 : 2 : ittapi_config_apply_per_lib :  ITTAPI function instrumented: __itt_frame_begin_v3
4413 : 0x1207944fff6c6c : 2 : ittapi_config_apply_per_lib :  ITTAPI function instrumented: __itt_frame_end_v3
4413 : 0x1207944fff7a56 : 2 : ittapi_config_apply_per_lib :  ITTAPI function instrumented: __itt_frame_submit_v3
4413 : 0x1207944fff8011 : 2 : ittapi_config_apply_per_lib :  ITTAPI function NOT instrumented (not matched by --itt-config option): __itt_task_group

4413 : 0x1207944fff869d : 2 : ittapi_config_apply_per_lib :  ITTAPI function NOT instrumented (not matched by --itt-config option): __itt_task_begin

4413 : 0x1207944fff8d29 : 2 : ittapi_config_apply_per_lib :  ITTAPI function NOT instrumented (not matched by --itt-config option): __itt_task_begin_fn

4413 : 0x1207944fff93b5 : 2 : ittapi_config_apply_per_lib :  ITTAPI function NOT instrumented (not matched by --itt-config option): __itt_task_end

4413 : 0x1207944fffa1e5 : 2 : ittapi_config_apply_per_lib :  ITTAPI function not implemented: __itt_counter_inc_v3
4413 : 0x1207944fffaeb7 : 2 : ittapi_config_apply_per_lib :  ITTAPI function not implemented: __itt_counter_inc_delta_v3
4413 : 0x1207944fffbbd0 : 2 : ittapi_config_apply_per_lib :  ITTAPI function not implemented: __itt_marker
4413 : 0x1207944fffc6ff : 2 : ittapi_config_apply_per_lib :  ITTAPI function instrumented: __itt_metadata_add
4413 : 0x1207944fffea77 : 2 : ittapi_config_apply_per_lib :  ITTAPI function not implemented: __itt_metadata_str_add
4413 : 0x1207944ffffa49 : 2 : ittapi_config_apply_per_lib :  ITTAPI function not implemented: __itt_relation_add_to_current
4413 : 0x120794500007a8 : 2 : ittapi_config_apply_per_lib :  ITTAPI function not implemented: __itt_relation_add
4413 : 0x120794500012d7 : 2 : ittapi_config_apply_per_lib :  ITTAPI function instrumented: __itt_event_create
4413 : 0x12079450001892 : 2 : ittapi_config_apply_per_lib :  ITTAPI function NOT instrumented (not matched by --itt-config option): __itt_event_start

4413 : 0x12079450001e4d : 2 : ittapi_config_apply_per_lib :  ITTAPI function NOT instrumented (not matched by --itt-config option): __itt_event_end

4413 : 0x1207945000244d : 2 : ittapi_config_apply_per_lib :  ITTAPI function NOT instrumented (not matched by --itt-config option): __itt_sync_set_name

4413 : 0x12079450003008 : 2 : ittapi_config_apply_per_lib :  ITTAPI function instrumented: __itt_notify_sync_name
4413 : 0x12079450003af2 : 2 : ittapi_config_apply_per_lib :  ITTAPI function instrumented: __itt_notify_sync_prepare
4413 : 0x12079450004596 : 2 : ittapi_config_apply_per_lib :  ITTAPI function instrumented: __itt_notify_sync_cancel
4413 : 0x120794500065c7 : 2 : ittapi_config_apply_per_lib :  ITTAPI function instrumented: __itt_notify_sync_acquired
4413 : 0x12079450007299 : 2 : ittapi_config_apply_per_lib :  ITTAPI function instrumented: __itt_notify_sync_releasing
4413 : 0x12079450007ee0 : 2 : ittapi_config_apply_per_lib :  ITTAPI function not implemented: __itt_memory_read
4413 : 0x12079450008b6d : 2 : ittapi_config_apply_per_lib :  ITTAPI function not implemented: __itt_memory_write
4413 : 0x120794500097fa : 2 : ittapi_config_apply_per_lib :  ITTAPI function not implemented: __itt_memory_update
4413 : 0x1207945000a486 : 2 : ittapi_config_apply_per_lib :  ITTAPI function not implemented: __itt_state_get
4413 : 0x1207945000b113 : 2 : ittapi_config_apply_per_lib :  ITTAPI function not implemented: __itt_state_set
4413 : 0x1207945000bcce : 2 : ittapi_config_apply_per_lib :  ITTAPI function not implemented: __itt_obj_mode_set
4413 : 0x1207945000c8cf : 2 : ittapi_config_apply_per_lib :  ITTAPI function not implemented: __itt_thr_mode_set
4413 : 0x1207945000d373 : 2 : ittapi_config_apply_per_lib :  ITTAPI function instrumented: __itt_frame_create
4413 : 0x1207945000f476 : 2 : ittapi_config_apply_per_lib :  ITTAPI function instrumented: __itt_frame_begin
4413 : 0x1207945001021a : 2 : ittapi_config_apply_per_lib :  ITTAPI function instrumented: __itt_frame_end
4413 : 0x12079450010f32 : 2 : ittapi_config_apply_per_lib :  ITTAPI function not implemented: __itt_counter_create
4413 : 0x12079450011c05 : 2 : ittapi_config_apply_per_lib :  ITTAPI function not implemented: __itt_counter_destroy
4413 : 0x12079450012892 : 2 : ittapi_config_apply_per_lib :  ITTAPI function not implemented: __itt_counter_inc
4413 : 0x1207945001367c : 2 : ittapi_config_apply_per_lib :  ITTAPI function not implemented: __itt_counter_inc_delta
4413 : 0x120794500143da : 2 : ittapi_config_apply_per_lib :  ITTAPI function not implemented: __itt_mark_create
4413 : 0x12079450015021 : 2 : ittapi_config_apply_per_lib :  ITTAPI function not implemented: __itt_mark
4413 : 0x12079450015c67 : 2 : ittapi_config_apply_per_lib :  ITTAPI function not implemented: __itt_mark_off
4413 : 0x120794500168f4 : 2 : ittapi_config_apply_per_lib :  ITTAPI function not implemented: __itt_mark_global
4413 : 0x120794500198b2 : 2 : ittapi_config_apply_per_lib :  ITTAPI function not implemented: __itt_mark_global_off
4413 : 0x1207945001a7b4 : 2 : ittapi_config_apply_per_lib :  ITTAPI function instrumented: __itt_stack_caller_create
4413 : 0x1207945001b329 : 2 : ittapi_config_apply_per_lib :  ITTAPI function instrumented: __itt_stack_caller_destroy
4413 : 0x1207945001be13 : 2 : ittapi_config_apply_per_lib :  ITTAPI function instrumented: __itt_stack_callee_enter
4413 : 0x1207945001c8b6 : 2 : ittapi_config_apply_per_lib :  ITTAPI function instrumented: __itt_stack_callee_leave
4413 : 0x1207945001d4b7 : 2 : ittapi_config_apply_per_lib :  ITTAPI function not implemented: __itt_clock_domain_create
4413 : 0x1207945001e144 : 2 : ittapi_config_apply_per_lib :  ITTAPI function not implemented: __itt_clock_domain_reset
4413 : 0x1207945001ecff : 2 : ittapi_config_apply_per_lib :  ITTAPI function not implemented: __itt_id_create_ex
4413 : 0x1207945001f946 : 2 : ittapi_config_apply_per_lib :  ITTAPI function not implemented: __itt_id_destroy_ex
4413 : 0x1207945001ff01 : 2 : ittapi_config_apply_per_lib :  ITTAPI function NOT instrumented (not matched by --itt-config option): __itt_task_begin_ex

4413 : 0x120794500218ec : 2 : ittapi_config_apply_per_lib :  ITTAPI function NOT instrumented (not matched by --itt-config option): __itt_task_begin_fn_ex

4413 : 0x120794500220d5 : 2 : ittapi_config_apply_per_lib :  ITTAPI function NOT instrumented (not matched by --itt-config option): __itt_task_end_ex

4413 : 0x1207945002271c : 2 : ittapi_config_apply_per_lib :  ITTAPI function NOT instrumented (not matched by --itt-config option): __itt_task_begin_overlapped

4413 : 0x12079450022d62 : 2 : ittapi_config_apply_per_lib :  ITTAPI function NOT instrumented (not matched by --itt-config option): __itt_task_begin_overlapped_ex

4413 : 0x1207945002331d : 2 : ittapi_config_apply_per_lib :  ITTAPI function NOT instrumented (not matched by --itt-config option): __itt_task_end_overlapped

4413 : 0x1207945002391d : 2 : ittapi_config_apply_per_lib :  ITTAPI function NOT instrumented (not matched by --itt-config option): __itt_task_end_overlapped_ex

4413 : 0x120794500249c1 : 2 : ittapi_config_apply_per_lib :  ITTAPI function not implemented: __itt_marker_ex
4413 : 0x1207945002587d : 2 : ittapi_config_apply_per_lib :  ITTAPI function not implemented: __itt_metadata_add_with_scope
4413 : 0x12079450026667 : 2 : ittapi_config_apply_per_lib :  ITTAPI function not implemented: __itt_metadata_str_add_with_scope
4413 : 0x12079450027451 : 2 : ittapi_config_apply_per_lib :  ITTAPI function not implemented: __itt_relation_add_to_current_ex
4413 : 0x120794500297c8 : 2 : ittapi_config_apply_per_lib :  ITTAPI function not implemented: __itt_relation_add_ex
4413 : 0x1207945002a755 : 2 : ittapi_config_apply_per_lib :  ITTAPI function not implemented: __itt_track_group_create
4413 : 0x1207945002b427 : 2 : ittapi_config_apply_per_lib :  ITTAPI function not implemented: __itt_track_create
4413 : 0x1207945002c0b4 : 2 : ittapi_config_apply_per_lib :  ITTAPI function not implemented: __itt_set_track
4413 : 0x1207945002cc6f : 2 : ittapi_config_apply_per_lib :  ITTAPI function instrumented: __itt_api_version
4413 : 0x1207945002d7e5 : 2 : ittapi_config_apply_per_lib :  ITTAPI function not implemented: __itt_av_save
4413 : 0x1207945009063c : 2 : ittapi_config_mask_get :  --itt-config mask to be applied: 17
4413 : 0x12079450091af8 : 2 : ittapi_config_apply_per_lib :  ITTAPI function instrumented: __itt_domain_create
4413 : 0x1207945009266d : 2 : ittapi_config_apply_per_lib :  ITTAPI function instrumented: __itt_string_handle_create
4413 : 0x1207945009319d : 2 : ittapi_config_apply_per_lib :  ITTAPI function instrumented: __itt_pause
4413 : 0x1207945009772e : 2 : ittapi_config_apply_per_lib :  ITTAPI function instrumented: __itt_resume
4413 : 0x120794500984d2 : 2 : ittapi_config_apply_per_lib :  ITTAPI function instrumented: __itt_thread_set_name
4413 : 0x12079450099048 : 2 : ittapi_config_apply_per_lib :  ITTAPI function instrumented: __itt_thread_ignore
4413 : 0x12079450099b31 : 2 : ittapi_config_apply_per_lib :  ITTAPI function instrumented: __itt_thr_name_set
4413 : 0x1207945009a5d5 : 2 : ittapi_config_apply_per_lib :  ITTAPI function instrumented: __itt_thr_ignore
4413 : 0x1207945009b491 : 2 : ittapi_config_apply_per_lib :  ITTAPI function not implemented: __itt_enable_attach
4413 : 0x1207945009bb1d : 2 : ittapi_config_apply_per_lib :  ITTAPI function NOT instrumented (not matched by --itt-config option): __itt_sync_create

4413 : 0x1207945009c163 : 2 : ittapi_config_apply_per_lib :  ITTAPI function NOT instrumented (not matched by --itt-config option): __itt_sync_rename

4413 : 0x1207945009c71e : 2 : ittapi_config_apply_per_lib :  ITTAPI function NOT instrumented (not matched by --itt-config option): __itt_sync_destroy

4413 : 0x1207945009cd1e : 2 : ittapi_config_apply_per_lib :  ITTAPI function NOT instrumented (not matched by --itt-config option): __itt_sync_prepare

4413 : 0x1207945009ea0a : 2 : ittapi_config_apply_per_lib :  ITTAPI function NOT instrumented (not matched by --itt-config option): __itt_sync_cancel

4413 : 0x1207945009f167 : 2 : ittapi_config_apply_per_lib :  ITTAPI function NOT instrumented (not matched by --itt-config option): __itt_sync_acquired

4413 : 0x1207945009f722 : 2 : ittapi_config_apply_per_lib :  ITTAPI function NOT instrumented (not matched by --itt-config option): __itt_sync_releasing

4413 : 0x120794500a0898 : 2 : ittapi_config_apply_per_lib :  ITTAPI function not implemented: __itt_suppress_push
4413 : 0x120794500a15f6 : 2 : ittapi_config_apply_per_lib :  ITTAPI function not implemented: __itt_suppress_pop
4413 : 0x120794500a22c9 : 2 : ittapi_config_apply_per_lib :  ITTAPI function not implemented: __itt_suppress_mark_range
4413 : 0x120794500a2f0f : 2 : ittapi_config_apply_per_lib :  ITTAPI function not implemented: __itt_suppress_clear_range
4413 : 0x120794500a34ca : 2 : ittapi_config_apply_per_lib :  ITTAPI function NOT instrumented (not matched by --itt-config option): __itt_sync_prepare

4413 : 0x120794500a3b10 : 2 : ittapi_config_apply_per_lib :  ITTAPI function NOT instrumented (not matched by --itt-config option): __itt_sync_cancel

4413 : 0x120794500a40cb : 2 : ittapi_config_apply_per_lib :  ITTAPI function NOT instrumented (not matched by --itt-config option): __itt_sync_acquired

4413 : 0x120794500a5c13 : 2 : ittapi_config_apply_per_lib :  ITTAPI function NOT instrumented (not matched by --itt-config option): __itt_sync_releasing

4413 : 0x120794500a6d43 : 2 : ittapi_config_apply_per_lib :  ITTAPI function not implemented: __itt_model_site_begin
4413 : 0x120794500a7a16 : 2 : ittapi_config_apply_per_lib :  ITTAPI function not implemented: __itt_model_site_end
4413 : 0x120794500a86a2 : 2 : ittapi_config_apply_per_lib :  ITTAPI function not implemented: __itt_model_task_begin
4413 : 0x120794500a932f : 2 : ittapi_config_apply_per_lib :  ITTAPI function not implemented: __itt_model_task_end
4413 : 0x120794500a9eea : 2 : ittapi_config_apply_per_lib :  ITTAPI function not implemented: __itt_model_lock_acquire
4413 : 0x120794500aab31 : 2 : ittapi_config_apply_per_lib :  ITTAPI function not implemented: __itt_model_lock_release
4413 : 0x120794500ab732 : 2 : ittapi_config_apply_per_lib :  ITTAPI function not implemented: __itt_model_record_allocation
4413 : 0x120794500ac44b : 2 : ittapi_config_apply_per_lib :  ITTAPI function not implemented: __itt_model_record_deallocation
4413 : 0x120794500ad091 : 2 : ittapi_config_apply_per_lib :  ITTAPI function not implemented: __itt_model_induction_uses
4413 : 0x120794500affc4 : 2 : ittapi_config_apply_per_lib :  ITTAPI function not implemented: __itt_model_reduction_uses
4413 : 0x120794500b0f97 : 2 : ittapi_config_apply_per_lib :  ITTAPI function not implemented: __itt_model_observe_uses
4413 : 0x120794500b1c69 : 2 : ittapi_config_apply_per_lib :  ITTAPI function not implemented: __itt_model_clear_uses
4413 : 0x120794500b29c8 : 2 : ittapi_config_apply_per_lib :  ITTAPI function not implemented: __itt_model_site_beginA
4413 : 0x120794500b360e : 2 : ittapi_config_apply_per_lib :  ITTAPI function not implemented: __itt_model_site_beginAL
4413 : 0x120794500b4255 : 2 : ittapi_config_apply_per_lib :  ITTAPI function not implemented: __itt_model_task_beginA
4413 : 0x120794500b4e9c : 2 : ittapi_config_apply_per_lib :  ITTAPI function not implemented: __itt_model_task_beginAL
4413 : 0x120794500b5ae3 : 2 : ittapi_config_apply_per_lib :  ITTAPI function not implemented: __itt_model_iteration_taskA
4413 : 0x120794500b672a : 2 : ittapi_config_apply_per_lib :  ITTAPI function not implemented: __itt_model_iteration_taskAL
4413 : 0x120794500b72e5 : 2 : ittapi_config_apply_per_lib :  ITTAPI function not implemented: __itt_model_site_end_2
4413 : 0x120794500b965c : 2 : ittapi_config_apply_per_lib :  ITTAPI function not implemented: __itt_model_task_end_2
4413 : 0x120794500ba5e9 : 2 : ittapi_config_apply_per_lib :  ITTAPI function not implemented: __itt_model_lock_acquire_2
4413 : 0x120794500bb276 : 2 : ittapi_config_apply_per_lib :  ITTAPI function not implemented: __itt_model_lock_release_2
4413 : 0x120794500bbebd : 2 : ittapi_config_apply_per_lib :  ITTAPI function not implemented: __itt_model_aggregate_task
4413 : 0x120794500bca78 : 2 : ittapi_config_apply_per_lib :  ITTAPI function not implemented: __itt_model_disable_push
4413 : 0x120794500bd633 : 2 : ittapi_config_apply_per_lib :  ITTAPI function not implemented: __itt_model_disable_pop
4413 : 0x120794500be27a : 2 : ittapi_config_apply_per_lib :  ITTAPI function not implemented: __itt_heap_function_create
4413 : 0x120794500bee35 : 2 : ittapi_config_apply_per_lib :  ITTAPI function not implemented: __itt_heap_allocate_begin
4413 : 0x120794500bfa36 : 2 : ittapi_config_apply_per_lib :  ITTAPI function not implemented: __itt_heap_allocate_end
4413 : 0x120794500c06c3 : 2 : ittapi_config_apply_per_lib :  ITTAPI function not implemented: __itt_heap_free_begin
4413 : 0x120794500c2a3a : 2 : ittapi_config_apply_per_lib :  ITTAPI function not implemented: __itt_heap_free_end
4413 : 0x120794500c38f6 : 2 : ittapi_config_apply_per_lib :  ITTAPI function not implemented: __itt_heap_reallocate_begin
4413 : 0x120794500c45c8 : 2 : ittapi_config_apply_per_lib :  ITTAPI function not implemented: __itt_heap_reallocate_end
4413 : 0x120794500c529b : 2 : ittapi_config_apply_per_lib :  ITTAPI function not implemented: __itt_heap_internal_access_begin
4413 : 0x120794500c5f6d : 2 : ittapi_config_apply_per_lib :  ITTAPI function not implemented: __itt_heap_internal_access_end
4413 : 0x120794500c6c40 : 2 : ittapi_config_apply_per_lib :  ITTAPI function not implemented: __itt_heap_record_memory_growth_begin
4413 : 0x120794500c78cd : 2 : ittapi_config_apply_per_lib :  ITTAPI function not implemented: __itt_heap_record_memory_growth_end
4413 : 0x120794500c8514 : 2 : ittapi_config_apply_per_lib :  ITTAPI function not implemented: __itt_heap_reset_detection
4413 : 0x120794500c915a : 2 : ittapi_config_apply_per_lib :  ITTAPI function not implemented: __itt_heap_record
4413 : 0x120794500cb3ba : 2 : ittapi_config_apply_per_lib :  ITTAPI function not implemented: __itt_id_create
4413 : 0x120794500cd803 : 2 : ittapi_config_apply_per_lib :  ITTAPI function not implemented: __itt_id_destroy
4413 : 0x120794500ce633 : 2 : ittapi_config_apply_per_lib :  ITTAPI function instrumented: __itt_get_timestamp
4413 : 0x120794500cf234 : 2 : ittapi_config_apply_per_lib :  ITTAPI function not implemented: __itt_region_begin
4413 : 0x120794500cfe35 : 2 : ittapi_config_apply_per_lib :  ITTAPI function not implemented: __itt_region_end
4413 : 0x120794500d0965 : 2 : ittapi_config_apply_per_lib :  ITTAPI function instrumented: __itt_frame_begin_v3
4413 : 0x120794500d13c3 : 2 : ittapi_config_apply_per_lib :  ITTAPI function instrumented: __itt_frame_end_v3
4413 : 0x120794500d1e66 : 2 : ittapi_config_apply_per_lib :  ITTAPI function instrumented: __itt_frame_submit_v3
4413 : 0x120794500d2421 : 2 : ittapi_config_apply_per_lib :  ITTAPI function NOT instrumented (not matched by --itt-config option): __itt_task_group

4413 : 0x120794500d29dc : 2 : ittapi_config_apply_per_lib :  ITTAPI function NOT instrumented (not matched by --itt-config option): __itt_task_begin

4413 : 0x120794500d2f96 : 2 : ittapi_config_apply_per_lib :  ITTAPI function NOT instrumented (not matched by --itt-config option): __itt_task_begin_fn

4413 : 0x120794500d5399 : 2 : ittapi_config_apply_per_lib :  ITTAPI function NOT instrumented (not matched by --itt-config option): __itt_task_end

4413 : 0x120794500d666c : 2 : ittapi_config_apply_per_lib :  ITTAPI function not implemented: __itt_counter_inc_v3
4413 : 0x120794500d7385 : 2 : ittapi_config_apply_per_lib :  ITTAPI function not implemented: __itt_counter_inc_delta_v3
4413 : 0x120794500d8012 : 2 : ittapi_config_apply_per_lib :  ITTAPI function not implemented: __itt_marker
4413 : 0x120794500d8afb : 2 : ittapi_config_apply_per_lib :  ITTAPI function instrumented: __itt_metadata_add
4413 : 0x120794500d9670 : 2 : ittapi_config_apply_per_lib :  ITTAPI function not implemented: __itt_metadata_str_add
4413 : 0x120794500da2b7 : 2 : ittapi_config_apply_per_lib :  ITTAPI function not implemented: __itt_relation_add_to_current
4413 : 0x120794500daeb8 : 2 : ittapi_config_apply_per_lib :  ITTAPI function not implemented: __itt_relation_add
4413 : 0x120794500db95c : 2 : ittapi_config_apply_per_lib :  ITTAPI function instrumented: __itt_event_create
4413 : 0x120794500dbed1 : 2 : ittapi_config_apply_per_lib :  ITTAPI function NOT instrumented (not matched by --itt-config option): __itt_event_start

4413 : 0x120794500dd7ea : 2 : ittapi_config_apply_per_lib :  ITTAPI function NOT instrumented (not matched by --itt-config option): __itt_event_end

4413 : 0x120794500ddf8e : 2 : ittapi_config_apply_per_lib :  ITTAPI function NOT instrumented (not matched by --itt-config option): __itt_sync_set_name

4413 : 0x120794500ded32 : 2 : ittapi_config_apply_per_lib :  ITTAPI function instrumented: __itt_notify_sync_name
4413 : 0x120794500df7d6 : 2 : ittapi_config_apply_per_lib :  ITTAPI function instrumented: __itt_notify_sync_prepare
4413 : 0x120794500e0234 : 2 : ittapi_config_apply_per_lib :  ITTAPI function instrumented: __itt_notify_sync_cancel
4413 : 0x120794500e0cd8 : 2 : ittapi_config_apply_per_lib :  ITTAPI function instrumented: __itt_notify_sync_acquired
4413 : 0x120794500e177b : 2 : ittapi_config_apply_per_lib :  ITTAPI function instrumented: __itt_notify_sync_releasing
4413 : 0x120794500e23c2 : 2 : ittapi_config_apply_per_lib :  ITTAPI function not implemented: __itt_memory_read
4413 : 0x120794500e304f : 2 : ittapi_config_apply_per_lib :  ITTAPI function not implemented: __itt_memory_write
4413 : 0x120794500e3c50 : 2 : ittapi_config_apply_per_lib :  ITTAPI function not implemented: __itt_memory_update
4413 : 0x120794500e5f82 : 2 : ittapi_config_apply_per_lib :  ITTAPI function not implemented: __itt_state_get
4413 : 0x120794500e6db1 : 2 : ittapi_config_apply_per_lib :  ITTAPI function not implemented: __itt_state_set
4413 : 0x120794500e79f8 : 2 : ittapi_config_apply_per_lib :  ITTAPI function not implemented: __itt_obj_mode_set
4413 : 0x120794500e863f : 2 : ittapi_config_apply_per_lib :  ITTAPI function not implemented: __itt_thr_mode_set
4413 : 0x120794500e9129 : 2 : ittapi_config_apply_per_lib :  ITTAPI function instrumented: __itt_frame_create
4413 : 0x120794500e9bcc : 2 : ittapi_config_apply_per_lib :  ITTAPI function instrumented: __itt_frame_begin
4413 : 0x120794500ea62a : 2 : ittapi_config_apply_per_lib :  ITTAPI function instrumented: __itt_frame_end
4413 : 0x120794500eb1a0 : 2 : ittapi_config_apply_per_lib :  ITTAPI function not implemented: __itt_counter_create
4413 : 0x120794500ebda1 : 2 : ittapi_config_apply_per_lib :  ITTAPI function not implemented: __itt_counter_destroy
4413 : 0x120794500ec9a2 : 2 : ittapi_config_apply_per_lib :  ITTAPI function not implemented: __itt_counter_inc
4413 : 0x120794500efabd : 2 : ittapi_config_apply_per_lib :  ITTAPI function not implemented: __itt_counter_inc_delta
4413 : 0x120794500f0a90 : 2 : ittapi_config_apply_per_lib :  ITTAPI function not implemented: __itt_mark_create
4413 : 0x120794500f171d : 2 : ittapi_config_apply_per_lib :  ITTAPI function not implemented: __itt_mark
4413 : 0x120794500f23a9 : 2 : ittapi_config_apply_per_lib :  ITTAPI function not implemented: __itt_mark_off
4413 : 0x120794500f2ff0 : 2 : ittapi_config_apply_per_lib :  ITTAPI function not implemented: __itt_mark_global
4413 : 0x120794500f3bf1 : 2 : ittapi_config_apply_per_lib :  ITTAPI function not implemented: __itt_mark_global_off
4413 : 0x120794500f4767 : 2 : ittapi_config_apply_per_lib :  ITTAPI function instrumented: __itt_stack_caller_create
4413 : 0x120794500f51c5 : 2 : ittapi_config_apply_per_lib :  ITTAPI function instrumented: __itt_stack_caller_destroy
4413 : 0x120794500f5c68 : 2 : ittapi_config_apply_per_lib :  ITTAPI function instrumented: __itt_stack_callee_enter
4413 : 0x120794500f66c6 : 2 : ittapi_config_apply_per_lib :  ITTAPI function instrumented: __itt_stack_callee_leave
4413 : 0x120794500f8a3e : 2 : ittapi_config_apply_per_lib :  ITTAPI function not implemented: __itt_clock_domain_create
4413 : 0x120794500f99cb : 2 : ittapi_config_apply_per_lib :  ITTAPI function not implemented: __itt_clock_domain_reset
4413 : 0x120794500fa5cc : 2 : ittapi_config_apply_per_lib :  ITTAPI function not implemented: __itt_id_create_ex
4413 : 0x120794500fb258 : 2 : ittapi_config_apply_per_lib :  ITTAPI function not implemented: __itt_id_destroy_ex
4413 : 0x120794500fb859 : 2 : ittapi_config_apply_per_lib :  ITTAPI function NOT instrumented (not matched by --itt-config option): __itt_task_begin_ex

4413 : 0x120794500fbe14 : 2 : ittapi_config_apply_per_lib :  ITTAPI function NOT instrumented (not matched by --itt-config option): __itt_task_begin_fn_ex

4413 : 0x120794500fc414 : 2 : ittapi_config_apply_per_lib :  ITTAPI function NOT instrumented (not matched by --itt-config option): __itt_task_end_ex

4413 : 0x120794500fc9cf : 2 : ittapi_config_apply_per_lib :  ITTAPI function NOT instrumented (not matched by --itt-config option): __itt_task_begin_overlapped

4413 : 0x120794500fcfcf : 2 : ittapi_config_apply_per_lib :  ITTAPI function NOT instrumented (not matched by --itt-config option): __itt_task_begin_overlapped_ex

4413 : 0x120794500fd58a : 2 : ittapi_config_apply_per_lib :  ITTAPI function NOT instrumented (not matched by --itt-config option): __itt_task_end_overlapped

4413 : 0x120794500feea3 : 2 : ittapi_config_apply_per_lib :  ITTAPI function NOT instrumented (not matched by --itt-config option): __itt_task_end_overlapped_ex

4413 : 0x120794500fff8d : 2 : ittapi_config_apply_per_lib :  ITTAPI function not implemented: __itt_marker_ex
4413 : 0x12079450100d32 : 2 : ittapi_config_apply_per_lib :  ITTAPI function not implemented: __itt_metadata_add_with_scope
4413 : 0x12079450101a4a : 2 : ittapi_config_apply_per_lib :  ITTAPI function not implemented: __itt_metadata_str_add_with_scope
4413 : 0x120794501027a8 : 2 : ittapi_config_apply_per_lib :  ITTAPI function not implemented: __itt_relation_add_to_current_ex
4413 : 0x120794501033ef : 2 : ittapi_config_apply_per_lib :  ITTAPI function not implemented: __itt_relation_add_ex
4413 : 0x12079450107522 : 2 : ittapi_config_apply_per_lib :  ITTAPI function not implemented: __itt_track_group_create
4413 : 0x12079450108724 : 2 : ittapi_config_apply_per_lib :  ITTAPI function not implemented: __itt_track_create
4413 : 0x120794501093b0 : 2 : ittapi_config_apply_per_lib :  ITTAPI function not implemented: __itt_set_track
4413 : 0x12079450109ee0 : 2 : ittapi_config_apply_per_lib :  ITTAPI function instrumented: __itt_api_version
4413 : 0x1207945010d2fc : 2 : ittapi_config_apply_per_lib :  ITTAPI function not implemented: __itt_av_save
4413 : 0x1207946337f58c : 2 : ittapi_config_mask_get :  --itt-config mask to be applied: 17
4413 : 0x1207946338374c : 2 : ittapi_config_apply_per_lib :  ITTAPI function instrumented: __itt_domain_create
4413 : 0x12079463384765 : 2 : ittapi_config_apply_per_lib :  ITTAPI function instrumented: __itt_string_handle_create
4413 : 0x12079463385920 : 2 : ittapi_config_apply_per_lib :  ITTAPI function instrumented: __itt_pause
4413 : 0x120794633865f3 : 2 : ittapi_config_apply_per_lib :  ITTAPI function instrumented: __itt_resume
4413 : 0x120794633875c6 : 2 : ittapi_config_apply_per_lib :  ITTAPI function instrumented: __itt_thread_set_name
4413 : 0x1207946338940e : 2 : ittapi_config_apply_per_lib :  ITTAPI function instrumented: __itt_thread_ignore
4413 : 0x1207946338b36e : 2 : ittapi_config_apply_per_lib :  ITTAPI function instrumented: __itt_thr_name_set
4413 : 0x1207946338c040 : 2 : ittapi_config_apply_per_lib :  ITTAPI function instrumented: __itt_thr_ignore
4413 : 0x1207946339684f : 2 : ittapi_config_apply_per_lib :  ITTAPI function not implemented: __itt_enable_attach
4413 : 0x12079463397267 : 2 : ittapi_config_apply_per_lib :  ITTAPI function NOT instrumented (not matched by --itt-config option): __itt_sync_create

4413 : 0x12079463397d50 : 2 : ittapi_config_apply_per_lib :  ITTAPI function NOT instrumented (not matched by --itt-config option): __itt_sync_rename

4413 : 0x1207946339853a : 2 : ittapi_config_apply_per_lib :  ITTAPI function NOT instrumented (not matched by --itt-config option): __itt_sync_destroy

4413 : 0x12079463398bc6 : 2 : ittapi_config_apply_per_lib :  ITTAPI function NOT instrumented (not matched by --itt-config option): __itt_sync_prepare

4413 : 0x1207946339920c : 2 : ittapi_config_apply_per_lib :  ITTAPI function NOT instrumented (not matched by --itt-config option): __itt_sync_cancel

4413 : 0x120794633997c7 : 2 : ittapi_config_apply_per_lib :  ITTAPI function NOT instrumented (not matched by --itt-config option): __itt_sync_acquired

4413 : 0x12079463399e53 : 2 : ittapi_config_apply_per_lib :  ITTAPI function NOT instrumented (not matched by --itt-config option): __itt_sync_releasing

4413 : 0x1207946339b4b2 : 2 : ittapi_config_apply_per_lib :  ITTAPI function not implemented: __itt_suppress_push
4413 : 0x1207946339c628 : 2 : ittapi_config_apply_per_lib :  ITTAPI function not implemented: __itt_suppress_pop
4413 : 0x1207946339efa0 : 2 : ittapi_config_apply_per_lib :  ITTAPI function not implemented: __itt_suppress_mark_range
4413 : 0x1207946339fee7 : 2 : ittapi_config_apply_per_lib :  ITTAPI function not implemented: __itt_suppress_clear_range
4413 : 0x120794633a052d : 2 : ittapi_config_apply_per_lib :  ITTAPI function NOT instrumented (not matched by --itt-config option): __itt_sync_prepare

4413 : 0x120794633a0bff : 2 : ittapi_config_apply_per_lib :  ITTAPI function NOT instrumented (not matched by --itt-config option): __itt_sync_cancel

4413 : 0x120794633a1246 : 2 : ittapi_config_apply_per_lib :  ITTAPI function NOT instrumented (not matched by --itt-config option): __itt_sync_acquired

4413 : 0x120794633a17bb : 2 : ittapi_config_apply_per_lib :  ITTAPI function NOT instrumented (not matched by --itt-config option): __itt_sync_releasing

4413 : 0x120794633a2630 : 2 : ittapi_config_apply_per_lib :  ITTAPI function not implemented: __itt_model_site_begin
4413 : 0x120794633a3349 : 2 : ittapi_config_apply_per_lib :  ITTAPI function not implemented: __itt_model_site_end
4413 : 0x120794633a40ed : 2 : ittapi_config_apply_per_lib :  ITTAPI function not implemented: __itt_model_task_begin
4413 : 0x120794633a4e05 : 2 : ittapi_config_apply_per_lib :  ITTAPI function not implemented: __itt_model_task_end
4413 : 0x120794633a8adc : 2 : ittapi_config_apply_per_lib :  ITTAPI function not implemented: __itt_model_lock_acquire
4413 : 0x120794633a9c0c : 2 : ittapi_config_apply_per_lib :  ITTAPI function not implemented: __itt_model_lock_release
4413 : 0x120794633aa8de : 2 : ittapi_config_apply_per_lib :  ITTAPI function not implemented: __itt_model_record_allocation
4413 : 0x120794633ab86b : 2 : ittapi_config_apply_per_lib :  ITTAPI function not implemented: __itt_model_record_deallocation
4413 : 0x120794633ac60f : 2 : ittapi_config_apply_per_lib :  ITTAPI function not implemented: __itt_model_induction_uses
4413 : 0x120794633ad256 : 2 : ittapi_config_apply_per_lib :  ITTAPI function not implemented: __itt_model_reduction_uses
4413 : 0x120794633adee3 : 2 : ittapi_config_apply_per_lib :  ITTAPI function not implemented: __itt_model_observe_uses
4413 : 0x120794633aeb6f : 2 : ittapi_config_apply_per_lib :  ITTAPI function not implemented: __itt_model_clear_uses
4413 : 0x120794633af99f : 2 : ittapi_config_apply_per_lib :  ITTAPI function not implemented: __itt_model_site_beginA
4413 : 0x120794633b05e6 : 2 : ittapi_config_apply_per_lib :  ITTAPI function not implemented: __itt_model_site_beginAL
4413 : 0x120794633b2ce9 : 2 : ittapi_config_apply_per_lib :  ITTAPI function not implemented: __itt_model_task_beginA
4413 : 0x120794633b3beb : 2 : ittapi_config_apply_per_lib :  ITTAPI function not implemented: __itt_model_task_beginAL
4413 : 0x120794633b4949 : 2 : ittapi_config_apply_per_lib :  ITTAPI function not implemented: __itt_model_iteration_taskA
4413 : 0x120794633b561b : 2 : ittapi_config_apply_per_lib :  ITTAPI function not implemented: __itt_model_iteration_taskAL
4413 : 0x120794633b6334 : 2 : ittapi_config_apply_per_lib :  ITTAPI function not implemented: __itt_model_site_end_2
4413 : 0x120794633b6e1d : 2 : ittapi_config_apply_per_lib :  ITTAPI function not implemented: __itt_model_task_end_2
4413 : 0x120794633b7c4d : 2 : ittapi_config_apply_per_lib :  ITTAPI function not implemented: __itt_model_lock_acquire_2
4413 : 0x120794633b8894 : 2 : ittapi_config_apply_per_lib :  ITTAPI function not implemented: __itt_model_lock_release_2
4413 : 0x120794633b9521 : 2 : ittapi_config_apply_per_lib :  ITTAPI function not implemented: __itt_model_aggregate_task
4413 : 0x120794633ba122 : 2 : ittapi_config_apply_per_lib :  ITTAPI function not implemented: __itt_model_disable_push
4413 : 0x120794633bc499 : 2 : ittapi_config_apply_per_lib :  ITTAPI function not implemented: __itt_model_disable_pop
4413 : 0x120794633bd4b2 : 2 : ittapi_config_apply_per_lib :  ITTAPI function not implemented: __itt_heap_function_create
4413 : 0x120794633be13e : 2 : ittapi_config_apply_per_lib :  ITTAPI function not implemented: __itt_heap_allocate_begin
4413 : 0x120794633becfa : 2 : ittapi_config_apply_per_lib :  ITTAPI function not implemented: __itt_heap_allocate_end
4413 : 0x120794633bf9cc : 2 : ittapi_config_apply_per_lib :  ITTAPI function not implemented: __itt_heap_free_begin
4413 : 0x120794633c06e5 : 2 : ittapi_config_apply_per_lib :  ITTAPI function not implemented: __itt_heap_free_end
4413 : 0x120794633c13b7 : 2 : ittapi_config_apply_per_lib :  ITTAPI function not implemented: __itt_heap_reallocate_begin
4413 : 0x120794633c208a : 2 : ittapi_config_apply_per_lib :  ITTAPI function not implemented: __itt_heap_reallocate_end
4413 : 0x120794633c2e2e : 2 : ittapi_config_apply_per_lib :  ITTAPI function not implemented: __itt_heap_internal_access_begin
4413 : 0x120794633c3b46 : 2 : ittapi_config_apply_per_lib :  ITTAPI function not implemented: __itt_heap_internal_access_end
4413 : 0x120794633c5f03 : 2 : ittapi_config_apply_per_lib :  ITTAPI function not implemented: __itt_heap_record_memory_growth_begin
4413 : 0x120794633c6fa8 : 2 : ittapi_config_apply_per_lib :  ITTAPI function not implemented: __itt_heap_record_memory_growth_end
4413 : 0x120794633c7cc0 : 2 : ittapi_config_apply_per_lib :  ITTAPI function not implemented: __itt_heap_reset_detection
4413 : 0x120794633c8907 : 2 : ittapi_config_apply_per_lib :  ITTAPI function not implemented: __itt_heap_record
4413 : 0x120794633c961f : 2 : ittapi_config_apply_per_lib :  ITTAPI function not implemented: __itt_id_create
4413 : 0x120794633ca1da : 2 : ittapi_config_apply_per_lib :  ITTAPI function not implemented: __itt_id_destroy
4413 : 0x120794633cacc4 : 2 : ittapi_config_apply_per_lib :  ITTAPI function instrumented: __itt_get_timestamp
4413 : 0x120794633cb8c5 : 2 : ittapi_config_apply_per_lib :  ITTAPI function not implemented: __itt_region_begin
4413 : 0x120794633cc43a : 2 : ittapi_config_apply_per_lib :  ITTAPI function not implemented: __itt_region_end
4413 : 0x120794633ccf6a : 2 : ittapi_config_apply_per_lib :  ITTAPI function instrumented: __itt_frame_begin_v3
4413 : 0x120794633cfc6e : 2 : ittapi_config_apply_per_lib :  ITTAPI function instrumented: __itt_frame_end_v3
4413 : 0x120794633d0a58 : 2 : ittapi_config_apply_per_lib :  ITTAPI function instrumented: __itt_frame_submit_v3
4413 : 0x120794633d109e : 2 : ittapi_config_apply_per_lib :  ITTAPI function NOT instrumented (not matched by --itt-config option): __itt_task_group

4413 : 0x120794633d16e4 : 2 : ittapi_config_apply_per_lib :  ITTAPI function NOT instrumented (not matched by --itt-config option): __itt_task_begin

4413 : 0x120794633d1e42 : 2 : ittapi_config_apply_per_lib :  ITTAPI function NOT instrumented (not matched by --itt-config option): __itt_task_begin_fn

4413 : 0x120794633d24ce : 2 : ittapi_config_apply_per_lib :  ITTAPI function NOT instrumented (not matched by --itt-config option): __itt_task_end

4413 : 0x120794633d33d0 : 2 : ittapi_config_apply_per_lib :  ITTAPI function not implemented: __itt_counter_inc_v3
4413 : 0x120794633d4016 : 2 : ittapi_config_apply_per_lib :  ITTAPI function not implemented: __itt_counter_inc_delta_v3
4413 : 0x120794633d4d2f : 2 : ittapi_config_apply_per_lib :  ITTAPI function not implemented: __itt_marker
4413 : 0x120794633d5818 : 2 : ittapi_config_apply_per_lib :  ITTAPI function instrumented: __itt_metadata_add
4413 : 0x120794633d7c1b : 2 : ittapi_config_apply_per_lib :  ITTAPI function not implemented: __itt_metadata_str_add
4413 : 0x120794633d8ba8 : 2 : ittapi_config_apply_per_lib :  ITTAPI function not implemented: __itt_relation_add_to_current
4413 : 0x120794633d987b : 2 : ittapi_config_apply_per_lib :  ITTAPI function not implemented: __itt_relation_add
4413 : 0x120794633da3aa : 2 : ittapi_config_apply_per_lib :  ITTAPI function instrumented: __itt_event_create
4413 : 0x120794633da965 : 2 : ittapi_config_apply_per_lib :  ITTAPI function NOT instrumented (not matched by --itt-config option): __itt_event_start

4413 : 0x120794633daf66 : 2 : ittapi_config_apply_per_lib :  ITTAPI function NOT instrumented (not matched by --itt-config option): __itt_event_end

4413 : 0x120794633db520 : 2 : ittapi_config_apply_per_lib :  ITTAPI function NOT instrumented (not matched by --itt-config option): __itt_sync_set_name

4413 : 0x120794633dc096 : 2 : ittapi_config_apply_per_lib :  ITTAPI function instrumented: __itt_notify_sync_name
4413 : 0x120794633dcb7f : 2 : ittapi_config_apply_per_lib :  ITTAPI function instrumented: __itt_notify_sync_prepare
4413 : 0x120794633dd623 : 2 : ittapi_config_apply_per_lib :  ITTAPI function instrumented: __itt_notify_sync_cancel
4413 : 0x120794633df6e0 : 2 : ittapi_config_apply_per_lib :  ITTAPI function instrumented: __itt_notify_sync_acquired
4413 : 0x120794633e03b3 : 2 : ittapi_config_apply_per_lib :  ITTAPI function instrumented: __itt_notify_sync_releasing
4413 : 0x120794633e0ff9 : 2 : ittapi_config_apply_per_lib :  ITTAPI function not implemented: __itt_memory_read
4413 : 0x120794633e1c40 : 2 : ittapi_config_apply_per_lib :  ITTAPI function not implemented: __itt_memory_write
4413 : 0x120794633e27fb : 2 : ittapi_config_apply_per_lib :  ITTAPI function not implemented: __itt_memory_update
4413 : 0x120794633e3442 : 2 : ittapi_config_apply_per_lib :  ITTAPI function not implemented: __itt_state_get
4413 : 0x120794633e4043 : 2 : ittapi_config_apply_per_lib :  ITTAPI function not implemented: __itt_state_set
4413 : 0x120794633e4bff : 2 : ittapi_config_apply_per_lib :  ITTAPI function not implemented: __itt_obj_mode_set
4413 : 0x120794633e572e : 2 : ittapi_config_apply_per_lib :  ITTAPI function not implemented: __itt_thr_mode_set
4413 : 0x120794633e61d2 : 2 : ittapi_config_apply_per_lib :  ITTAPI function instrumented: __itt_frame_create
4413 : 0x120794633e8ed6 : 2 : ittapi_config_apply_per_lib :  ITTAPI function instrumented: __itt_frame_begin
4413 : 0x120794633e9ba8 : 2 : ittapi_config_apply_per_lib :  ITTAPI function instrumented: __itt_frame_end
4413 : 0x120794633ea7ef : 2 : ittapi_config_apply_per_lib :  ITTAPI function not implemented: __itt_counter_create
4413 : 0x120794633eb436 : 2 : ittapi_config_apply_per_lib :  ITTAPI function not implemented: __itt_counter_destroy
4413 : 0x120794633ebff1 : 2 : ittapi_config_apply_per_lib :  ITTAPI function not implemented: __itt_counter_inc
4413 : 0x120794633ecd09 : 2 : ittapi_config_apply_per_lib :  ITTAPI function not implemented: __itt_counter_inc_delta
4413 : 0x120794633ed90a : 2 : ittapi_config_apply_per_lib :  ITTAPI function not implemented: __itt_mark_create
4413 : 0x120794633ee4c6 : 2 : ittapi_config_apply_per_lib :  ITTAPI function not implemented: __itt_mark
4413 : 0x120794633ef198 : 2 : ittapi_config_apply_per_lib :  ITTAPI function not implemented: __itt_mark_off
4413 : 0x120794633efd53 : 2 : ittapi_config_apply_per_lib :  ITTAPI function not implemented: __itt_mark_global
4413 : 0x120794633f22f9 : 2 : ittapi_config_apply_per_lib :  ITTAPI function not implemented: __itt_mark_global_off
4413 : 0x120794633f3129 : 2 : ittapi_config_apply_per_lib :  ITTAPI function instrumented: __itt_stack_caller_create
4413 : 0x120794633f3c13 : 2 : ittapi_config_apply_per_lib :  ITTAPI function instrumented: __itt_stack_caller_destroy
4413 : 0x120794633f46b7 : 2 : ittapi_config_apply_per_lib :  ITTAPI function instrumented: __itt_stack_callee_enter
4413 : 0x120794633f5343 : 2 : ittapi_config_apply_per_lib :  ITTAPI function instrumented: __itt_stack_callee_leave
4413 : 0x120794633f5eff : 2 : ittapi_config_apply_per_lib :  ITTAPI function not implemented: __itt_clock_domain_create
4413 : 0x120794633f6ca3 : 2 : ittapi_config_apply_per_lib :  ITTAPI function not implemented: __itt_clock_domain_reset
4413 : 0x120794633f78e9 : 2 : ittapi_config_apply_per_lib :  ITTAPI function not implemented: __itt_id_create_ex
4413 : 0x120794633f8530 : 2 : ittapi_config_apply_per_lib :  ITTAPI function not implemented: __itt_id_destroy_ex
4413 : 0x120794633f8aeb : 2 : ittapi_config_apply_per_lib :  ITTAPI function NOT instrumented (not matched by --itt-config option): __itt_task_begin_ex

4413 : 0x120794633fa6bf : 2 : ittapi_config_apply_per_lib :  ITTAPI function NOT instrumented (not matched by --itt-config option): __itt_task_begin_fn_ex

4413 : 0x120794633fae62 : 2 : ittapi_config_apply_per_lib :  ITTAPI function NOT instrumented (not matched by --itt-config option): __itt_task_end_ex

4413 : 0x120794633fb41d : 2 : ittapi_config_apply_per_lib :  ITTAPI function NOT instrumented (not matched by --itt-config option): __itt_task_begin_overlapped

4413 : 0x120794633fb9d8 : 2 : ittapi_config_apply_per_lib :  ITTAPI function NOT instrumented (not matched by --itt-config option): __itt_task_begin_overlapped_ex

4413 : 0x120794633fbf92 : 2 : ittapi_config_apply_per_lib :  ITTAPI function NOT instrumented (not matched by --itt-config option): __itt_task_end_overlapped

4413 : 0x120794633fc593 : 2 : ittapi_config_apply_per_lib :  ITTAPI function NOT instrumented (not matched by --itt-config option): __itt_task_end_overlapped_ex

4413 : 0x120794633fd566 : 2 : ittapi_config_apply_per_lib :  ITTAPI function not implemented: __itt_marker_ex
4413 : 0x120794633fe421 : 2 : ittapi_config_apply_per_lib :  ITTAPI function not implemented: __itt_metadata_add_with_scope
4413 : 0x120794633ff20b : 2 : ittapi_config_apply_per_lib :  ITTAPI function not implemented: __itt_metadata_str_add_with_scope
4413 : 0x120794633fff69 : 2 : ittapi_config_apply_per_lib :  ITTAPI function not implemented: __itt_relation_add_to_current_ex
4413 : 0x12079463402255 : 2 : ittapi_config_apply_per_lib :  ITTAPI function not implemented: __itt_relation_add_ex
4413 : 0x12079463403228 : 2 : ittapi_config_apply_per_lib :  ITTAPI function not implemented: __itt_track_group_create
4413 : 0x12079463403de3 : 2 : ittapi_config_apply_per_lib :  ITTAPI function not implemented: __itt_track_create
4413 : 0x1207946340499e : 2 : ittapi_config_apply_per_lib :  ITTAPI function not implemented: __itt_set_track
4413 : 0x120794634053fc : 2 : ittapi_config_apply_per_lib :  ITTAPI function instrumented: __itt_api_version
4413 : 0x12079463405f71 : 2 : ittapi_config_apply_per_lib :  ITTAPI function not implemented: __itt_av_save
4413 : 0x120794634401c0 : 2 : ittapi_config_mask_get :  --itt-config mask to be applied: 17
4413 : 0x12079463441636 : 2 : ittapi_config_apply_per_lib :  ITTAPI function instrumented: __itt_domain_create
4413 : 0x120794634421ac : 2 : ittapi_config_apply_per_lib :  ITTAPI function instrumented: __itt_string_handle_create
4413 : 0x12079463442cdb : 2 : ittapi_config_apply_per_lib :  ITTAPI function instrumented: __itt_pause
4413 : 0x1207946344816e : 2 : ittapi_config_apply_per_lib :  ITTAPI function instrumented: __itt_resume
4413 : 0x1207946344a0ce : 2 : ittapi_config_apply_per_lib :  ITTAPI function instrumented: __itt_thread_set_name
4413 : 0x1207946344ac43 : 2 : ittapi_config_apply_per_lib :  ITTAPI function instrumented: __itt_thread_ignore
4413 : 0x1207946344b88a : 2 : ittapi_config_apply_per_lib :  ITTAPI function instrumented: __itt_thr_name_set
4413 : 0x1207946344c32e : 2 : ittapi_config_apply_per_lib :  ITTAPI function instrumented: __itt_thr_ignore
4413 : 0x1207946344d38c : 2 : ittapi_config_apply_per_lib :  ITTAPI function not implemented: __itt_enable_attach
4413 : 0x1207946344d9d2 : 2 : ittapi_config_apply_per_lib :  ITTAPI function NOT instrumented (not matched by --itt-config option): __itt_sync_create

4413 : 0x1207946344e05f : 2 : ittapi_config_apply_per_lib :  ITTAPI function NOT instrumented (not matched by --itt-config option): __itt_sync_rename

4413 : 0x1207946344e65f : 2 : ittapi_config_apply_per_lib :  ITTAPI function NOT instrumented (not matched by --itt-config option): __itt_sync_destroy

4413 : 0x1207946344ec60 : 2 : ittapi_config_apply_per_lib :  ITTAPI function NOT instrumented (not matched by --itt-config option): __itt_sync_prepare

4413 : 0x12079463450905 : 2 : ittapi_config_apply_per_lib :  ITTAPI function NOT instrumented (not matched by --itt-config option): __itt_sync_cancel

4413 : 0x12079463451063 : 2 : ittapi_config_apply_per_lib :  ITTAPI function NOT instrumented (not matched by --itt-config option): __itt_sync_acquired

4413 : 0x120794634516a9 : 2 : ittapi_config_apply_per_lib :  ITTAPI function NOT instrumented (not matched by --itt-config option): __itt_sync_releasing

4413 : 0x12079463452793 : 2 : ittapi_config_apply_per_lib :  ITTAPI function not implemented: __itt_suppress_push
4413 : 0x12079463453720 : 2 : ittapi_config_apply_per_lib :  ITTAPI function not implemented: __itt_suppress_pop
4413 : 0x12079463454439 : 2 : ittapi_config_apply_per_lib :  ITTAPI function not implemented: __itt_suppress_mark_range
4413 : 0x1207946345507f : 2 : ittapi_config_apply_per_lib :  ITTAPI function not implemented: __itt_suppress_clear_range
4413 : 0x12079463455680 : 2 : ittapi_config_apply_per_lib :  ITTAPI function NOT instrumented (not matched by --itt-config option): __itt_sync_prepare

4413 : 0x12079463455bf5 : 2 : ittapi_config_apply_per_lib :  ITTAPI function NOT instrumented (not matched by --itt-config option): __itt_sync_cancel

4413 : 0x120794634561f5 : 2 : ittapi_config_apply_per_lib :  ITTAPI function NOT instrumented (not matched by --itt-config option): __itt_sync_acquired

4413 : 0x12079463457be0 : 2 : ittapi_config_apply_per_lib :  ITTAPI function NOT instrumented (not matched by --itt-config option): __itt_sync_releasing

4413 : 0x12079463458d10 : 2 : ittapi_config_apply_per_lib :  ITTAPI function not implemented: __itt_model_site_begin
4413 : 0x12079463459a29 : 2 : ittapi_config_apply_per_lib :  ITTAPI function not implemented: __itt_model_site_end
4413 : 0x1207946345a6b5 : 2 : ittapi_config_apply_per_lib :  ITTAPI function not implemented: __itt_model_task_begin
4413 : 0x1207946345b2fc : 2 : ittapi_config_apply_per_lib :  ITTAPI function not implemented: __itt_model_task_end
4413 : 0x1207946345befd : 2 : ittapi_config_apply_per_lib :  ITTAPI function not implemented: __itt_model_lock_acquire
4413 : 0x1207946345cb44 : 2 : ittapi_config_apply_per_lib :  ITTAPI function not implemented: __itt_model_lock_release
4413 : 0x1207946345d7d1 : 2 : ittapi_config_apply_per_lib :  ITTAPI function not implemented: __itt_model_record_allocation
4413 : 0x1207946345e45d : 2 : ittapi_config_apply_per_lib :  ITTAPI function not implemented: __itt_model_record_deallocation
4413 : 0x1207946345f0a4 : 2 : ittapi_config_apply_per_lib :  ITTAPI function not implemented: __itt_model_induction_uses
4413 : 0x12079463461fd7 : 2 : ittapi_config_apply_per_lib :  ITTAPI function not implemented: __itt_model_reduction_uses
4413 : 0x12079463462fef : 2 : ittapi_config_apply_per_lib :  ITTAPI function not implemented: __itt_model_observe_uses
4413 : 0x12079463463cc2 : 2 : ittapi_config_apply_per_lib :  ITTAPI function not implemented: __itt_model_clear_uses
4413 : 0x12079463464a20 : 2 : ittapi_config_apply_per_lib :  ITTAPI function not implemented: __itt_model_site_beginA
4413 : 0x12079463465621 : 2 : ittapi_config_apply_per_lib :  ITTAPI function not implemented: __itt_model_site_beginAL
4413 : 0x120794634661dc : 2 : ittapi_config_apply_per_lib :  ITTAPI function not implemented: __itt_model_task_beginA
4413 : 0x12079463466ddd : 2 : ittapi_config_apply_per_lib :  ITTAPI function not implemented: __itt_model_task_beginAL
4413 : 0x12079463467ab0 : 2 : ittapi_config_apply_per_lib :  ITTAPI function not implemented: __itt_model_iteration_taskA
4413 : 0x1207946346873d : 2 : ittapi_config_apply_per_lib :  ITTAPI function not implemented: __itt_model_iteration_taskAL
4413 : 0x1207946346933e : 2 : ittapi_config_apply_per_lib :  ITTAPI function not implemented: __itt_model_site_end_2
4413 : 0x1207946346b787 : 2 : ittapi_config_apply_per_lib :  ITTAPI function not implemented: __itt_model_task_end_2
4413 : 0x1207946346c713 : 2 : ittapi_config_apply_per_lib :  ITTAPI function not implemented: __itt_model_lock_acquire_2
4413 : 0x1207946346d35a : 2 : ittapi_config_apply_per_lib :  ITTAPI function not implemented: __itt_model_lock_release_2
4413 : 0x1207946346dfa1 : 2 : ittapi_config_apply_per_lib :  ITTAPI function not implemented: __itt_model_aggregate_task
4413 : 0x1207946346eb5c : 2 : ittapi_config_apply_per_lib :  ITTAPI function not implemented: __itt_model_disable_push
4413 : 0x1207946346f7a3 : 2 : ittapi_config_apply_per_lib :  ITTAPI function not implemented: __itt_model_disable_pop
4413 : 0x120794634703a4 : 2 : ittapi_config_apply_per_lib :  ITTAPI function not implemented: __itt_heap_function_create
4413 : 0x12079463471031 : 2 : ittapi_config_apply_per_lib :  ITTAPI function not implemented: __itt_heap_allocate_begin
4413 : 0x12079463471ba6 : 2 : ittapi_config_apply_per_lib :  ITTAPI function not implemented: __itt_heap_allocate_end
4413 : 0x12079463472833 : 2 : ittapi_config_apply_per_lib :  ITTAPI function not implemented: __itt_heap_free_begin
4413 : 0x12079463474c36 : 2 : ittapi_config_apply_per_lib :  ITTAPI function not implemented: __itt_heap_free_end
4413 : 0x12079463475c4f : 2 : ittapi_config_apply_per_lib :  ITTAPI function not implemented: __itt_heap_reallocate_begin
4413 : 0x12079463476895 : 2 : ittapi_config_apply_per_lib :  ITTAPI function not implemented: __itt_heap_reallocate_end
4413 : 0x12079463477568 : 2 : ittapi_config_apply_per_lib :  ITTAPI function not implemented: __itt_heap_internal_access_begin
4413 : 0x120794634793f6 : 2 : ittapi_config_apply_per_lib :  ITTAPI function not implemented: __itt_heap_internal_access_end
4413 : 0x1207946347a26c : 2 : ittapi_config_apply_per_lib :  ITTAPI function not implemented: __itt_heap_record_memory_growth_begin
4413 : 0x1207946347af3e : 2 : ittapi_config_apply_per_lib :  ITTAPI function not implemented: __itt_heap_record_memory_growth_end
4413 : 0x1207946347bafa : 2 : ittapi_config_apply_per_lib :  ITTAPI function not implemented: __itt_heap_reset_detection
4413 : 0x1207946347c740 : 2 : ittapi_config_apply_per_lib :  ITTAPI function not implemented: __itt_heap_record
4413 : 0x1207946347d2fc : 2 : ittapi_config_apply_per_lib :  ITTAPI function not implemented: __itt_id_create
4413 : 0x120794634802ba : 2 : ittapi_config_apply_per_lib :  ITTAPI function not implemented: __itt_id_destroy
4413 : 0x120794634810ea : 2 : ittapi_config_apply_per_lib :  ITTAPI function instrumented: __itt_get_timestamp
4413 : 0x12079463481d30 : 2 : ittapi_config_apply_per_lib :  ITTAPI function not implemented: __itt_region_begin
4413 : 0x12079463482931 : 2 : ittapi_config_apply_per_lib :  ITTAPI function not implemented: __itt_region_end
4413 : 0x120794634834ed : 2 : ittapi_config_apply_per_lib :  ITTAPI function instrumented: __itt_frame_begin_v3
4413 : 0x12079463483f90 : 2 : ittapi_config_apply_per_lib :  ITTAPI function instrumented: __itt_frame_end_v3
4413 : 0x12079463484a7a : 2 : ittapi_config_apply_per_lib :  ITTAPI function instrumented: __itt_frame_submit_v3
4413 : 0x12079463485035 : 2 : ittapi_config_apply_per_lib :  ITTAPI function NOT instrumented (not matched by --itt-config option): __itt_task_group

4413 : 0x120794634855ef : 2 : ittapi_config_apply_per_lib :  ITTAPI function NOT instrumented (not matched by --itt-config option): __itt_task_begin

4413 : 0x12079463485bf0 : 2 : ittapi_config_apply_per_lib :  ITTAPI function NOT instrumented (not matched by --itt-config option): __itt_task_begin_fn

4413 : 0x120794634875db : 2 : ittapi_config_apply_per_lib :  ITTAPI function NOT instrumented (not matched by --itt-config option): __itt_task_end

4413 : 0x12079463488797 : 2 : ittapi_config_apply_per_lib :  ITTAPI function not implemented: __itt_counter_inc_v3
4413 : 0x120794634893dd : 2 : ittapi_config_apply_per_lib :  ITTAPI function not implemented: __itt_counter_inc_delta_v3
4413 : 0x12079463489fde : 2 : ittapi_config_apply_per_lib :  ITTAPI function not implemented: __itt_marker
4413 : 0x1207946348ab0e : 2 : ittapi_config_apply_per_lib :  ITTAPI function instrumented: __itt_metadata_add
4413 : 0x1207946348b70f : 2 : ittapi_config_apply_per_lib :  ITTAPI function not implemented: __itt_metadata_str_add
4413 : 0x1207946348c2ca : 2 : ittapi_config_apply_per_lib :  ITTAPI function not implemented: __itt_relation_add_to_current
4413 : 0x1207946348ce85 : 2 : ittapi_config_apply_per_lib :  ITTAPI function not implemented: __itt_relation_add
4413 : 0x1207946348d96f : 2 : ittapi_config_apply_per_lib :  ITTAPI function instrumented: __itt_event_create
4413 : 0x1207946348df2a : 2 : ittapi_config_apply_per_lib :  ITTAPI function NOT instrumented (not matched by --itt-config option): __itt_event_start

4413 : 0x1207946348f889 : 2 : ittapi_config_apply_per_lib :  ITTAPI function NOT instrumented (not matched by --itt-config option): __itt_event_end

4413 : 0x1207946349002c : 2 : ittapi_config_apply_per_lib :  ITTAPI function NOT instrumented (not matched by --itt-config option): __itt_sync_set_name

4413 : 0x12079463490d8b : 2 : ittapi_config_apply_per_lib :  ITTAPI function instrumented: __itt_notify_sync_name
4413 : 0x1207946349182e : 2 : ittapi_config_apply_per_lib :  ITTAPI function instrumented: __itt_notify_sync_prepare
4413 : 0x120794634922d2 : 2 : ittapi_config_apply_per_lib :  ITTAPI function instrumented: __itt_notify_sync_cancel
4413 : 0x12079463492e02 : 2 : ittapi_config_apply_per_lib :  ITTAPI function instrumented: __itt_notify_sync_acquired
4413 : 0x1207946349381a : 2 : ittapi_config_apply_per_lib :  ITTAPI function instrumented: __itt_notify_sync_releasing
4413 : 0x120794634944ec : 2 : ittapi_config_apply_per_lib :  ITTAPI function not implemented: __itt_memory_read
4413 : 0x12079463495179 : 2 : ittapi_config_apply_per_lib :  ITTAPI function not implemented: __itt_memory_write
4413 : 0x12079463495d7a : 2 : ittapi_config_apply_per_lib :  ITTAPI function not implemented: __itt_memory_update
4413 : 0x12079463498066 : 2 : ittapi_config_apply_per_lib :  ITTAPI function not implemented: __itt_state_get
4413 : 0x12079463498fad : 2 : ittapi_config_apply_per_lib :  ITTAPI function not implemented: __itt_state_set
4413 : 0x12079463499bae : 2 : ittapi_config_apply_per_lib :  ITTAPI function not implemented: __itt_obj_mode_set
4413 : 0x1207946349a7f5 : 2 : ittapi_config_apply_per_lib :  ITTAPI function not implemented: __itt_thr_mode_set
4413 : 0x1207946349b299 : 2 : ittapi_config_apply_per_lib :  ITTAPI function instrumented: __itt_frame_create
4413 : 0x1207946349bd82 : 2 : ittapi_config_apply_per_lib :  ITTAPI function instrumented: __itt_frame_begin
4413 : 0x1207946349c826 : 2 : ittapi_config_apply_per_lib :  ITTAPI function instrumented: __itt_frame_end
4413 : 0x1207946349d39b : 2 : ittapi_config_apply_per_lib :  ITTAPI function not implemented: __itt_counter_create
4413 : 0x1207946349df9c : 2 : ittapi_config_apply_per_lib :  ITTAPI function not implemented: __itt_counter_destroy
4413 : 0x1207946349eb12 : 2 : ittapi_config_apply_per_lib :  ITTAPI function not implemented: __itt_counter_inc
4413 : 0x120794634a1973 : 2 : ittapi_config_apply_per_lib :  ITTAPI function not implemented: __itt_counter_inc_delta
4413 : 0x120794634a2900 : 2 : ittapi_config_apply_per_lib :  ITTAPI function not implemented: __itt_mark_create
4413 : 0x120794634a358c : 2 : ittapi_config_apply_per_lib :  ITTAPI function not implemented: __itt_mark
4413 : 0x120794634a42a5 : 2 : ittapi_config_apply_per_lib :  ITTAPI function not implemented: __itt_mark_off
4413 : 0x120794634a4e60 : 2 : ittapi_config_apply_per_lib :  ITTAPI function not implemented: __itt_mark_global
4413 : 0x120794634a5a1b : 2 : ittapi_config_apply_per_lib :  ITTAPI function not implemented: __itt_mark_global_off
4413 : 0x120794634a6505 : 2 : ittapi_config_apply_per_lib :  ITTAPI function instrumented: __itt_stack_caller_create
4413 : 0x120794634a6fa9 : 2 : ittapi_config_apply_per_lib :  ITTAPI function instrumented: __itt_stack_caller_destroy
4413 : 0x120794634a7a92 : 2 : ittapi_config_apply_per_lib :  ITTAPI function instrumented: __itt_stack_callee_enter
4413 : 0x120794634a8536 : 2 : ittapi_config_apply_per_lib :  ITTAPI function instrumented: __itt_stack_callee_leave
4413 : 0x120794634aa868 : 2 : ittapi_config_apply_per_lib :  ITTAPI function not implemented: __itt_clock_domain_create
4413 : 0x120794634ab7f5 : 2 : ittapi_config_apply_per_lib :  ITTAPI function not implemented: __itt_clock_domain_reset
4413 : 0x120794634ac4c7 : 2 : ittapi_config_apply_per_lib :  ITTAPI function not implemented: __itt_id_create_ex
4413 : 0x120794634ad154 : 2 : ittapi_config_apply_per_lib :  ITTAPI function not implemented: __itt_id_destroy_ex
4413 : 0x120794634ad70e : 2 : ittapi_config_apply_per_lib :  ITTAPI function NOT instrumented (not matched by --itt-config option): __itt_task_begin_ex

4413 : 0x120794634adcc9 : 2 : ittapi_config_apply_per_lib :  ITTAPI function NOT instrumented (not matched by --itt-config option): __itt_task_begin_fn_ex

4413 : 0x120794634ae30f : 2 : ittapi_config_apply_per_lib :  ITTAPI function NOT instrumented (not matched by --itt-config option): __itt_task_end_ex

4413 : 0x120794634ae884 : 2 : ittapi_config_apply_per_lib :  ITTAPI function NOT instrumented (not matched by --itt-config option): __itt_task_begin_overlapped

4413 : 0x120794634aee85 : 2 : ittapi_config_apply_per_lib :  ITTAPI function NOT instrumented (not matched by --itt-config option): __itt_task_begin_overlapped_ex

4413 : 0x120794634af43f : 2 : ittapi_config_apply_per_lib :  ITTAPI function NOT instrumented (not matched by --itt-config option): __itt_task_end_overlapped

4413 : 0x120794634b0d9f : 2 : ittapi_config_apply_per_lib :  ITTAPI function NOT instrumented (not matched by --itt-config option): __itt_task_end_overlapped_ex

4413 : 0x120794634b1f15 : 2 : ittapi_config_apply_per_lib :  ITTAPI function not implemented: __itt_marker_ex
4413 : 0x120794634b2be7 : 2 : ittapi_config_apply_per_lib :  ITTAPI function not implemented: __itt_metadata_add_with_scope
4413 : 0x120794634b38ff : 2 : ittapi_config_apply_per_lib :  ITTAPI function not implemented: __itt_metadata_str_add_with_scope
4413 : 0x120794634b45d2 : 2 : ittapi_config_apply_per_lib :  ITTAPI function not implemented: __itt_relation_add_to_current_ex
4413 : 0x120794634b518d : 2 : ittapi_config_apply_per_lib :  ITTAPI function not implemented: __itt_relation_add_ex
4413 : 0x120794634b5d8e : 2 : ittapi_config_apply_per_lib :  ITTAPI function not implemented: __itt_track_group_create
4413 : 0x120794634b6949 : 2 : ittapi_config_apply_per_lib :  ITTAPI function not implemented: __itt_track_create
4413 : 0x120794634b74bf : 2 : ittapi_config_apply_per_lib :  ITTAPI function not implemented: __itt_set_track
4413 : 0x120794634b7f63 : 2 : ittapi_config_apply_per_lib :  ITTAPI function instrumented: __itt_api_version
4413 : 0x120794634bac66 : 2 : ittapi_config_apply_per_lib :  ITTAPI function not implemented: __itt_av_save