
32101 : 0x11c7af1e81f358 : 4 : __ittapi_collector_init :  pthread_atfork() result: 0
32101 : 0x11c7af1e844545 : 2 : ittapi_config_mask_get :  --itt-config mask to be applied: 17
32101 : 0x11c7af1e84731a : 2 : ittapi_config_apply_per_lib :  ITTAPI function instrumented: __itt_domain_create
32101 : 0x11c7af1e847fed : 2 : ittapi_config_apply_per_lib :  ITTAPI function instrumented: __itt_string_handle_create
32101 : 0x11c7af1e848c34 : 2 : ittapi_config_apply_per_lib :  ITTAPI function instrumented: __itt_pause
32101 : 0x11c7af1e8497a9 : 2 : ittapi_config_apply_per_lib :  ITTAPI function instrumented: __itt_resume
32101 : 0x11c7af1e84a3f0 : 2 : ittapi_config_apply_per_lib :  ITTAPI function instrumented: __itt_thread_set_name
32101 : 0x11c7af1e84b14e : 2 : ittapi_config_apply_per_lib :  ITTAPI function instrumented: __itt_thread_ignore
32101 : 0x11c7af1e84bd4f : 2 : ittapi_config_apply_per_lib :  ITTAPI function instrumented: __itt_thr_name_set
32101 : 0x11c7af1e84c950 : 2 : ittapi_config_apply_per_lib :  ITTAPI function instrumented: __itt_thr_ignore
32101 : 0x11c7af1e858960 : 2 : ittapi_config_apply_per_lib :  ITTAPI function not implemented: __itt_enable_attach
32101 : 0x11c7af1e8596bf : 2 : ittapi_config_apply_per_lib :  ITTAPI function NOT instrumented (not matched by --itt-config option): __itt_sync_create

32101 : 0x11c7af1e85a0d7 : 2 : ittapi_config_apply_per_lib :  ITTAPI function NOT instrumented (not matched by --itt-config option): __itt_sync_rename

32101 : 0x11c7af1e85a834 : 2 : ittapi_config_apply_per_lib :  ITTAPI function NOT instrumented (not matched by --itt-config option): __itt_sync_destroy

32101 : 0x11c7af1e85ae35 : 2 : ittapi_config_apply_per_lib :  ITTAPI function NOT instrumented (not matched by --itt-config option): __itt_sync_prepare

32101 : 0x11c7af1e85b61e : 2 : ittapi_config_apply_per_lib :  ITTAPI function NOT instrumented (not matched by --itt-config option): __itt_sync_cancel

32101 : 0x11c7af1e85bcf0 : 2 : ittapi_config_apply_per_lib :  ITTAPI function NOT instrumented (not matched by --itt-config option): __itt_sync_acquired

32101 : 0x11c7af1e85c44e : 2 : ittapi_config_apply_per_lib :  ITTAPI function NOT instrumented (not matched by --itt-config option): __itt_sync_releasing

32101 : 0x11c7af1e85e251 : 2 : ittapi_config_apply_per_lib :  ITTAPI function not implemented: __itt_suppress_push
32101 : 0x11c7af1e85f2f5 : 2 : ittapi_config_apply_per_lib :  ITTAPI function not implemented: __itt_suppress_pop
32101 : 0x11c7af1e863011 : 2 : ittapi_config_apply_per_lib :  ITTAPI function not implemented: __itt_suppress_mark_range
32101 : 0x11c7af1e864070 : 2 : ittapi_config_apply_per_lib :  ITTAPI function not implemented: __itt_suppress_clear_range
32101 : 0x11c7af1e864813 : 2 : ittapi_config_apply_per_lib :  ITTAPI function NOT instrumented (not matched by --itt-config option): __itt_sync_prepare

32101 : 0x11c7af1e864ea0 : 2 : ittapi_config_apply_per_lib :  ITTAPI function NOT instrumented (not matched by --itt-config option): __itt_sync_cancel

32101 : 0x11c7af1e865572 : 2 : ittapi_config_apply_per_lib :  ITTAPI function NOT instrumented (not matched by --itt-config option): __itt_sync_acquired

32101 : 0x11c7af1e865c89 : 2 : ittapi_config_apply_per_lib :  ITTAPI function NOT instrumented (not matched by --itt-config option): __itt_sync_releasing

32101 : 0x11c7af1e866c16 : 2 : ittapi_config_apply_per_lib :  ITTAPI function not implemented: __itt_model_site_begin
32101 : 0x11c7af1e867a00 : 2 : ittapi_config_apply_per_lib :  ITTAPI function not implemented: __itt_model_site_end
32101 : 0x11c7af1e8687ea : 2 : ittapi_config_apply_per_lib :  ITTAPI function not implemented: __itt_model_task_begin
32101 : 0x11c7af1e8694bd : 2 : ittapi_config_apply_per_lib :  ITTAPI function not implemented: __itt_model_task_end
32101 : 0x11c7af1e86c0a9 : 2 : ittapi_config_apply_per_lib :  ITTAPI function not implemented: __itt_model_lock_acquire
32101 : 0x11c7af1e86d108 : 2 : ittapi_config_apply_per_lib :  ITTAPI function not implemented: __itt_model_lock_release
32101 : 0x11c7af1e86df7d : 2 : ittapi_config_apply_per_lib :  ITTAPI function not implemented: __itt_model_record_allocation
32101 : 0x11c7af1e86ee39 : 2 : ittapi_config_apply_per_lib :  ITTAPI function not implemented: __itt_model_record_deallocation
32101 : 0x11c7af1e86fb97 : 2 : ittapi_config_apply_per_lib :  ITTAPI function not implemented: __itt_model_induction_uses
32101 : 0x11c7af1e870824 : 2 : ittapi_config_apply_per_lib :  ITTAPI function not implemented: __itt_model_reduction_uses
32101 : 0x11c7af1e8714f6 : 2 : ittapi_config_apply_per_lib :  ITTAPI function not implemented: __itt_model_observe_uses
32101 : 0x11c7af1e87220f : 2 : ittapi_config_apply_per_lib :  ITTAPI function not implemented: __itt_model_clear_uses
32101 : 0x11c7af1e872ff8 : 2 : ittapi_config_apply_per_lib :  ITTAPI function not implemented: __itt_model_site_beginA
32101 : 0x11c7af1e873d9d : 2 : ittapi_config_apply_per_lib :  ITTAPI function not implemented: __itt_model_site_beginAL
32101 : 0x11c7af1e8777ff : 2 : ittapi_config_apply_per_lib :  ITTAPI function not implemented: __itt_model_task_beginA
32101 : 0x11c7af1e8788a3 : 2 : ittapi_config_apply_per_lib :  ITTAPI function not implemented: __itt_model_task_beginAL
32101 : 0x11c7af1e879601 : 2 : ittapi_config_apply_per_lib :  ITTAPI function not implemented: __itt_model_iteration_taskA
32101 : 0x11c7af1e87a3a5 : 2 : ittapi_config_apply_per_lib :  ITTAPI function not implemented: __itt_model_iteration_taskAL
32101 : 0x11c7af1e87b103 : 2 : ittapi_config_apply_per_lib :  ITTAPI function not implemented: __itt_model_site_end_2
32101 : 0x11c7af1e87bd4a : 2 : ittapi_config_apply_per_lib :  ITTAPI function not implemented: __itt_model_task_end_2
32101 : 0x11c7af1e87cc06 : 2 : ittapi_config_apply_per_lib :  ITTAPI function not implemented: __itt_model_lock_acquire_2
32101 : 0x11c7af1e87d8d8 : 2 : ittapi_config_apply_per_lib :  ITTAPI function not implemented: __itt_model_lock_release_2
32101 : 0x11c7af1e87e636 : 2 : ittapi_config_apply_per_lib :  ITTAPI function not implemented: __itt_model_aggregate_task
32101 : 0x11c7af1e87f309 : 2 : ittapi_config_apply_per_lib :  ITTAPI function not implemented: __itt_model_disable_push
32101 : 0x11c7af1e882124 : 2 : ittapi_config_apply_per_lib :  ITTAPI function not implemented: __itt_model_disable_pop
32101 : 0x11c7af1e883183 : 2 : ittapi_config_apply_per_lib :  ITTAPI function not implemented: __itt_heap_function_create
32101 : 0x11c7af1e883ee1 : 2 : ittapi_config_apply_per_lib :  ITTAPI function not implemented: __itt_heap_allocate_begin
32101 : 0x11c7af1e884bf9 : 2 : ittapi_config_apply_per_lib :  ITTAPI function not implemented: __itt_heap_allocate_end
32101 : 0x11c7af1e885a29 : 2 : ittapi_config_apply_per_lib :  ITTAPI function not implemented: __itt_heap_free_begin
32101 : 0x11c7af1e886859 : 2 : ittapi_config_apply_per_lib :  ITTAPI function not implemented: __itt_heap_free_end
32101 : 0x11c7af1e887688 : 2 : ittapi_config_apply_per_lib :  ITTAPI function not implemented: __itt_heap_reallocate_begin
32101 : 0x11c7af1e888472 : 2 : ittapi_config_apply_per_lib :  ITTAPI function not implemented: __itt_heap_reallocate_end
32101 : 0x11c7af1e8892a2 : 2 : ittapi_config_apply_per_lib :  ITTAPI function not implemented: __itt_heap_internal_access_begin
32101 : 0x11c7af1e88a000 : 2 : ittapi_config_apply_per_lib :  ITTAPI function not implemented: __itt_heap_internal_access_end
32101 : 0x11c7af1e88c978 : 2 : ittapi_config_apply_per_lib :  ITTAPI function not implemented: __itt_heap_record_memory_growth_begin
32101 : 0x11c7af1e88d905 : 2 : ittapi_config_apply_per_lib :  ITTAPI function not implemented: __itt_heap_record_memory_growth_end
32101 : 0x11c7af1e88e6a9 : 2 : ittapi_config_apply_per_lib :  ITTAPI function not implemented: __itt_heap_reset_detection
32101 : 0x11c7af1e88f3c2 : 2 : ittapi_config_apply_per_lib :  ITTAPI function not implemented: __itt_heap_record
32101 : 0x11c7af1e89004e : 2 : ittapi_config_apply_per_lib :  ITTAPI function not implemented: __itt_id_create
32101 : 0x11c7af1e890cdb : 2 : ittapi_config_apply_per_lib :  ITTAPI function not implemented: __itt_id_destroy
32101 : 0x11c7af1e891968 : 2 : ittapi_config_apply_per_lib :  ITTAPI function instrumented: __itt_get_timestamp
32101 : 0x11c7af1e8925af : 2 : ittapi_config_apply_per_lib :  ITTAPI function not implemented: __itt_region_begin
32101 : 0x11c7af1e8932c7 : 2 : ittapi_config_apply_per_lib :  ITTAPI function not implemented: __itt_region_end
32101 : 0x11c7af1e893e82 : 2 : ittapi_config_apply_per_lib :  ITTAPI function instrumented: __itt_frame_begin_v3
32101 : 0x11c7af1e897741 : 2 : ittapi_config_apply_per_lib :  ITTAPI function instrumented: __itt_frame_end_v3
32101 : 0x11c7af1e898571 : 2 : ittapi_config_apply_per_lib :  ITTAPI function instrumented: __itt_frame_submit_v3
32101 : 0x11c7af1e898bb7 : 2 : ittapi_config_apply_per_lib :  ITTAPI function NOT instrumented (not matched by --itt-config option): __itt_task_group

32101 : 0x11c7af1e899289 : 2 : ittapi_config_apply_per_lib :  ITTAPI function NOT instrumented (not matched by --itt-config option): __itt_task_begin

32101 : 0x11c7af1e899a2d : 2 : ittapi_config_apply_per_lib :  ITTAPI function NOT instrumented (not matched by --itt-config option): __itt_task_begin_fn

32101 : 0x11c7af1e89a0b9 : 2 : ittapi_config_apply_per_lib :  ITTAPI function NOT instrumented (not matched by --itt-config option): __itt_task_end

32101 : 0x11c7af1e89afba : 2 : ittapi_config_apply_per_lib :  ITTAPI function not implemented: __itt_counter_inc_v3
32101 : 0x11c7af1e89bd18 : 2 : ittapi_config_apply_per_lib :  ITTAPI function not implemented: __itt_counter_inc_delta_v3
32101 : 0x11c7af1e89ca77 : 2 : ittapi_config_apply_per_lib :  ITTAPI function not implemented: __itt_marker
32101 : 0x11c7af1e89d678 : 2 : ittapi_config_apply_per_lib :  ITTAPI function instrumented: __itt_metadata_add
32101 : 0x11c7af1e89fb92 : 2 : ittapi_config_apply_per_lib :  ITTAPI function not implemented: __itt_metadata_str_add
32101 : 0x11c7af1e8a0bf1 : 2 : ittapi_config_apply_per_lib :  ITTAPI function not implemented: __itt_relation_add_to_current
32101 : 0x11c7af1e8a1995 : 2 : ittapi_config_apply_per_lib :  ITTAPI function not implemented: __itt_relation_add
32101 : 0x11c7af1e8a2596 : 2 : ittapi_config_apply_per_lib :  ITTAPI function instrumented: __itt_event_create
32101 : 0x11c7af1e8a2b50 : 2 : ittapi_config_apply_per_lib :  ITTAPI function NOT instrumented (not matched by --itt-config option): __itt_event_start

32101 : 0x11c7af1e8a3268 : 2 : ittapi_config_apply_per_lib :  ITTAPI function NOT instrumented (not matched by --itt-config option): __itt_event_end

32101 : 0x11c7af1e8a38af : 2 : ittapi_config_apply_per_lib :  ITTAPI function NOT instrumented (not matched by --itt-config option): __itt_sync_set_name

32101 : 0x11c7af1e8a44b0 : 2 : ittapi_config_apply_per_lib :  ITTAPI function instrumented: __itt_notify_sync_name
32101 : 0x11c7af1e8a50b1 : 2 : ittapi_config_apply_per_lib :  ITTAPI function instrumented: __itt_notify_sync_prepare
32101 : 0x11c7af1e8a5be0 : 2 : ittapi_config_apply_per_lib :  ITTAPI function instrumented: __itt_notify_sync_cancel
32101 : 0x11c7af1e8a7d6f : 2 : ittapi_config_apply_per_lib :  ITTAPI function instrumented: __itt_notify_sync_acquired
32101 : 0x11c7af1e8a8acd : 2 : ittapi_config_apply_per_lib :  ITTAPI function instrumented: __itt_notify_sync_releasing
32101 : 0x11c7af1e8a982b : 2 : ittapi_config_apply_per_lib :  ITTAPI function not implemented: __itt_memory_read
32101 : 0x11c7af1e8aa5cf : 2 : ittapi_config_apply_per_lib :  ITTAPI function not implemented: __itt_memory_write
32101 : 0x11c7af1e8ab3b9 : 2 : ittapi_config_apply_per_lib :  ITTAPI function not implemented: __itt_memory_update
32101 : 0x11c7af1e8ac0d1 : 2 : ittapi_config_apply_per_lib :  ITTAPI function not implemented: __itt_state_get
32101 : 0x11c7af1e8acda4 : 2 : ittapi_config_apply_per_lib :  ITTAPI function not implemented: __itt_state_set
32101 : 0x11c7af1e8ada76 : 2 : ittapi_config_apply_per_lib :  ITTAPI function not implemented: __itt_obj_mode_set
32101 : 0x11c7af1e8ae703 : 2 : ittapi_config_apply_per_lib :  ITTAPI function not implemented: __itt_thr_mode_set
32101 : 0x11c7af1e8af279 : 2 : ittapi_config_apply_per_lib :  ITTAPI function instrumented: __itt_frame_create
32101 : 0x11c7af1e8b1d08 : 2 : ittapi_config_apply_per_lib :  ITTAPI function instrumented: __itt_frame_begin
32101 : 0x11c7af1e8b2a20 : 2 : ittapi_config_apply_per_lib :  ITTAPI function instrumented: __itt_frame_end
32101 : 0x11c7af1e8b3739 : 2 : ittapi_config_apply_per_lib :  ITTAPI function not implemented: __itt_counter_create
32101 : 0x11c7af1e8b4522 : 2 : ittapi_config_apply_per_lib :  ITTAPI function not implemented: __itt_counter_destroy
32101 : 0x11c7af1e8b523b : 2 : ittapi_config_apply_per_lib :  ITTAPI function not implemented: __itt_counter_inc
32101 : 0x11c7af1e8b606b : 2 : ittapi_config_apply_per_lib :  ITTAPI function not implemented: __itt_counter_inc_delta
32101 : 0x11c7af1e8b6e54 : 2 : ittapi_config_apply_per_lib :  ITTAPI function not implemented: __itt_mark_create
32101 : 0x11c7af1e8b7b27 : 2 : ittapi_config_apply_per_lib :  ITTAPI function not implemented: __itt_mark
32101 : 0x11c7af1e8b883f : 2 : ittapi_config_apply_per_lib :  ITTAPI function not implemented: __itt_mark_off
32101 : 0x11c7af1e8b959e : 2 : ittapi_config_apply_per_lib :  ITTAPI function not implemented: __itt_mark_global
32101 : 0x11c7af1e8bbb8a : 2 : ittapi_config_apply_per_lib :  ITTAPI function not implemented: __itt_mark_global_off
32101 : 0x11c7af1e8bc9b9 : 2 : ittapi_config_apply_per_lib :  ITTAPI function instrumented: __itt_stack_caller_create
32101 : 0x11c7af1e8bd600 : 2 : ittapi_config_apply_per_lib :  ITTAPI function instrumented: __itt_stack_caller_destroy
32101 : 0x11c7af1e8be130 : 2 : ittapi_config_apply_per_lib :  ITTAPI function instrumented: __itt_stack_callee_enter
32101 : 0x11c7af1e8bec19 : 2 : ittapi_config_apply_per_lib :  ITTAPI function instrumented: __itt_stack_callee_leave
32101 : 0x11c7af1e8bf860 : 2 : ittapi_config_apply_per_lib :  ITTAPI function not implemented: __itt_clock_domain_create
32101 : 0x11c7af1e8c0604 : 2 : ittapi_config_apply_per_lib :  ITTAPI function not implemented: __itt_clock_domain_reset
32101 : 0x11c7af1e8c12d7 : 2 : ittapi_config_apply_per_lib :  ITTAPI function not implemented: __itt_id_create_ex
32101 : 0x11c7af1e8c2035 : 2 : ittapi_config_apply_per_lib :  ITTAPI function not implemented: __itt_id_destroy_ex
32101 : 0x11c7af1e8c267b : 2 : ittapi_config_apply_per_lib :  ITTAPI function NOT instrumented (not matched by --itt-config option): __itt_task_begin_ex

32101 : 0x11c7af1e8c4020 : 2 : ittapi_config_apply_per_lib :  ITTAPI function NOT instrumented (not matched by --itt-config option): __itt_task_begin_fn_ex

32101 : 0x11c7af1e8c4850 : 2 : ittapi_config_apply_per_lib :  ITTAPI function NOT instrumented (not matched by --itt-config option): __itt_task_end_ex

32101 : 0x11c7af1e8c4e96 : 2 : ittapi_config_apply_per_lib :  ITTAPI function NOT instrumented (not matched by --itt-config option): __itt_task_begin_overlapped

32101 : 0x11c7af1e8c5496 : 2 : ittapi_config_apply_per_lib :  ITTAPI function NOT instrumented (not matched by --itt-config option): __itt_task_begin_overlapped_ex

32101 : 0x11c7af1e8c5a97 : 2 : ittapi_config_apply_per_lib :  ITTAPI function NOT instrumented (not matched by --itt-config option): __itt_task_end_overlapped

32101 : 0x11c7af1e8c60dd : 2 : ittapi_config_apply_per_lib :  ITTAPI function NOT instrumented (not matched by --itt-config option): __itt_task_end_overlapped_ex

32101 : 0x11c7af1e8c720d : 2 : ittapi_config_apply_per_lib :  ITTAPI function not implemented: __itt_marker_ex
32101 : 0x11c7af1e8c8154 : 2 : ittapi_config_apply_per_lib :  ITTAPI function not implemented: __itt_metadata_add_with_scope
32101 : 0x11c7af1e8c9056 : 2 : ittapi_config_apply_per_lib :  ITTAPI function not implemented: __itt_metadata_str_add_with_scope
32101 : 0x11c7af1e8c9f11 : 2 : ittapi_config_apply_per_lib :  ITTAPI function not implemented: __itt_relation_add_to_current_ex
32101 : 0x11c7af1e8cc42c : 2 : ittapi_config_apply_per_lib :  ITTAPI function not implemented: __itt_relation_add_ex
32101 : 0x11c7af1e8cd32d : 2 : ittapi_config_apply_per_lib :  ITTAPI function not implemented: __itt_track_group_create
32101 : 0x11c7af1e8ce0d1 : 2 : ittapi_config_apply_per_lib :  ITTAPI function not implemented: __itt_track_create
32101 : 0x11c7af1e8cede9 : 2 : ittapi_config_apply_per_lib :  ITTAPI function not implemented: __itt_set_track
32101 : 0x11c7af1e8cf9ea : 2 : ittapi_config_apply_per_lib :  ITTAPI function instrumented: __itt_api_version
32101 : 0x11c7af1e8d0631 : 2 : ittapi_config_apply_per_lib :  ITTAPI function not implemented: __itt_av_save
32101 : 0x11c7af1ec84692 : 2 : ittapi_config_mask_get :  --itt-config mask to be applied: 17
32101 : 0x11c7af1ec85d37 : 2 : ittapi_config_apply_per_lib :  ITTAPI function instrumented: __itt_domain_create
32101 : 0x11c7af1ec869c3 : 2 : ittapi_config_apply_per_lib :  ITTAPI function instrumented: __itt_string_handle_create
32101 : 0x11c7af1ec8760a : 2 : ittapi_config_apply_per_lib :  ITTAPI function instrumented: __itt_pause
32101 : 0x11c7af1ec8c528 : 2 : ittapi_config_apply_per_lib :  ITTAPI function instrumented: __itt_resume
32101 : 0x11c7af1ec8d39e : 2 : ittapi_config_apply_per_lib :  ITTAPI function instrumented: __itt_thread_set_name
32101 : 0x11c7af1ec8df9f : 2 : ittapi_config_apply_per_lib :  ITTAPI function instrumented: __itt_thread_ignore
32101 : 0x11c7af1ec8eb5a : 2 : ittapi_config_apply_per_lib :  ITTAPI function instrumented: __itt_thr_name_set
32101 : 0x11c7af1ec8f715 : 2 : ittapi_config_apply_per_lib :  ITTAPI function instrumented: __itt_thr_ignore
32101 : 0x11c7af1ec90774 : 2 : ittapi_config_apply_per_lib :  ITTAPI function not implemented: __itt_enable_attach
32101 : 0x11c7af1ec90ed1 : 2 : ittapi_config_apply_per_lib :  ITTAPI function NOT instrumented (not matched by --itt-config option): __itt_sync_create

32101 : 0x11c7af1ec915e9 : 2 : ittapi_config_apply_per_lib :  ITTAPI function NOT instrumented (not matched by --itt-config option): __itt_sync_rename

32101 : 0x11c7af1ec91c30 : 2 : ittapi_config_apply_per_lib :  ITTAPI function NOT instrumented (not matched by --itt-config option): __itt_sync_destroy

32101 : 0x11c7af1ec92230 : 2 : ittapi_config_apply_per_lib :  ITTAPI function NOT instrumented (not matched by --itt-config option): __itt_sync_prepare

32101 : 0x11c7af1ec9421c : 2 : ittapi_config_apply_per_lib :  ITTAPI function NOT instrumented (not matched by --itt-config option): __itt_sync_cancel

32101 : 0x11c7af1ec949bf : 2 : ittapi_config_apply_per_lib :  ITTAPI function NOT instrumented (not matched by --itt-config option): __itt_sync_acquired

32101 : 0x11c7af1ec9504b : 2 : ittapi_config_apply_per_lib :  ITTAPI function NOT instrumented (not matched by --itt-config option): __itt_sync_releasing

32101 : 0x11c7af1ec96364 : 2 : ittapi_config_apply_per_lib :  ITTAPI function not implemented: __itt_suppress_push
32101 : 0x11c7af1ec97265 : 2 : ittapi_config_apply_per_lib :  ITTAPI function not implemented: __itt_suppress_pop
32101 : 0x11c7af1ec980db : 2 : ittapi_config_apply_per_lib :  ITTAPI function not implemented: __itt_suppress_mark_range
32101 : 0x11c7af1ec98e7f : 2 : ittapi_config_apply_per_lib :  ITTAPI function not implemented: __itt_suppress_clear_range
32101 : 0x11c7af1ec99480 : 2 : ittapi_config_apply_per_lib :  ITTAPI function NOT instrumented (not matched by --itt-config option): __itt_sync_prepare

32101 : 0x11c7af1ec99b0c : 2 : ittapi_config_apply_per_lib :  ITTAPI function NOT instrumented (not matched by --itt-config option): __itt_sync_cancel

32101 : 0x11c7af1ec9a152 : 2 : ittapi_config_apply_per_lib :  ITTAPI function NOT instrumented (not matched by --itt-config option): __itt_sync_acquired

32101 : 0x11c7af1ec9bc54 : 2 : ittapi_config_apply_per_lib :  ITTAPI function NOT instrumented (not matched by --itt-config option): __itt_sync_releasing

32101 : 0x11c7af1ec9ce9c : 2 : ittapi_config_apply_per_lib :  ITTAPI function not implemented: __itt_model_site_begin
32101 : 0x11c7af1ec9dc86 : 2 : ittapi_config_apply_per_lib :  ITTAPI function not implemented: __itt_model_site_end
32101 : 0x11c7af1ec9e9e4 : 2 : ittapi_config_apply_per_lib :  ITTAPI function not implemented: __itt_model_task_begin
32101 : 0x11c7af1ec9f6fc : 2 : ittapi_config_apply_per_lib :  ITTAPI function not implemented: __itt_model_task_end
32101 : 0x11c7af1eca0415 : 2 : ittapi_config_apply_per_lib :  ITTAPI function not implemented: __itt_model_lock_acquire
32101 : 0x11c7af1eca11b9 : 2 : ittapi_config_apply_per_lib :  ITTAPI function not implemented: __itt_model_lock_release
32101 : 0x11c7af1eca1e8b : 2 : ittapi_config_apply_per_lib :  ITTAPI function not implemented: __itt_model_record_allocation
32101 : 0x11c7af1eca2c75 : 2 : ittapi_config_apply_per_lib :  ITTAPI function not implemented: __itt_model_record_deallocation
32101 : 0x11c7af1eca39d3 : 2 : ittapi_config_apply_per_lib :  ITTAPI function not implemented: __itt_model_induction_uses
32101 : 0x11c7af1eca68c0 : 2 : ittapi_config_apply_per_lib :  ITTAPI function not implemented: __itt_model_reduction_uses
32101 : 0x11c7af1eca784d : 2 : ittapi_config_apply_per_lib :  ITTAPI function not implemented: __itt_model_observe_uses
32101 : 0x11c7af1eca8637 : 2 : ittapi_config_apply_per_lib :  ITTAPI function not implemented: __itt_model_clear_uses
32101 : 0x11c7af1eca934f : 2 : ittapi_config_apply_per_lib :  ITTAPI function not implemented: __itt_model_site_beginA
32101 : 0x11c7af1ecaa022 : 2 : ittapi_config_apply_per_lib :  ITTAPI function not implemented: __itt_model_site_beginAL
32101 : 0x11c7af1ecaad80 : 2 : ittapi_config_apply_per_lib :  ITTAPI function not implemented: __itt_model_task_beginA
32101 : 0x11c7af1ecaba98 : 2 : ittapi_config_apply_per_lib :  ITTAPI function not implemented: __itt_model_task_beginAL
32101 : 0x11c7af1ecac7b1 : 2 : ittapi_config_apply_per_lib :  ITTAPI function not implemented: __itt_model_iteration_taskA
32101 : 0x11c7af1ecad50f : 2 : ittapi_config_apply_per_lib :  ITTAPI function not implemented: __itt_model_iteration_taskAL
32101 : 0x11c7af1ecae1e2 : 2 : ittapi_config_apply_per_lib :  ITTAPI function not implemented: __itt_model_site_end_2
32101 : 0x11c7af1ecb06fc : 2 : ittapi_config_apply_per_lib :  ITTAPI function not implemented: __itt_model_task_end_2
32101 : 0x11c7af1ecb1689 : 2 : ittapi_config_apply_per_lib :  ITTAPI function not implemented: __itt_model_lock_acquire_2
32101 : 0x11c7af1ecb242d : 2 : ittapi_config_apply_per_lib :  ITTAPI function not implemented: __itt_model_lock_release_2
32101 : 0x11c7af1ecb3100 : 2 : ittapi_config_apply_per_lib :  ITTAPI function not implemented: __itt_model_aggregate_task
32101 : 0x11c7af1ecb3dd2 : 2 : ittapi_config_apply_per_lib :  ITTAPI function not implemented: __itt_model_disable_push
32101 : 0x11c7af1ecb4aa5 : 2 : ittapi_config_apply_per_lib :  ITTAPI function not implemented: __itt_model_disable_pop
32101 : 0x11c7af1ecb5777 : 2 : ittapi_config_apply_per_lib :  ITTAPI function not implemented: __itt_heap_function_create
32101 : 0x11c7af1ecb644a : 2 : ittapi_config_apply_per_lib :  ITTAPI function not implemented: __itt_heap_allocate_begin
32101 : 0x11c7af1ecb7091 : 2 : ittapi_config_apply_per_lib :  ITTAPI function not implemented: __itt_heap_allocate_end
32101 : 0x11c7af1ecb7def : 2 : ittapi_config_apply_per_lib :  ITTAPI function not implemented: __itt_heap_free_begin
32101 : 0x11c7af1ecba27e : 2 : ittapi_config_apply_per_lib :  ITTAPI function not implemented: __itt_heap_free_end
32101 : 0x11c7af1ecbb20b : 2 : ittapi_config_apply_per_lib :  ITTAPI function not implemented: __itt_heap_reallocate_begin
32101 : 0x11c7af1ecbbff4 : 2 : ittapi_config_apply_per_lib :  ITTAPI function not implemented: __itt_heap_reallocate_end
32101 : 0x11c7af1ecbcd99 : 2 : ittapi_config_apply_per_lib :  ITTAPI function not implemented: __itt_heap_internal_access_begin
32101 : 0x11c7af1ecbdab1 : 2 : ittapi_config_apply_per_lib :  ITTAPI function not implemented: __itt_heap_internal_access_end
32101 : 0x11c7af1ecbe89b : 2 : ittapi_config_apply_per_lib :  ITTAPI function not implemented: __itt_heap_record_memory_growth_begin
32101 : 0x11c7af1ecbf5f9 : 2 : ittapi_config_apply_per_lib :  ITTAPI function not implemented: __itt_heap_record_memory_growth_end
32101 : 0x11c7af1ecc02cc : 2 : ittapi_config_apply_per_lib :  ITTAPI function not implemented: __itt_heap_reset_detection
32101 : 0x11c7af1ecc0f9e : 2 : ittapi_config_apply_per_lib :  ITTAPI function not implemented: __itt_heap_record
32101 : 0x11c7af1ecc1c2b : 2 : ittapi_config_apply_per_lib :  ITTAPI function not implemented: __itt_id_create
32101 : 0x11c7af1ecc4d46 : 2 : ittapi_config_apply_per_lib :  ITTAPI function not implemented: __itt_id_destroy
32101 : 0x11c7af1ecc5b76 : 2 : ittapi_config_apply_per_lib :  ITTAPI function instrumented: __itt_get_timestamp
32101 : 0x11c7af1ecc6803 : 2 : ittapi_config_apply_per_lib :  ITTAPI function not implemented: __itt_region_begin
32101 : 0x11c7af1ecc74d5 : 2 : ittapi_config_apply_per_lib :  ITTAPI function not implemented: __itt_region_end
32101 : 0x11c7af1ecc8090 : 2 : ittapi_config_apply_per_lib :  ITTAPI function instrumented: __itt_frame_begin_v3
32101 : 0x11c7af1ecc8bc0 : 2 : ittapi_config_apply_per_lib :  ITTAPI function instrumented: __itt_frame_end_v3
32101 : 0x11c7af1ecc977b : 2 : ittapi_config_apply_per_lib :  ITTAPI function instrumented: __itt_frame_submit_v3
32101 : 0x11c7af1ecc9d7c : 2 : ittapi_config_apply_per_lib :  ITTAPI function NOT instrumented (not matched by --itt-config option): __itt_task_group

32101 : 0x11c7af1ecca408 : 2 : ittapi_config_apply_per_lib :  ITTAPI function NOT instrumented (not matched by --itt-config option): __itt_task_begin

32101 : 0x11c7af1eccaa08 : 2 : ittapi_config_apply_per_lib :  ITTAPI function NOT instrumented (not matched by --itt-config option): __itt_task_begin_fn

32101 : 0x11c7af1eccc596 : 2 : ittapi_config_apply_per_lib :  ITTAPI function NOT instrumented (not matched by --itt-config option): __itt_task_end

32101 : 0x11c7af1eccd798 : 2 : ittapi_config_apply_per_lib :  ITTAPI function not implemented: __itt_counter_inc_v3
32101 : 0x11c7af1ecce4f6 : 2 : ittapi_config_apply_per_lib :  ITTAPI function not implemented: __itt_counter_inc_delta_v3
32101 : 0x11c7af1eccf254 : 2 : ittapi_config_apply_per_lib :  ITTAPI function not implemented: __itt_marker
32101 : 0x11c7af1eccfe0f : 2 : ittapi_config_apply_per_lib :  ITTAPI function instrumented: __itt_metadata_add
32101 : 0x11c7af1ecd0a9c : 2 : ittapi_config_apply_per_lib :  ITTAPI function not implemented: __itt_metadata_str_add
32101 : 0x11c7af1ecd1729 : 2 : ittapi_config_apply_per_lib :  ITTAPI function not implemented: __itt_relation_add_to_current
32101 : 0x11c7af1ecd23b5 : 2 : ittapi_config_apply_per_lib :  ITTAPI function not implemented: __itt_relation_add
32101 : 0x11c7af1ecd2f2b : 2 : ittapi_config_apply_per_lib :  ITTAPI function instrumented: __itt_event_create
32101 : 0x11c7af1ecd34e5 : 2 : ittapi_config_apply_per_lib :  ITTAPI function NOT instrumented (not matched by --itt-config option): __itt_event_start

32101 : 0x11c7af1ecd4e8b : 2 : ittapi_config_apply_per_lib :  ITTAPI function NOT instrumented (not matched by --itt-config option): __itt_event_end

32101 : 0x11c7af1ecd562e : 2 : ittapi_config_apply_per_lib :  ITTAPI function NOT instrumented (not matched by --itt-config option): __itt_sync_set_name

32101 : 0x11c7af1ecd638c : 2 : ittapi_config_apply_per_lib :  ITTAPI function instrumented: __itt_notify_sync_name
32101 : 0x11c7af1ecd6f02 : 2 : ittapi_config_apply_per_lib :  ITTAPI function instrumented: __itt_notify_sync_prepare
32101 : 0x11c7af1ecd7a31 : 2 : ittapi_config_apply_per_lib :  ITTAPI function instrumented: __itt_notify_sync_cancel
32101 : 0x11c7af1ecd85a6 : 2 : ittapi_config_apply_per_lib :  ITTAPI function instrumented: __itt_notify_sync_acquired
32101 : 0x11c7af1ecd90d6 : 2 : ittapi_config_apply_per_lib :  ITTAPI function instrumented: __itt_notify_sync_releasing
32101 : 0x11c7af1ecd9dee : 2 : ittapi_config_apply_per_lib :  ITTAPI function not implemented: __itt_memory_read
32101 : 0x11c7af1ecdab92 : 2 : ittapi_config_apply_per_lib :  ITTAPI function not implemented: __itt_memory_write
32101 : 0x11c7af1ecdb865 : 2 : ittapi_config_apply_per_lib :  ITTAPI function not implemented: __itt_memory_update
32101 : 0x11c7af1ecddcae : 2 : ittapi_config_apply_per_lib :  ITTAPI function not implemented: __itt_state_get
32101 : 0x11c7af1ecdebaf : 2 : ittapi_config_apply_per_lib :  ITTAPI function not implemented: __itt_state_set
32101 : 0x11c7af1ecdf90d : 2 : ittapi_config_apply_per_lib :  ITTAPI function not implemented: __itt_obj_mode_set
32101 : 0x11c7af1ece059a : 2 : ittapi_config_apply_per_lib :  ITTAPI function not implemented: __itt_thr_mode_set
32101 : 0x11c7af1ece1155 : 2 : ittapi_config_apply_per_lib :  ITTAPI function instrumented: __itt_frame_create
32101 : 0x11c7af1ece1c85 : 2 : ittapi_config_apply_per_lib :  ITTAPI function instrumented: __itt_frame_begin
32101 : 0x11c7af1ece27fa : 2 : ittapi_config_apply_per_lib :  ITTAPI function instrumented: __itt_frame_end
32101 : 0x11c7af1ece3487 : 2 : ittapi_config_apply_per_lib :  ITTAPI function not implemented: __itt_counter_create
32101 : 0x11c7af1ece4159 : 2 : ittapi_config_apply_per_lib :  ITTAPI function not implemented: __itt_counter_destroy
32101 : 0x11c7af1ece4de6 : 2 : ittapi_config_apply_per_lib :  ITTAPI function not implemented: __itt_counter_inc
32101 : 0x11c7af1ece7cd3 : 2 : ittapi_config_apply_per_lib :  ITTAPI function not implemented: __itt_counter_inc_delta
32101 : 0x11c7af1ece8c1a : 2 : ittapi_config_apply_per_lib :  ITTAPI function not implemented: __itt_mark_create
32101 : 0x11c7af1ece9a8f : 2 : ittapi_config_apply_per_lib :  ITTAPI function not implemented: __itt_mark
32101 : 0x11c7af1ecea7ee : 2 : ittapi_config_apply_per_lib :  ITTAPI function not implemented: __itt_mark_off
32101 : 0x11c7af1eceb47a : 2 : ittapi_config_apply_per_lib :  ITTAPI function not implemented: __itt_mark_global
32101 : 0x11c7af1ecec193 : 2 : ittapi_config_apply_per_lib :  ITTAPI function not implemented: __itt_mark_global_off
32101 : 0x11c7af1ececd94 : 2 : ittapi_config_apply_per_lib :  ITTAPI function instrumented: __itt_stack_caller_create
32101 : 0x11c7af1eced909 : 2 : ittapi_config_apply_per_lib :  ITTAPI function instrumented: __itt_stack_caller_destroy
32101 : 0x11c7af1ecee439 : 2 : ittapi_config_apply_per_lib :  ITTAPI function instrumented: __itt_stack_callee_enter
32101 : 0x11c7af1eceef68 : 2 : ittapi_config_apply_per_lib :  ITTAPI function instrumented: __itt_stack_callee_leave
32101 : 0x11c7af1ecf13b1 : 2 : ittapi_config_apply_per_lib :  ITTAPI function not implemented: __itt_clock_domain_create
32101 : 0x11c7af1ecf22f8 : 2 : ittapi_config_apply_per_lib :  ITTAPI function not implemented: __itt_clock_domain_reset
32101 : 0x11c7af1ecf2f85 : 2 : ittapi_config_apply_per_lib :  ITTAPI function not implemented: __itt_id_create_ex
32101 : 0x11c7af1ecf3c9d : 2 : ittapi_config_apply_per_lib :  ITTAPI function not implemented: __itt_id_destroy_ex
32101 : 0x11c7af1ecf42e3 : 2 : ittapi_config_apply_per_lib :  ITTAPI function NOT instrumented (not matched by --itt-config option): __itt_task_begin_ex

32101 : 0x11c7af1ecf48e4 : 2 : ittapi_config_apply_per_lib :  ITTAPI function NOT instrumented (not matched by --itt-config option): __itt_task_begin_fn_ex

32101 : 0x11c7af1ecf4ee4 : 2 : ittapi_config_apply_per_lib :  ITTAPI function NOT instrumented (not matched by --itt-config option): __itt_task_end_ex

32101 : 0x11c7af1ecf552b : 2 : ittapi_config_apply_per_lib :  ITTAPI function NOT instrumented (not matched by --itt-config option): __itt_task_begin_overlapped

32101 : 0x11c7af1ecf5b2b : 2 : ittapi_config_apply_per_lib :  ITTAPI function NOT instrumented (not matched by --itt-config option): __itt_task_begin_overlapped_ex

32101 : 0x11c7af1ecf612c : 2 : ittapi_config_apply_per_lib :  ITTAPI function NOT instrumented (not matched by --itt-config option): __itt_task_end_overlapped

32101 : 0x11c7af1ecf7b17 : 2 : ittapi_config_apply_per_lib :  ITTAPI function NOT instrumented (not matched by --itt-config option): __itt_task_end_overlapped_ex

32101 : 0x11c7af1ecf8d5e : 2 : ittapi_config_apply_per_lib :  ITTAPI function not implemented: __itt_marker_ex
32101 : 0x11c7af1ecf9bd4 : 2 : ittapi_config_apply_per_lib :  ITTAPI function not implemented: __itt_metadata_add_with_scope
32101 : 0x11c7af1ecfa9be : 2 : ittapi_config_apply_per_lib :  ITTAPI function not implemented: __itt_metadata_str_add_with_scope
32101 : 0x11c7af1ecfb762 : 2 : ittapi_config_apply_per_lib :  ITTAPI function not implemented: __itt_relation_add_to_current_ex
32101 : 0x11c7af1ecfc434 : 2 : ittapi_config_apply_per_lib :  ITTAPI function not implemented: __itt_relation_add_ex
32101 : 0x11c7af1ecfd14d : 2 : ittapi_config_apply_per_lib :  ITTAPI function not implemented: __itt_track_group_create
32101 : 0x11c7af1ecfddd9 : 2 : ittapi_config_apply_per_lib :  ITTAPI function not implemented: __itt_track_create
32101 : 0x11c7af1ecfeaac : 2 : ittapi_config_apply_per_lib :  ITTAPI function not implemented: __itt_set_track
32101 : 0x11c7af1ecff621 : 2 : ittapi_config_apply_per_lib :  ITTAPI function instrumented: __itt_api_version
32101 : 0x11c7af1ed02299 : 2 : ittapi_config_apply_per_lib :  ITTAPI function not implemented: __itt_av_save
32101 : 0x11c7af323a494a : 2 : ittapi_config_mask_get :  --itt-config mask to be applied: 17
32101 : 0x11c7af323a7f94 : 2 : ittapi_config_apply_per_lib :  ITTAPI function instrumented: __itt_domain_create
32101 : 0x11c7af323a8f21 : 2 : ittapi_config_apply_per_lib :  ITTAPI function instrumented: __itt_string_handle_create
32101 : 0x11c7af323aa00b : 2 : ittapi_config_apply_per_lib :  ITTAPI function instrumented: __itt_pause
32101 : 0x11c7af323aacde : 2 : ittapi_config_apply_per_lib :  ITTAPI function instrumented: __itt_resume
32101 : 0x11c7af323abb53 : 2 : ittapi_config_apply_per_lib :  ITTAPI function instrumented: __itt_thread_set_name
32101 : 0x11c7af323ac70e : 2 : ittapi_config_apply_per_lib :  ITTAPI function instrumented: __itt_thread_ignore
32101 : 0x11c7af323ad46d : 2 : ittapi_config_apply_per_lib :  ITTAPI function instrumented: __itt_thr_name_set
32101 : 0x11c7af323ae06e : 2 : ittapi_config_apply_per_lib :  ITTAPI function instrumented: __itt_thr_ignore
32101 : 0x11c7af323b9c20 : 2 : ittapi_config_apply_per_lib :  ITTAPI function not implemented: __itt_enable_attach
32101 : 0x11c7af323ba567 : 2 : ittapi_config_apply_per_lib :  ITTAPI function NOT instrumented (not matched by --itt-config option): __itt_sync_create

32101 : 0x11c7af323baef3 : 2 : ittapi_config_apply_per_lib :  ITTAPI function NOT instrumented (not matched by --itt-config option): __itt_sync_rename

32101 : 0x11c7af323bb723 : 2 : ittapi_config_apply_per_lib :  ITTAPI function NOT instrumented (not matched by --itt-config option): __itt_sync_destroy

32101 : 0x11c7af323bbdaf : 2 : ittapi_config_apply_per_lib :  ITTAPI function NOT instrumented (not matched by --itt-config option): __itt_sync_prepare

32101 : 0x11c7af323bc481 : 2 : ittapi_config_apply_per_lib :  ITTAPI function NOT instrumented (not matched by --itt-config option): __itt_sync_cancel

32101 : 0x11c7af323bcbdf : 2 : ittapi_config_apply_per_lib :  ITTAPI function NOT instrumented (not matched by --itt-config option): __itt_sync_acquired

32101 : 0x11c7af323bd49a : 2 : ittapi_config_apply_per_lib :  ITTAPI function NOT instrumented (not matched by --itt-config option): __itt_sync_releasing

32101 : 0x11c7af323be727 : 2 : ittapi_config_apply_per_lib :  ITTAPI function not implemented: __itt_suppress_push
32101 : 0x11c7af323bf7cb : 2 : ittapi_config_apply_per_lib :  ITTAPI function not implemented: __itt_suppress_pop
32101 : 0x11c7af323c2372 : 2 : ittapi_config_apply_per_lib :  ITTAPI function not implemented: __itt_suppress_mark_range
32101 : 0x11c7af323c338a : 2 : ittapi_config_apply_per_lib :  ITTAPI function not implemented: __itt_suppress_clear_range
32101 : 0x11c7af323c3aa2 : 2 : ittapi_config_apply_per_lib :  ITTAPI function NOT instrumented (not matched by --itt-config option): __itt_sync_prepare

32101 : 0x11c7af323c40a3 : 2 : ittapi_config_apply_per_lib :  ITTAPI function NOT instrumented (not matched by --itt-config option): __itt_sync_cancel

32101 : 0x11c7af323c465d : 2 : ittapi_config_apply_per_lib :  ITTAPI function NOT instrumented (not matched by --itt-config option): __itt_sync_acquired

32101 : 0x11c7af323c4cea : 2 : ittapi_config_apply_per_lib :  ITTAPI function NOT instrumented (not matched by --itt-config option): __itt_sync_releasing

32101 : 0x11c7af323c5b5f : 2 : ittapi_config_apply_per_lib :  ITTAPI function not implemented: __itt_model_site_begin
32101 : 0x11c7af323c6949 : 2 : ittapi_config_apply_per_lib :  ITTAPI function not implemented: __itt_model_site_end
32101 : 0x11c7af323c76a7 : 2 : ittapi_config_apply_per_lib :  ITTAPI function not implemented: __itt_model_task_begin
32101 : 0x11c7af323c83c0 : 2 : ittapi_config_apply_per_lib :  ITTAPI function not implemented: __itt_model_task_end
32101 : 0x11c7af323cc27f : 2 : ittapi_config_apply_per_lib :  ITTAPI function not implemented: __itt_model_lock_acquire
32101 : 0x11c7af323cd252 : 2 : ittapi_config_apply_per_lib :  ITTAPI function not implemented: __itt_model_lock_release
32101 : 0x11c7af323ce03c : 2 : ittapi_config_apply_per_lib :  ITTAPI function not implemented: __itt_model_record_allocation
32101 : 0x11c7af323ced9a : 2 : ittapi_config_apply_per_lib :  ITTAPI function not implemented: __itt_model_record_deallocation
32101 : 0x11c7af323cfab2 : 2 : ittapi_config_apply_per_lib :  ITTAPI function not implemented: __itt_model_induction_uses
32101 : 0x11c7af323d073f : 2 : ittapi_config_apply_per_lib :  ITTAPI function not implemented: __itt_model_reduction_uses
32101 : 0x11c7af323d1458 : 2 : ittapi_config_apply_per_lib :  ITTAPI function not implemented: __itt_model_observe_uses
32101 : 0x11c7af323d2359 : 2 : ittapi_config_apply_per_lib :  ITTAPI function not implemented: __itt_model_clear_uses
32101 : 0x11c7af323d3189 : 2 : ittapi_config_apply_per_lib :  ITTAPI function not implemented: __itt_model_site_beginA
32101 : 0x11c7af323d3e5b : 2 : ittapi_config_apply_per_lib :  ITTAPI function not implemented: __itt_model_site_beginAL
32101 : 0x11c7af323d6630 : 2 : ittapi_config_apply_per_lib :  ITTAPI function not implemented: __itt_model_task_beginA
32101 : 0x11c7af323d7531 : 2 : ittapi_config_apply_per_lib :  ITTAPI function not implemented: __itt_model_task_beginAL
32101 : 0x11c7af323d828f : 2 : ittapi_config_apply_per_lib :  ITTAPI function not implemented: __itt_model_iteration_taskA
32101 : 0x11c7af323d8f62 : 2 : ittapi_config_apply_per_lib :  ITTAPI function not implemented: __itt_model_iteration_taskAL
32101 : 0x11c7af323d9bef : 2 : ittapi_config_apply_per_lib :  ITTAPI function not implemented: __itt_model_site_end_2
32101 : 0x11c7af323da87b : 2 : ittapi_config_apply_per_lib :  ITTAPI function not implemented: __itt_model_task_end_2
32101 : 0x11c7af323db6f1 : 2 : ittapi_config_apply_per_lib :  ITTAPI function not implemented: __itt_model_lock_acquire_2
32101 : 0x11c7af323dc4db : 2 : ittapi_config_apply_per_lib :  ITTAPI function not implemented: __itt_model_lock_release_2
32101 : 0x11c7af323dd1ad : 2 : ittapi_config_apply_per_lib :  ITTAPI function not implemented: __itt_model_aggregate_task
32101 : 0x11c7af323dde3a : 2 : ittapi_config_apply_per_lib :  ITTAPI function not implemented: __itt_model_disable_push
32101 : 0x11c7af323e023d : 2 : ittapi_config_apply_per_lib :  ITTAPI function not implemented: __itt_model_disable_pop
32101 : 0x11c7af323e1210 : 2 : ittapi_config_apply_per_lib :  ITTAPI function not implemented: __itt_heap_function_create
32101 : 0x11c7af323e1f28 : 2 : ittapi_config_apply_per_lib :  ITTAPI function not implemented: __itt_heap_allocate_begin
32101 : 0x11c7af323e2b6f : 2 : ittapi_config_apply_per_lib :  ITTAPI function not implemented: __itt_heap_allocate_end
32101 : 0x11c7af323e38cd : 2 : ittapi_config_apply_per_lib :  ITTAPI function not implemented: __itt_heap_free_begin
32101 : 0x11c7af323e4671 : 2 : ittapi_config_apply_per_lib :  ITTAPI function not implemented: __itt_heap_free_end
32101 : 0x11c7af323e545b : 2 : ittapi_config_apply_per_lib :  ITTAPI function not implemented: __itt_heap_reallocate_begin
32101 : 0x11c7af323e612e : 2 : ittapi_config_apply_per_lib :  ITTAPI function not implemented: __itt_heap_reallocate_end
32101 : 0x11c7af323e6e46 : 2 : ittapi_config_apply_per_lib :  ITTAPI function not implemented: __itt_heap_internal_access_begin
32101 : 0x11c7af323e7b5f : 2 : ittapi_config_apply_per_lib :  ITTAPI function not implemented: __itt_heap_internal_access_end
32101 : 0x11c7af323ea1d6 : 2 : ittapi_config_apply_per_lib :  ITTAPI function not implemented: __itt_heap_record_memory_growth_begin
32101 : 0x11c7af323eb0d8 : 2 : ittapi_config_apply_per_lib :  ITTAPI function not implemented: __itt_heap_record_memory_growth_end
32101 : 0x11c7af323ebe36 : 2 : ittapi_config_apply_per_lib :  ITTAPI function not implemented: __itt_heap_reset_detection
32101 : 0x11c7af323ecb4e : 2 : ittapi_config_apply_per_lib :  ITTAPI function not implemented: __itt_heap_record
32101 : 0x11c7af323ed821 : 2 : ittapi_config_apply_per_lib :  ITTAPI function not implemented: __itt_id_create
32101 : 0x11c7af323ee4ad : 2 : ittapi_config_apply_per_lib :  ITTAPI function not implemented: __itt_id_destroy
32101 : 0x11c7af323ef069 : 2 : ittapi_config_apply_per_lib :  ITTAPI function instrumented: __itt_get_timestamp
32101 : 0x11c7af323efcaf : 2 : ittapi_config_apply_per_lib :  ITTAPI function not implemented: __itt_region_begin
32101 : 0x11c7af323f08b0 : 2 : ittapi_config_apply_per_lib :  ITTAPI function not implemented: __itt_region_end
32101 : 0x11c7af323f146c : 2 : ittapi_config_apply_per_lib :  ITTAPI function instrumented: __itt_frame_begin_v3
32101 : 0x11c7af323f41fb : 2 : ittapi_config_apply_per_lib :  ITTAPI function instrumented: __itt_frame_end_v3
32101 : 0x11c7af323f5071 : 2 : ittapi_config_apply_per_lib :  ITTAPI function instrumented: __itt_frame_submit_v3
32101 : 0x11c7af323f5671 : 2 : ittapi_config_apply_per_lib :  ITTAPI function NOT instrumented (not matched by --itt-config option): __itt_task_group

32101 : 0x11c7af323f5d43 : 2 : ittapi_config_apply_per_lib :  ITTAPI function NOT instrumented (not matched by --itt-config option): __itt_task_begin

32101 : 0x11c7af323f638a : 2 : ittapi_config_apply_per_lib :  ITTAPI function NOT instrumented (not matched by --itt-config option): __itt_task_begin_fn

32101 : 0x11c7af323f6a5c : 2 : ittapi_config_apply_per_lib :  ITTAPI function NOT instrumented (not matched by --itt-config option): __itt_task_end

32101 : 0x11c7af323f788b : 2 : ittapi_config_apply_per_lib :  ITTAPI function not implemented: __itt_counter_inc_v3
32101 : 0x11c7af323f862f : 2 : ittapi_config_apply_per_lib :  ITTAPI function not implemented: __itt_counter_inc_delta_v3
32101 : 0x11c7af323f9348 : 2 : ittapi_config_apply_per_lib :  ITTAPI function not implemented: __itt_marker
32101 : 0x11c7af323f9f49 : 2 : ittapi_config_apply_per_lib :  ITTAPI function instrumented: __itt_metadata_add
32101 : 0x11c7af323fc463 : 2 : ittapi_config_apply_per_lib :  ITTAPI function not implemented: __itt_metadata_str_add
32101 : 0x11c7af323fd3f0 : 2 : ittapi_config_apply_per_lib :  ITTAPI function not implemented: __itt_relation_add_to_current
32101 : 0x11c7af323fe14e : 2 : ittapi_config_apply_per_lib :  ITTAPI function not implemented: __itt_relation_add
32101 : 0x11c7af323fec7e : 2 : ittapi_config_apply_per_lib :  ITTAPI function instrumented: __itt_event_create
32101 : 0x11c7af323ff27e : 2 : ittapi_config_apply_per_lib :  ITTAPI function NOT instrumented (not matched by --itt-config option): __itt_event_start

32101 : 0x11c7af323ff90b : 2 : ittapi_config_apply_per_lib :  ITTAPI function NOT instrumented (not matched by --itt-config option): __itt_event_end

32101 : 0x11c7af323fff0b : 2 : ittapi_config_apply_per_lib :  ITTAPI function NOT instrumented (not matched by --itt-config option): __itt_sync_set_name

32101 : 0x11c7af32400a80 : 2 : ittapi_config_apply_per_lib :  ITTAPI function instrumented: __itt_notify_sync_name
32101 : 0x11c7af32401681 : 2 : ittapi_config_apply_per_lib :  ITTAPI function instrumented: __itt_notify_sync_prepare
32101 : 0x11c7af3240230e : 2 : ittapi_config_apply_per_lib :  ITTAPI function instrumented: __itt_notify_sync_cancel
32101 : 0x11c7af32404528 : 2 : ittapi_config_apply_per_lib :  ITTAPI function instrumented: __itt_notify_sync_acquired
32101 : 0x11c7af324052cc : 2 : ittapi_config_apply_per_lib :  ITTAPI function instrumented: __itt_notify_sync_releasing
32101 : 0x11c7af32405f59 : 2 : ittapi_config_apply_per_lib :  ITTAPI function not implemented: __itt_memory_read
32101 : 0x11c7af32406c71 : 2 : ittapi_config_apply_per_lib :  ITTAPI function not implemented: __itt_memory_write
32101 : 0x11c7af3240798a : 2 : ittapi_config_apply_per_lib :  ITTAPI function not implemented: __itt_memory_update
32101 : 0x11c7af32408617 : 2 : ittapi_config_apply_per_lib :  ITTAPI function not implemented: __itt_state_get
32101 : 0x11c7af3240932f : 2 : ittapi_config_apply_per_lib :  ITTAPI function not implemented: __itt_state_set
32101 : 0x11c7af3240a001 : 2 : ittapi_config_apply_per_lib :  ITTAPI function not implemented: __itt_obj_mode_set
32101 : 0x11c7af3240ac03 : 2 : ittapi_config_apply_per_lib :  ITTAPI function not implemented: __itt_thr_mode_set
32101 : 0x11c7af3240b732 : 2 : ittapi_config_apply_per_lib :  ITTAPI function instrumented: __itt_frame_create
32101 : 0x11c7af3240e436 : 2 : ittapi_config_apply_per_lib :  ITTAPI function instrumented: __itt_frame_begin
32101 : 0x11c7af3240f194 : 2 : ittapi_config_apply_per_lib :  ITTAPI function instrumented: __itt_frame_end
32101 : 0x11c7af3240fef2 : 2 : ittapi_config_apply_per_lib :  ITTAPI function not implemented: __itt_counter_create
32101 : 0x11c7af32410d68 : 2 : ittapi_config_apply_per_lib :  ITTAPI function not implemented: __itt_counter_destroy
32101 : 0x11c7af32411a80 : 2 : ittapi_config_apply_per_lib :  ITTAPI function not implemented: __itt_counter_inc
32101 : 0x11c7af32412824 : 2 : ittapi_config_apply_per_lib :  ITTAPI function not implemented: __itt_counter_inc_delta
32101 : 0x11c7af324134f7 : 2 : ittapi_config_apply_per_lib :  ITTAPI function not implemented: __itt_mark_create
32101 : 0x11c7af324141c9 : 2 : ittapi_config_apply_per_lib :  ITTAPI function not implemented: __itt_mark
32101 : 0x11c7af32414f6d : 2 : ittapi_config_apply_per_lib :  ITTAPI function not implemented: __itt_mark_off
32101 : 0x11c7af32415bfa : 2 : ittapi_config_apply_per_lib :  ITTAPI function not implemented: __itt_mark_global
32101 : 0x11c7af3241815a : 2 : ittapi_config_apply_per_lib :  ITTAPI function not implemented: __itt_mark_global_off
32101 : 0x11c7af32418f8a : 2 : ittapi_config_apply_per_lib :  ITTAPI function instrumented: __itt_stack_caller_create
32101 : 0x11c7af32419b8b : 2 : ittapi_config_apply_per_lib :  ITTAPI function instrumented: __itt_stack_caller_destroy
32101 : 0x11c7af3241a700 : 2 : ittapi_config_apply_per_lib :  ITTAPI function instrumented: __itt_stack_callee_enter
32101 : 0x11c7af3241b347 : 2 : ittapi_config_apply_per_lib :  ITTAPI function instrumented: __itt_stack_callee_leave
32101 : 0x11c7af3241c060 : 2 : ittapi_config_apply_per_lib :  ITTAPI function not implemented: __itt_clock_domain_create
32101 : 0x11c7af3241ced5 : 2 : ittapi_config_apply_per_lib :  ITTAPI function not implemented: __itt_clock_domain_reset
32101 : 0x11c7af3241db1c : 2 : ittapi_config_apply_per_lib :  ITTAPI function not implemented: __itt_id_create_ex
32101 : 0x11c7af3241e7a9 : 2 : ittapi_config_apply_per_lib :  ITTAPI function not implemented: __itt_id_destroy_ex
32101 : 0x11c7af3241eda9 : 2 : ittapi_config_apply_per_lib :  ITTAPI function NOT instrumented (not matched by --itt-config option): __itt_task_begin_ex

32101 : 0x11c7af32420820 : 2 : ittapi_config_apply_per_lib :  ITTAPI function NOT instrumented (not matched by --itt-config option): __itt_task_begin_fn_ex

32101 : 0x11c7af32421095 : 2 : ittapi_config_apply_per_lib :  ITTAPI function NOT instrumented (not matched by --itt-config option): __itt_task_end_ex

32101 : 0x11c7af32421650 : 2 : ittapi_config_apply_per_lib :  ITTAPI function NOT instrumented (not matched by --itt-config option): __itt_task_begin_overlapped

32101 : 0x11c7af32421c96 : 2 : ittapi_config_apply_per_lib :  ITTAPI function NOT instrumented (not matched by --itt-config option): __itt_task_begin_overlapped_ex

32101 : 0x11c7af32422297 : 2 : ittapi_config_apply_per_lib :  ITTAPI function NOT instrumented (not matched by --itt-config option): __itt_task_end_overlapped

32101 : 0x11c7af32422897 : 2 : ittapi_config_apply_per_lib :  ITTAPI function NOT instrumented (not matched by --itt-config option): __itt_task_end_overlapped_ex

32101 : 0x11c7af324239c7 : 2 : ittapi_config_apply_per_lib :  ITTAPI function not implemented: __itt_marker_ex
32101 : 0x11c7af324248c8 : 2 : ittapi_config_apply_per_lib :  ITTAPI function not implemented: __itt_metadata_add_with_scope
32101 : 0x11c7af3242566c : 2 : ittapi_config_apply_per_lib :  ITTAPI function not implemented: __itt_metadata_str_add_with_scope
32101 : 0x11c7af32426411 : 2 : ittapi_config_apply_per_lib :  ITTAPI function not implemented: __itt_relation_add_to_current_ex
32101 : 0x11c7af324291e6 : 2 : ittapi_config_apply_per_lib :  ITTAPI function not implemented: __itt_relation_add_ex
32101 : 0x11c7af3242a1b9 : 2 : ittapi_config_apply_per_lib :  ITTAPI function not implemented: __itt_track_group_create
32101 : 0x11c7af3242ae8b : 2 : ittapi_config_apply_per_lib :  ITTAPI function not implemented: __itt_track_create
32101 : 0x11c7af3242bad2 : 2 : ittapi_config_apply_per_lib :  ITTAPI function not implemented: __itt_set_track
32101 : 0x11c7af3242c647 : 2 : ittapi_config_apply_per_lib :  ITTAPI function instrumented: __itt_api_version
32101 : 0x11c7af3242d28e : 2 : ittapi_config_apply_per_lib :  ITTAPI function not implemented: __itt_av_save
32101 : 0x11c7af32474506 : 2 : ittapi_config_mask_get :  --itt-config mask to be applied: 17
32101 : 0x11c7af32475a4e : 2 : ittapi_config_apply_per_lib :  ITTAPI function instrumented: __itt_domain_create
32101 : 0x11c7af32476609 : 2 : ittapi_config_apply_per_lib :  ITTAPI function instrumented: __itt_string_handle_create
32101 : 0x11c7af3247720a : 2 : ittapi_config_apply_per_lib :  ITTAPI function instrumented: __itt_pause
32101 : 0x11c7af3247aac9 : 2 : ittapi_config_apply_per_lib :  ITTAPI function instrumented: __itt_resume
32101 : 0x11c7af3247ba10 : 2 : ittapi_config_apply_per_lib :  ITTAPI function instrumented: __itt_thread_set_name
32101 : 0x11c7af3247c611 : 2 : ittapi_config_apply_per_lib :  ITTAPI function instrumented: __itt_thread_ignore
32101 : 0x11c7af3247d1cc : 2 : ittapi_config_apply_per_lib :  ITTAPI function instrumented: __itt_thr_name_set
32101 : 0x11c7af3247dd41 : 2 : ittapi_config_apply_per_lib :  ITTAPI function instrumented: __itt_thr_ignore
32101 : 0x11c7af3247eda0 : 2 : ittapi_config_apply_per_lib :  ITTAPI function not implemented: __itt_enable_attach
32101 : 0x11c7af3247f472 : 2 : ittapi_config_apply_per_lib :  ITTAPI function NOT instrumented (not matched by --itt-config option): __itt_sync_create

32101 : 0x11c7af3247fbd0 : 2 : ittapi_config_apply_per_lib :  ITTAPI function NOT instrumented (not matched by --itt-config option): __itt_sync_rename

32101 : 0x11c7af32480216 : 2 : ittapi_config_apply_per_lib :  ITTAPI function NOT instrumented (not matched by --itt-config option): __itt_sync_destroy

32101 : 0x11c7af32480816 : 2 : ittapi_config_apply_per_lib :  ITTAPI function NOT instrumented (not matched by --itt-config option): __itt_sync_prepare

32101 : 0x11c7af324823a4 : 2 : ittapi_config_apply_per_lib :  ITTAPI function NOT instrumented (not matched by --itt-config option): __itt_sync_cancel

32101 : 0x11c7af32482b48 : 2 : ittapi_config_apply_per_lib :  ITTAPI function NOT instrumented (not matched by --itt-config option): __itt_sync_acquired

32101 : 0x11c7af324831d4 : 2 : ittapi_config_apply_per_lib :  ITTAPI function NOT instrumented (not matched by --itt-config option): __itt_sync_releasing

32101 : 0x11c7af324842be : 2 : ittapi_config_apply_per_lib :  ITTAPI function not implemented: __itt_suppress_push
32101 : 0x11c7af3248517a : 2 : ittapi_config_apply_per_lib :  ITTAPI function not implemented: __itt_suppress_pop
32101 : 0x11c7af32485f64 : 2 : ittapi_config_apply_per_lib :  ITTAPI function not implemented: __itt_suppress_mark_range
32101 : 0x11c7af32486c7c : 2 : ittapi_config_apply_per_lib :  ITTAPI function not implemented: __itt_suppress_clear_range
32101 : 0x11c7af3248727d : 2 : ittapi_config_apply_per_lib :  ITTAPI function NOT instrumented (not matched by --itt-config option): __itt_sync_prepare

32101 : 0x11c7af3248787d : 2 : ittapi_config_apply_per_lib :  ITTAPI function NOT instrumented (not matched by --itt-config option): __itt_sync_cancel

32101 : 0x11c7af32487e7e : 2 : ittapi_config_apply_per_lib :  ITTAPI function NOT instrumented (not matched by --itt-config option): __itt_sync_acquired

32101 : 0x11c7af3248a698 : 2 : ittapi_config_apply_per_lib :  ITTAPI function NOT instrumented (not matched by --itt-config option): __itt_sync_releasing

32101 : 0x11c7af3248b9b1 : 2 : ittapi_config_apply_per_lib :  ITTAPI function not implemented: __itt_model_site_begin
32101 : 0x11c7af3248c7e1 : 2 : ittapi_config_apply_per_lib :  ITTAPI function not implemented: __itt_model_site_end
32101 : 0x11c7af3248d5cb : 2 : ittapi_config_apply_per_lib :  ITTAPI function not implemented: __itt_model_task_begin
32101 : 0x11c7af3248e29d : 2 : ittapi_config_apply_per_lib :  ITTAPI function not implemented: __itt_model_task_end
32101 : 0x11c7af3248ef2a : 2 : ittapi_config_apply_per_lib :  ITTAPI function not implemented: __itt_model_lock_acquire
32101 : 0x11c7af3248fbb7 : 2 : ittapi_config_apply_per_lib :  ITTAPI function not implemented: __itt_model_lock_release
32101 : 0x11c7af32490889 : 2 : ittapi_config_apply_per_lib :  ITTAPI function not implemented: __itt_model_record_allocation
32101 : 0x11c7af324915a2 : 2 : ittapi_config_apply_per_lib :  ITTAPI function not implemented: __itt_model_record_deallocation
32101 : 0x11c7af32492274 : 2 : ittapi_config_apply_per_lib :  ITTAPI function not implemented: __itt_model_induction_uses
32101 : 0x11c7af324946bd : 2 : ittapi_config_apply_per_lib :  ITTAPI function not implemented: __itt_model_reduction_uses
32101 : 0x11c7af32495604 : 2 : ittapi_config_apply_per_lib :  ITTAPI function not implemented: __itt_model_observe_uses
32101 : 0x11c7af3249631d : 2 : ittapi_config_apply_per_lib :  ITTAPI function not implemented: __itt_model_clear_uses
32101 : 0x11c7af3249707b : 2 : ittapi_config_apply_per_lib :  ITTAPI function not implemented: __itt_model_site_beginA
32101 : 0x11c7af32497d4d : 2 : ittapi_config_apply_per_lib :  ITTAPI function not implemented: __itt_model_site_beginAL
32101 : 0x11c7af32498a20 : 2 : ittapi_config_apply_per_lib :  ITTAPI function not implemented: __itt_model_task_beginA
32101 : 0x11c7af3249977e : 2 : ittapi_config_apply_per_lib :  ITTAPI function not implemented: __itt_model_task_beginAL
32101 : 0x11c7af3249a522 : 2 : ittapi_config_apply_per_lib :  ITTAPI function not implemented: __itt_model_iteration_taskA
32101 : 0x11c7af3249b2c6 : 2 : ittapi_config_apply_per_lib :  ITTAPI function not implemented: __itt_model_iteration_taskAL
32101 : 0x11c7af3249c024 : 2 : ittapi_config_apply_per_lib :  ITTAPI function not implemented: __itt_model_site_end_2
32101 : 0x11c7af3249e46d : 2 : ittapi_config_apply_per_lib :  ITTAPI function not implemented: __itt_model_task_end_2
32101 : 0x11c7af3249f36f : 2 : ittapi_config_apply_per_lib :  ITTAPI function not implemented: __itt_model_lock_acquire_2
32101 : 0x11c7af324a0087 : 2 : ittapi_config_apply_per_lib :  ITTAPI function not implemented: __itt_model_lock_release_2
32101 : 0x11c7af324a0d9f : 2 : ittapi_config_apply_per_lib :  ITTAPI function not implemented: __itt_model_aggregate_task
32101 : 0x11c7af324a1a2c : 2 : ittapi_config_apply_per_lib :  ITTAPI function not implemented: __itt_model_disable_push
32101 : 0x11c7af324a2744 : 2 : ittapi_config_apply_per_lib :  ITTAPI function not implemented: __itt_model_disable_pop
32101 : 0x11c7af324a33d1 : 2 : ittapi_config_apply_per_lib :  ITTAPI function not implemented: __itt_heap_function_create
32101 : 0x11c7af324a412f : 2 : ittapi_config_apply_per_lib :  ITTAPI function not implemented: __itt_heap_allocate_begin
32101 : 0x11c7af324a4e02 : 2 : ittapi_config_apply_per_lib :  ITTAPI function not implemented: __itt_heap_allocate_end
32101 : 0x11c7af324a5b60 : 2 : ittapi_config_apply_per_lib :  ITTAPI function not implemented: __itt_heap_free_begin
32101 : 0x11c7af324a8035 : 2 : ittapi_config_apply_per_lib :  ITTAPI function not implemented: __itt_heap_free_end
32101 : 0x11c7af324a8f7c : 2 : ittapi_config_apply_per_lib :  ITTAPI function not implemented: __itt_heap_reallocate_begin
32101 : 0x11c7af324a9c94 : 2 : ittapi_config_apply_per_lib :  ITTAPI function not implemented: __itt_heap_reallocate_end
32101 : 0x11c7af324aa9f2 : 2 : ittapi_config_apply_per_lib :  ITTAPI function not implemented: __itt_heap_internal_access_begin
32101 : 0x11c7af324ab751 : 2 : ittapi_config_apply_per_lib :  ITTAPI function not implemented: __itt_heap_internal_access_end
32101 : 0x11c7af324ac469 : 2 : ittapi_config_apply_per_lib :  ITTAPI function not implemented: __itt_heap_record_memory_growth_begin
32101 : 0x11c7af324ad1c7 : 2 : ittapi_config_apply_per_lib :  ITTAPI function not implemented: __itt_heap_record_memory_growth_end
32101 : 0x11c7af324addc8 : 2 : ittapi_config_apply_per_lib :  ITTAPI function not implemented: __itt_heap_reset_detection
32101 : 0x11c7af324aea55 : 2 : ittapi_config_apply_per_lib :  ITTAPI function not implemented: __itt_heap_record
32101 : 0x11c7af324af6e2 : 2 : ittapi_config_apply_per_lib :  ITTAPI function not implemented: __itt_id_create
32101 : 0x11c7af324b25ce : 2 : ittapi_config_apply_per_lib :  ITTAPI function not implemented: __itt_id_destroy
32101 : 0x11c7af324b33fe : 2 : ittapi_config_apply_per_lib :  ITTAPI function instrumented: __itt_get_timestamp
32101 : 0x11c7af324b4116 : 2 : ittapi_config_apply_per_lib :  ITTAPI function not implemented: __itt_region_begin
32101 : 0x11c7af324b4de9 : 2 : ittapi_config_apply_per_lib :  ITTAPI function not implemented: __itt_region_end
32101 : 0x11c7af324b59ea : 2 : ittapi_config_apply_per_lib :  ITTAPI function instrumented: __itt_frame_begin_v3
32101 : 0x11c7af324b651a : 2 : ittapi_config_apply_per_lib :  ITTAPI function instrumented: __itt_frame_end_v3
32101 : 0x11c7af324b708f : 2 : ittapi_config_apply_per_lib :  ITTAPI function instrumented: __itt_frame_submit_v3
32101 : 0x11c7af324b764a : 2 : ittapi_config_apply_per_lib :  ITTAPI function NOT instrumented (not matched by --itt-config option): __itt_task_group

32101 : 0x11c7af324b7c90 : 2 : ittapi_config_apply_per_lib :  ITTAPI function NOT instrumented (not matched by --itt-config option): __itt_task_begin

32101 : 0x11c7af324b824b : 2 : ittapi_config_apply_per_lib :  ITTAPI function NOT instrumented (not matched by --itt-config option): __itt_task_begin_fn

32101 : 0x11c7af324b9d4d : 2 : ittapi_config_apply_per_lib :  ITTAPI function NOT instrumented (not matched by --itt-config option): __itt_task_end

32101 : 0x11c7af324bb020 : 2 : ittapi_config_apply_per_lib :  ITTAPI function not implemented: __itt_counter_inc_v3
32101 : 0x11c7af324bbe50 : 2 : ittapi_config_apply_per_lib :  ITTAPI function not implemented: __itt_counter_inc_delta_v3
32101 : 0x11c7af324bcadc : 2 : ittapi_config_apply_per_lib :  ITTAPI function not implemented: __itt_marker
32101 : 0x11c7af324bd723 : 2 : ittapi_config_apply_per_lib :  ITTAPI function instrumented: __itt_metadata_add
32101 : 0x11c7af324be3f6 : 2 : ittapi_config_apply_per_lib :  ITTAPI function not implemented: __itt_metadata_str_add
32101 : 0x11c7af324bf082 : 2 : ittapi_config_apply_per_lib :  ITTAPI function not implemented: __itt_relation_add_to_current
32101 : 0x11c7af324bfd0f : 2 : ittapi_config_apply_per_lib :  ITTAPI function not implemented: __itt_relation_add
32101 : 0x11c7af324c083f : 2 : ittapi_config_apply_per_lib :  ITTAPI function instrumented: __itt_event_create
32101 : 0x11c7af324c0df9 : 2 : ittapi_config_apply_per_lib :  ITTAPI function NOT instrumented (not matched by --itt-config option): __itt_event_start

32101 : 0x11c7af324c279e : 2 : ittapi_config_apply_per_lib :  ITTAPI function NOT instrumented (not matched by --itt-config option): __itt_event_end

32101 : 0x11c7af324c2efc : 2 : ittapi_config_apply_per_lib :  ITTAPI function NOT instrumented (not matched by --itt-config option): __itt_sync_set_name

32101 : 0x11c7af324c3ce6 : 2 : ittapi_config_apply_per_lib :  ITTAPI function instrumented: __itt_notify_sync_name
32101 : 0x11c7af324c485b : 2 : ittapi_config_apply_per_lib :  ITTAPI function instrumented: __itt_notify_sync_prepare
32101 : 0x11c7af324c538b : 2 : ittapi_config_apply_per_lib :  ITTAPI function instrumented: __itt_notify_sync_cancel
32101 : 0x11c7af324c5eba : 2 : ittapi_config_apply_per_lib :  ITTAPI function instrumented: __itt_notify_sync_acquired
32101 : 0x11c7af324c69a4 : 2 : ittapi_config_apply_per_lib :  ITTAPI function instrumented: __itt_notify_sync_releasing
32101 : 0x11c7af324c7702 : 2 : ittapi_config_apply_per_lib :  ITTAPI function not implemented: __itt_memory_read
32101 : 0x11c7af324c8460 : 2 : ittapi_config_apply_per_lib :  ITTAPI function not implemented: __itt_memory_write
32101 : 0x11c7af324c9179 : 2 : ittapi_config_apply_per_lib :  ITTAPI function not implemented: __itt_memory_update
32101 : 0x11c7af324cbf94 : 2 : ittapi_config_apply_per_lib :  ITTAPI function not implemented: __itt_state_get
32101 : 0x11c7af324ccedb : 2 : ittapi_config_apply_per_lib :  ITTAPI function not implemented: __itt_state_set
32101 : 0x11c7af324cdbae : 2 : ittapi_config_apply_per_lib :  ITTAPI function not implemented: __itt_obj_mode_set
32101 : 0x11c7af324ce7f4 : 2 : ittapi_config_apply_per_lib :  ITTAPI function not implemented: __itt_thr_mode_set
32101 : 0x11c7af324cf324 : 2 : ittapi_config_apply_per_lib :  ITTAPI function instrumented: __itt_frame_create
32101 : 0x11c7af324cfe0e : 2 : ittapi_config_apply_per_lib :  ITTAPI function instrumented: __itt_frame_begin
32101 : 0x11c7af324d08f7 : 2 : ittapi_config_apply_per_lib :  ITTAPI function instrumented: __itt_frame_end
32101 : 0x11c7af324d14f8 : 2 : ittapi_config_apply_per_lib :  ITTAPI function not implemented: __itt_counter_create
32101 : 0x11c7af324d2185 : 2 : ittapi_config_apply_per_lib :  ITTAPI function not implemented: __itt_counter_destroy
32101 : 0x11c7af324d2dcc : 2 : ittapi_config_apply_per_lib :  ITTAPI function not implemented: __itt_counter_inc
32101 : 0x11c7af324d532c : 2 : ittapi_config_apply_per_lib :  ITTAPI function not implemented: __itt_counter_inc_delta
32101 : 0x11c7af324d6273 : 2 : ittapi_config_apply_per_lib :  ITTAPI function not implemented: __itt_mark_create
32101 : 0x11c7af324d6fd1 : 2 : ittapi_config_apply_per_lib :  ITTAPI function not implemented: __itt_mark
32101 : 0x11c7af324d7dbb : 2 : ittapi_config_apply_per_lib :  ITTAPI function not implemented: __itt_mark_off
32101 : 0x11c7af324d8a8e : 2 : ittapi_config_apply_per_lib :  ITTAPI function not implemented: __itt_mark_global
32101 : 0x11c7af324d971b : 2 : ittapi_config_apply_per_lib :  ITTAPI function not implemented: __itt_mark_global_off
32101 : 0x11c7af324da31c : 2 : ittapi_config_apply_per_lib :  ITTAPI function instrumented: __itt_stack_caller_create
32101 : 0x11c7af324dae4b : 2 : ittapi_config_apply_per_lib :  ITTAPI function instrumented: __itt_stack_caller_destroy
32101 : 0x11c7af324dba06 : 2 : ittapi_config_apply_per_lib :  ITTAPI function instrumented: __itt_stack_callee_enter
32101 : 0x11c7af324dc5c1 : 2 : ittapi_config_apply_per_lib :  ITTAPI function instrumented: __itt_stack_callee_leave
32101 : 0x11c7af324de9c4 : 2 : ittapi_config_apply_per_lib :  ITTAPI function not implemented: __itt_clock_domain_create
32101 : 0x11c7af324df9dd : 2 : ittapi_config_apply_per_lib :  ITTAPI function not implemented: __itt_clock_domain_reset
32101 : 0x11c7af324e06b0 : 2 : ittapi_config_apply_per_lib :  ITTAPI function not implemented: __itt_id_create_ex
32101 : 0x11c7af324e1382 : 2 : ittapi_config_apply_per_lib :  ITTAPI function not implemented: __itt_id_destroy_ex
32101 : 0x11c7af324e19c9 : 2 : ittapi_config_apply_per_lib :  ITTAPI function NOT instrumented (not matched by --itt-config option): __itt_task_begin_ex

32101 : 0x11c7af324e1f83 : 2 : ittapi_config_apply_per_lib :  ITTAPI function NOT instrumented (not matched by --itt-config option): __itt_task_begin_fn_ex

32101 : 0x11c7af324e260f : 2 : ittapi_config_apply_per_lib :  ITTAPI function NOT instrumented (not matched by --itt-config option): __itt_task_end_ex

32101 : 0x11c7af324e2bca : 2 : ittapi_config_apply_per_lib :  ITTAPI function NOT instrumented (not matched by --itt-config option): __itt_task_begin_overlapped

32101 : 0x11c7af324e31cb : 2 : ittapi_config_apply_per_lib :  ITTAPI function NOT instrumented (not matched by --itt-config option): __itt_task_begin_overlapped_ex

32101 : 0x11c7af324e3811 : 2 : ittapi_config_apply_per_lib :  ITTAPI function NOT instrumented (not matched by --itt-config option): __itt_task_end_overlapped

32101 : 0x11c7af324e5242 : 2 : ittapi_config_apply_per_lib :  ITTAPI function NOT instrumented (not matched by --itt-config option): __itt_task_end_overlapped_ex

32101 : 0x11c7af324e6443 : 2 : ittapi_config_apply_per_lib :  ITTAPI function not implemented: __itt_marker_ex
32101 : 0x11c7af324e7273 : 2 : ittapi_config_apply_per_lib :  ITTAPI function not implemented: __itt_metadata_add_with_scope
32101 : 0x11c7af324e805d : 2 : ittapi_config_apply_per_lib :  ITTAPI function not implemented: __itt_metadata_str_add_with_scope
32101 : 0x11c7af324e8dbb : 2 : ittapi_config_apply_per_lib :  ITTAPI function not implemented: __itt_relation_add_to_current_ex
32101 : 0x11c7af324e9a02 : 2 : ittapi_config_apply_per_lib :  ITTAPI function not implemented: __itt_relation_add_ex
32101 : 0x11c7af324ea6d4 : 2 : ittapi_config_apply_per_lib :  ITTAPI function not implemented: __itt_track_group_create
32101 : 0x11c7af324eb31b : 2 : ittapi_config_apply_per_lib :  ITTAPI function not implemented: __itt_track_create
32101 : 0x11c7af324ebfee : 2 : ittapi_config_apply_per_lib :  ITTAPI function not implemented: __itt_set_track
32101 : 0x11c7af324ecb63 : 2 : ittapi_config_apply_per_lib :  ITTAPI function instrumented: __itt_api_version
32101 : 0x11c7af324ef521 : 2 : ittapi_config_apply_per_lib :  ITTAPI function not implemented: __itt_av_save