Loading image ....
images/grand_canyon2.jpg successfully loaded !

_________________________________________
Values settings :
Nruns : 1000 || images/grand_canyon2.jpg [2160, 3840]
_________________________________________
Run 1 : 		 2914.438963 ms
Run 337 : 		 3032.763004 ms
Run 960 : 		 3032.764196 ms
Run 211 : 		 3032.860994 ms
Run 673 : 		 3032.892942 ms
Run 755 : 		 3032.907009 ms
Run 85 : 		 3042.341948 ms
Run 878 : 		 3042.340040 ms
Run 169 : 		 3042.373180 ms
Run 43 : 		 3042.850971 ms
Run 127 : 		 3042.855024 ms
Run 463 : 		 3042.850971 ms
Run 547 : 		 3043.357849 ms
Run 796 : 		 3043.375015 ms
Run 421 : 		 3043.401957 ms
Run 714 : 		 3043.421030 ms
Run 631 : 		 3043.453932 ms
Run 379 : 		 3043.511152 ms
Run 919 : 		 3043.552876 ms
Run 589 : 		 3043.649912 ms
Run 505 : 		 3043.746948 ms
Run 253 : 		 3045.286894 ms
Run 837 : 		 3045.559883 ms
Run 295 : 		 3056.326151 ms
Run 2 : 		 353.282928 ms
Run 338 : 		 332.844973 ms
Run 961 : 		 332.854033 ms
Run 674 : 		 332.906008 ms
Run 212 : 		 332.917929 ms
Run 756 : 		 338.714123 ms
Run 464 : 		 330.490828 ms
Run 44 : 		 330.518961 ms
Run 632 : 		 329.930782 ms
Run 548 : 		 330.026865 ms
Run 422 : 		 330.102921 ms
Run 128 : 		 330.667973 ms
Run 797 : 		 334.213972 ms
Run 506 : 		 333.966017 ms
Run 715 : 		 334.264994 ms
Run 380 : 		 334.247828 ms
Run 590 : 		 336.687088 ms
Run 86 : 		 337.975025 ms
Run 170 : 		 337.918997 ms
Run 879 : 		 338.031054 ms
Run 920 : 		 336.861849 ms
Run 254 : 		 336.782932 ms
Run 838 : 		 342.857122 ms
Run 296 : 		 349.452019 ms
Run 3 : 		 325.888157 ms
Run 339 : 		 318.732977 ms
Run 962 : 		 318.742990 ms
Run 675 : 		 318.738937 ms
Run 213 : 		 318.885088 ms
Run 129 : 		 320.035934 ms
Run 549 : 		 320.166111 ms
Run 45 : 		 320.194960 ms
Run 465 : 		 320.208073 ms
Run 633 : 		 320.196867 ms
Run 591 : 		 322.196007 ms
Run 423 : 		 329.402924 ms
Run 87 : 		 322.643042 ms
Run 171 : 		 322.628975 ms
Run 381 : 		 325.247049 ms
Run 757 : 		 331.426144 ms
Run 507 : 		 325.599909 ms
Run 716 : 		 325.592041 ms
Run 921 : 		 322.918177 ms
Run 798 : 		 328.232050 ms
Run 880 : 		 325.544834 ms
Run 255 : 		 328.850985 ms
Run 839 : 		 332.655907 ms
Run 297 : 		 337.482929 ms
Run 4 : 		 327.439070 ms
Run 340 : 		 319.499016 ms
Run 676 : 		 319.483995 ms
Run 963 : 		 319.641829 ms
Run 214 : 		 319.378853 ms
Run 130 : 		 321.928978 ms
Run 466 : 		 321.928978 ms
Run 46 : 		 321.935892 ms
Run 550 : 		 321.924210 ms
Run 634 : 		 321.921110 ms
Run 592 : 		 323.904991 ms
Run 88 : 		 323.462963 ms
Run 424 : 		 333.467960 ms
Run 508 : 		 333.133936 ms
Run 717 : 		 333.120108 ms
Run 172 : 		 333.498001 ms
Run 922 : 		 333.103895 ms
Run 382 : 		 333.460093 ms
Run 758 : 		 333.451986 ms
Run 256 : 		 332.426786 ms
Run 799 : 		 337.571144 ms
Run 881 : 		 338.454962 ms
Run 840 : 		 333.714962 ms
Run 298 : 		 341.129065 ms
Run 5 : 		 326.822996 ms
Run 341 : 		 319.445848 ms
Run 964 : 		 319.466114 ms
Run 677 : 		 319.492102 ms
Run 215 : 		 319.529057 ms
Run 635 : 		 321.959972 ms
Run 131 : 		 321.987867 ms
Run 551 : 		 321.985006 ms
Run 47 : 		 321.991920 ms
Run 467 : 		 321.995020 ms
Run 593 : 		 323.446035 ms
Run 89 : 		 323.449850 ms
Run 509 : 		 333.724022 ms
Run 425 : 		 333.747864 ms
Run 718 : 		 333.754063 ms
Run 173 : 		 333.777905 ms
Run 923 : 		 333.779097 ms
Run 759 : 		 334.985018 ms
Run 383 : 		 335.048914 ms
Run 800 : 		 334.400177 ms
Run 257 : 		 334.439993 ms
Run 882 : 		 334.350824 ms
Run 841 : 		 333.389997 ms
Run 299 : 		 337.228060 ms
Run 6 : 		 328.345776 ms
Run 342 : 		 319.018841 ms
Run 965 : 		 318.883896 ms
Run 678 : 		 319.046021 ms
Run 216 : 		 319.080114 ms
Run 636 : 		 321.236849 ms
Run 552 : 		 321.251869 ms
Run 468 : 		 321.244955 ms
Run 132 : 		 321.235895 ms
Run 48 : 		 321.259975 ms
Run 594 : 		 323.066950 ms
Run 90 : 		 323.089123 ms
Run 426 : 		 330.510855 ms
Run 719 : 		 330.488920 ms
Run 174 : 		 335.370779 ms
Run 510 : 		 335.580111 ms
Run 924 : 		 335.658073 ms
Run 258 : 		 332.852125 ms
Run 384 : 		 339.231968 ms
Run 760 : 		 340.780973 ms
Run 801 : 		 338.982821 ms
Run 883 : 		 338.114977 ms
Run 842 : 		 334.497929 ms
Run 300 : 		 337.880850 ms
Run 7 : 		 328.744888 ms
Run 343 : 		 319.792032 ms
Run 966 : 		 319.833040 ms
Run 679 : 		 319.792986 ms
Run 217 : 		 319.738150 ms
Run 637 : 		 321.182966 ms
Run 133 : 		 321.181059 ms
Run 469 : 		 321.197987 ms
Run 49 : 		 321.190834 ms
Run 553 : 		 321.243048 ms
Run 595 : 		 323.859215 ms
Run 91 : 		 323.863029 ms
Run 720 : 		 326.346874 ms
Run 427 : 		 326.355934 ms
Run 259 : 		 326.215982 ms
Run 511 : 		 331.186056 ms
Run 175 : 		 333.354950 ms
Run 925 : 		 333.075047 ms
Run 385 : 		 329.478025 ms
Run 761 : 		 333.730936 ms
Run 884 : 		 341.506004 ms
Run 843 : 		 335.999966 ms
Run 802 : 		 342.802048 ms
Run 301 : 		 341.835022 ms
Run 8 : 		 326.539993 ms
Run 344 : 		 319.350958 ms
Run 967 : 		 319.462061 ms
Run 680 : 		 319.366932 ms
Run 218 : 		 319.478989 ms
Run 134 : 		 320.773125 ms
Run 554 : 		 320.739031 ms
Run 638 : 		 320.776939 ms
Run 50 : 		 320.760012 ms
Run 470 : 		 320.773125 ms
Run 596 : 		 323.663950 ms
Run 92 : 		 323.675871 ms
Run 428 : 		 326.946020 ms
Run 721 : 		 326.977968 ms
Run 512 : 		 324.425220 ms
Run 260 : 		 324.452877 ms
Run 176 : 		 324.626207 ms
Run 926 : 		 324.614048 ms
Run 386 : 		 334.632874 ms
Run 762 : 		 332.218170 ms
Run 885 : 		 327.769995 ms
Run 844 : 		 327.466965 ms
Run 803 : 		 335.500002 ms
Run 302 : 		 340.559006 ms
Run 9 : 		 327.746153 ms
Run 345 : 		 319.391966 ms
Run 968 : 		 319.360971 ms
Run 681 : 		 319.355965 ms
Run 219 : 		 319.324970 ms
Run 639 : 		 320.591927 ms
Run 471 : 		 320.589066 ms
Run 555 : 		 320.599079 ms
Run 51 : 		 320.611954 ms
Run 135 : 		 320.624113 ms
Run 597 : 		 323.983908 ms
Run 93 : 		 323.983908 ms
Run 429 : 		 326.278925 ms
Run 722 : 		 326.278210 ms
Run 513 : 		 324.494123 ms
Run 261 : 		 324.513912 ms
Run 177 : 		 324.106932 ms
Run 927 : 		 324.132919 ms
Run 387 : 		 338.190079 ms
Run 763 : 		 334.867001 ms
Run 845 : 		 326.994181 ms
Run 886 : 		 327.198029 ms
Run 804 : 		 336.158991 ms
Run 303 : 		 338.888168 ms
Run 10 : 		 325.706005 ms
Run 346 : 		 318.983078 ms
Run 682 : 		 318.984985 ms
Run 969 : 		 319.159985 ms
Run 220 : 		 319.120884 ms
Run 136 : 		 320.894957 ms
Run 52 : 		 320.914984 ms
Run 472 : 		 320.932865 ms
Run 556 : 		 320.938110 ms
Run 640 : 		 320.930958 ms
Run 598 : 		 323.776960 ms
Run 94 : 		 323.784113 ms
Run 430 : 		 326.317787 ms
Run 723 : 		 326.333046 ms
Run 262 : 		 324.162960 ms
Run 514 : 		 324.179888 ms
Run 928 : 		 323.877096 ms
Run 178 : 		 323.912144 ms
Run 846 : 		 328.175783 ms
Run 764 : 		 328.248978 ms
Run 887 : 		 341.515064 ms
Run 388 : 		 341.855049 ms
Run 805 : 		 336.091042 ms
Run 304 : 		 342.650890 ms
Run 11 : 		 326.593161 ms
Run 347 : 		 319.595814 ms
Run 970 : 		 319.360971 ms
Run 683 : 		 319.627047 ms
Run 221 : 		 319.426060 ms
Run 137 : 		 320.585012 ms
Run 557 : 		 320.594072 ms
Run 473 : 		 320.609093 ms
Run 53 : 		 320.600033 ms
Run 641 : 		 320.582151 ms
Run 599 : 		 323.159933 ms
Run 95 : 		 323.166132 ms
Run 431 : 		 326.238155 ms
Run 724 : 		 326.241016 ms
Run 263 : 		 323.889971 ms
Run 515 : 		 323.921919 ms
Run 179 : 		 325.706959 ms
Run 929 : 		 325.736046 ms
Run 847 : 		 328.222036 ms
Run 765 : 		 328.209877 ms
Run 888 : 		 342.750072 ms
Run 389 : 		 342.706919 ms
Run 806 : 		 335.371017 ms
Run 305 : 		 338.464975 ms
Run 12 : 		 326.909065 ms
Run 348 : 		 318.831921 ms
Run 971 : 		 318.931103 ms
Run 684 : 		 318.858862 ms
Run 222 : 		 318.867922 ms
Run 642 : 		 320.976019 ms
Run 54 : 		 321.005106 ms
Run 474 : 		 320.999861 ms
Run 558 : 		 321.007967 ms
Run 138 : 		 321.010113 ms
Run 600 : 		 322.035074 ms
Run 96 : 		 322.068930 ms
Run 432 : 		 323.077917 ms
Run 725 : 		 323.095083 ms
Run 516 : 		 321.978092 ms
Run 264 : 		 322.017193 ms
Run 180 : 		 324.579000 ms
Run 930 : 		 324.593067 ms
Run 766 : 		 326.842070 ms
Run 848 : 		 326.884985 ms
Run 807 : 		 330.275059 ms
Run 390 : 		 335.452080 ms
Run 889 : 		 337.630033 ms
Run 306 : 		 341.160059 ms
Run 13 : 		 326.377869 ms
Run 972 : 		 319.227934 ms
Run 349 : 		 319.357157 ms
Run 685 : 		 319.340944 ms
Run 223 : 		 319.441080 ms
Run 475 : 		 320.736885 ms
Run 559 : 		 320.744038 ms
Run 643 : 		 320.749998 ms
Run 55 : 		 320.749998 ms
Run 139 : 		 320.713043 ms
Run 601 : 		 324.023962 ms
Run 97 : 		 324.005842 ms
Run 517 : 		 322.918892 ms
Run 433 : 		 322.952032 ms
Run 265 : 		 322.916985 ms
Run 726 : 		 322.987795 ms
Run 181 : 		 324.545860 ms
Run 931 : 		 324.542046 ms
Run 849 : 		 326.905966 ms
Run 767 : 		 326.952934 ms
Run 808 : 		 326.446056 ms
Run 391 : 		 326.477051 ms
Run 890 : 		 331.583023 ms
Run 307 : 		 336.950064 ms
Run 14 : 		 327.147007 ms
Run 350 : 		 319.252014 ms
Run 973 : 		 319.416046 ms
Run 686 : 		 319.312096 ms
Run 224 : 		 319.380045 ms
Run 140 : 		 320.389986 ms
Run 476 : 		 320.489883 ms
Run 560 : 		 320.466042 ms
Run 56 : 		 320.433140 ms
Run 644 : 		 320.416927 ms
Run 98 : 		 323.264122 ms
Run 602 : 		 323.276997 ms
Run 518 : 		 322.233200 ms
Run 434 : 		 322.237015 ms
Run 727 : 		 322.228193 ms
Run 266 : 		 322.227955 ms
Run 182 : 		 324.337006 ms
Run 932 : 		 324.342012 ms
Run 850 : 		 326.925039 ms
Run 768 : 		 326.925039 ms
Run 809 : 		 327.176094 ms
Run 392 : 		 327.188015 ms
Run 891 : 		 330.796003 ms
Run 308 : 		 338.413000 ms
Run 15 : 		 323.396921 ms
Run 351 : 		 318.509102 ms
Run 974 : 		 318.433046 ms
Run 687 : 		 318.466187 ms
Run 225 : 		 318.379879 ms
Run 141 : 		 321.274996 ms
Run 645 : 		 321.268082 ms
Run 477 : 		 321.295977 ms
Run 57 : 		 321.267843 ms
Run 561 : 		 321.302176 ms
Run 603 : 		 322.550058 ms
Run 99 : 		 322.575092 ms
Run 267 : 		 322.687149 ms
Run 435 : 		 322.712183 ms
Run 728 : 		 322.725058 ms
Run 519 : 		 322.727919 ms
Run 933 : 		 324.571133 ms
Run 183 : 		 324.575901 ms
Run 769 : 		 326.153994 ms
Run 851 : 		 326.170921 ms
Run 810 : 		 327.119112 ms
Run 393 : 		 327.136040 ms
Run 892 : 		 331.964016 ms
Run 309 : 		 342.560053 ms
Run 16 : 		 319.231987 ms
Run 352 : 		 319.210052 ms
Run 975 : 		 319.203854 ms
Run 688 : 		 319.236040 ms
Run 226 : 		 319.216967 ms
Run 58 : 		 320.933104 ms
Run 478 : 		 320.961952 ms
Run 142 : 		 320.945978 ms
Run 562 : 		 320.960999 ms
Run 646 : 		 320.958853 ms
Run 604 : 		 322.880983 ms
Run 100 : 		 322.885990 ms
Run 268 : 		 323.487997 ms
Run 520 : 		 323.493958 ms
Run 436 : 		 323.510885 ms
Run 729 : 		 323.513985 ms
Run 184 : 		 324.055195 ms
Run 934 : 		 324.105024 ms
Run 852 : 		 326.482058 ms
Run 770 : 		 326.498032 ms
Run 811 : 		 327.497959 ms
Run 394 : 		 327.507019 ms
Run 893 : 		 331.693172 ms
Run 353 : 		 319.869041 ms
Run 17 : 		 319.897175 ms
Run 689 : 		 319.852114 ms
Run 976 : 		 320.002079 ms
Run 227 : 		 320.015907 ms
Run 310 : 		 338.319063 ms
Run 479 : 		 320.845127 ms
Run 563 : 		 320.847034 ms
Run 59 : 		 320.870876 ms
Run 647 : 		 320.824146 ms
Run 143 : 		 320.844173 ms
Run 605 : 		 323.004961 ms
Run 101 : 		 323.034048 ms
Run 521 : 		 322.427988 ms
Run 269 : 		 322.454929 ms
Run 730 : 		 322.423935 ms
Run 437 : 		 322.477818 ms
Run 185 : 		 323.901892 ms
Run 935 : 		 323.913097 ms
Run 771 : 		 326.398849 ms
Run 853 : 		 326.401949 ms
Run 812 : 		 327.825069 ms
Run 395 : 		 327.816010 ms
Run 894 : 		 332.015991 ms
Run 18 : 		 319.622993 ms
Run 354 : 		 319.646120 ms
Run 690 : 		 319.661856 ms
Run 977 : 		 319.644928 ms
Run 228 : 		 319.522858 ms
Run 311 : 		 338.783979 ms
Run 648 : 		 321.013212 ms
Run 480 : 		 321.040869 ms
Run 144 : 		 321.020126 ms
Run 60 : 		 321.048975 ms
Run 564 : 		 321.146011 ms
Run 606 : 		 323.417902 ms
Run 102 : 		 323.391914 ms
Run 438 : 		 323.707104 ms
Run 731 : 		 323.746920 ms
Run 270 : 		 323.741913 ms
Run 522 : 		 323.747873 ms
Run 186 : 		 323.824883 ms
Run 936 : 		 323.801041 ms
Run 854 : 		 326.830864 ms
Run 772 : 		 326.845169 ms
Run 813 : 		 326.449156 ms
Run 396 : 		 326.463938 ms
Run 895 : 		 330.700874 ms
Run 19 : 		 318.755150 ms
Run 355 : 		 318.767071 ms
Run 978 : 		 318.619013 ms
Run 691 : 		 318.806887 ms
Run 229 : 		 318.731070 ms
Run 481 : 		 320.043802 ms
Run 145 : 		 320.050001 ms
Run 61 : 		 320.058107 ms
Run 565 : 		 319.950104 ms
Run 649 : 		 320.076227 ms
Run 312 : 		 339.689970 ms
Run 103 : 		 322.105885 ms
Run 607 : 		 322.118044 ms
Run 439 : 		 322.402000 ms
Run 732 : 		 322.404861 ms
Run 271 : 		 322.387934 ms
Run 523 : 		 322.381973 ms
Run 187 : 		 323.315859 ms
Run 937 : 		 323.336124 ms
Run 855 : 		 326.129913 ms
Run 773 : 		 326.118946 ms
Run 814 : 		 327.636957 ms
Run 397 : 		 327.671051 ms
Run 896 : 		 331.118822 ms
Run 20 : 		 318.922043 ms
Run 356 : 		 318.919897 ms
Run 979 : 		 318.957806 ms
Run 692 : 		 318.912029 ms
Run 230 : 		 318.999052 ms
Run 146 : 		 321.205139 ms
Run 62 : 		 321.217060 ms
Run 482 : 		 321.242094 ms
Run 566 : 		 321.222067 ms
Run 650 : 		 321.192980 ms
Run 313 : 		 340.347052 ms
Run 608 : 		 322.876930 ms
Run 104 : 		 322.911978 ms
Run 440 : 		 323.145866 ms
Run 733 : 		 323.174000 ms
Run 272 : 		 323.162079 ms
Run 524 : 		 323.125124 ms
Run 188 : 		 324.584961 ms
Run 938 : 		 324.625969 ms
Run 774 : 		 326.228857 ms
Run 856 : 		 326.258898 ms
Run 815 : 		 328.368902 ms
Run 398 : 		 328.368902 ms
Run 897 : 		 332.031965 ms
Run 21 : 		 319.797039 ms
Run 357 : 		 319.828033 ms
Run 980 : 		 319.816113 ms
Run 693 : 		 319.813967 ms
Run 231 : 		 319.785833 ms
Run 147 : 		 321.419001 ms
Run 567 : 		 321.414948 ms
Run 63 : 		 321.444035 ms
Run 483 : 		 321.417093 ms
Run 651 : 		 321.392059 ms
Run 314 : 		 339.076042 ms
Run 609 : 		 324.207067 ms
Run 105 : 		 324.197054 ms
Run 525 : 		 324.073076 ms
Run 734 : 		 324.099064 ms
Run 441 : 		 324.098110 ms
Run 273 : 		 324.091911 ms
Run 189 : 		 324.074030 ms
Run 939 : 		 324.038029 ms
Run 775 : 		 326.376915 ms
Run 857 : 		 326.380968 ms
Run 816 : 		 327.678919 ms
Run 399 : 		 327.677965 ms
Run 898 : 		 331.468105 ms
Run 22 : 		 319.561958 ms
Run 358 : 		 319.556952 ms
Run 694 : 		 319.602013 ms
Run 981 : 		 319.784880 ms
Run 232 : 		 319.541931 ms
Run 652 : 		 321.007967 ms
Run 148 : 		 321.053982 ms
Run 484 : 		 321.019888 ms
Run 568 : 		 321.069956 ms
Run 64 : 		 321.056128 ms
Run 610 : 		 324.187994 ms
Run 106 : 		 324.190855 ms
Run 315 : 		 343.163013 ms
Run 442 : 		 323.229074 ms
Run 274 : 		 323.235035 ms
Run 526 : 		 323.241949 ms
Run 735 : 		 323.276997 ms
Run 190 : 		 324.284077 ms
Run 940 : 		 324.514866 ms
Run 776 : 		 326.380014 ms
Run 858 : 		 326.396942 ms
Run 817 : 		 327.020168 ms
Run 400 : 		 327.048063 ms
Run 899 : 		 331.632137 ms
Run 23 : 		 319.427967 ms
Run 359 : 		 319.434881 ms
Run 982 : 		 319.308996 ms
Run 695 : 		 319.381952 ms
Run 233 : 		 319.684982 ms
Run 485 : 		 320.956945 ms
Run 653 : 		 320.983171 ms
Run 65 : 		 320.966005 ms
Run 149 : 		 320.999861 ms
Run 569 : 		 320.991039 ms
Run 611 : 		 323.639154 ms
Run 107 : 		 323.655844 ms
Run 316 : 		 338.509083 ms
Run 443 : 		 323.162079 ms
Run 275 : 		 323.163986 ms
Run 736 : 		 323.176861 ms
Run 527 : 		 323.159933 ms
Run 941 : 		 324.823141 ms
Run 191 : 		 325.051069 ms
Run 777 : 		 326.703787 ms
Run 859 : 		 326.719999 ms
Run 818 : 		 326.931000 ms
Run 401 : 		 326.924086 ms
Run 900 : 		 330.976963 ms
Run 24 : 		 318.923950 ms
Run 360 : 		 318.947077 ms
Run 696 : 		 318.948984 ms
Run 983 : 		 319.066048 ms
Run 234 : 		 318.701029 ms
Run 654 : 		 320.626974 ms
Run 150 : 		 320.641994 ms
Run 486 : 		 320.657969 ms
Run 66 : 		 320.625067 ms
Run 570 : 		 320.647955 ms
Run 612 : 		 322.942972 ms
Run 108 : 		 322.947979 ms
Run 528 : 		 321.352005 ms
Run 276 : 		 321.374893 ms
Run 444 : 		 321.392059 ms
Run 737 : 		 321.372032 ms
Run 317 : 		 340.728045 ms
Run 192 : 		 324.070215 ms
Run 942 : 		 324.082851 ms
Run 860 : 		 326.071978 ms
Run 778 : 		 326.097965 ms
Run 819 : 		 326.754808 ms
Run 402 : 		 326.766014 ms
Run 25 : 		 318.310976 ms
Run 361 : 		 318.301201 ms
Run 984 : 		 318.139076 ms
Run 697 : 		 318.288803 ms
Run 235 : 		 318.704844 ms
Run 901 : 		 327.390909 ms
Run 487 : 		 321.432114 ms
Run 151 : 		 321.442127 ms
Run 67 : 		 321.446896 ms
Run 571 : 		 321.446896 ms
Run 655 : 		 321.446896 ms
Run 613 : 		 321.882010 ms
Run 109 : 		 321.872950 ms
Run 445 : 		 322.513819 ms
Run 529 : 		 322.545052 ms
Run 277 : 		 322.537184 ms
Run 738 : 		 322.540045 ms
Run 193 : 		 324.036121 ms
Run 943 : 		 324.024916 ms
Run 318 : 		 338.180065 ms
Run 779 : 		 326.058865 ms
Run 861 : 		 326.081038 ms
Run 820 : 		 327.516079 ms
Run 403 : 		 327.533007 ms
Run 26 : 		 319.319010 ms
Run 362 : 		 319.323063 ms
Run 985 : 		 319.344997 ms
Run 698 : 		 319.341183 ms
Run 236 : 		 319.201946 ms
Run 902 : 		 324.707985 ms
Run 152 : 		 320.949078 ms
Run 656 : 		 320.930958 ms
Run 572 : 		 320.949793 ms
Run 68 : 		 320.950031 ms
Run 488 : 		 320.945978 ms
Run 614 : 		 323.390007 ms
Run 110 : 		 323.388100 ms
Run 278 : 		 323.590994 ms
Run 530 : 		 323.615074 ms
Run 739 : 		 323.612928 ms
Run 446 : 		 323.642969 ms
Run 194 : 		 324.270964 ms
Run 944 : 		 324.266911 ms
Run 319 : 		 336.951017 ms
Run 862 : 		 326.277971 ms
Run 780 : 		 326.295853 ms
Run 821 : 		 327.748060 ms
Run 404 : 		 327.752829 ms
Run 363 : 		 319.679022 ms
Run 986 : 		 319.505930 ms
Run 27 : 		 319.701910 ms
Run 237 : 		 319.323063 ms
Run 699 : 		 319.705009 ms
Run 903 : 		 330.276966 ms
Run 69 : 		 320.036173 ms
Run 153 : 		 320.075989 ms
Run 573 : 		 320.085049 ms
Run 657 : 		 320.110083 ms
Run 489 : 		 320.086956 ms
Run 111 : 		 321.789980 ms
Run 615 : 		 321.792126 ms
Run 447 : 		 322.714090 ms
Run 740 : 		 322.741985 ms
Run 279 : 		 322.735071 ms
Run 531 : 		 322.739124 ms
Run 945 : 		 324.426889 ms
Run 195 : 		 324.450970 ms
Run 320 : 		 342.535019 ms
Run 863 : 		 326.627016 ms
Run 781 : 		 326.617956 ms
Run 822 : 		 336.216211 ms
Run 405 : 		 336.236000 ms
Run 28 : 		 327.786922 ms
Run 987 : 		 327.816010 ms
Run 364 : 		 327.823162 ms
Run 700 : 		 327.753067 ms
Run 238 : 		 327.927828 ms
Run 904 : 		 339.644909 ms
Run 70 : 		 330.148220 ms
Run 658 : 		 330.124855 ms
Run 574 : 		 330.137014 ms
Run 490 : 		 330.118895 ms
Run 154 : 		 330.153942 ms
Run 616 : 		 331.738949 ms
Run 112 : 		 331.764936 ms
Run 532 : 		 332.329035 ms
Run 741 : 		 332.422018 ms
Run 280 : 		 332.345009 ms
Run 448 : 		 332.360983 ms
Run 946 : 		 333.356857 ms
Run 196 : 		 333.359003 ms
Run 321 : 		 344.126940 ms
Run 782 : 		 335.598946 ms
Run 864 : 		 335.631847 ms
Run 823 : 		 327.004910 ms
Run 406 : 		 327.026129 ms
Run 29 : 		 319.620132 ms
Run 365 : 		 319.597960 ms
Run 988 : 		 319.660902 ms
Run 701 : 		 319.641829 ms
Run 239 : 		 319.648027 ms
Run 905 : 		 330.842018 ms
Run 659 : 		 320.754051 ms
Run 155 : 		 320.755959 ms
Run 71 : 		 320.780993 ms
Run 491 : 		 320.791006 ms
Run 575 : 		 320.815086 ms
Run 617 : 		 323.929071 ms
Run 113 : 		 323.923111 ms
Run 281 : 		 322.551966 ms
Run 742 : 		 322.577000 ms
Run 449 : 		 322.541952 ms
Run 533 : 		 322.561026 ms
Run 947 : 		 324.733973 ms
Run 197 : 		 324.743986 ms
Run 322 : 		 337.800980 ms
Run 783 : 		 326.462030 ms
Run 865 : 		 326.446056 ms
Run 824 : 		 327.635050 ms
Run 407 : 		 327.623844 ms
Run 366 : 		 319.576979 ms
Run 989 : 		 319.578886 ms
Run 30 : 		 319.592953 ms
Run 702 : 		 319.614172 ms
Run 240 : 		 319.560051 ms
Run 906 : 		 330.562115 ms
Run 660 : 		 321.228027 ms
Run 156 : 		 321.243048 ms
Run 72 : 		 321.242809 ms
Run 576 : 		 321.197987 ms
Run 492 : 		 321.250916 ms
Run 618 : 		 322.757959 ms
Run 114 : 		 322.759151 ms
Run 743 : 		 323.007822 ms
Run 450 : 		 323.009968 ms
Run 282 : 		 323.029995 ms
Run 534 : 		 322.987080 ms
Run 198 : 		 324.338198 ms
Run 948 : 		 324.383020 ms
Run 323 : 		 342.216969 ms
Run 866 : 		 327.126980 ms
Run 784 : 		 327.146053 ms
Run 825 : 		 326.303959 ms
Run 408 : 		 326.331139 ms
Run 367 : 		 319.039106 ms
Run 990 : 		 319.041014 ms
Run 703 : 		 319.019794 ms
Run 241 : 		 319.149017 ms
Run 31 : 		 319.926977 ms
Run 157 : 		 320.674896 ms
Run 661 : 		 320.694923 ms
Run 73 : 		 320.681095 ms
Run 493 : 		 320.693016 ms
Run 577 : 		 320.723057 ms
Run 907 : 		 331.087112 ms
Run 619 : 		 322.525024 ms
Run 115 : 		 322.535992 ms
Run 451 : 		 323.355913 ms
Run 283 : 		 323.359013 ms
Run 744 : 		 323.356152 ms
Run 535 : 		 323.338985 ms
Run 949 : 		 324.102163 ms
Run 199 : 		 324.145079 ms
Run 785 : 		 326.495886 ms
Run 867 : 		 326.539993 ms
Run 324 : 		 339.175940 ms
Run 32 : 		 320.442915 ms
Run 368 : 		 321.393967 ms
Run 991 : 		 321.395874 ms
Run 704 : 		 321.273088 ms
Run 409 : 		 338.403940 ms
Run 242 : 		 337.713003 ms
Run 826 : 		 338.716984 ms
Run 662 : 		 321.454763 ms
Run 494 : 		 321.445942 ms
Run 158 : 		 321.470976 ms
Run 74 : 		 321.477890 ms
Run 578 : 		 321.449041 ms
Run 908 : 		 332.912922 ms
Run 620 : 		 322.326899 ms
Run 116 : 		 322.332144 ms
Run 284 : 		 323.552132 ms
Run 452 : 		 323.564053 ms
Run 536 : 		 323.564053 ms
Run 745 : 		 323.574066 ms
Run 950 : 		 324.775934 ms
Run 200 : 		 324.786901 ms
Run 868 : 		 326.667070 ms
Run 786 : 		 326.692104 ms
Run 325 : 		 341.329098 ms
Run 33 : 		 319.788933 ms
Run 369 : 		 319.753170 ms
Run 992 : 		 319.777966 ms
Run 705 : 		 319.775820 ms
Run 827 : 		 333.661795 ms
Run 243 : 		 333.810091 ms
Run 410 : 		 333.964825 ms
Run 663 : 		 320.624113 ms
Run 159 : 		 320.624113 ms
Run 579 : 		 320.626020 ms
Run 495 : 		 320.651054 ms
Run 75 : 		 320.619106 ms
Run 909 : 		 332.157850 ms
Run 621 : 		 323.103905 ms
Run 117 : 		 323.101997 ms
Run 453 : 		 323.519945 ms
Run 746 : 		 323.517084 ms
Run 537 : 		 323.501825 ms
Run 285 : 		 323.533058 ms
Run 951 : 		 324.653864 ms
Run 201 : 		 324.667931 ms
Run 869 : 		 326.632977 ms
Run 787 : 		 326.637983 ms
Run 34 : 		 320.246935 ms
Run 706 : 		 320.230961 ms
Run 370 : 		 320.251942 ms
Run 993 : 		 324.676037 ms
Run 326 : 		 340.425014 ms
Run 244 : 		 337.884903 ms
Run 411 : 		 337.913036 ms
Run 828 : 		 338.060141 ms
Run 664 : 		 320.950031 ms
Run 160 : 		 320.966005 ms
Run 580 : 		 320.974827 ms
Run 76 : 		 320.946217 ms
Run 496 : 		 320.981026 ms
Run 910 : 		 331.719875 ms
Run 118 : 		 323.293924 ms
Run 622 : 		 323.309183 ms
Run 454 : 		 322.602034 ms
Run 286 : 		 322.578192 ms
Run 538 : 		 322.587013 ms
Run 747 : 		 322.604895 ms
Run 952 : 		 324.608803 ms
Run 202 : 		 324.625015 ms
Run 870 : 		 325.831175 ms
Run 788 : 		 325.822115 ms
Run 35 : 		 319.508076 ms
Run 707 : 		 319.520950 ms
Run 371 : 		 319.526911 ms
Run 994 : 		 326.822042 ms
Run 327 : 		 339.426994 ms
Run 665 : 		 320.345879 ms
Run 161 : 		 320.354939 ms
Run 77 : 		 320.351839 ms
Run 829 : 		 330.585003 ms
Run 581 : 		 320.381165 ms
Run 497 : 		 320.532084 ms
Run 412 : 		 330.950022 ms
Run 245 : 		 333.192110 ms
Run 911 : 		 332.078934 ms
Run 623 : 		 322.421789 ms
Run 119 : 		 322.441101 ms
Run 455 : 		 322.869062 ms
Run 539 : 		 322.853804 ms
Run 748 : 		 322.873116 ms
Run 287 : 		 322.899103 ms
Run 953 : 		 325.621843 ms
Run 203 : 		 325.617075 ms
Run 789 : 		 325.844049 ms
Run 871 : 		 325.928211 ms
Run 372 : 		 319.091082 ms
Run 708 : 		 319.107056 ms
Run 36 : 		 319.137812 ms
Run 995 : 		 326.767206 ms
Run 328 : 		 341.796160 ms
Run 162 : 		 320.013046 ms
Run 582 : 		 319.998026 ms
Run 666 : 		 320.023060 ms
Run 78 : 		 320.026159 ms
Run 830 : 		 320.130825 ms
Run 498 : 		 319.992065 ms
Run 413 : 		 320.086956 ms
Run 246 : 		 333.721876 ms
Run 912 : 		 330.011129 ms
Run 120 : 		 322.609901 ms
Run 624 : 		 322.613955 ms
Run 288 : 		 321.797848 ms
Run 456 : 		 321.828127 ms
Run 540 : 		 321.844816 ms
Run 749 : 		 321.843863 ms
Run 954 : 		 325.731039 ms
Run 204 : 		 325.736046 ms
Run 790 : 		 325.821161 ms
Run 872 : 		 325.796127 ms
Run 37 : 		 319.463015 ms
Run 373 : 		 319.526196 ms
Run 709 : 		 319.552898 ms
Run 996 : 		 327.075958 ms
Run 667 : 		 320.029020 ms
Run 163 : 		 320.045948 ms
Run 583 : 		 320.069075 ms
Run 79 : 		 320.028067 ms
Run 831 : 		 319.947004 ms
Run 499 : 		 320.062876 ms
Run 414 : 		 320.111990 ms
Run 329 : 		 335.379839 ms
Run 247 : 		 334.024906 ms
Run 913 : 		 330.568075 ms
Run 625 : 		 322.422981 ms
Run 121 : 		 322.451830 ms
Run 289 : 		 323.033094 ms
Run 750 : 		 323.030949 ms
Run 541 : 		 323.022127 ms
Run 457 : 		 323.027849 ms
Run 955 : 		 326.724052 ms
Run 205 : 		 326.721907 ms
Run 791 : 		 326.467991 ms
Run 873 : 		 326.442957 ms
Run 374 : 		 318.989038 ms
Run 38 : 		 319.027901 ms
Run 710 : 		 318.944931 ms
Run 997 : 		 326.972961 ms
Run 164 : 		 320.527077 ms
Run 584 : 		 320.539951 ms
Run 80 : 		 320.528984 ms
Run 668 : 		 320.553064 ms
Run 832 : 		 320.623159 ms
Run 500 : 		 320.573092 ms
Run 415 : 		 320.472956 ms
Run 330 : 		 338.075161 ms
Run 248 : 		 334.385157 ms
Run 914 : 		 330.542088 ms
Run 626 : 		 322.038889 ms
Run 122 : 		 322.041035 ms
Run 458 : 		 322.447062 ms
Run 542 : 		 322.478056 ms
Run 751 : 		 322.500944 ms
Run 290 : 		 322.504997 ms
Run 956 : 		 326.158047 ms
Run 206 : 		 326.161861 ms
Run 39 : 		 318.270922 ms
Run 711 : 		 318.264008 ms
Run 375 : 		 318.311930 ms
Run 792 : 		 324.446917 ms
Run 874 : 		 324.482918 ms
Run 998 : 		 325.891018 ms
Run 165 : 		 320.300817 ms
Run 585 : 		 320.322037 ms
Run 81 : 		 320.308924 ms
Run 669 : 		 320.284128 ms
Run 833 : 		 320.369959 ms
Run 501 : 		 320.314169 ms
Run 416 : 		 320.286036 ms
Run 331 : 		 340.248823 ms
Run 249 : 		 332.625866 ms
Run 915 : 		 324.703217 ms
Run 123 : 		 321.532011 ms
Run 627 : 		 321.517944 ms
Run 543 : 		 322.870970 ms
Run 459 : 		 322.890997 ms
Run 291 : 		 322.862148 ms
Run 752 : 		 322.898149 ms
Run 207 : 		 326.128006 ms
Run 957 : 		 326.179981 ms
Run 40 : 		 319.411993 ms
Run 712 : 		 319.428921 ms
Run 376 : 		 319.422007 ms
Run 875 : 		 324.013948 ms
Run 793 : 		 324.062109 ms
Run 999 : 		 326.254845 ms
Run 586 : 		 319.921017 ms
Run 166 : 		 319.956779 ms
Run 82 : 		 319.952965 ms
Run 670 : 		 319.956064 ms
Run 834 : 		 319.854975 ms
Run 502 : 		 319.992781 ms
Run 417 : 		 320.032120 ms
Run 332 : 		 337.356091 ms
Run 250 : 		 333.647013 ms
Run 628 : 		 320.930004 ms
Run 124 : 		 320.940971 ms
Run 916 : 		 321.120977 ms
Run 460 : 		 321.998119 ms
Run 753 : 		 321.990967 ms
Run 292 : 		 321.987867 ms
Run 544 : 		 322.000027 ms
Run 958 : 		 326.322079 ms
Run 208 : 		 326.331854 ms
Run 41 : 		 318.598986 ms
Run 377 : 		 318.584919 ms
Run 713 : 		 318.610907 ms
Run 876 : 		 325.354815 ms
Run 794 : 		 325.351000 ms
Run 1000 : 		 324.810028 ms
Run 587 : 		 320.214033 ms
Run 167 : 		 320.204020 ms
Run 671 : 		 320.210934 ms
Run 83 : 		 320.224047 ms
Run 835 : 		 320.251226 ms
Run 503 : 		 320.198059 ms
Run 418 : 		 320.139170 ms
Run 251 : 		 316.789865 ms
Run 333 : 		 338.238001 ms
Run 125 : 		 313.218832 ms
Run 629 : 		 319.903851 ms
Run 917 : 		 319.841862 ms
Run 293 : 		 321.095943 ms
Run 754 : 		 321.119070 ms
Run 545 : 		 321.093082 ms
Run 461 : 		 321.115017 ms
Run 209 : 		 321.879148 ms
Run 959 : 		 321.892023 ms
Run 42 : 		 315.449953 ms
Run 378 : 		 315.464973 ms
Run 877 : 		 314.298868 ms
Run 795 : 		 321.433067 ms
Run 84 : 		 307.644129 ms
Run 672 : 		 315.835953 ms
Run 588 : 		 315.881014 ms
Run 168 : 		 315.861940 ms
Run 504 : 		 315.794945 ms
Run 419 : 		 316.138029 ms
Run 836 : 		 316.958189 ms
Run 126 : 		 272.498131 ms
Run 252 : 		 288.461924 ms
Run 918 : 		 299.069166 ms
Run 630 : 		 299.174786 ms
Run 334 : 		 322.279930 ms
Run 462 : 		 301.502943 ms
Run 546 : 		 301.523924 ms
Run 294 : 		 301.528931 ms
Run 210 : 		 285.522938 ms
Run 420 : 		 277.098894 ms
Run 335 : 		 260.901928 ms
Run 336 : 		 210.740089 ms
Average time : 389.351291 ms
Total time : 16770.632982 ms
Gain total times to run 1000 instances in parallel / serial time :
 	 23.216255 times faster
