
6847 : 0x1214dccccf7f97 : 4 : __ittapi_collector_init :  pthread_atfork() result: 0
6847 : 0x1214dcccd021a5 : 2 : ittapi_config_mask_get :  --itt-config mask to be applied: 17
6847 : 0x1214dcccd0414a : 2 : ittapi_config_apply_per_lib :  ITTAPI function instrumented: __itt_domain_create
6847 : 0x1214dcccd04eee : 2 : ittapi_config_apply_per_lib :  ITTAPI function instrumented: __itt_string_handle_create
6847 : 0x1214dcccd05bc1 : 2 : ittapi_config_apply_per_lib :  ITTAPI function instrumented: __itt_pause
6847 : 0x1214dcccd06736 : 2 : ittapi_config_apply_per_lib :  ITTAPI function instrumented: __itt_resume
6847 : 0x1214dcccd07220 : 2 : ittapi_config_apply_per_lib :  ITTAPI function instrumented: __itt_thread_set_name
6847 : 0x1214dcccd07ef3 : 2 : ittapi_config_apply_per_lib :  ITTAPI function instrumented: __itt_thread_ignore
6847 : 0x1214dcccd08aae : 2 : ittapi_config_apply_per_lib :  ITTAPI function instrumented: __itt_thr_name_set
6847 : 0x1214dcccd09597 : 2 : ittapi_config_apply_per_lib :  ITTAPI function instrumented: __itt_thr_ignore
6847 : 0x1214dcccd131ea : 2 : ittapi_config_apply_per_lib :  ITTAPI function not implemented: __itt_enable_attach
6847 : 0x1214dcccd13fd4 : 2 : ittapi_config_apply_per_lib :  ITTAPI function NOT instrumented (not matched by --itt-config option): __itt_sync_create

6847 : 0x1214dcccd14a78 : 2 : ittapi_config_apply_per_lib :  ITTAPI function NOT instrumented (not matched by --itt-config option): __itt_sync_rename

6847 : 0x1214dcccd15190 : 2 : ittapi_config_apply_per_lib :  ITTAPI function NOT instrumented (not matched by --itt-config option): __itt_sync_destroy

6847 : 0x1214dcccd158a8 : 2 : ittapi_config_apply_per_lib :  ITTAPI function NOT instrumented (not matched by --itt-config option): __itt_sync_prepare

6847 : 0x1214dcccd15f34 : 2 : ittapi_config_apply_per_lib :  ITTAPI function NOT instrumented (not matched by --itt-config option): __itt_sync_cancel

6847 : 0x1214dcccd165c0 : 2 : ittapi_config_apply_per_lib :  ITTAPI function NOT instrumented (not matched by --itt-config option): __itt_sync_acquired

6847 : 0x1214dcccd16d64 : 2 : ittapi_config_apply_per_lib :  ITTAPI function NOT instrumented (not matched by --itt-config option): __itt_sync_releasing

6847 : 0x1214dcccd182f1 : 2 : ittapi_config_apply_per_lib :  ITTAPI function not implemented: __itt_suppress_push
6847 : 0x1214dcccd192c4 : 2 : ittapi_config_apply_per_lib :  ITTAPI function not implemented: __itt_suppress_pop
6847 : 0x1214dcccd1c1f7 : 2 : ittapi_config_apply_per_lib :  ITTAPI function not implemented: __itt_suppress_mark_range
6847 : 0x1214dcccd1d13e : 2 : ittapi_config_apply_per_lib :  ITTAPI function not implemented: __itt_suppress_clear_range
6847 : 0x1214dcccd1d89b : 2 : ittapi_config_apply_per_lib :  ITTAPI function NOT instrumented (not matched by --itt-config option): __itt_sync_prepare

6847 : 0x1214dcccd1e03f : 2 : ittapi_config_apply_per_lib :  ITTAPI function NOT instrumented (not matched by --itt-config option): __itt_sync_cancel

6847 : 0x1214dcccd1e711 : 2 : ittapi_config_apply_per_lib :  ITTAPI function NOT instrumented (not matched by --itt-config option): __itt_sync_acquired

6847 : 0x1214dcccd1ed57 : 2 : ittapi_config_apply_per_lib :  ITTAPI function NOT instrumented (not matched by --itt-config option): __itt_sync_releasing

6847 : 0x1214dcccd1f9e4 : 2 : ittapi_config_apply_per_lib :  ITTAPI function not implemented: __itt_model_site_begin
6847 : 0x1214dcccd2062b : 2 : ittapi_config_apply_per_lib :  ITTAPI function not implemented: __itt_model_site_end
6847 : 0x1214dcccd2122c : 2 : ittapi_config_apply_per_lib :  ITTAPI function not implemented: __itt_model_task_begin
6847 : 0x1214dcccd21da1 : 2 : ittapi_config_apply_per_lib :  ITTAPI function not implemented: __itt_model_task_end
6847 : 0x1214dcccd243d3 : 2 : ittapi_config_apply_per_lib :  ITTAPI function not implemented: __itt_model_lock_acquire
6847 : 0x1214dcccd25203 : 2 : ittapi_config_apply_per_lib :  ITTAPI function not implemented: __itt_model_lock_release
6847 : 0x1214dcccd25e4a : 2 : ittapi_config_apply_per_lib :  ITTAPI function not implemented: __itt_model_record_allocation
6847 : 0x1214dcccd26ad6 : 2 : ittapi_config_apply_per_lib :  ITTAPI function not implemented: __itt_model_record_deallocation
6847 : 0x1214dcccd28a36 : 2 : ittapi_config_apply_per_lib :  ITTAPI function not implemented: __itt_model_induction_uses
6847 : 0x1214dcccd2967d : 2 : ittapi_config_apply_per_lib :  ITTAPI function not implemented: __itt_model_reduction_uses
6847 : 0x1214dcccd2a2c4 : 2 : ittapi_config_apply_per_lib :  ITTAPI function not implemented: __itt_model_observe_uses
6847 : 0x1214dcccd2aec5 : 2 : ittapi_config_apply_per_lib :  ITTAPI function not implemented: __itt_model_clear_uses
6847 : 0x1214dcccd2bb0c : 2 : ittapi_config_apply_per_lib :  ITTAPI function not implemented: __itt_model_site_beginA
6847 : 0x1214dcccd2c753 : 2 : ittapi_config_apply_per_lib :  ITTAPI function not implemented: __itt_model_site_beginAL
6847 : 0x1214dcccd2fe6e : 2 : ittapi_config_apply_per_lib :  ITTAPI function not implemented: __itt_model_task_beginA
6847 : 0x1214dcccd30d70 : 2 : ittapi_config_apply_per_lib :  ITTAPI function not implemented: __itt_model_task_beginAL
6847 : 0x1214dcccd319b7 : 2 : ittapi_config_apply_per_lib :  ITTAPI function not implemented: __itt_model_iteration_taskA
6847 : 0x1214dcccd3252c : 2 : ittapi_config_apply_per_lib :  ITTAPI function not implemented: __itt_model_iteration_taskAL
6847 : 0x1214dcccd330e7 : 2 : ittapi_config_apply_per_lib :  ITTAPI function not implemented: __itt_model_site_end_2
6847 : 0x1214dcccd33bd1 : 2 : ittapi_config_apply_per_lib :  ITTAPI function not implemented: __itt_model_task_end_2
6847 : 0x1214dcccd3492f : 2 : ittapi_config_apply_per_lib :  ITTAPI function not implemented: __itt_model_lock_acquire_2
6847 : 0x1214dcccd354a4 : 2 : ittapi_config_apply_per_lib :  ITTAPI function not implemented: __itt_model_lock_release_2
6847 : 0x1214dcccd3605f : 2 : ittapi_config_apply_per_lib :  ITTAPI function not implemented: __itt_model_aggregate_task
6847 : 0x1214dcccd36b8f : 2 : ittapi_config_apply_per_lib :  ITTAPI function not implemented: __itt_model_disable_push
6847 : 0x1214dcccd38fd8 : 2 : ittapi_config_apply_per_lib :  ITTAPI function not implemented: __itt_model_disable_pop
6847 : 0x1214dcccd39ed9 : 2 : ittapi_config_apply_per_lib :  ITTAPI function not implemented: __itt_heap_function_create
6847 : 0x1214dcccd3aada : 2 : ittapi_config_apply_per_lib :  ITTAPI function not implemented: __itt_heap_allocate_begin
6847 : 0x1214dcccd3b64f : 2 : ittapi_config_apply_per_lib :  ITTAPI function not implemented: __itt_heap_allocate_end
6847 : 0x1214dcccd3c2dc : 2 : ittapi_config_apply_per_lib :  ITTAPI function not implemented: __itt_heap_free_begin
6847 : 0x1214dcccd3cf69 : 2 : ittapi_config_apply_per_lib :  ITTAPI function not implemented: __itt_heap_free_end
6847 : 0x1214dcccd3db24 : 2 : ittapi_config_apply_per_lib :  ITTAPI function not implemented: __itt_heap_reallocate_begin
6847 : 0x1214dcccd3e76b : 2 : ittapi_config_apply_per_lib :  ITTAPI function not implemented: __itt_heap_reallocate_end
6847 : 0x1214dcccd3f36c : 2 : ittapi_config_apply_per_lib :  ITTAPI function not implemented: __itt_heap_internal_access_begin
6847 : 0x1214dcccd3ffb3 : 2 : ittapi_config_apply_per_lib :  ITTAPI function not implemented: __itt_heap_internal_access_end
6847 : 0x1214dcccd42213 : 2 : ittapi_config_apply_per_lib :  ITTAPI function not implemented: __itt_heap_record_memory_growth_begin
6847 : 0x1214dcccd430ce : 2 : ittapi_config_apply_per_lib :  ITTAPI function not implemented: __itt_heap_record_memory_growth_end
6847 : 0x1214dcccd43de7 : 2 : ittapi_config_apply_per_lib :  ITTAPI function not implemented: __itt_heap_reset_detection
6847 : 0x1214dcccd449a2 : 2 : ittapi_config_apply_per_lib :  ITTAPI function not implemented: __itt_heap_record
6847 : 0x1214dcccd455a3 : 2 : ittapi_config_apply_per_lib :  ITTAPI function not implemented: __itt_id_create
6847 : 0x1214dcccd4615e : 2 : ittapi_config_apply_per_lib :  ITTAPI function not implemented: __itt_id_destroy
6847 : 0x1214dcccd46c48 : 2 : ittapi_config_apply_per_lib :  ITTAPI function instrumented: __itt_get_timestamp
6847 : 0x1214dcccd47731 : 2 : ittapi_config_apply_per_lib :  ITTAPI function not implemented: __itt_region_begin
6847 : 0x1214dcccd48261 : 2 : ittapi_config_apply_per_lib :  ITTAPI function not implemented: __itt_region_end
6847 : 0x1214dcccd48d05 : 2 : ittapi_config_apply_per_lib :  ITTAPI function instrumented: __itt_frame_begin_v3
6847 : 0x1214dcccd4ccdb : 2 : ittapi_config_apply_per_lib :  ITTAPI function instrumented: __itt_frame_end_v3
6847 : 0x1214dcccd4d9f4 : 2 : ittapi_config_apply_per_lib :  ITTAPI function instrumented: __itt_frame_submit_v3
6847 : 0x1214dcccd4e0c6 : 2 : ittapi_config_apply_per_lib :  ITTAPI function NOT instrumented (not matched by --itt-config option): __itt_task_group

6847 : 0x1214dcccd4e798 : 2 : ittapi_config_apply_per_lib :  ITTAPI function NOT instrumented (not matched by --itt-config option): __itt_task_begin

6847 : 0x1214dcccd4eeb0 : 2 : ittapi_config_apply_per_lib :  ITTAPI function NOT instrumented (not matched by --itt-config option): __itt_task_begin_fn

6847 : 0x1214dcccd4f5c8 : 2 : ittapi_config_apply_per_lib :  ITTAPI function NOT instrumented (not matched by --itt-config option): __itt_task_end

6847 : 0x1214dcccd5029a : 2 : ittapi_config_apply_per_lib :  ITTAPI function not implemented: __itt_counter_inc_v3
6847 : 0x1214dcccd50ee1 : 2 : ittapi_config_apply_per_lib :  ITTAPI function not implemented: __itt_counter_inc_delta_v3
6847 : 0x1214dcccd51a9c : 2 : ittapi_config_apply_per_lib :  ITTAPI function not implemented: __itt_marker
6847 : 0x1214dcccd52586 : 2 : ittapi_config_apply_per_lib :  ITTAPI function instrumented: __itt_metadata_add
6847 : 0x1214dcccd5475a : 2 : ittapi_config_apply_per_lib :  ITTAPI function not implemented: __itt_metadata_str_add
6847 : 0x1214dcccd5558a : 2 : ittapi_config_apply_per_lib :  ITTAPI function not implemented: __itt_relation_add_to_current
6847 : 0x1214dcccd5618b : 2 : ittapi_config_apply_per_lib :  ITTAPI function not implemented: __itt_relation_add
6847 : 0x1214dcccd56c75 : 2 : ittapi_config_apply_per_lib :  ITTAPI function instrumented: __itt_event_create
6847 : 0x1214dcccd57301 : 2 : ittapi_config_apply_per_lib :  ITTAPI function NOT instrumented (not matched by --itt-config option): __itt_event_start

6847 : 0x1214dcccd5798d : 2 : ittapi_config_apply_per_lib :  ITTAPI function NOT instrumented (not matched by --itt-config option): __itt_event_end

6847 : 0x1214dcccd58019 : 2 : ittapi_config_apply_per_lib :  ITTAPI function NOT instrumented (not matched by --itt-config option): __itt_sync_set_name

6847 : 0x1214dcccd58b03 : 2 : ittapi_config_apply_per_lib :  ITTAPI function instrumented: __itt_notify_sync_name
6847 : 0x1214dcccd59561 : 2 : ittapi_config_apply_per_lib :  ITTAPI function instrumented: __itt_notify_sync_prepare
6847 : 0x1214dcccd59f79 : 2 : ittapi_config_apply_per_lib :  ITTAPI function instrumented: __itt_notify_sync_cancel
6847 : 0x1214dcccd5bed9 : 2 : ittapi_config_apply_per_lib :  ITTAPI function instrumented: __itt_notify_sync_acquired
6847 : 0x1214dcccd5cada : 2 : ittapi_config_apply_per_lib :  ITTAPI function instrumented: __itt_notify_sync_releasing
6847 : 0x1214dcccd5d609 : 2 : ittapi_config_apply_per_lib :  ITTAPI function not implemented: __itt_memory_read
6847 : 0x1214dcccd5e250 : 2 : ittapi_config_apply_per_lib :  ITTAPI function not implemented: __itt_memory_write
6847 : 0x1214dcccd5edc5 : 2 : ittapi_config_apply_per_lib :  ITTAPI function not implemented: __itt_memory_update
6847 : 0x1214dcccd5f93b : 2 : ittapi_config_apply_per_lib :  ITTAPI function not implemented: __itt_state_get
6847 : 0x1214dcccd604b0 : 2 : ittapi_config_apply_per_lib :  ITTAPI function not implemented: __itt_state_set
6847 : 0x1214dcccd60f9a : 2 : ittapi_config_apply_per_lib :  ITTAPI function not implemented: __itt_obj_mode_set
6847 : 0x1214dcccd61a83 : 2 : ittapi_config_apply_per_lib :  ITTAPI function not implemented: __itt_thr_mode_set
6847 : 0x1214dcccd62456 : 2 : ittapi_config_apply_per_lib :  ITTAPI function instrumented: __itt_frame_create
6847 : 0x1214dcccd64370 : 2 : ittapi_config_apply_per_lib :  ITTAPI function instrumented: __itt_frame_begin
6847 : 0x1214dcccd65114 : 2 : ittapi_config_apply_per_lib :  ITTAPI function instrumented: __itt_frame_end
6847 : 0x1214dcccd65c89 : 2 : ittapi_config_apply_per_lib :  ITTAPI function not implemented: __itt_counter_create
6847 : 0x1214dcccd6695b : 2 : ittapi_config_apply_per_lib :  ITTAPI function not implemented: __itt_counter_destroy
6847 : 0x1214dcccd67517 : 2 : ittapi_config_apply_per_lib :  ITTAPI function not implemented: __itt_counter_inc
6847 : 0x1214dcccd681e9 : 2 : ittapi_config_apply_per_lib :  ITTAPI function not implemented: __itt_counter_inc_delta
6847 : 0x1214dcccd68e30 : 2 : ittapi_config_apply_per_lib :  ITTAPI function not implemented: __itt_mark_create
6847 : 0x1214dcccd6991a : 2 : ittapi_config_apply_per_lib :  ITTAPI function not implemented: __itt_mark
6847 : 0x1214dcccd6a4d5 : 2 : ittapi_config_apply_per_lib :  ITTAPI function not implemented: __itt_mark_off
6847 : 0x1214dcccd6b0d6 : 2 : ittapi_config_apply_per_lib :  ITTAPI function not implemented: __itt_mark_global
6847 : 0x1214dcccd6db1f : 2 : ittapi_config_apply_per_lib :  ITTAPI function not implemented: __itt_mark_global_off
6847 : 0x1214dcccd6e87e : 2 : ittapi_config_apply_per_lib :  ITTAPI function instrumented: __itt_stack_caller_create
6847 : 0x1214dcccd6f3f3 : 2 : ittapi_config_apply_per_lib :  ITTAPI function instrumented: __itt_stack_caller_destroy
6847 : 0x1214dcccd6fe97 : 2 : ittapi_config_apply_per_lib :  ITTAPI function instrumented: __itt_stack_callee_enter
6847 : 0x1214dcccd708f5 : 2 : ittapi_config_apply_per_lib :  ITTAPI function instrumented: __itt_stack_callee_leave
6847 : 0x1214dcccd71424 : 2 : ittapi_config_apply_per_lib :  ITTAPI function not implemented: __itt_clock_domain_create
6847 : 0x1214dcccd71fdf : 2 : ittapi_config_apply_per_lib :  ITTAPI function not implemented: __itt_clock_domain_reset
6847 : 0x1214dcccd72b0f : 2 : ittapi_config_apply_per_lib :  ITTAPI function not implemented: __itt_id_create_ex
6847 : 0x1214dcccd73684 : 2 : ittapi_config_apply_per_lib :  ITTAPI function not implemented: __itt_id_destroy_ex
6847 : 0x1214dcccd73d10 : 2 : ittapi_config_apply_per_lib :  ITTAPI function NOT instrumented (not matched by --itt-config option): __itt_task_begin_ex

6847 : 0x1214dcccd75741 : 2 : ittapi_config_apply_per_lib :  ITTAPI function NOT instrumented (not matched by --itt-config option): __itt_task_begin_fn_ex

6847 : 0x1214dcccd75fb6 : 2 : ittapi_config_apply_per_lib :  ITTAPI function NOT instrumented (not matched by --itt-config option): __itt_task_end_ex

6847 : 0x1214dcccd765fc : 2 : ittapi_config_apply_per_lib :  ITTAPI function NOT instrumented (not matched by --itt-config option): __itt_task_begin_overlapped

6847 : 0x1214dcccd76c89 : 2 : ittapi_config_apply_per_lib :  ITTAPI function NOT instrumented (not matched by --itt-config option): __itt_task_begin_overlapped_ex

6847 : 0x1214dcccd77315 : 2 : ittapi_config_apply_per_lib :  ITTAPI function NOT instrumented (not matched by --itt-config option): __itt_task_end_overlapped

6847 : 0x1214dcccd7795b : 2 : ittapi_config_apply_per_lib :  ITTAPI function NOT instrumented (not matched by --itt-config option): __itt_task_end_overlapped_ex

6847 : 0x1214dcccd78817 : 2 : ittapi_config_apply_per_lib :  ITTAPI function not implemented: __itt_marker_ex
6847 : 0x1214dcccd79601 : 2 : ittapi_config_apply_per_lib :  ITTAPI function not implemented: __itt_metadata_add_with_scope
6847 : 0x1214dcccd7a2d3 : 2 : ittapi_config_apply_per_lib :  ITTAPI function not implemented: __itt_metadata_str_add_with_scope
6847 : 0x1214dcccd7af1a : 2 : ittapi_config_apply_per_lib :  ITTAPI function not implemented: __itt_relation_add_to_current_ex
6847 : 0x1214dcccd7cf05 : 2 : ittapi_config_apply_per_lib :  ITTAPI function not implemented: __itt_relation_add_ex
6847 : 0x1214dcccd7dca9 : 2 : ittapi_config_apply_per_lib :  ITTAPI function not implemented: __itt_track_group_create
6847 : 0x1214dcccd7e7d9 : 2 : ittapi_config_apply_per_lib :  ITTAPI function not implemented: __itt_track_create
6847 : 0x1214dcccd7f34e : 2 : ittapi_config_apply_per_lib :  ITTAPI function not implemented: __itt_set_track
6847 : 0x1214dcccd7fdac : 2 : ittapi_config_apply_per_lib :  ITTAPI function instrumented: __itt_api_version
6847 : 0x1214dcccd808dc : 2 : ittapi_config_apply_per_lib :  ITTAPI function not implemented: __itt_av_save
6847 : 0x1214dcccdc55f3 : 2 : ittapi_config_mask_get :  --itt-config mask to be applied: 17
6847 : 0x1214dcccdc6a23 : 2 : ittapi_config_apply_per_lib :  ITTAPI function instrumented: __itt_domain_create
6847 : 0x1214dcccdc7481 : 2 : ittapi_config_apply_per_lib :  ITTAPI function instrumented: __itt_string_handle_create
6847 : 0x1214dcccdc7f25 : 2 : ittapi_config_apply_per_lib :  ITTAPI function instrumented: __itt_pause
6847 : 0x1214dcccdcbae4 : 2 : ittapi_config_apply_per_lib :  ITTAPI function instrumented: __itt_resume
6847 : 0x1214dcccdcc7b7 : 2 : ittapi_config_apply_per_lib :  ITTAPI function instrumented: __itt_thread_set_name
6847 : 0x1214dcccdcd2a1 : 2 : ittapi_config_apply_per_lib :  ITTAPI function instrumented: __itt_thread_ignore
6847 : 0x1214dcccdcdcff : 2 : ittapi_config_apply_per_lib :  ITTAPI function instrumented: __itt_thr_name_set
6847 : 0x1214dcccdce75d : 2 : ittapi_config_apply_per_lib :  ITTAPI function instrumented: __itt_thr_ignore
6847 : 0x1214dcccdcf58c : 2 : ittapi_config_apply_per_lib :  ITTAPI function not implemented: __itt_enable_attach
6847 : 0x1214dcccdcfca4 : 2 : ittapi_config_apply_per_lib :  ITTAPI function NOT instrumented (not matched by --itt-config option): __itt_sync_create

6847 : 0x1214dcccdd0376 : 2 : ittapi_config_apply_per_lib :  ITTAPI function NOT instrumented (not matched by --itt-config option): __itt_sync_rename

6847 : 0x1214dcccdd0a02 : 2 : ittapi_config_apply_per_lib :  ITTAPI function NOT instrumented (not matched by --itt-config option): __itt_sync_destroy

6847 : 0x1214dcccdd108f : 2 : ittapi_config_apply_per_lib :  ITTAPI function NOT instrumented (not matched by --itt-config option): __itt_sync_prepare

6847 : 0x1214dcccdd2b4b : 2 : ittapi_config_apply_per_lib :  ITTAPI function NOT instrumented (not matched by --itt-config option): __itt_sync_cancel

6847 : 0x1214dcccdd33c0 : 2 : ittapi_config_apply_per_lib :  ITTAPI function NOT instrumented (not matched by --itt-config option): __itt_sync_acquired

6847 : 0x1214dcccdd3a06 : 2 : ittapi_config_apply_per_lib :  ITTAPI function NOT instrumented (not matched by --itt-config option): __itt_sync_releasing

6847 : 0x1214dcccdd4908 : 2 : ittapi_config_apply_per_lib :  ITTAPI function not implemented: __itt_suppress_push
6847 : 0x1214dcccdd5620 : 2 : ittapi_config_apply_per_lib :  ITTAPI function not implemented: __itt_suppress_pop
6847 : 0x1214dcccdd6267 : 2 : ittapi_config_apply_per_lib :  ITTAPI function not implemented: __itt_suppress_mark_range
6847 : 0x1214dcccdd6e68 : 2 : ittapi_config_apply_per_lib :  ITTAPI function not implemented: __itt_suppress_clear_range
6847 : 0x1214dcccdd74f4 : 2 : ittapi_config_apply_per_lib :  ITTAPI function NOT instrumented (not matched by --itt-config option): __itt_sync_prepare

6847 : 0x1214dcccdd7b80 : 2 : ittapi_config_apply_per_lib :  ITTAPI function NOT instrumented (not matched by --itt-config option): __itt_sync_cancel

6847 : 0x1214dcccdd81c7 : 2 : ittapi_config_apply_per_lib :  ITTAPI function NOT instrumented (not matched by --itt-config option): __itt_sync_acquired

6847 : 0x1214dcccdd9bb2 : 2 : ittapi_config_apply_per_lib :  ITTAPI function NOT instrumented (not matched by --itt-config option): __itt_sync_releasing

6847 : 0x1214dcccddabca : 2 : ittapi_config_apply_per_lib :  ITTAPI function not implemented: __itt_model_site_begin
6847 : 0x1214dcccddb857 : 2 : ittapi_config_apply_per_lib :  ITTAPI function not implemented: __itt_model_site_end
6847 : 0x1214dcccddc412 : 2 : ittapi_config_apply_per_lib :  ITTAPI function not implemented: __itt_model_task_begin
6847 : 0x1214dcccddcf88 : 2 : ittapi_config_apply_per_lib :  ITTAPI function not implemented: __itt_model_task_end
6847 : 0x1214dcccdddafd : 2 : ittapi_config_apply_per_lib :  ITTAPI function not implemented: __itt_model_lock_acquire
6847 : 0x1214dcccdde672 : 2 : ittapi_config_apply_per_lib :  ITTAPI function not implemented: __itt_model_lock_release
6847 : 0x1214dcccddf22d : 2 : ittapi_config_apply_per_lib :  ITTAPI function not implemented: __itt_model_record_allocation
6847 : 0x1214dcccddfe2e : 2 : ittapi_config_apply_per_lib :  ITTAPI function not implemented: __itt_model_record_deallocation
6847 : 0x1214dcccde09ea : 2 : ittapi_config_apply_per_lib :  ITTAPI function not implemented: __itt_model_induction_uses
6847 : 0x1214dcccde444c : 2 : ittapi_config_apply_per_lib :  ITTAPI function not implemented: __itt_model_reduction_uses
6847 : 0x1214dcccde5307 : 2 : ittapi_config_apply_per_lib :  ITTAPI function not implemented: __itt_model_observe_uses
6847 : 0x1214dcccde5f4e : 2 : ittapi_config_apply_per_lib :  ITTAPI function not implemented: __itt_model_clear_uses
6847 : 0x1214dcccde6bdb : 2 : ittapi_config_apply_per_lib :  ITTAPI function not implemented: __itt_model_site_beginA
6847 : 0x1214dcccde7750 : 2 : ittapi_config_apply_per_lib :  ITTAPI function not implemented: __itt_model_site_beginAL
6847 : 0x1214dcccde830b : 2 : ittapi_config_apply_per_lib :  ITTAPI function not implemented: __itt_model_task_beginA
6847 : 0x1214dcccde8ec6 : 2 : ittapi_config_apply_per_lib :  ITTAPI function not implemented: __itt_model_task_beginAL
6847 : 0x1214dcccde9a81 : 2 : ittapi_config_apply_per_lib :  ITTAPI function not implemented: __itt_model_iteration_taskA
6847 : 0x1214dcccdea5f7 : 2 : ittapi_config_apply_per_lib :  ITTAPI function not implemented: __itt_model_iteration_taskAL
6847 : 0x1214dcccdeb16c : 2 : ittapi_config_apply_per_lib :  ITTAPI function not implemented: __itt_model_site_end_2
6847 : 0x1214dcccded2b5 : 2 : ittapi_config_apply_per_lib :  ITTAPI function not implemented: __itt_model_task_end_2
6847 : 0x1214dcccdee0e4 : 2 : ittapi_config_apply_per_lib :  ITTAPI function not implemented: __itt_model_lock_acquire_2
6847 : 0x1214dcccdeed71 : 2 : ittapi_config_apply_per_lib :  ITTAPI function not implemented: __itt_model_lock_release_2
6847 : 0x1214dcccdef8e7 : 2 : ittapi_config_apply_per_lib :  ITTAPI function not implemented: __itt_model_aggregate_task
6847 : 0x1214dcccdf04a2 : 2 : ittapi_config_apply_per_lib :  ITTAPI function not implemented: __itt_model_disable_push
6847 : 0x1214dcccdf1017 : 2 : ittapi_config_apply_per_lib :  ITTAPI function not implemented: __itt_model_disable_pop
6847 : 0x1214dcccdf1b8c : 2 : ittapi_config_apply_per_lib :  ITTAPI function not implemented: __itt_heap_function_create
6847 : 0x1214dcccdf2702 : 2 : ittapi_config_apply_per_lib :  ITTAPI function not implemented: __itt_heap_allocate_begin
6847 : 0x1214dcccdf3277 : 2 : ittapi_config_apply_per_lib :  ITTAPI function not implemented: __itt_heap_allocate_end
6847 : 0x1214dcccdf3e32 : 2 : ittapi_config_apply_per_lib :  ITTAPI function not implemented: __itt_heap_free_begin
6847 : 0x1214dcccdf5f7b : 2 : ittapi_config_apply_per_lib :  ITTAPI function not implemented: __itt_heap_free_end
6847 : 0x1214dcccdf6dab : 2 : ittapi_config_apply_per_lib :  ITTAPI function not implemented: __itt_heap_reallocate_begin
6847 : 0x1214dcccdf79f1 : 2 : ittapi_config_apply_per_lib :  ITTAPI function not implemented: __itt_heap_reallocate_end
6847 : 0x1214dcccdf85f2 : 2 : ittapi_config_apply_per_lib :  ITTAPI function not implemented: __itt_heap_internal_access_begin
6847 : 0x1214dcccdf9239 : 2 : ittapi_config_apply_per_lib :  ITTAPI function not implemented: __itt_heap_internal_access_end
6847 : 0x1214dcccdf9e80 : 2 : ittapi_config_apply_per_lib :  ITTAPI function not implemented: __itt_heap_record_memory_growth_begin
6847 : 0x1214dcccdfaa81 : 2 : ittapi_config_apply_per_lib :  ITTAPI function not implemented: __itt_heap_record_memory_growth_end
6847 : 0x1214dcccdfb5f7 : 2 : ittapi_config_apply_per_lib :  ITTAPI function not implemented: __itt_heap_reset_detection
6847 : 0x1214dcccdfc1b2 : 2 : ittapi_config_apply_per_lib :  ITTAPI function not implemented: __itt_heap_record
6847 : 0x1214dcccdfcce1 : 2 : ittapi_config_apply_per_lib :  ITTAPI function not implemented: __itt_id_create
6847 : 0x1214dcccdfee2a : 2 : ittapi_config_apply_per_lib :  ITTAPI function not implemented: __itt_id_destroy
6847 : 0x1214dcccdffafc : 2 : ittapi_config_apply_per_lib :  ITTAPI function instrumented: __itt_get_timestamp
6847 : 0x1214dccce00672 : 2 : ittapi_config_apply_per_lib :  ITTAPI function not implemented: __itt_region_begin
6847 : 0x1214dccce011e7 : 2 : ittapi_config_apply_per_lib :  ITTAPI function not implemented: __itt_region_end
6847 : 0x1214dccce01d17 : 2 : ittapi_config_apply_per_lib :  ITTAPI function instrumented: __itt_frame_begin_v3
6847 : 0x1214dccce026e9 : 2 : ittapi_config_apply_per_lib :  ITTAPI function instrumented: __itt_frame_end_v3
6847 : 0x1214dccce03101 : 2 : ittapi_config_apply_per_lib :  ITTAPI function instrumented: __itt_frame_submit_v3
6847 : 0x1214dccce0378d : 2 : ittapi_config_apply_per_lib :  ITTAPI function NOT instrumented (not matched by --itt-config option): __itt_task_group

6847 : 0x1214dccce03e19 : 2 : ittapi_config_apply_per_lib :  ITTAPI function NOT instrumented (not matched by --itt-config option): __itt_task_begin

6847 : 0x1214dccce04460 : 2 : ittapi_config_apply_per_lib :  ITTAPI function NOT instrumented (not matched by --itt-config option): __itt_task_begin_fn

6847 : 0x1214dccce075c1 : 2 : ittapi_config_apply_per_lib :  ITTAPI function NOT instrumented (not matched by --itt-config option): __itt_task_end

6847 : 0x1214dccce09638 : 2 : ittapi_config_apply_per_lib :  ITTAPI function not implemented: __itt_counter_inc_v3
6847 : 0x1214dccce0a350 : 2 : ittapi_config_apply_per_lib :  ITTAPI function not implemented: __itt_counter_inc_delta_v3
6847 : 0x1214dccce0af97 : 2 : ittapi_config_apply_per_lib :  ITTAPI function not implemented: __itt_marker
6847 : 0x1214dccce0cb25 : 2 : ittapi_config_apply_per_lib :  ITTAPI function instrumented: __itt_metadata_add
6847 : 0x1214dccce0d6e0 : 2 : ittapi_config_apply_per_lib :  ITTAPI function not implemented: __itt_metadata_str_add
6847 : 0x1214dccce0e29c : 2 : ittapi_config_apply_per_lib :  ITTAPI function not implemented: __itt_relation_add_to_current
6847 : 0x1214dccce0ee11 : 2 : ittapi_config_apply_per_lib :  ITTAPI function not implemented: __itt_relation_add
6847 : 0x1214dccce0f86f : 2 : ittapi_config_apply_per_lib :  ITTAPI function instrumented: __itt_event_create
6847 : 0x1214dccce0feb5 : 2 : ittapi_config_apply_per_lib :  ITTAPI function NOT instrumented (not matched by --itt-config option): __itt_event_start

6847 : 0x1214dccce119fd : 2 : ittapi_config_apply_per_lib :  ITTAPI function NOT instrumented (not matched by --itt-config option): __itt_event_end

6847 : 0x1214dccce1222d : 2 : ittapi_config_apply_per_lib :  ITTAPI function NOT instrumented (not matched by --itt-config option): __itt_sync_set_name

6847 : 0x1214dccce12e2e : 2 : ittapi_config_apply_per_lib :  ITTAPI function instrumented: __itt_notify_sync_name
6847 : 0x1214dccce13846 : 2 : ittapi_config_apply_per_lib :  ITTAPI function instrumented: __itt_notify_sync_prepare
6847 : 0x1214dccce1425e : 2 : ittapi_config_apply_per_lib :  ITTAPI function instrumented: __itt_notify_sync_cancel
6847 : 0x1214dccce14d02 : 2 : ittapi_config_apply_per_lib :  ITTAPI function instrumented: __itt_notify_sync_acquired
6847 : 0x1214dccce156d4 : 2 : ittapi_config_apply_per_lib :  ITTAPI function instrumented: __itt_notify_sync_releasing
6847 : 0x1214dccce16249 : 2 : ittapi_config_apply_per_lib :  ITTAPI function not implemented: __itt_memory_read
6847 : 0x1214dccce16e05 : 2 : ittapi_config_apply_per_lib :  ITTAPI function not implemented: __itt_memory_write
6847 : 0x1214dccce17a06 : 2 : ittapi_config_apply_per_lib :  ITTAPI function not implemented: __itt_memory_update
6847 : 0x1214dccce19a7d : 2 : ittapi_config_apply_per_lib :  ITTAPI function not implemented: __itt_state_get
6847 : 0x1214dccce1a795 : 2 : ittapi_config_apply_per_lib :  ITTAPI function not implemented: __itt_state_set
6847 : 0x1214dccce1b27f : 2 : ittapi_config_apply_per_lib :  ITTAPI function not implemented: __itt_obj_mode_set
6847 : 0x1214dccce1bdae : 2 : ittapi_config_apply_per_lib :  ITTAPI function not implemented: __itt_thr_mode_set
6847 : 0x1214dccce1c7c6 : 2 : ittapi_config_apply_per_lib :  ITTAPI function instrumented: __itt_frame_create
6847 : 0x1214dccce1d224 : 2 : ittapi_config_apply_per_lib :  ITTAPI function instrumented: __itt_frame_begin
6847 : 0x1214dccce1dbb1 : 2 : ittapi_config_apply_per_lib :  ITTAPI function instrumented: __itt_frame_end
6847 : 0x1214dccce1e69a : 2 : ittapi_config_apply_per_lib :  ITTAPI function not implemented: __itt_counter_create
6847 : 0x1214dccce1f256 : 2 : ittapi_config_apply_per_lib :  ITTAPI function not implemented: __itt_counter_destroy
6847 : 0x1214dccce1fdcb : 2 : ittapi_config_apply_per_lib :  ITTAPI function not implemented: __itt_counter_inc
6847 : 0x1214dccce226b7 : 2 : ittapi_config_apply_per_lib :  ITTAPI function not implemented: __itt_counter_inc_delta
6847 : 0x1214dccce23572 : 2 : ittapi_config_apply_per_lib :  ITTAPI function not implemented: __itt_mark_create
6847 : 0x1214dccce241ff : 2 : ittapi_config_apply_per_lib :  ITTAPI function not implemented: __itt_mark
6847 : 0x1214dccce24dba : 2 : ittapi_config_apply_per_lib :  ITTAPI function not implemented: __itt_mark_off
6847 : 0x1214dccce25976 : 2 : ittapi_config_apply_per_lib :  ITTAPI function not implemented: __itt_mark_global
6847 : 0x1214dccce264eb : 2 : ittapi_config_apply_per_lib :  ITTAPI function not implemented: __itt_mark_global_off
6847 : 0x1214dccce2701a : 2 : ittapi_config_apply_per_lib :  ITTAPI function instrumented: __itt_stack_caller_create
6847 : 0x1214dccce27a78 : 2 : ittapi_config_apply_per_lib :  ITTAPI function instrumented: __itt_stack_caller_destroy
6847 : 0x1214dccce28490 : 2 : ittapi_config_apply_per_lib :  ITTAPI function instrumented: __itt_stack_callee_enter
6847 : 0x1214dccce28e63 : 2 : ittapi_config_apply_per_lib :  ITTAPI function instrumented: __itt_stack_callee_leave
6847 : 0x1214dccce2afab : 2 : ittapi_config_apply_per_lib :  ITTAPI function not implemented: __itt_clock_domain_create
6847 : 0x1214dccce2bddb : 2 : ittapi_config_apply_per_lib :  ITTAPI function not implemented: __itt_clock_domain_reset
6847 : 0x1214dccce2c996 : 2 : ittapi_config_apply_per_lib :  ITTAPI function not implemented: __itt_id_create_ex
6847 : 0x1214dccce2d50c : 2 : ittapi_config_apply_per_lib :  ITTAPI function not implemented: __itt_id_destroy_ex
6847 : 0x1214dccce2db98 : 2 : ittapi_config_apply_per_lib :  ITTAPI function NOT instrumented (not matched by --itt-config option): __itt_task_begin_ex

6847 : 0x1214dccce2e224 : 2 : ittapi_config_apply_per_lib :  ITTAPI function NOT instrumented (not matched by --itt-config option): __itt_task_begin_fn_ex

6847 : 0x1214dccce2e8b0 : 2 : ittapi_config_apply_per_lib :  ITTAPI function NOT instrumented (not matched by --itt-config option): __itt_task_end_ex

6847 : 0x1214dccce2ef3c : 2 : ittapi_config_apply_per_lib :  ITTAPI function NOT instrumented (not matched by --itt-config option): __itt_task_begin_overlapped

6847 : 0x1214dccce2f583 : 2 : ittapi_config_apply_per_lib :  ITTAPI function NOT instrumented (not matched by --itt-config option): __itt_task_begin_overlapped_ex

6847 : 0x1214dccce2fc0f : 2 : ittapi_config_apply_per_lib :  ITTAPI function NOT instrumented (not matched by --itt-config option): __itt_task_end_overlapped

6847 : 0x1214dccce315b4 : 2 : ittapi_config_apply_per_lib :  ITTAPI function NOT instrumented (not matched by --itt-config option): __itt_task_end_overlapped_ex

6847 : 0x1214dccce325cd : 2 : ittapi_config_apply_per_lib :  ITTAPI function not implemented: __itt_marker_ex
6847 : 0x1214dccce3329f : 2 : ittapi_config_apply_per_lib :  ITTAPI function not implemented: __itt_metadata_add_with_scope
6847 : 0x1214dccce33f2c : 2 : ittapi_config_apply_per_lib :  ITTAPI function not implemented: __itt_metadata_str_add_with_scope
6847 : 0x1214dccce34bb9 : 2 : ittapi_config_apply_per_lib :  ITTAPI function not implemented: __itt_relation_add_to_current_ex
6847 : 0x1214dccce3572e : 2 : ittapi_config_apply_per_lib :  ITTAPI function not implemented: __itt_relation_add_ex
6847 : 0x1214dccce3632f : 2 : ittapi_config_apply_per_lib :  ITTAPI function not implemented: __itt_track_group_create
6847 : 0x1214dccce36e19 : 2 : ittapi_config_apply_per_lib :  ITTAPI function not implemented: __itt_track_create
6847 : 0x1214dccce3798e : 2 : ittapi_config_apply_per_lib :  ITTAPI function not implemented: __itt_set_track
6847 : 0x1214dccce38432 : 2 : ittapi_config_apply_per_lib :  ITTAPI function instrumented: __itt_api_version
6847 : 0x1214dccce3abc1 : 2 : ittapi_config_apply_per_lib :  ITTAPI function not implemented: __itt_av_save
6847 : 0x1214dcf08f2981 : 2 : ittapi_config_mask_get :  --itt-config mask to be applied: 17
6847 : 0x1214dcf08f8989 : 2 : ittapi_config_apply_per_lib :  ITTAPI function instrumented: __itt_domain_create
6847 : 0x1214dcf08f995c : 2 : ittapi_config_apply_per_lib :  ITTAPI function instrumented: __itt_string_handle_create
6847 : 0x1214dcf08fa975 : 2 : ittapi_config_apply_per_lib :  ITTAPI function instrumented: __itt_pause
6847 : 0x1214dcf08fb576 : 2 : ittapi_config_apply_per_lib :  ITTAPI function instrumented: __itt_resume
6847 : 0x1214dcf08fc360 : 2 : ittapi_config_apply_per_lib :  ITTAPI function instrumented: __itt_thread_set_name
6847 : 0x1214dcf08fce03 : 2 : ittapi_config_apply_per_lib :  ITTAPI function instrumented: __itt_thread_ignore
6847 : 0x1214dcf08fd9bf : 2 : ittapi_config_apply_per_lib :  ITTAPI function instrumented: __itt_thr_name_set
6847 : 0x1214dcf08fe462 : 2 : ittapi_config_apply_per_lib :  ITTAPI function instrumented: __itt_thr_ignore
6847 : 0x1214dcf09094a0 : 2 : ittapi_config_apply_per_lib :  ITTAPI function not implemented: __itt_enable_attach
6847 : 0x1214dcf0909eb8 : 2 : ittapi_config_apply_per_lib :  ITTAPI function NOT instrumented (not matched by --itt-config option): __itt_sync_create

6847 : 0x1214dcf090a95c : 2 : ittapi_config_apply_per_lib :  ITTAPI function NOT instrumented (not matched by --itt-config option): __itt_sync_rename

6847 : 0x1214dcf090b0ff : 2 : ittapi_config_apply_per_lib :  ITTAPI function NOT instrumented (not matched by --itt-config option): __itt_sync_destroy

6847 : 0x1214dcf090b7d1 : 2 : ittapi_config_apply_per_lib :  ITTAPI function NOT instrumented (not matched by --itt-config option): __itt_sync_prepare

6847 : 0x1214dcf090bea3 : 2 : ittapi_config_apply_per_lib :  ITTAPI function NOT instrumented (not matched by --itt-config option): __itt_sync_cancel

6847 : 0x1214dcf090c4ea : 2 : ittapi_config_apply_per_lib :  ITTAPI function NOT instrumented (not matched by --itt-config option): __itt_sync_acquired

6847 : 0x1214dcf090cc02 : 2 : ittapi_config_apply_per_lib :  ITTAPI function NOT instrumented (not matched by --itt-config option): __itt_sync_releasing

6847 : 0x1214dcf090dca6 : 2 : ittapi_config_apply_per_lib :  ITTAPI function not implemented: __itt_suppress_push
6847 : 0x1214dcf090eba7 : 2 : ittapi_config_apply_per_lib :  ITTAPI function not implemented: __itt_suppress_pop
6847 : 0x1214dcf0911265 : 2 : ittapi_config_apply_per_lib :  ITTAPI function not implemented: __itt_suppress_mark_range
6847 : 0x1214dcf0912120 : 2 : ittapi_config_apply_per_lib :  ITTAPI function not implemented: __itt_suppress_clear_range
6847 : 0x1214dcf091287e : 2 : ittapi_config_apply_per_lib :  ITTAPI function NOT instrumented (not matched by --itt-config option): __itt_sync_prepare

6847 : 0x1214dcf0913067 : 2 : ittapi_config_apply_per_lib :  ITTAPI function NOT instrumented (not matched by --itt-config option): __itt_sync_cancel

6847 : 0x1214dcf09136f3 : 2 : ittapi_config_apply_per_lib :  ITTAPI function NOT instrumented (not matched by --itt-config option): __itt_sync_acquired

6847 : 0x1214dcf0913d3a : 2 : ittapi_config_apply_per_lib :  ITTAPI function NOT instrumented (not matched by --itt-config option): __itt_sync_releasing

6847 : 0x1214dcf0914a0c : 2 : ittapi_config_apply_per_lib :  ITTAPI function not implemented: __itt_model_site_begin
6847 : 0x1214dcf09156df : 2 : ittapi_config_apply_per_lib :  ITTAPI function not implemented: __itt_model_site_end
6847 : 0x1214dcf091629a : 2 : ittapi_config_apply_per_lib :  ITTAPI function not implemented: __itt_model_task_begin
6847 : 0x1214dcf0917110 : 2 : ittapi_config_apply_per_lib :  ITTAPI function not implemented: __itt_model_task_end
6847 : 0x1214dcf091ab2c : 2 : ittapi_config_apply_per_lib :  ITTAPI function not implemented: __itt_model_lock_acquire
6847 : 0x1214dcf091b9e7 : 2 : ittapi_config_apply_per_lib :  ITTAPI function not implemented: __itt_model_lock_release
6847 : 0x1214dcf091c5e8 : 2 : ittapi_config_apply_per_lib :  ITTAPI function not implemented: __itt_model_record_allocation
6847 : 0x1214dcf091d1a3 : 2 : ittapi_config_apply_per_lib :  ITTAPI function not implemented: __itt_model_record_deallocation
6847 : 0x1214dcf091dd19 : 2 : ittapi_config_apply_per_lib :  ITTAPI function not implemented: __itt_model_induction_uses
6847 : 0x1214dcf091e848 : 2 : ittapi_config_apply_per_lib :  ITTAPI function not implemented: __itt_model_reduction_uses
6847 : 0x1214dcf091f3be : 2 : ittapi_config_apply_per_lib :  ITTAPI function not implemented: __itt_model_observe_uses
6847 : 0x1214dcf091ffbf : 2 : ittapi_config_apply_per_lib :  ITTAPI function not implemented: __itt_model_clear_uses
6847 : 0x1214dcf0920d63 : 2 : ittapi_config_apply_per_lib :  ITTAPI function not implemented: __itt_model_site_beginA
6847 : 0x1214dcf092191e : 2 : ittapi_config_apply_per_lib :  ITTAPI function not implemented: __itt_model_site_beginAL
6847 : 0x1214dcf0923c0a : 2 : ittapi_config_apply_per_lib :  ITTAPI function not implemented: __itt_model_task_beginA
6847 : 0x1214dcf09249f3 : 2 : ittapi_config_apply_per_lib :  ITTAPI function not implemented: __itt_model_task_beginAL
6847 : 0x1214dcf092563a : 2 : ittapi_config_apply_per_lib :  ITTAPI function not implemented: __itt_model_iteration_taskA
6847 : 0x1214dcf092623b : 2 : ittapi_config_apply_per_lib :  ITTAPI function not implemented: __itt_model_iteration_taskAL
6847 : 0x1214dcf0926db1 : 2 : ittapi_config_apply_per_lib :  ITTAPI function not implemented: __itt_model_site_end_2
6847 : 0x1214dcf0927854 : 2 : ittapi_config_apply_per_lib :  ITTAPI function not implemented: __itt_model_task_end_2
6847 : 0x1214dcf09285f9 : 2 : ittapi_config_apply_per_lib :  ITTAPI function not implemented: __itt_model_lock_acquire_2
6847 : 0x1214dcf09290e2 : 2 : ittapi_config_apply_per_lib :  ITTAPI function not implemented: __itt_model_lock_release_2
6847 : 0x1214dcf0929c58 : 2 : ittapi_config_apply_per_lib :  ITTAPI function not implemented: __itt_model_aggregate_task
6847 : 0x1214dcf092a787 : 2 : ittapi_config_apply_per_lib :  ITTAPI function not implemented: __itt_model_disable_push
6847 : 0x1214dcf092c844 : 2 : ittapi_config_apply_per_lib :  ITTAPI function not implemented: __itt_model_disable_pop
6847 : 0x1214dcf092d6ff : 2 : ittapi_config_apply_per_lib :  ITTAPI function not implemented: __itt_heap_function_create
6847 : 0x1214dcf092e2bb : 2 : ittapi_config_apply_per_lib :  ITTAPI function not implemented: __itt_heap_allocate_begin
6847 : 0x1214dcf092eda4 : 2 : ittapi_config_apply_per_lib :  ITTAPI function not implemented: __itt_heap_allocate_end
6847 : 0x1214dcf092fa31 : 2 : ittapi_config_apply_per_lib :  ITTAPI function not implemented: __itt_heap_free_begin
6847 : 0x1214dcf0930678 : 2 : ittapi_config_apply_per_lib :  ITTAPI function not implemented: __itt_heap_free_end
6847 : 0x1214dcf0931304 : 2 : ittapi_config_apply_per_lib :  ITTAPI function not implemented: __itt_heap_reallocate_begin
6847 : 0x1214dcf0931ec0 : 2 : ittapi_config_apply_per_lib :  ITTAPI function not implemented: __itt_heap_reallocate_end
6847 : 0x1214dcf0932ac1 : 2 : ittapi_config_apply_per_lib :  ITTAPI function not implemented: __itt_heap_internal_access_begin
6847 : 0x1214dcf093367c : 2 : ittapi_config_apply_per_lib :  ITTAPI function not implemented: __itt_heap_internal_access_end
6847 : 0x1214dcf093580a : 2 : ittapi_config_apply_per_lib :  ITTAPI function not implemented: __itt_heap_record_memory_growth_begin
6847 : 0x1214dcf093670c : 2 : ittapi_config_apply_per_lib :  ITTAPI function not implemented: __itt_heap_record_memory_growth_end
6847 : 0x1214dcf093730d : 2 : ittapi_config_apply_per_lib :  ITTAPI function not implemented: __itt_heap_reset_detection
6847 : 0x1214dcf0937e3c : 2 : ittapi_config_apply_per_lib :  ITTAPI function not implemented: __itt_heap_record
6847 : 0x1214dcf0938a3d : 2 : ittapi_config_apply_per_lib :  ITTAPI function not implemented: __itt_id_create
6847 : 0x1214dcf09395b2 : 2 : ittapi_config_apply_per_lib :  ITTAPI function not implemented: __itt_id_destroy
6847 : 0x1214dcf093a056 : 2 : ittapi_config_apply_per_lib :  ITTAPI function instrumented: __itt_get_timestamp
6847 : 0x1214dcf093aafa : 2 : ittapi_config_apply_per_lib :  ITTAPI function not implemented: __itt_region_begin
6847 : 0x1214dcf093b5e4 : 2 : ittapi_config_apply_per_lib :  ITTAPI function not implemented: __itt_region_end
6847 : 0x1214dcf093c0cd : 2 : ittapi_config_apply_per_lib :  ITTAPI function instrumented: __itt_frame_begin_v3
6847 : 0x1214dcf093e8e8 : 2 : ittapi_config_apply_per_lib :  ITTAPI function instrumented: __itt_frame_end_v3
6847 : 0x1214dcf093f5bb : 2 : ittapi_config_apply_per_lib :  ITTAPI function instrumented: __itt_frame_submit_v3
6847 : 0x1214dcf093fc01 : 2 : ittapi_config_apply_per_lib :  ITTAPI function NOT instrumented (not matched by --itt-config option): __itt_task_group

6847 : 0x1214dcf094035f : 2 : ittapi_config_apply_per_lib :  ITTAPI function NOT instrumented (not matched by --itt-config option): __itt_task_begin

6847 : 0x1214dcf0940a31 : 2 : ittapi_config_apply_per_lib :  ITTAPI function NOT instrumented (not matched by --itt-config option): __itt_task_begin_fn

6847 : 0x1214dcf0941103 : 2 : ittapi_config_apply_per_lib :  ITTAPI function NOT instrumented (not matched by --itt-config option): __itt_task_end

6847 : 0x1214dcf0941ea7 : 2 : ittapi_config_apply_per_lib :  ITTAPI function not implemented: __itt_counter_inc_v3
6847 : 0x1214dcf0942a62 : 2 : ittapi_config_apply_per_lib :  ITTAPI function not implemented: __itt_counter_inc_delta_v3
6847 : 0x1214dcf09436a9 : 2 : ittapi_config_apply_per_lib :  ITTAPI function not implemented: __itt_marker
6847 : 0x1214dcf0944107 : 2 : ittapi_config_apply_per_lib :  ITTAPI function instrumented: __itt_metadata_add
6847 : 0x1214dcf09461c4 : 2 : ittapi_config_apply_per_lib :  ITTAPI function not implemented: __itt_metadata_str_add
6847 : 0x1214dcf0946f68 : 2 : ittapi_config_apply_per_lib :  ITTAPI function not implemented: __itt_relation_add_to_current
6847 : 0x1214dcf0947b23 : 2 : ittapi_config_apply_per_lib :  ITTAPI function not implemented: __itt_relation_add
6847 : 0x1214dcf09485c7 : 2 : ittapi_config_apply_per_lib :  ITTAPI function instrumented: __itt_event_create
6847 : 0x1214dcf0948c0d : 2 : ittapi_config_apply_per_lib :  ITTAPI function NOT instrumented (not matched by --itt-config option): __itt_event_start

6847 : 0x1214dcf0949253 : 2 : ittapi_config_apply_per_lib :  ITTAPI function NOT instrumented (not matched by --itt-config option): __itt_event_end

6847 : 0x1214dcf094989a : 2 : ittapi_config_apply_per_lib :  ITTAPI function NOT instrumented (not matched by --itt-config option): __itt_sync_set_name

6847 : 0x1214dcf094b3e2 : 2 : ittapi_config_apply_per_lib :  ITTAPI function instrumented: __itt_notify_sync_name
6847 : 0x1214dcf094bf57 : 2 : ittapi_config_apply_per_lib :  ITTAPI function instrumented: __itt_notify_sync_prepare
6847 : 0x1214dcf094c92a : 2 : ittapi_config_apply_per_lib :  ITTAPI function instrumented: __itt_notify_sync_cancel
6847 : 0x1214dcf094e7b8 : 2 : ittapi_config_apply_per_lib :  ITTAPI function instrumented: __itt_notify_sync_acquired
6847 : 0x1214dcf094f3b9 : 2 : ittapi_config_apply_per_lib :  ITTAPI function instrumented: __itt_notify_sync_releasing
6847 : 0x1214dcf094fee8 : 2 : ittapi_config_apply_per_lib :  ITTAPI function not implemented: __itt_memory_read
6847 : 0x1214dcf0950b2f : 2 : ittapi_config_apply_per_lib :  ITTAPI function not implemented: __itt_memory_write
6847 : 0x1214dcf09516a5 : 2 : ittapi_config_apply_per_lib :  ITTAPI function not implemented: __itt_memory_update
6847 : 0x1214dcf095221a : 2 : ittapi_config_apply_per_lib :  ITTAPI function not implemented: __itt_state_get
6847 : 0x1214dcf0952dd5 : 2 : ittapi_config_apply_per_lib :  ITTAPI function not implemented: __itt_state_set
6847 : 0x1214dcf0953905 : 2 : ittapi_config_apply_per_lib :  ITTAPI function not implemented: __itt_obj_mode_set
6847 : 0x1214dcf09543ee : 2 : ittapi_config_apply_per_lib :  ITTAPI function not implemented: __itt_thr_mode_set
6847 : 0x1214dcf0954e06 : 2 : ittapi_config_apply_per_lib :  ITTAPI function instrumented: __itt_frame_create
6847 : 0x1214dcf095754f : 2 : ittapi_config_apply_per_lib :  ITTAPI function instrumented: __itt_frame_begin
6847 : 0x1214dcf0958150 : 2 : ittapi_config_apply_per_lib :  ITTAPI function instrumented: __itt_frame_end
6847 : 0x1214dcf0958d0c : 2 : ittapi_config_apply_per_lib :  ITTAPI function not implemented: __itt_counter_create
6847 : 0x1214dcf0959998 : 2 : ittapi_config_apply_per_lib :  ITTAPI function not implemented: __itt_counter_destroy
6847 : 0x1214dcf095a4c8 : 2 : ittapi_config_apply_per_lib :  ITTAPI function not implemented: __itt_counter_inc
6847 : 0x1214dcf095b19a : 2 : ittapi_config_apply_per_lib :  ITTAPI function not implemented: __itt_counter_inc_delta
6847 : 0x1214dcf095bd9b : 2 : ittapi_config_apply_per_lib :  ITTAPI function not implemented: __itt_mark_create
6847 : 0x1214dcf095c8cb : 2 : ittapi_config_apply_per_lib :  ITTAPI function not implemented: __itt_mark
6847 : 0x1214dcf095d486 : 2 : ittapi_config_apply_per_lib :  ITTAPI function not implemented: __itt_mark_off
6847 : 0x1214dcf095dffb : 2 : ittapi_config_apply_per_lib :  ITTAPI function not implemented: __itt_mark_global
6847 : 0x1214dcf096018a : 2 : ittapi_config_apply_per_lib :  ITTAPI function not implemented: __itt_mark_global_off
6847 : 0x1214dcf0960e5c : 2 : ittapi_config_apply_per_lib :  ITTAPI function instrumented: __itt_stack_caller_create
6847 : 0x1214dcf09618ba : 2 : ittapi_config_apply_per_lib :  ITTAPI function instrumented: __itt_stack_caller_destroy
6847 : 0x1214dcf09622d3 : 2 : ittapi_config_apply_per_lib :  ITTAPI function instrumented: __itt_stack_callee_enter
6847 : 0x1214dcf0962ceb : 2 : ittapi_config_apply_per_lib :  ITTAPI function instrumented: __itt_stack_callee_leave
6847 : 0x1214dcf096381a : 2 : ittapi_config_apply_per_lib :  ITTAPI function not implemented: __itt_clock_domain_create
6847 : 0x1214dcf0964461 : 2 : ittapi_config_apply_per_lib :  ITTAPI function not implemented: __itt_clock_domain_reset
6847 : 0x1214dcf0964f4b : 2 : ittapi_config_apply_per_lib :  ITTAPI function not implemented: __itt_id_create_ex
6847 : 0x1214dcf0965a34 : 2 : ittapi_config_apply_per_lib :  ITTAPI function not implemented: __itt_id_destroy_ex
6847 : 0x1214dcf096607b : 2 : ittapi_config_apply_per_lib :  ITTAPI function NOT instrumented (not matched by --itt-config option): __itt_task_begin_ex

6847 : 0x1214dcf0967908 : 2 : ittapi_config_apply_per_lib :  ITTAPI function NOT instrumented (not matched by --itt-config option): __itt_task_begin_fn_ex

6847 : 0x1214dcf0968138 : 2 : ittapi_config_apply_per_lib :  ITTAPI function NOT instrumented (not matched by --itt-config option): __itt_task_end_ex

6847 : 0x1214dcf0968738 : 2 : ittapi_config_apply_per_lib :  ITTAPI function NOT instrumented (not matched by --itt-config option): __itt_task_begin_overlapped

6847 : 0x1214dcf0968e50 : 2 : ittapi_config_apply_per_lib :  ITTAPI function NOT instrumented (not matched by --itt-config option): __itt_task_begin_overlapped_ex

6847 : 0x1214dcf09694dc : 2 : ittapi_config_apply_per_lib :  ITTAPI function NOT instrumented (not matched by --itt-config option): __itt_task_end_overlapped

6847 : 0x1214dcf0969b23 : 2 : ittapi_config_apply_per_lib :  ITTAPI function NOT instrumented (not matched by --itt-config option): __itt_task_end_overlapped_ex

6847 : 0x1214dcf096a90c : 2 : ittapi_config_apply_per_lib :  ITTAPI function not implemented: __itt_marker_ex
6847 : 0x1214dcf096b6f6 : 2 : ittapi_config_apply_per_lib :  ITTAPI function not implemented: __itt_metadata_add_with_scope
6847 : 0x1214dcf096c383 : 2 : ittapi_config_apply_per_lib :  ITTAPI function not implemented: __itt_metadata_str_add_with_scope
6847 : 0x1214dcf096df9d : 2 : ittapi_config_apply_per_lib :  ITTAPI function not implemented: __itt_relation_add_to_current_ex
6847 : 0x1214dcf0970171 : 2 : ittapi_config_apply_per_lib :  ITTAPI function not implemented: __itt_relation_add_ex
6847 : 0x1214dcf097118a : 2 : ittapi_config_apply_per_lib :  ITTAPI function not implemented: __itt_track_group_create
6847 : 0x1214dcf0971cff : 2 : ittapi_config_apply_per_lib :  ITTAPI function not implemented: __itt_track_create
6847 : 0x1214dcf097282e : 2 : ittapi_config_apply_per_lib :  ITTAPI function not implemented: __itt_set_track
6847 : 0x1214dcf0973247 : 2 : ittapi_config_apply_per_lib :  ITTAPI function instrumented: __itt_api_version
6847 : 0x1214dcf0973d30 : 2 : ittapi_config_apply_per_lib :  ITTAPI function not implemented: __itt_av_save
6847 : 0x1214dcf09aaba9 : 2 : ittapi_config_mask_get :  --itt-config mask to be applied: 17
6847 : 0x1214dcf09abe7c : 2 : ittapi_config_apply_per_lib :  ITTAPI function instrumented: __itt_domain_create
6847 : 0x1214dcf09ac920 : 2 : ittapi_config_apply_per_lib :  ITTAPI function instrumented: __itt_string_handle_create
6847 : 0x1214dcf09ad3c4 : 2 : ittapi_config_apply_per_lib :  ITTAPI function instrumented: __itt_pause
6847 : 0x1214dcf09b0d54 : 2 : ittapi_config_apply_per_lib :  ITTAPI function instrumented: __itt_resume
6847 : 0x1214dcf09b1ab3 : 2 : ittapi_config_apply_per_lib :  ITTAPI function instrumented: __itt_thread_set_name
6847 : 0x1214dcf09b259c : 2 : ittapi_config_apply_per_lib :  ITTAPI function instrumented: __itt_thread_ignore
6847 : 0x1214dcf09b2fb4 : 2 : ittapi_config_apply_per_lib :  ITTAPI function instrumented: __itt_thr_name_set
6847 : 0x1214dcf09b3987 : 2 : ittapi_config_apply_per_lib :  ITTAPI function instrumented: __itt_thr_ignore
6847 : 0x1214dcf09b472b : 2 : ittapi_config_apply_per_lib :  ITTAPI function not implemented: __itt_enable_attach
6847 : 0x1214dcf09b4e88 : 2 : ittapi_config_apply_per_lib :  ITTAPI function NOT instrumented (not matched by --itt-config option): __itt_sync_create

6847 : 0x1214dcf09b555a : 2 : ittapi_config_apply_per_lib :  ITTAPI function NOT instrumented (not matched by --itt-config option): __itt_sync_rename

6847 : 0x1214dcf09b5be7 : 2 : ittapi_config_apply_per_lib :  ITTAPI function NOT instrumented (not matched by --itt-config option): __itt_sync_destroy

6847 : 0x1214dcf09b6273 : 2 : ittapi_config_apply_per_lib :  ITTAPI function NOT instrumented (not matched by --itt-config option): __itt_sync_prepare

6847 : 0x1214dcf09b7ce9 : 2 : ittapi_config_apply_per_lib :  ITTAPI function NOT instrumented (not matched by --itt-config option): __itt_sync_cancel

6847 : 0x1214dcf09b84d3 : 2 : ittapi_config_apply_per_lib :  ITTAPI function NOT instrumented (not matched by --itt-config option): __itt_sync_acquired

6847 : 0x1214dcf09b8b19 : 2 : ittapi_config_apply_per_lib :  ITTAPI function NOT instrumented (not matched by --itt-config option): __itt_sync_releasing

6847 : 0x1214dcf09b998f : 2 : ittapi_config_apply_per_lib :  ITTAPI function not implemented: __itt_suppress_push
6847 : 0x1214dcf09ba661 : 2 : ittapi_config_apply_per_lib :  ITTAPI function not implemented: __itt_suppress_pop
6847 : 0x1214dcf09bb21c : 2 : ittapi_config_apply_per_lib :  ITTAPI function not implemented: __itt_suppress_mark_range
6847 : 0x1214dcf09bbe1d : 2 : ittapi_config_apply_per_lib :  ITTAPI function not implemented: __itt_suppress_clear_range
6847 : 0x1214dcf09bc4aa : 2 : ittapi_config_apply_per_lib :  ITTAPI function NOT instrumented (not matched by --itt-config option): __itt_sync_prepare

6847 : 0x1214dcf09bcaf0 : 2 : ittapi_config_apply_per_lib :  ITTAPI function NOT instrumented (not matched by --itt-config option): __itt_sync_cancel

6847 : 0x1214dcf09bd136 : 2 : ittapi_config_apply_per_lib :  ITTAPI function NOT instrumented (not matched by --itt-config option): __itt_sync_acquired

6847 : 0x1214dcf09be9c4 : 2 : ittapi_config_apply_per_lib :  ITTAPI function NOT instrumented (not matched by --itt-config option): __itt_sync_releasing

6847 : 0x1214dcf09bf951 : 2 : ittapi_config_apply_per_lib :  ITTAPI function not implemented: __itt_model_site_begin
6847 : 0x1214dcf09c0624 : 2 : ittapi_config_apply_per_lib :  ITTAPI function not implemented: __itt_model_site_end
6847 : 0x1214dcf09c126a : 2 : ittapi_config_apply_per_lib :  ITTAPI function not implemented: __itt_model_task_begin
6847 : 0x1214dcf09c1d9a : 2 : ittapi_config_apply_per_lib :  ITTAPI function not implemented: __itt_model_task_end
6847 : 0x1214dcf09c28c9 : 2 : ittapi_config_apply_per_lib :  ITTAPI function not implemented: __itt_model_lock_acquire
6847 : 0x1214dcf09c33f9 : 2 : ittapi_config_apply_per_lib :  ITTAPI function not implemented: __itt_model_lock_release
6847 : 0x1214dcf09c3f6e : 2 : ittapi_config_apply_per_lib :  ITTAPI function not implemented: __itt_model_record_allocation
6847 : 0x1214dcf09c4b29 : 2 : ittapi_config_apply_per_lib :  ITTAPI function not implemented: __itt_model_record_deallocation
6847 : 0x1214dcf09c5613 : 2 : ittapi_config_apply_per_lib :  ITTAPI function not implemented: __itt_model_induction_uses
6847 : 0x1214dcf09c805c : 2 : ittapi_config_apply_per_lib :  ITTAPI function not implemented: __itt_model_reduction_uses
6847 : 0x1214dcf09c8dbb : 2 : ittapi_config_apply_per_lib :  ITTAPI function not implemented: __itt_model_observe_uses
6847 : 0x1214dcf09c99bc : 2 : ittapi_config_apply_per_lib :  ITTAPI function not implemented: __itt_model_clear_uses
6847 : 0x1214dcf09ca577 : 2 : ittapi_config_apply_per_lib :  ITTAPI function not implemented: __itt_model_site_beginA
6847 : 0x1214dcf09cb0ec : 2 : ittapi_config_apply_per_lib :  ITTAPI function not implemented: __itt_model_site_beginAL
6847 : 0x1214dcf09cbc62 : 2 : ittapi_config_apply_per_lib :  ITTAPI function not implemented: __itt_model_task_beginA
6847 : 0x1214dcf09cc791 : 2 : ittapi_config_apply_per_lib :  ITTAPI function not implemented: __itt_model_task_beginAL
6847 : 0x1214dcf09cd306 : 2 : ittapi_config_apply_per_lib :  ITTAPI function not implemented: __itt_model_iteration_taskA
6847 : 0x1214dcf09cde7c : 2 : ittapi_config_apply_per_lib :  ITTAPI function not implemented: __itt_model_iteration_taskAL
6847 : 0x1214dcf09ce9ab : 2 : ittapi_config_apply_per_lib :  ITTAPI function not implemented: __itt_model_site_end_2
6847 : 0x1214dcf09d0a68 : 2 : ittapi_config_apply_per_lib :  ITTAPI function not implemented: __itt_model_task_end_2
6847 : 0x1214dcf09d1852 : 2 : ittapi_config_apply_per_lib :  ITTAPI function not implemented: __itt_model_lock_acquire_2
6847 : 0x1214dcf09d23c7 : 2 : ittapi_config_apply_per_lib :  ITTAPI function not implemented: __itt_model_lock_release_2
6847 : 0x1214dcf09d2f3d : 2 : ittapi_config_apply_per_lib :  ITTAPI function not implemented: __itt_model_aggregate_task
6847 : 0x1214dcf09d3a26 : 2 : ittapi_config_apply_per_lib :  ITTAPI function not implemented: __itt_model_disable_push
6847 : 0x1214dcf09d4556 : 2 : ittapi_config_apply_per_lib :  ITTAPI function not implemented: __itt_model_disable_pop
6847 : 0x1214dcf09d5040 : 2 : ittapi_config_apply_per_lib :  ITTAPI function not implemented: __itt_heap_function_create
6847 : 0x1214dcf09d5b29 : 2 : ittapi_config_apply_per_lib :  ITTAPI function not implemented: __itt_heap_allocate_begin
6847 : 0x1214dcf09d6613 : 2 : ittapi_config_apply_per_lib :  ITTAPI function not implemented: __itt_heap_allocate_end
6847 : 0x1214dcf09d7142 : 2 : ittapi_config_apply_per_lib :  ITTAPI function not implemented: __itt_heap_free_begin
6847 : 0x1214dcf09d9174 : 2 : ittapi_config_apply_per_lib :  ITTAPI function not implemented: __itt_heap_free_end
6847 : 0x1214dcf09d9ed2 : 2 : ittapi_config_apply_per_lib :  ITTAPI function not implemented: __itt_heap_reallocate_begin
6847 : 0x1214dcf09daa47 : 2 : ittapi_config_apply_per_lib :  ITTAPI function not implemented: __itt_heap_reallocate_end
6847 : 0x1214dcf09db602 : 2 : ittapi_config_apply_per_lib :  ITTAPI function not implemented: __itt_heap_internal_access_begin
6847 : 0x1214dcf09dc178 : 2 : ittapi_config_apply_per_lib :  ITTAPI function not implemented: __itt_heap_internal_access_end
6847 : 0x1214dcf09dcd33 : 2 : ittapi_config_apply_per_lib :  ITTAPI function not implemented: __itt_heap_record_memory_growth_begin
6847 : 0x1214dcf09dd8a8 : 2 : ittapi_config_apply_per_lib :  ITTAPI function not implemented: __itt_heap_record_memory_growth_end
6847 : 0x1214dcf09de3d8 : 2 : ittapi_config_apply_per_lib :  ITTAPI function not implemented: __itt_heap_reset_detection
6847 : 0x1214dcf09deec1 : 2 : ittapi_config_apply_per_lib :  ITTAPI function not implemented: __itt_heap_record
6847 : 0x1214dcf09df9f1 : 2 : ittapi_config_apply_per_lib :  ITTAPI function not implemented: __itt_id_create
6847 : 0x1214dcf09e23af : 2 : ittapi_config_apply_per_lib :  ITTAPI function not implemented: __itt_id_destroy
6847 : 0x1214dcf09e303b : 2 : ittapi_config_apply_per_lib :  ITTAPI function instrumented: __itt_get_timestamp
6847 : 0x1214dcf09e3b6b : 2 : ittapi_config_apply_per_lib :  ITTAPI function not implemented: __itt_region_begin
6847 : 0x1214dcf09e46e0 : 2 : ittapi_config_apply_per_lib :  ITTAPI function not implemented: __itt_region_end
6847 : 0x1214dcf09e5184 : 2 : ittapi_config_apply_per_lib :  ITTAPI function instrumented: __itt_frame_begin_v3
6847 : 0x1214dcf09e5b56 : 2 : ittapi_config_apply_per_lib :  ITTAPI function instrumented: __itt_frame_end_v3
6847 : 0x1214dcf09e64e3 : 2 : ittapi_config_apply_per_lib :  ITTAPI function instrumented: __itt_frame_submit_v3
6847 : 0x1214dcf09e6b29 : 2 : ittapi_config_apply_per_lib :  ITTAPI function NOT instrumented (not matched by --itt-config option): __itt_task_group

6847 : 0x1214dcf09e716f : 2 : ittapi_config_apply_per_lib :  ITTAPI function NOT instrumented (not matched by --itt-config option): __itt_task_begin

6847 : 0x1214dcf09e77b6 : 2 : ittapi_config_apply_per_lib :  ITTAPI function NOT instrumented (not matched by --itt-config option): __itt_task_begin_fn

6847 : 0x1214dcf09e90cf : 2 : ittapi_config_apply_per_lib :  ITTAPI function NOT instrumented (not matched by --itt-config option): __itt_task_end

6847 : 0x1214dcf09ea016 : 2 : ittapi_config_apply_per_lib :  ITTAPI function not implemented: __itt_counter_inc_v3
6847 : 0x1214dcf09eac17 : 2 : ittapi_config_apply_per_lib :  ITTAPI function not implemented: __itt_counter_inc_delta_v3
6847 : 0x1214dcf09eb7d2 : 2 : ittapi_config_apply_per_lib :  ITTAPI function not implemented: __itt_marker
6847 : 0x1214dcf09ec230 : 2 : ittapi_config_apply_per_lib :  ITTAPI function instrumented: __itt_metadata_add
6847 : 0x1214dcf09ecd60 : 2 : ittapi_config_apply_per_lib :  ITTAPI function not implemented: __itt_metadata_str_add
6847 : 0x1214dcf09ed8d5 : 2 : ittapi_config_apply_per_lib :  ITTAPI function not implemented: __itt_relation_add_to_current
6847 : 0x1214dcf09ee405 : 2 : ittapi_config_apply_per_lib :  ITTAPI function not implemented: __itt_relation_add
6847 : 0x1214dcf09eedd7 : 2 : ittapi_config_apply_per_lib :  ITTAPI function instrumented: __itt_event_create
6847 : 0x1214dcf09ef41d : 2 : ittapi_config_apply_per_lib :  ITTAPI function NOT instrumented (not matched by --itt-config option): __itt_event_start

6847 : 0x1214dcf09f0b94 : 2 : ittapi_config_apply_per_lib :  ITTAPI function NOT instrumented (not matched by --itt-config option): __itt_event_end

6847 : 0x1214dcf09f13c3 : 2 : ittapi_config_apply_per_lib :  ITTAPI function NOT instrumented (not matched by --itt-config option): __itt_sync_set_name

6847 : 0x1214dcf09f1f7e : 2 : ittapi_config_apply_per_lib :  ITTAPI function instrumented: __itt_notify_sync_name
6847 : 0x1214dcf09f2996 : 2 : ittapi_config_apply_per_lib :  ITTAPI function instrumented: __itt_notify_sync_prepare
6847 : 0x1214dcf09f3323 : 2 : ittapi_config_apply_per_lib :  ITTAPI function instrumented: __itt_notify_sync_cancel
6847 : 0x1214dcf09f3d3b : 2 : ittapi_config_apply_per_lib :  ITTAPI function instrumented: __itt_notify_sync_acquired
6847 : 0x1214dcf09f46c7 : 2 : ittapi_config_apply_per_lib :  ITTAPI function instrumented: __itt_notify_sync_releasing
6847 : 0x1214dcf09f523d : 2 : ittapi_config_apply_per_lib :  ITTAPI function not implemented: __itt_memory_read
6847 : 0x1214dcf09f5db2 : 2 : ittapi_config_apply_per_lib :  ITTAPI function not implemented: __itt_memory_write
6847 : 0x1214dcf09f68e1 : 2 : ittapi_config_apply_per_lib :  ITTAPI function not implemented: __itt_memory_update
6847 : 0x1214dcf09f88cd : 2 : ittapi_config_apply_per_lib :  ITTAPI function not implemented: __itt_state_get
6847 : 0x1214dcf09f95e5 : 2 : ittapi_config_apply_per_lib :  ITTAPI function not implemented: __itt_state_set
6847 : 0x1214dcf09fa15a : 2 : ittapi_config_apply_per_lib :  ITTAPI function not implemented: __itt_obj_mode_set
6847 : 0x1214dcf09fac44 : 2 : ittapi_config_apply_per_lib :  ITTAPI function not implemented: __itt_thr_mode_set
6847 : 0x1214dcf09fb6a2 : 2 : ittapi_config_apply_per_lib :  ITTAPI function instrumented: __itt_frame_create
6847 : 0x1214dcf09fc0ba : 2 : ittapi_config_apply_per_lib :  ITTAPI function instrumented: __itt_frame_begin
6847 : 0x1214dcf09fca47 : 2 : ittapi_config_apply_per_lib :  ITTAPI function instrumented: __itt_frame_end
6847 : 0x1214dcf09fd4eb : 2 : ittapi_config_apply_per_lib :  ITTAPI function not implemented: __itt_counter_create
6847 : 0x1214dcf09fe01a : 2 : ittapi_config_apply_per_lib :  ITTAPI function not implemented: __itt_counter_destroy
6847 : 0x1214dcf09feb04 : 2 : ittapi_config_apply_per_lib :  ITTAPI function not implemented: __itt_counter_inc
6847 : 0x1214dcf0a017c2 : 2 : ittapi_config_apply_per_lib :  ITTAPI function not implemented: __itt_counter_inc_delta
6847 : 0x1214dcf0a025f1 : 2 : ittapi_config_apply_per_lib :  ITTAPI function not implemented: __itt_mark_create
6847 : 0x1214dcf0a031ad : 2 : ittapi_config_apply_per_lib :  ITTAPI function not implemented: __itt_mark
6847 : 0x1214dcf0a03d68 : 2 : ittapi_config_apply_per_lib :  ITTAPI function not implemented: __itt_mark_off
6847 : 0x1214dcf0a048dd : 2 : ittapi_config_apply_per_lib :  ITTAPI function not implemented: __itt_mark_global
6847 : 0x1214dcf0a0540d : 2 : ittapi_config_apply_per_lib :  ITTAPI function not implemented: __itt_mark_global_off
6847 : 0x1214dcf0a05e25 : 2 : ittapi_config_apply_per_lib :  ITTAPI function instrumented: __itt_stack_caller_create
6847 : 0x1214dcf0a067f7 : 2 : ittapi_config_apply_per_lib :  ITTAPI function instrumented: __itt_stack_caller_destroy
6847 : 0x1214dcf0a0720f : 2 : ittapi_config_apply_per_lib :  ITTAPI function instrumented: __itt_stack_callee_enter
6847 : 0x1214dcf0a07b9c : 2 : ittapi_config_apply_per_lib :  ITTAPI function instrumented: __itt_stack_callee_leave
6847 : 0x1214dcf0a09c9e : 2 : ittapi_config_apply_per_lib :  ITTAPI function not implemented: __itt_clock_domain_create
6847 : 0x1214dcf0a0aa88 : 2 : ittapi_config_apply_per_lib :  ITTAPI function not implemented: __itt_clock_domain_reset
6847 : 0x1214dcf0a0b5fe : 2 : ittapi_config_apply_per_lib :  ITTAPI function not implemented: __itt_id_create_ex
6847 : 0x1214dcf0a0c12d : 2 : ittapi_config_apply_per_lib :  ITTAPI function not implemented: __itt_id_destroy_ex
6847 : 0x1214dcf0a0c7b9 : 2 : ittapi_config_apply_per_lib :  ITTAPI function NOT instrumented (not matched by --itt-config option): __itt_task_begin_ex

6847 : 0x1214dcf0a0ce00 : 2 : ittapi_config_apply_per_lib :  ITTAPI function NOT instrumented (not matched by --itt-config option): __itt_task_begin_fn_ex

6847 : 0x1214dcf0a0d48c : 2 : ittapi_config_apply_per_lib :  ITTAPI function NOT instrumented (not matched by --itt-config option): __itt_task_end_ex

6847 : 0x1214dcf0a0da8c : 2 : ittapi_config_apply_per_lib :  ITTAPI function NOT instrumented (not matched by --itt-config option): __itt_task_begin_overlapped

6847 : 0x1214dcf0a0e118 : 2 : ittapi_config_apply_per_lib :  ITTAPI function NOT instrumented (not matched by --itt-config option): __itt_task_begin_overlapped_ex

6847 : 0x1214dcf0a0e75f : 2 : ittapi_config_apply_per_lib :  ITTAPI function NOT instrumented (not matched by --itt-config option): __itt_task_end_overlapped

6847 : 0x1214dcf0a0ffa7 : 2 : ittapi_config_apply_per_lib :  ITTAPI function NOT instrumented (not matched by --itt-config option): __itt_task_end_overlapped_ex

6847 : 0x1214dcf0a10fbf : 2 : ittapi_config_apply_per_lib :  ITTAPI function not implemented: __itt_marker_ex
6847 : 0x1214dcf0a11c92 : 2 : ittapi_config_apply_per_lib :  ITTAPI function not implemented: __itt_metadata_add_with_scope
6847 : 0x1214dcf0a128d9 : 2 : ittapi_config_apply_per_lib :  ITTAPI function not implemented: __itt_metadata_str_add_with_scope
6847 : 0x1214dcf0a14695 : 2 : ittapi_config_apply_per_lib :  ITTAPI function not implemented: __itt_relation_add_to_current_ex
6847 : 0x1214dcf0a1520b : 2 : ittapi_config_apply_per_lib :  ITTAPI function not implemented: __itt_relation_add_ex
6847 : 0x1214dcf0a15d80 : 2 : ittapi_config_apply_per_lib :  ITTAPI function not implemented: __itt_track_group_create
6847 : 0x1214dcf0a1686a : 2 : ittapi_config_apply_per_lib :  ITTAPI function not implemented: __itt_track_create
6847 : 0x1214dcf0a17353 : 2 : ittapi_config_apply_per_lib :  ITTAPI function not implemented: __itt_set_track
6847 : 0x1214dcf0a17d6c : 2 : ittapi_config_apply_per_lib :  ITTAPI function instrumented: __itt_api_version
6847 : 0x1214dcf0a1a7b5 : 2 : ittapi_config_apply_per_lib :  ITTAPI function not implemented: __itt_av_save