
4151 : 0x12075ea7d07d90 : 4 : __ittapi_collector_init :  pthread_atfork() result: 0
4151 : 0x12075ea7d14544 : 2 : ittapi_config_mask_get :  --itt-config mask to be applied: 17
4151 : 0x12075ea7d16cd3 : 2 : ittapi_config_apply_per_lib :  ITTAPI function instrumented: __itt_domain_create
4151 : 0x12075ea7d17b03 : 2 : ittapi_config_apply_per_lib :  ITTAPI function instrumented: __itt_string_handle_create
4151 : 0x12075ea7d1b936 : 2 : ittapi_config_apply_per_lib :  ITTAPI function instrumented: __itt_pause
4151 : 0x12075ea7d1c6da : 2 : ittapi_config_apply_per_lib :  ITTAPI function instrumented: __itt_resume
4151 : 0x12075ea7d1d366 : 2 : ittapi_config_apply_per_lib :  ITTAPI function instrumented: __itt_thread_set_name
4151 : 0x12075ea7d1dff3 : 2 : ittapi_config_apply_per_lib :  ITTAPI function instrumented: __itt_thread_ignore
4151 : 0x12075ea7d1ec3a : 2 : ittapi_config_apply_per_lib :  ITTAPI function instrumented: __itt_thr_name_set
4151 : 0x12075ea7d1f7f5 : 2 : ittapi_config_apply_per_lib :  ITTAPI function instrumented: __itt_thr_ignore
4151 : 0x12075ea7d2a604 : 2 : ittapi_config_apply_per_lib :  ITTAPI function not implemented: __itt_enable_attach
4151 : 0x12075ea7d2b291 : 2 : ittapi_config_apply_per_lib :  ITTAPI function NOT instrumented (not matched by --itt-config option): __itt_sync_create

4151 : 0x12075ea7d2bc1d : 2 : ittapi_config_apply_per_lib :  ITTAPI function NOT instrumented (not matched by --itt-config option): __itt_sync_rename

4151 : 0x12075ea7d2c2ef : 2 : ittapi_config_apply_per_lib :  ITTAPI function NOT instrumented (not matched by --itt-config option): __itt_sync_destroy

4151 : 0x12075ea7d2c8f0 : 2 : ittapi_config_apply_per_lib :  ITTAPI function NOT instrumented (not matched by --itt-config option): __itt_sync_prepare

4151 : 0x12075ea7d2ceaa : 2 : ittapi_config_apply_per_lib :  ITTAPI function NOT instrumented (not matched by --itt-config option): __itt_sync_cancel

4151 : 0x12075ea7d2d465 : 2 : ittapi_config_apply_per_lib :  ITTAPI function NOT instrumented (not matched by --itt-config option): __itt_sync_acquired

4151 : 0x12075ea7d2daab : 2 : ittapi_config_apply_per_lib :  ITTAPI function NOT instrumented (not matched by --itt-config option): __itt_sync_releasing

4151 : 0x12075ea7d30c0d : 2 : ittapi_config_apply_per_lib :  ITTAPI function not implemented: __itt_suppress_push
4151 : 0x12075ea7d31bdf : 2 : ittapi_config_apply_per_lib :  ITTAPI function not implemented: __itt_suppress_pop
4151 : 0x12075ea7d35a9f : 2 : ittapi_config_apply_per_lib :  ITTAPI function not implemented: __itt_suppress_mark_range
4151 : 0x12075ea7d36a2c : 2 : ittapi_config_apply_per_lib :  ITTAPI function not implemented: __itt_suppress_clear_range
4151 : 0x12075ea7d370fe : 2 : ittapi_config_apply_per_lib :  ITTAPI function NOT instrumented (not matched by --itt-config option): __itt_sync_prepare

4151 : 0x12075ea7d37816 : 2 : ittapi_config_apply_per_lib :  ITTAPI function NOT instrumented (not matched by --itt-config option): __itt_sync_cancel

4151 : 0x12075ea7d37e16 : 2 : ittapi_config_apply_per_lib :  ITTAPI function NOT instrumented (not matched by --itt-config option): __itt_sync_acquired

4151 : 0x12075ea7d383d1 : 2 : ittapi_config_apply_per_lib :  ITTAPI function NOT instrumented (not matched by --itt-config option): __itt_sync_releasing

4151 : 0x12075ea7d39201 : 2 : ittapi_config_apply_per_lib :  ITTAPI function not implemented: __itt_model_site_begin
4151 : 0x12075ea7d39f19 : 2 : ittapi_config_apply_per_lib :  ITTAPI function not implemented: __itt_model_site_end
4151 : 0x12075ea7d3ac77 : 2 : ittapi_config_apply_per_lib :  ITTAPI function not implemented: __itt_model_task_begin
4151 : 0x12075ea7d3b904 : 2 : ittapi_config_apply_per_lib :  ITTAPI function not implemented: __itt_model_task_end
4151 : 0x12075ea7d3e236 : 2 : ittapi_config_apply_per_lib :  ITTAPI function not implemented: __itt_model_lock_acquire
4151 : 0x12075ea7d3f17d : 2 : ittapi_config_apply_per_lib :  ITTAPI function not implemented: __itt_model_lock_release
4151 : 0x12075ea7d3ff21 : 2 : ittapi_config_apply_per_lib :  ITTAPI function not implemented: __itt_model_record_allocation
4151 : 0x12075ea7d40d51 : 2 : ittapi_config_apply_per_lib :  ITTAPI function not implemented: __itt_model_record_deallocation
4151 : 0x12075ea7d41a23 : 2 : ittapi_config_apply_per_lib :  ITTAPI function not implemented: __itt_model_induction_uses
4151 : 0x12075ea7d426b0 : 2 : ittapi_config_apply_per_lib :  ITTAPI function not implemented: __itt_model_reduction_uses
4151 : 0x12075ea7d43383 : 2 : ittapi_config_apply_per_lib :  ITTAPI function not implemented: __itt_model_observe_uses
4151 : 0x12075ea7d4400f : 2 : ittapi_config_apply_per_lib :  ITTAPI function not implemented: __itt_model_clear_uses
4151 : 0x12075ea7d44d28 : 2 : ittapi_config_apply_per_lib :  ITTAPI function not implemented: __itt_model_site_beginA
4151 : 0x12075ea7d459fa : 2 : ittapi_config_apply_per_lib :  ITTAPI function not implemented: __itt_model_site_beginAL
4151 : 0x12075ea7d48ea2 : 2 : ittapi_config_apply_per_lib :  ITTAPI function not implemented: __itt_model_task_beginA
4151 : 0x12075ea7d49eba : 2 : ittapi_config_apply_per_lib :  ITTAPI function not implemented: __itt_model_task_beginAL
4151 : 0x12075ea7d4ac18 : 2 : ittapi_config_apply_per_lib :  ITTAPI function not implemented: __itt_model_iteration_taskA
4151 : 0x12075ea7d4b931 : 2 : ittapi_config_apply_per_lib :  ITTAPI function not implemented: __itt_model_iteration_taskAL
4151 : 0x12075ea7d4d805 : 2 : ittapi_config_apply_per_lib :  ITTAPI function not implemented: __itt_model_site_end_2
4151 : 0x12075ea7d4e563 : 2 : ittapi_config_apply_per_lib :  ITTAPI function not implemented: __itt_model_task_end_2
4151 : 0x12075ea7d4f41f : 2 : ittapi_config_apply_per_lib :  ITTAPI function not implemented: __itt_model_lock_acquire_2
4151 : 0x12075ea7d500f1 : 2 : ittapi_config_apply_per_lib :  ITTAPI function not implemented: __itt_model_lock_release_2
4151 : 0x12075ea7d50e0a : 2 : ittapi_config_apply_per_lib :  ITTAPI function not implemented: __itt_model_aggregate_task
4151 : 0x12075ea7d51a0b : 2 : ittapi_config_apply_per_lib :  ITTAPI function not implemented: __itt_model_disable_push
4151 : 0x12075ea7d54154 : 2 : ittapi_config_apply_per_lib :  ITTAPI function not implemented: __itt_model_disable_pop
4151 : 0x12075ea7d551b2 : 2 : ittapi_config_apply_per_lib :  ITTAPI function not implemented: __itt_heap_function_create
4151 : 0x12075ea7d55ecb : 2 : ittapi_config_apply_per_lib :  ITTAPI function not implemented: __itt_heap_allocate_begin
4151 : 0x12075ea7d56b57 : 2 : ittapi_config_apply_per_lib :  ITTAPI function not implemented: __itt_heap_allocate_end
4151 : 0x12075ea7d57941 : 2 : ittapi_config_apply_per_lib :  ITTAPI function not implemented: __itt_heap_free_begin
4151 : 0x12075ea7d58888 : 2 : ittapi_config_apply_per_lib :  ITTAPI function not implemented: __itt_heap_free_end
4151 : 0x12075ea7d595e6 : 2 : ittapi_config_apply_per_lib :  ITTAPI function not implemented: __itt_heap_reallocate_begin
4151 : 0x12075ea7d5a2ff : 2 : ittapi_config_apply_per_lib :  ITTAPI function not implemented: __itt_heap_reallocate_end
4151 : 0x12075ea7d5b017 : 2 : ittapi_config_apply_per_lib :  ITTAPI function not implemented: __itt_heap_internal_access_begin
4151 : 0x12075ea7d5bd30 : 2 : ittapi_config_apply_per_lib :  ITTAPI function not implemented: __itt_heap_internal_access_end
4151 : 0x12075ea7d5e3a7 : 2 : ittapi_config_apply_per_lib :  ITTAPI function not implemented: __itt_heap_record_memory_growth_begin
4151 : 0x12075ea7d5f334 : 2 : ittapi_config_apply_per_lib :  ITTAPI function not implemented: __itt_heap_record_memory_growth_end
4151 : 0x12075ea7d60092 : 2 : ittapi_config_apply_per_lib :  ITTAPI function not implemented: __itt_heap_reset_detection
4151 : 0x12075ea7d60d1f : 2 : ittapi_config_apply_per_lib :  ITTAPI function not implemented: __itt_heap_record
4151 : 0x12075ea7d61a7d : 2 : ittapi_config_apply_per_lib :  ITTAPI function not implemented: __itt_id_create
4151 : 0x12075ea7d626c4 : 2 : ittapi_config_apply_per_lib :  ITTAPI function not implemented: __itt_id_destroy
4151 : 0x12075ea7d6327f : 2 : ittapi_config_apply_per_lib :  ITTAPI function instrumented: __itt_get_timestamp
4151 : 0x12075ea7d63df5 : 2 : ittapi_config_apply_per_lib :  ITTAPI function not implemented: __itt_region_begin
4151 : 0x12075ea7d64a81 : 2 : ittapi_config_apply_per_lib :  ITTAPI function not implemented: __itt_region_end
4151 : 0x12075ea7d655f7 : 2 : ittapi_config_apply_per_lib :  ITTAPI function instrumented: __itt_frame_begin_v3
4151 : 0x12075ea7d683cc : 2 : ittapi_config_apply_per_lib :  ITTAPI function instrumented: __itt_frame_end_v3
4151 : 0x12075ea7d69170 : 2 : ittapi_config_apply_per_lib :  ITTAPI function instrumented: __itt_frame_submit_v3
4151 : 0x12075ea7d6972b : 2 : ittapi_config_apply_per_lib :  ITTAPI function NOT instrumented (not matched by --itt-config option): __itt_task_group

4151 : 0x12075ea7d69db7 : 2 : ittapi_config_apply_per_lib :  ITTAPI function NOT instrumented (not matched by --itt-config option): __itt_task_begin

4151 : 0x12075ea7d6a489 : 2 : ittapi_config_apply_per_lib :  ITTAPI function NOT instrumented (not matched by --itt-config option): __itt_task_begin_fn

4151 : 0x12075ea7d6aba1 : 2 : ittapi_config_apply_per_lib :  ITTAPI function NOT instrumented (not matched by --itt-config option): __itt_task_end

4151 : 0x12075ea7d6b98b : 2 : ittapi_config_apply_per_lib :  ITTAPI function not implemented: __itt_counter_inc_v3
4151 : 0x12075ea7d6c65d : 2 : ittapi_config_apply_per_lib :  ITTAPI function not implemented: __itt_counter_inc_delta_v3
4151 : 0x12075ea7d6d3bc : 2 : ittapi_config_apply_per_lib :  ITTAPI function not implemented: __itt_marker
4151 : 0x12075ea7d6df77 : 2 : ittapi_config_apply_per_lib :  ITTAPI function instrumented: __itt_metadata_add
4151 : 0x12075ea7d7044b : 2 : ittapi_config_apply_per_lib :  ITTAPI function not implemented: __itt_metadata_str_add
4151 : 0x12075ea7d714aa : 2 : ittapi_config_apply_per_lib :  ITTAPI function not implemented: __itt_relation_add_to_current
4151 : 0x12075ea7d7217c : 2 : ittapi_config_apply_per_lib :  ITTAPI function not implemented: __itt_relation_add
4151 : 0x12075ea7d72cac : 2 : ittapi_config_apply_per_lib :  ITTAPI function instrumented: __itt_event_create
4151 : 0x12075ea7d73221 : 2 : ittapi_config_apply_per_lib :  ITTAPI function NOT instrumented (not matched by --itt-config option): __itt_event_start

4151 : 0x12075ea7d73867 : 2 : ittapi_config_apply_per_lib :  ITTAPI function NOT instrumented (not matched by --itt-config option): __itt_event_end

4151 : 0x12075ea7d73e22 : 2 : ittapi_config_apply_per_lib :  ITTAPI function NOT instrumented (not matched by --itt-config option): __itt_sync_set_name

4151 : 0x12075ea7d74b80 : 2 : ittapi_config_apply_per_lib :  ITTAPI function instrumented: __itt_notify_sync_name
4151 : 0x12075ea7d756f5 : 2 : ittapi_config_apply_per_lib :  ITTAPI function instrumented: __itt_notify_sync_prepare
4151 : 0x12075ea7d76199 : 2 : ittapi_config_apply_per_lib :  ITTAPI function instrumented: __itt_notify_sync_cancel
4151 : 0x12075ea7d78328 : 2 : ittapi_config_apply_per_lib :  ITTAPI function instrumented: __itt_notify_sync_acquired
4151 : 0x12075ea7d79086 : 2 : ittapi_config_apply_per_lib :  ITTAPI function instrumented: __itt_notify_sync_releasing
4151 : 0x12075ea7d79d12 : 2 : ittapi_config_apply_per_lib :  ITTAPI function not implemented: __itt_memory_read
4151 : 0x12075ea7d7aa71 : 2 : ittapi_config_apply_per_lib :  ITTAPI function not implemented: __itt_memory_write
4151 : 0x12075ea7d7b789 : 2 : ittapi_config_apply_per_lib :  ITTAPI function not implemented: __itt_memory_update
4151 : 0x12075ea7d7c4e7 : 2 : ittapi_config_apply_per_lib :  ITTAPI function not implemented: __itt_state_get
4151 : 0x12075ea7d7d1ba : 2 : ittapi_config_apply_per_lib :  ITTAPI function not implemented: __itt_state_set
4151 : 0x12075ea7d7ddbb : 2 : ittapi_config_apply_per_lib :  ITTAPI function not implemented: __itt_obj_mode_set
4151 : 0x12075ea7d7e9bc : 2 : ittapi_config_apply_per_lib :  ITTAPI function not implemented: __itt_thr_mode_set
4151 : 0x12075ea7d7f4eb : 2 : ittapi_config_apply_per_lib :  ITTAPI function instrumented: __itt_frame_create
4151 : 0x12075ea7d815a8 : 2 : ittapi_config_apply_per_lib :  ITTAPI function instrumented: __itt_frame_begin
4151 : 0x12075ea7d822c1 : 2 : ittapi_config_apply_per_lib :  ITTAPI function instrumented: __itt_frame_end
4151 : 0x12075ea7d82fd9 : 2 : ittapi_config_apply_per_lib :  ITTAPI function not implemented: __itt_counter_create
4151 : 0x12075ea7d83d37 : 2 : ittapi_config_apply_per_lib :  ITTAPI function not implemented: __itt_counter_destroy
4151 : 0x12075ea7d84a50 : 2 : ittapi_config_apply_per_lib :  ITTAPI function not implemented: __itt_counter_inc
4151 : 0x12075ea7d8587f : 2 : ittapi_config_apply_per_lib :  ITTAPI function not implemented: __itt_counter_inc_delta
4151 : 0x12075ea7d86669 : 2 : ittapi_config_apply_per_lib :  ITTAPI function not implemented: __itt_mark_create
4151 : 0x12075ea7d872f6 : 2 : ittapi_config_apply_per_lib :  ITTAPI function not implemented: __itt_mark
4151 : 0x12075ea7d87f83 : 2 : ittapi_config_apply_per_lib :  ITTAPI function not implemented: __itt_mark_off
4151 : 0x12075ea7d88c55 : 2 : ittapi_config_apply_per_lib :  ITTAPI function not implemented: __itt_mark_global
4151 : 0x12075ea7d8b913 : 2 : ittapi_config_apply_per_lib :  ITTAPI function not implemented: __itt_mark_global_off
4151 : 0x12075ea7d8c743 : 2 : ittapi_config_apply_per_lib :  ITTAPI function instrumented: __itt_stack_caller_create
4151 : 0x12075ea7d8d2fe : 2 : ittapi_config_apply_per_lib :  ITTAPI function instrumented: __itt_stack_caller_destroy
4151 : 0x12075ea7d8dde8 : 2 : ittapi_config_apply_per_lib :  ITTAPI function instrumented: __itt_stack_callee_enter
4151 : 0x12075ea7d8e88c : 2 : ittapi_config_apply_per_lib :  ITTAPI function instrumented: __itt_stack_callee_leave
4151 : 0x12075ea7d8f4d2 : 2 : ittapi_config_apply_per_lib :  ITTAPI function not implemented: __itt_clock_domain_create
4151 : 0x12075ea7d9015f : 2 : ittapi_config_apply_per_lib :  ITTAPI function not implemented: __itt_clock_domain_reset
4151 : 0x12075ea7d90d60 : 2 : ittapi_config_apply_per_lib :  ITTAPI function not implemented: __itt_id_create_ex
4151 : 0x12075ea7d919ed : 2 : ittapi_config_apply_per_lib :  ITTAPI function not implemented: __itt_id_destroy_ex
4151 : 0x12075ea7d91fa8 : 2 : ittapi_config_apply_per_lib :  ITTAPI function NOT instrumented (not matched by --itt-config option): __itt_task_begin_ex

4151 : 0x12075ea7d93a1e : 2 : ittapi_config_apply_per_lib :  ITTAPI function NOT instrumented (not matched by --itt-config option): __itt_task_begin_fn_ex

4151 : 0x12075ea7d941c2 : 2 : ittapi_config_apply_per_lib :  ITTAPI function NOT instrumented (not matched by --itt-config option): __itt_task_end_ex

4151 : 0x12075ea7d947c2 : 2 : ittapi_config_apply_per_lib :  ITTAPI function NOT instrumented (not matched by --itt-config option): __itt_task_begin_overlapped

4151 : 0x12075ea7d94d7d : 2 : ittapi_config_apply_per_lib :  ITTAPI function NOT instrumented (not matched by --itt-config option): __itt_task_begin_overlapped_ex

4151 : 0x12075ea7d9537d : 2 : ittapi_config_apply_per_lib :  ITTAPI function NOT instrumented (not matched by --itt-config option): __itt_task_end_overlapped

4151 : 0x12075ea7d95938 : 2 : ittapi_config_apply_per_lib :  ITTAPI function NOT instrumented (not matched by --itt-config option): __itt_task_end_overlapped_ex

4151 : 0x12075ea7d969dc : 2 : ittapi_config_apply_per_lib :  ITTAPI function not implemented: __itt_marker_ex
4151 : 0x12075ea7d97923 : 2 : ittapi_config_apply_per_lib :  ITTAPI function not implemented: __itt_metadata_add_with_scope
4151 : 0x12075ea7d9870d : 2 : ittapi_config_apply_per_lib :  ITTAPI function not implemented: __itt_metadata_str_add_with_scope
4151 : 0x12075ea7d9946c : 2 : ittapi_config_apply_per_lib :  ITTAPI function not implemented: __itt_relation_add_to_current_ex
4151 : 0x12075ea7d9b829 : 2 : ittapi_config_apply_per_lib :  ITTAPI function not implemented: __itt_relation_add_ex
4151 : 0x12075ea7d9c770 : 2 : ittapi_config_apply_per_lib :  ITTAPI function not implemented: __itt_track_group_create
4151 : 0x12075ea7d9d4ce : 2 : ittapi_config_apply_per_lib :  ITTAPI function not implemented: __itt_track_create
4151 : 0x12075ea7d9e15b : 2 : ittapi_config_apply_per_lib :  ITTAPI function not implemented: __itt_set_track
4151 : 0x12075ea7d9ed16 : 2 : ittapi_config_apply_per_lib :  ITTAPI function instrumented: __itt_api_version
4151 : 0x12075ea7d9f8d1 : 2 : ittapi_config_apply_per_lib :  ITTAPI function not implemented: __itt_av_save
4151 : 0x12075ea7e0073d : 2 : ittapi_config_mask_get :  --itt-config mask to be applied: 17
4151 : 0x12075ea7e01bf9 : 2 : ittapi_config_apply_per_lib :  ITTAPI function instrumented: __itt_domain_create
4151 : 0x12075ea7e027b4 : 2 : ittapi_config_apply_per_lib :  ITTAPI function instrumented: __itt_string_handle_create
4151 : 0x12075ea7e0329e : 2 : ittapi_config_apply_per_lib :  ITTAPI function instrumented: __itt_pause
4151 : 0x12075ea7e0798d : 2 : ittapi_config_apply_per_lib :  ITTAPI function instrumented: __itt_resume
4151 : 0x12075ea7e092a6 : 2 : ittapi_config_apply_per_lib :  ITTAPI function instrumented: __itt_thread_set_name
4151 : 0x12075ea7e09ea7 : 2 : ittapi_config_apply_per_lib :  ITTAPI function instrumented: __itt_thread_ignore
4151 : 0x12075ea7e0a94b : 2 : ittapi_config_apply_per_lib :  ITTAPI function instrumented: __itt_thr_name_set
4151 : 0x12075ea7e0b435 : 2 : ittapi_config_apply_per_lib :  ITTAPI function instrumented: __itt_thr_ignore
4151 : 0x12075ea7e0d57d : 2 : ittapi_config_apply_per_lib :  ITTAPI function not implemented: __itt_enable_attach
4151 : 0x12075ea7e0dc95 : 2 : ittapi_config_apply_per_lib :  ITTAPI function NOT instrumented (not matched by --itt-config option): __itt_sync_create

4151 : 0x12075ea7e0e2db : 2 : ittapi_config_apply_per_lib :  ITTAPI function NOT instrumented (not matched by --itt-config option): __itt_sync_rename

4151 : 0x12075ea7e0e896 : 2 : ittapi_config_apply_per_lib :  ITTAPI function NOT instrumented (not matched by --itt-config option): __itt_sync_destroy

4151 : 0x12075ea7e0ee97 : 2 : ittapi_config_apply_per_lib :  ITTAPI function NOT instrumented (not matched by --itt-config option): __itt_sync_prepare

4151 : 0x12075ea7e10d25 : 2 : ittapi_config_apply_per_lib :  ITTAPI function NOT instrumented (not matched by --itt-config option): __itt_sync_cancel

4151 : 0x12075ea7e114c8 : 2 : ittapi_config_apply_per_lib :  ITTAPI function NOT instrumented (not matched by --itt-config option): __itt_sync_acquired

4151 : 0x12075ea7e11ac9 : 2 : ittapi_config_apply_per_lib :  ITTAPI function NOT instrumented (not matched by --itt-config option): __itt_sync_releasing

4151 : 0x12075ea7e12c85 : 2 : ittapi_config_apply_per_lib :  ITTAPI function not implemented: __itt_suppress_push
4151 : 0x12075ea7e13a29 : 2 : ittapi_config_apply_per_lib :  ITTAPI function not implemented: __itt_suppress_pop
4151 : 0x12075ea7e14741 : 2 : ittapi_config_apply_per_lib :  ITTAPI function not implemented: __itt_suppress_mark_range
4151 : 0x12075ea7e153ce : 2 : ittapi_config_apply_per_lib :  ITTAPI function not implemented: __itt_suppress_clear_range
4151 : 0x12075ea7e159ce : 2 : ittapi_config_apply_per_lib :  ITTAPI function NOT instrumented (not matched by --itt-config option): __itt_sync_prepare

4151 : 0x12075ea7e15fcf : 2 : ittapi_config_apply_per_lib :  ITTAPI function NOT instrumented (not matched by --itt-config option): __itt_sync_cancel

4151 : 0x12075ea7e16589 : 2 : ittapi_config_apply_per_lib :  ITTAPI function NOT instrumented (not matched by --itt-config option): __itt_sync_acquired

4151 : 0x12075ea7e1808c : 2 : ittapi_config_apply_per_lib :  ITTAPI function NOT instrumented (not matched by --itt-config option): __itt_sync_releasing

4151 : 0x12075ea7e19247 : 2 : ittapi_config_apply_per_lib :  ITTAPI function not implemented: __itt_model_site_begin
4151 : 0x12075ea7e19feb : 2 : ittapi_config_apply_per_lib :  ITTAPI function not implemented: __itt_model_site_end
4151 : 0x12075ea7e1ac78 : 2 : ittapi_config_apply_per_lib :  ITTAPI function not implemented: __itt_model_task_begin
4151 : 0x12075ea7e1b905 : 2 : ittapi_config_apply_per_lib :  ITTAPI function not implemented: __itt_model_task_end
4151 : 0x12075ea7e1c54c : 2 : ittapi_config_apply_per_lib :  ITTAPI function not implemented: __itt_model_lock_acquire
4151 : 0x12075ea7e1d1d8 : 2 : ittapi_config_apply_per_lib :  ITTAPI function not implemented: __itt_model_lock_release
4151 : 0x12075ea7e1de1f : 2 : ittapi_config_apply_per_lib :  ITTAPI function not implemented: __itt_model_record_allocation
4151 : 0x12075ea7e1ebc3 : 2 : ittapi_config_apply_per_lib :  ITTAPI function not implemented: __itt_model_record_deallocation
4151 : 0x12075ea7e1f850 : 2 : ittapi_config_apply_per_lib :  ITTAPI function not implemented: __itt_model_induction_uses
4151 : 0x12075ea7e22554 : 2 : ittapi_config_apply_per_lib :  ITTAPI function not implemented: __itt_model_reduction_uses
4151 : 0x12075ea7e23455 : 2 : ittapi_config_apply_per_lib :  ITTAPI function not implemented: __itt_model_observe_uses
4151 : 0x12075ea7e2416e : 2 : ittapi_config_apply_per_lib :  ITTAPI function not implemented: __itt_model_clear_uses
4151 : 0x12075ea7e24ecc : 2 : ittapi_config_apply_per_lib :  ITTAPI function not implemented: __itt_model_site_beginA
4151 : 0x12075ea7e25b9e : 2 : ittapi_config_apply_per_lib :  ITTAPI function not implemented: __itt_model_site_beginAL
4151 : 0x12075ea7e267e5 : 2 : ittapi_config_apply_per_lib :  ITTAPI function not implemented: __itt_model_task_beginA
4151 : 0x12075ea7e27472 : 2 : ittapi_config_apply_per_lib :  ITTAPI function not implemented: __itt_model_task_beginAL
4151 : 0x12075ea7e280ff : 2 : ittapi_config_apply_per_lib :  ITTAPI function not implemented: __itt_model_iteration_taskA
4151 : 0x12075ea7e28dd1 : 2 : ittapi_config_apply_per_lib :  ITTAPI function not implemented: __itt_model_iteration_taskAL
4151 : 0x12075ea7e299d2 : 2 : ittapi_config_apply_per_lib :  ITTAPI function not implemented: __itt_model_site_end_2
4151 : 0x12075ea7e2d17a : 2 : ittapi_config_apply_per_lib :  ITTAPI function not implemented: __itt_model_task_end_2
4151 : 0x12075ea7e2e192 : 2 : ittapi_config_apply_per_lib :  ITTAPI function not implemented: __itt_model_lock_acquire_2
4151 : 0x12075ea7e2ee65 : 2 : ittapi_config_apply_per_lib :  ITTAPI function not implemented: __itt_model_lock_release_2
4151 : 0x12075ea7e2fb7d : 2 : ittapi_config_apply_per_lib :  ITTAPI function not implemented: __itt_model_aggregate_task
4151 : 0x12075ea7e3080a : 2 : ittapi_config_apply_per_lib :  ITTAPI function not implemented: __itt_model_disable_push
4151 : 0x12075ea7e31451 : 2 : ittapi_config_apply_per_lib :  ITTAPI function not implemented: __itt_model_disable_pop
4151 : 0x12075ea7e320de : 2 : ittapi_config_apply_per_lib :  ITTAPI function not implemented: __itt_heap_function_create
4151 : 0x12075ea7e32d6a : 2 : ittapi_config_apply_per_lib :  ITTAPI function not implemented: __itt_heap_allocate_begin
4151 : 0x12075ea7e339b1 : 2 : ittapi_config_apply_per_lib :  ITTAPI function not implemented: __itt_heap_allocate_end
4151 : 0x12075ea7e3470f : 2 : ittapi_config_apply_per_lib :  ITTAPI function not implemented: __itt_heap_free_begin
4151 : 0x12075ea7e36b58 : 2 : ittapi_config_apply_per_lib :  ITTAPI function not implemented: __itt_heap_free_end
4151 : 0x12075ea7e37a59 : 2 : ittapi_config_apply_per_lib :  ITTAPI function not implemented: __itt_heap_reallocate_begin
4151 : 0x12075ea7e387b8 : 2 : ittapi_config_apply_per_lib :  ITTAPI function not implemented: __itt_heap_reallocate_end
4151 : 0x12075ea7e394d0 : 2 : ittapi_config_apply_per_lib :  ITTAPI function not implemented: __itt_heap_internal_access_begin
4151 : 0x12075ea7e3a1a3 : 2 : ittapi_config_apply_per_lib :  ITTAPI function not implemented: __itt_heap_internal_access_end
4151 : 0x12075ea7e3aebb : 2 : ittapi_config_apply_per_lib :  ITTAPI function not implemented: __itt_heap_record_memory_growth_begin
4151 : 0x12075ea7e3bbd3 : 2 : ittapi_config_apply_per_lib :  ITTAPI function not implemented: __itt_heap_record_memory_growth_end
4151 : 0x12075ea7e3c7d4 : 2 : ittapi_config_apply_per_lib :  ITTAPI function not implemented: __itt_heap_reset_detection
4151 : 0x12075ea7e3d4ed : 2 : ittapi_config_apply_per_lib :  ITTAPI function not implemented: __itt_heap_record
4151 : 0x12075ea7e3e134 : 2 : ittapi_config_apply_per_lib :  ITTAPI function not implemented: __itt_id_create
4151 : 0x12075ea7e403d9 : 2 : ittapi_config_apply_per_lib :  ITTAPI function not implemented: __itt_id_destroy
4151 : 0x12075ea7e4117e : 2 : ittapi_config_apply_per_lib :  ITTAPI function instrumented: __itt_get_timestamp
4151 : 0x12075ea7e41dc4 : 2 : ittapi_config_apply_per_lib :  ITTAPI function not implemented: __itt_region_begin
4151 : 0x12075ea7e42a51 : 2 : ittapi_config_apply_per_lib :  ITTAPI function not implemented: __itt_region_end
4151 : 0x12075ea7e435c6 : 2 : ittapi_config_apply_per_lib :  ITTAPI function instrumented: __itt_frame_begin_v3
4151 : 0x12075ea7e440b0 : 2 : ittapi_config_apply_per_lib :  ITTAPI function instrumented: __itt_frame_end_v3
4151 : 0x12075ea7e44b9a : 2 : ittapi_config_apply_per_lib :  ITTAPI function instrumented: __itt_frame_submit_v3
4151 : 0x12075ea7e45154 : 2 : ittapi_config_apply_per_lib :  ITTAPI function NOT instrumented (not matched by --itt-config option): __itt_task_group

4151 : 0x12075ea7e4570f : 2 : ittapi_config_apply_per_lib :  ITTAPI function NOT instrumented (not matched by --itt-config option): __itt_task_begin

4151 : 0x12075ea7e45cca : 2 : ittapi_config_apply_per_lib :  ITTAPI function NOT instrumented (not matched by --itt-config option): __itt_task_begin_fn

4151 : 0x12075ea7e47ee4 : 2 : ittapi_config_apply_per_lib :  ITTAPI function NOT instrumented (not matched by --itt-config option): __itt_task_end

4151 : 0x12075ea7e490e5 : 2 : ittapi_config_apply_per_lib :  ITTAPI function not implemented: __itt_counter_inc_v3
4151 : 0x12075ea7e49db8 : 2 : ittapi_config_apply_per_lib :  ITTAPI function not implemented: __itt_counter_inc_delta_v3
4151 : 0x12075ea7e4aa8a : 2 : ittapi_config_apply_per_lib :  ITTAPI function not implemented: __itt_marker
4151 : 0x12075ea7e4b600 : 2 : ittapi_config_apply_per_lib :  ITTAPI function instrumented: __itt_metadata_add
4151 : 0x12075ea7e4c201 : 2 : ittapi_config_apply_per_lib :  ITTAPI function not implemented: __itt_metadata_str_add
4151 : 0x12075ea7e4ce8e : 2 : ittapi_config_apply_per_lib :  ITTAPI function not implemented: __itt_relation_add_to_current
4151 : 0x12075ea7e4dad4 : 2 : ittapi_config_apply_per_lib :  ITTAPI function not implemented: __itt_relation_add
4151 : 0x12075ea7e4e604 : 2 : ittapi_config_apply_per_lib :  ITTAPI function instrumented: __itt_event_create
4151 : 0x12075ea7e4eb79 : 2 : ittapi_config_apply_per_lib :  ITTAPI function NOT instrumented (not matched by --itt-config option): __itt_event_start

4151 : 0x12075ea7e50564 : 2 : ittapi_config_apply_per_lib :  ITTAPI function NOT instrumented (not matched by --itt-config option): __itt_event_end

4151 : 0x12075ea7e50d4d : 2 : ittapi_config_apply_per_lib :  ITTAPI function NOT instrumented (not matched by --itt-config option): __itt_sync_set_name

4151 : 0x12075ea7e51aab : 2 : ittapi_config_apply_per_lib :  ITTAPI function instrumented: __itt_notify_sync_name
4151 : 0x12075ea7e52595 : 2 : ittapi_config_apply_per_lib :  ITTAPI function instrumented: __itt_notify_sync_prepare
4151 : 0x12075ea7e5307f : 2 : ittapi_config_apply_per_lib :  ITTAPI function instrumented: __itt_notify_sync_cancel
4151 : 0x12075ea7e53b22 : 2 : ittapi_config_apply_per_lib :  ITTAPI function instrumented: __itt_notify_sync_acquired
4151 : 0x12075ea7e54580 : 2 : ittapi_config_apply_per_lib :  ITTAPI function instrumented: __itt_notify_sync_releasing
4151 : 0x12075ea7e551c7 : 2 : ittapi_config_apply_per_lib :  ITTAPI function not implemented: __itt_memory_read
4151 : 0x12075ea7e55e54 : 2 : ittapi_config_apply_per_lib :  ITTAPI function not implemented: __itt_memory_write
4151 : 0x12075ea7e56a9b : 2 : ittapi_config_apply_per_lib :  ITTAPI function not implemented: __itt_memory_update
4151 : 0x12075ea7e58dcc : 2 : ittapi_config_apply_per_lib :  ITTAPI function not implemented: __itt_state_get
4151 : 0x12075ea7e59c42 : 2 : ittapi_config_apply_per_lib :  ITTAPI function not implemented: __itt_state_set
4151 : 0x12075ea7e5a889 : 2 : ittapi_config_apply_per_lib :  ITTAPI function not implemented: __itt_obj_mode_set
4151 : 0x12075ea7e5b48a : 2 : ittapi_config_apply_per_lib :  ITTAPI function not implemented: __itt_thr_mode_set
4151 : 0x12075ea7e5bfb9 : 2 : ittapi_config_apply_per_lib :  ITTAPI function instrumented: __itt_frame_create
4151 : 0x12075ea7e5caa3 : 2 : ittapi_config_apply_per_lib :  ITTAPI function instrumented: __itt_frame_begin
4151 : 0x12075ea7e5d58d : 2 : ittapi_config_apply_per_lib :  ITTAPI function instrumented: __itt_frame_end
4151 : 0x12075ea7e5e148 : 2 : ittapi_config_apply_per_lib :  ITTAPI function not implemented: __itt_counter_create
4151 : 0x12075ea7e5edd4 : 2 : ittapi_config_apply_per_lib :  ITTAPI function not implemented: __itt_counter_destroy
4151 : 0x12075ea7e5fa61 : 2 : ittapi_config_apply_per_lib :  ITTAPI function not implemented: __itt_counter_inc
4151 : 0x12075ea7e62693 : 2 : ittapi_config_apply_per_lib :  ITTAPI function not implemented: __itt_counter_inc_delta
4151 : 0x12075ea7e635db : 2 : ittapi_config_apply_per_lib :  ITTAPI function not implemented: __itt_mark_create
4151 : 0x12075ea7e6437f : 2 : ittapi_config_apply_per_lib :  ITTAPI function not implemented: __itt_mark
4151 : 0x12075ea7e65051 : 2 : ittapi_config_apply_per_lib :  ITTAPI function not implemented: __itt_mark_off
4151 : 0x12075ea7e65c98 : 2 : ittapi_config_apply_per_lib :  ITTAPI function not implemented: __itt_mark_global
4151 : 0x12075ea7e668df : 2 : ittapi_config_apply_per_lib :  ITTAPI function not implemented: __itt_mark_global_off
4151 : 0x12075ea7e6749a : 2 : ittapi_config_apply_per_lib :  ITTAPI function instrumented: __itt_stack_caller_create
4151 : 0x12075ea7e67f3e : 2 : ittapi_config_apply_per_lib :  ITTAPI function instrumented: __itt_stack_caller_destroy
4151 : 0x12075ea7e689e2 : 2 : ittapi_config_apply_per_lib :  ITTAPI function instrumented: __itt_stack_callee_enter
4151 : 0x12075ea7e69440 : 2 : ittapi_config_apply_per_lib :  ITTAPI function instrumented: __itt_stack_callee_leave
4151 : 0x12075ea7e6b72b : 2 : ittapi_config_apply_per_lib :  ITTAPI function not implemented: __itt_clock_domain_create
4151 : 0x12075ea7e6c5e7 : 2 : ittapi_config_apply_per_lib :  ITTAPI function not implemented: __itt_clock_domain_reset
4151 : 0x12075ea7e6d1e8 : 2 : ittapi_config_apply_per_lib :  ITTAPI function not implemented: __itt_id_create_ex
4151 : 0x12075ea7e6de74 : 2 : ittapi_config_apply_per_lib :  ITTAPI function not implemented: __itt_id_destroy_ex
4151 : 0x12075ea7e6e42f : 2 : ittapi_config_apply_per_lib :  ITTAPI function NOT instrumented (not matched by --itt-config option): __itt_task_begin_ex

4151 : 0x12075ea7e6ea30 : 2 : ittapi_config_apply_per_lib :  ITTAPI function NOT instrumented (not matched by --itt-config option): __itt_task_begin_fn_ex

4151 : 0x12075ea7e6efea : 2 : ittapi_config_apply_per_lib :  ITTAPI function NOT instrumented (not matched by --itt-config option): __itt_task_end_ex

4151 : 0x12075ea7e6f5a5 : 2 : ittapi_config_apply_per_lib :  ITTAPI function NOT instrumented (not matched by --itt-config option): __itt_task_begin_overlapped

4151 : 0x12075ea7e6fba5 : 2 : ittapi_config_apply_per_lib :  ITTAPI function NOT instrumented (not matched by --itt-config option): __itt_task_begin_overlapped_ex

4151 : 0x12075ea7e70160 : 2 : ittapi_config_apply_per_lib :  ITTAPI function NOT instrumented (not matched by --itt-config option): __itt_task_end_overlapped

4151 : 0x12075ea7e71a79 : 2 : ittapi_config_apply_per_lib :  ITTAPI function NOT instrumented (not matched by --itt-config option): __itt_task_end_overlapped_ex

4151 : 0x12075ea7e72bef : 2 : ittapi_config_apply_per_lib :  ITTAPI function not implemented: __itt_marker_ex
4151 : 0x12075ea7e739d9 : 2 : ittapi_config_apply_per_lib :  ITTAPI function not implemented: __itt_metadata_add_with_scope
4151 : 0x12075ea7e746f2 : 2 : ittapi_config_apply_per_lib :  ITTAPI function not implemented: __itt_metadata_str_add_with_scope
4151 : 0x12075ea7e75450 : 2 : ittapi_config_apply_per_lib :  ITTAPI function not implemented: __itt_relation_add_to_current_ex
4151 : 0x12075ea7e76051 : 2 : ittapi_config_apply_per_lib :  ITTAPI function not implemented: __itt_relation_add_ex
4151 : 0x12075ea7e76d23 : 2 : ittapi_config_apply_per_lib :  ITTAPI function not implemented: __itt_track_group_create
4151 : 0x12075ea7e77924 : 2 : ittapi_config_apply_per_lib :  ITTAPI function not implemented: __itt_track_create
4151 : 0x12075ea7e7856b : 2 : ittapi_config_apply_per_lib :  ITTAPI function not implemented: __itt_set_track
4151 : 0x12075ea7e79055 : 2 : ittapi_config_apply_per_lib :  ITTAPI function instrumented: __itt_api_version
4151 : 0x12075ea7e7bb70 : 2 : ittapi_config_apply_per_lib :  ITTAPI function not implemented: __itt_av_save
4151 : 0x12075ebc208efb : 2 : ittapi_config_mask_get :  --itt-config mask to be applied: 17
4151 : 0x12075ebc20caba : 2 : ittapi_config_apply_per_lib :  ITTAPI function instrumented: __itt_domain_create
4151 : 0x12075ebc20dcbc : 2 : ittapi_config_apply_per_lib :  ITTAPI function instrumented: __itt_string_handle_create
4151 : 0x12075ebc20ec49 : 2 : ittapi_config_apply_per_lib :  ITTAPI function instrumented: __itt_pause
4151 : 0x12075ebc20f9a7 : 2 : ittapi_config_apply_per_lib :  ITTAPI function instrumented: __itt_resume
4151 : 0x12075ebc210862 : 2 : ittapi_config_apply_per_lib :  ITTAPI function instrumented: __itt_thread_set_name
4151 : 0x12075ebc2113d8 : 2 : ittapi_config_apply_per_lib :  ITTAPI function instrumented: __itt_thread_ignore
4151 : 0x12075ebc21201e : 2 : ittapi_config_apply_per_lib :  ITTAPI function instrumented: __itt_thr_name_set
4151 : 0x12075ebc212bda : 2 : ittapi_config_apply_per_lib :  ITTAPI function instrumented: __itt_thr_ignore
4151 : 0x12075ebc21c4a1 : 2 : ittapi_config_apply_per_lib :  ITTAPI function not implemented: __itt_enable_attach
4151 : 0x12075ebc21ce73 : 2 : ittapi_config_apply_per_lib :  ITTAPI function NOT instrumented (not matched by --itt-config option): __itt_sync_create

4151 : 0x12075ebc21d8d1 : 2 : ittapi_config_apply_per_lib :  ITTAPI function NOT instrumented (not matched by --itt-config option): __itt_sync_rename

4151 : 0x12075ebc21e1d2 : 2 : ittapi_config_apply_per_lib :  ITTAPI function NOT instrumented (not matched by --itt-config option): __itt_sync_destroy

4151 : 0x12075ebc21fcd4 : 2 : ittapi_config_apply_per_lib :  ITTAPI function NOT instrumented (not matched by --itt-config option): __itt_sync_prepare

4151 : 0x12075ebc22058f : 2 : ittapi_config_apply_per_lib :  ITTAPI function NOT instrumented (not matched by --itt-config option): __itt_sync_cancel

4151 : 0x12075ebc220b8f : 2 : ittapi_config_apply_per_lib :  ITTAPI function NOT instrumented (not matched by --itt-config option): __itt_sync_acquired

4151 : 0x12075ebc221333 : 2 : ittapi_config_apply_per_lib :  ITTAPI function NOT instrumented (not matched by --itt-config option): __itt_sync_releasing

4151 : 0x12075ebc2226d8 : 2 : ittapi_config_apply_per_lib :  ITTAPI function not implemented: __itt_suppress_push
4151 : 0x12075ebc2236f0 : 2 : ittapi_config_apply_per_lib :  ITTAPI function not implemented: __itt_suppress_pop
4151 : 0x12075ebc22613a : 2 : ittapi_config_apply_per_lib :  ITTAPI function not implemented: __itt_suppress_mark_range
4151 : 0x12075ebc2270c7 : 2 : ittapi_config_apply_per_lib :  ITTAPI function not implemented: __itt_suppress_clear_range
4151 : 0x12075ebc22770d : 2 : ittapi_config_apply_per_lib :  ITTAPI function NOT instrumented (not matched by --itt-config option): __itt_sync_prepare

4151 : 0x12075ebc227ddf : 2 : ittapi_config_apply_per_lib :  ITTAPI function NOT instrumented (not matched by --itt-config option): __itt_sync_cancel

4151 : 0x12075ebc228425 : 2 : ittapi_config_apply_per_lib :  ITTAPI function NOT instrumented (not matched by --itt-config option): __itt_sync_acquired

4151 : 0x12075ebc2289e0 : 2 : ittapi_config_apply_per_lib :  ITTAPI function NOT instrumented (not matched by --itt-config option): __itt_sync_releasing

4151 : 0x12075ebc2297ca : 2 : ittapi_config_apply_per_lib :  ITTAPI function not implemented: __itt_model_site_begin
4151 : 0x12075ebc22a5b4 : 2 : ittapi_config_apply_per_lib :  ITTAPI function not implemented: __itt_model_site_end
4151 : 0x12075ebc22b3e4 : 2 : ittapi_config_apply_per_lib :  ITTAPI function not implemented: __itt_model_task_begin
4151 : 0x12075ebc22c0fc : 2 : ittapi_config_apply_per_lib :  ITTAPI function not implemented: __itt_model_task_end
4151 : 0x12075ebc22fea4 : 2 : ittapi_config_apply_per_lib :  ITTAPI function not implemented: __itt_model_lock_acquire
4151 : 0x12075ebc230ebd : 2 : ittapi_config_apply_per_lib :  ITTAPI function not implemented: __itt_model_lock_release
4151 : 0x12075ebc231c61 : 2 : ittapi_config_apply_per_lib :  ITTAPI function not implemented: __itt_model_record_allocation
4151 : 0x12075ebc232a05 : 2 : ittapi_config_apply_per_lib :  ITTAPI function not implemented: __itt_model_record_deallocation
4151 : 0x12075ebc233763 : 2 : ittapi_config_apply_per_lib :  ITTAPI function not implemented: __itt_model_induction_uses
4151 : 0x12075ebc2343f0 : 2 : ittapi_config_apply_per_lib :  ITTAPI function not implemented: __itt_model_reduction_uses
4151 : 0x12075ebc23514e : 2 : ittapi_config_apply_per_lib :  ITTAPI function not implemented: __itt_model_observe_uses
4151 : 0x12075ebc235eac : 2 : ittapi_config_apply_per_lib :  ITTAPI function not implemented: __itt_model_clear_uses
4151 : 0x12075ebc236d22 : 2 : ittapi_config_apply_per_lib :  ITTAPI function not implemented: __itt_model_site_beginA
4151 : 0x12075ebc2379f4 : 2 : ittapi_config_apply_per_lib :  ITTAPI function not implemented: __itt_model_site_beginAL
4151 : 0x12075ebc23a1c9 : 2 : ittapi_config_apply_per_lib :  ITTAPI function not implemented: __itt_model_task_beginA
4151 : 0x12075ebc23b156 : 2 : ittapi_config_apply_per_lib :  ITTAPI function not implemented: __itt_model_task_beginAL
4151 : 0x12075ebc23bf40 : 2 : ittapi_config_apply_per_lib :  ITTAPI function not implemented: __itt_model_iteration_taskA
4151 : 0x12075ebc23cd70 : 2 : ittapi_config_apply_per_lib :  ITTAPI function not implemented: __itt_model_iteration_taskAL
4151 : 0x12075ebc23eda1 : 2 : ittapi_config_apply_per_lib :  ITTAPI function not implemented: __itt_model_site_end_2
4151 : 0x12075ebc23faff : 2 : ittapi_config_apply_per_lib :  ITTAPI function not implemented: __itt_model_task_end_2
4151 : 0x12075ebc24092f : 2 : ittapi_config_apply_per_lib :  ITTAPI function not implemented: __itt_model_lock_acquire_2
4151 : 0x12075ebc241602 : 2 : ittapi_config_apply_per_lib :  ITTAPI function not implemented: __itt_model_lock_release_2
4151 : 0x12075ebc2423a6 : 2 : ittapi_config_apply_per_lib :  ITTAPI function not implemented: __itt_model_aggregate_task
4151 : 0x12075ebc242fec : 2 : ittapi_config_apply_per_lib :  ITTAPI function not implemented: __itt_model_disable_push
4151 : 0x12075ebc24554d : 2 : ittapi_config_apply_per_lib :  ITTAPI function not implemented: __itt_model_disable_pop
4151 : 0x12075ebc24674e : 2 : ittapi_config_apply_per_lib :  ITTAPI function not implemented: __itt_heap_function_create
4151 : 0x12075ebc2474ac : 2 : ittapi_config_apply_per_lib :  ITTAPI function not implemented: __itt_heap_allocate_begin
4151 : 0x12075ebc248139 : 2 : ittapi_config_apply_per_lib :  ITTAPI function not implemented: __itt_heap_allocate_end
4151 : 0x12075ebc248f23 : 2 : ittapi_config_apply_per_lib :  ITTAPI function not implemented: __itt_heap_free_begin
4151 : 0x12075ebc249cc7 : 2 : ittapi_config_apply_per_lib :  ITTAPI function not implemented: __itt_heap_free_end
4151 : 0x12075ebc24aa25 : 2 : ittapi_config_apply_per_lib :  ITTAPI function not implemented: __itt_heap_reallocate_begin
4151 : 0x12075ebc24b73e : 2 : ittapi_config_apply_per_lib :  ITTAPI function not implemented: __itt_heap_reallocate_end
4151 : 0x12075ebc24c49c : 2 : ittapi_config_apply_per_lib :  ITTAPI function not implemented: __itt_heap_internal_access_begin
4151 : 0x12075ebc24d1b4 : 2 : ittapi_config_apply_per_lib :  ITTAPI function not implemented: __itt_heap_internal_access_end
4151 : 0x12075ebc24f689 : 2 : ittapi_config_apply_per_lib :  ITTAPI function not implemented: __itt_heap_record_memory_growth_begin
4151 : 0x12075ebc25065c : 2 : ittapi_config_apply_per_lib :  ITTAPI function not implemented: __itt_heap_record_memory_growth_end
4151 : 0x12075ebc251374 : 2 : ittapi_config_apply_per_lib :  ITTAPI function not implemented: __itt_heap_reset_detection
4151 : 0x12075ebc252001 : 2 : ittapi_config_apply_per_lib :  ITTAPI function not implemented: __itt_heap_record
4151 : 0x12075ebc252da5 : 2 : ittapi_config_apply_per_lib :  ITTAPI function not implemented: __itt_id_create
4151 : 0x12075ebc253a32 : 2 : ittapi_config_apply_per_lib :  ITTAPI function not implemented: __itt_id_destroy
4151 : 0x12075ebc2545ed : 2 : ittapi_config_apply_per_lib :  ITTAPI function instrumented: __itt_get_timestamp
4151 : 0x12075ebc2551ee : 2 : ittapi_config_apply_per_lib :  ITTAPI function not implemented: __itt_region_begin
4151 : 0x12075ebc255e35 : 2 : ittapi_config_apply_per_lib :  ITTAPI function not implemented: __itt_region_end
4151 : 0x12075ebc2569f0 : 2 : ittapi_config_apply_per_lib :  ITTAPI function instrumented: __itt_frame_begin_v3
4151 : 0x12075ebc25977f : 2 : ittapi_config_apply_per_lib :  ITTAPI function instrumented: __itt_frame_end_v3
4151 : 0x12075ebc25a569 : 2 : ittapi_config_apply_per_lib :  ITTAPI function instrumented: __itt_frame_submit_v3
4151 : 0x12075ebc25bdf7 : 2 : ittapi_config_apply_per_lib :  ITTAPI function NOT instrumented (not matched by --itt-config option): __itt_task_group

4151 : 0x12075ebc25c483 : 2 : ittapi_config_apply_per_lib :  ITTAPI function NOT instrumented (not matched by --itt-config option): __itt_task_begin

4151 : 0x12075ebc25dccb : 2 : ittapi_config_apply_per_lib :  ITTAPI function NOT instrumented (not matched by --itt-config option): __itt_task_begin_fn

4151 : 0x12075ebc25e357 : 2 : ittapi_config_apply_per_lib :  ITTAPI function NOT instrumented (not matched by --itt-config option): __itt_task_end

4151 : 0x12075ebc25f3fb : 2 : ittapi_config_apply_per_lib :  ITTAPI function not implemented: __itt_counter_inc_v3
4151 : 0x12075ebc2601e5 : 2 : ittapi_config_apply_per_lib :  ITTAPI function not implemented: __itt_counter_inc_delta_v3
4151 : 0x12075ebc260eb8 : 2 : ittapi_config_apply_per_lib :  ITTAPI function not implemented: __itt_marker
4151 : 0x12075ebc261a2d : 2 : ittapi_config_apply_per_lib :  ITTAPI function instrumented: __itt_metadata_add
4151 : 0x12075ebc263ebc : 2 : ittapi_config_apply_per_lib :  ITTAPI function not implemented: __itt_metadata_str_add
4151 : 0x12075ebc264e8f : 2 : ittapi_config_apply_per_lib :  ITTAPI function not implemented: __itt_relation_add_to_current
4151 : 0x12075ebc265b1b : 2 : ittapi_config_apply_per_lib :  ITTAPI function not implemented: __itt_relation_add
4151 : 0x12075ebc266691 : 2 : ittapi_config_apply_per_lib :  ITTAPI function instrumented: __itt_event_create
4151 : 0x12075ebc266c4b : 2 : ittapi_config_apply_per_lib :  ITTAPI function NOT instrumented (not matched by --itt-config option): __itt_event_start

4151 : 0x12075ebc26724c : 2 : ittapi_config_apply_per_lib :  ITTAPI function NOT instrumented (not matched by --itt-config option): __itt_event_end

4151 : 0x12075ebc26784d : 2 : ittapi_config_apply_per_lib :  ITTAPI function NOT instrumented (not matched by --itt-config option): __itt_sync_set_name

4151 : 0x12075ebc268565 : 2 : ittapi_config_apply_per_lib :  ITTAPI function instrumented: __itt_notify_sync_name
4151 : 0x12075ebc269094 : 2 : ittapi_config_apply_per_lib :  ITTAPI function instrumented: __itt_notify_sync_prepare
4151 : 0x12075ebc269bc4 : 2 : ittapi_config_apply_per_lib :  ITTAPI function instrumented: __itt_notify_sync_cancel
4151 : 0x12075ebc26beb0 : 2 : ittapi_config_apply_per_lib :  ITTAPI function instrumented: __itt_notify_sync_acquired
4151 : 0x12075ebc26cb82 : 2 : ittapi_config_apply_per_lib :  ITTAPI function instrumented: __itt_notify_sync_releasing
4151 : 0x12075ebc26d80f : 2 : ittapi_config_apply_per_lib :  ITTAPI function not implemented: __itt_memory_read
4151 : 0x12075ebc26e4e1 : 2 : ittapi_config_apply_per_lib :  ITTAPI function not implemented: __itt_memory_write
4151 : 0x12075ebc26f1b4 : 2 : ittapi_config_apply_per_lib :  ITTAPI function not implemented: __itt_memory_update
4151 : 0x12075ebc26fe86 : 2 : ittapi_config_apply_per_lib :  ITTAPI function not implemented: __itt_state_get
4151 : 0x12075ebc270b59 : 2 : ittapi_config_apply_per_lib :  ITTAPI function not implemented: __itt_state_set
4151 : 0x12075ebc27175a : 2 : ittapi_config_apply_per_lib :  ITTAPI function not implemented: __itt_obj_mode_set
4151 : 0x12075ebc2723a1 : 2 : ittapi_config_apply_per_lib :  ITTAPI function not implemented: __itt_thr_mode_set
4151 : 0x12075ebc272ed0 : 2 : ittapi_config_apply_per_lib :  ITTAPI function instrumented: __itt_frame_create
4151 : 0x12075ebc275b8e : 2 : ittapi_config_apply_per_lib :  ITTAPI function instrumented: __itt_frame_begin
4151 : 0x12075ebc2768ed : 2 : ittapi_config_apply_per_lib :  ITTAPI function instrumented: __itt_frame_end
4151 : 0x12075ebc277579 : 2 : ittapi_config_apply_per_lib :  ITTAPI function not implemented: __itt_counter_create
4151 : 0x12075ebc27831d : 2 : ittapi_config_apply_per_lib :  ITTAPI function not implemented: __itt_counter_destroy
4151 : 0x12075ebc278f64 : 2 : ittapi_config_apply_per_lib :  ITTAPI function not implemented: __itt_counter_inc
4151 : 0x12075ebc279f7d : 2 : ittapi_config_apply_per_lib :  ITTAPI function not implemented: __itt_counter_inc_delta
4151 : 0x12075ebc27ac09 : 2 : ittapi_config_apply_per_lib :  ITTAPI function not implemented: __itt_mark_create
4151 : 0x12075ebc27b850 : 2 : ittapi_config_apply_per_lib :  ITTAPI function not implemented: __itt_mark
4151 : 0x12075ebc27c523 : 2 : ittapi_config_apply_per_lib :  ITTAPI function not implemented: __itt_mark_off
4151 : 0x12075ebc27d1b0 : 2 : ittapi_config_apply_per_lib :  ITTAPI function not implemented: __itt_mark_global
4151 : 0x12075ebc27f527 : 2 : ittapi_config_apply_per_lib :  ITTAPI function not implemented: __itt_mark_global_off
4151 : 0x12075ebc2802cb : 2 : ittapi_config_apply_per_lib :  ITTAPI function instrumented: __itt_stack_caller_create
4151 : 0x12075ebc280ecc : 2 : ittapi_config_apply_per_lib :  ITTAPI function instrumented: __itt_stack_caller_destroy
4151 : 0x12075ebc281970 : 2 : ittapi_config_apply_per_lib :  ITTAPI function instrumented: __itt_stack_callee_enter
4151 : 0x12075ebc2824e5 : 2 : ittapi_config_apply_per_lib :  ITTAPI function instrumented: __itt_stack_callee_leave
4151 : 0x12075ebc28312c : 2 : ittapi_config_apply_per_lib :  ITTAPI function not implemented: __itt_clock_domain_create
4151 : 0x12075ebc283e8a : 2 : ittapi_config_apply_per_lib :  ITTAPI function not implemented: __itt_clock_domain_reset
4151 : 0x12075ebc284a8b : 2 : ittapi_config_apply_per_lib :  ITTAPI function not implemented: __itt_id_create_ex
4151 : 0x12075ebc285718 : 2 : ittapi_config_apply_per_lib :  ITTAPI function not implemented: __itt_id_destroy_ex
4151 : 0x12075ebc285cd3 : 2 : ittapi_config_apply_per_lib :  ITTAPI function NOT instrumented (not matched by --itt-config option): __itt_task_begin_ex

4151 : 0x12075ebc287c32 : 2 : ittapi_config_apply_per_lib :  ITTAPI function NOT instrumented (not matched by --itt-config option): __itt_task_begin_fn_ex

4151 : 0x12075ebc288a1c : 2 : ittapi_config_apply_per_lib :  ITTAPI function NOT instrumented (not matched by --itt-config option): __itt_task_end_ex

4151 : 0x12075ebc288fd7 : 2 : ittapi_config_apply_per_lib :  ITTAPI function NOT instrumented (not matched by --itt-config option): __itt_task_begin_overlapped

4151 : 0x12075ebc2895d7 : 2 : ittapi_config_apply_per_lib :  ITTAPI function NOT instrumented (not matched by --itt-config option): __itt_task_begin_overlapped_ex

4151 : 0x12075ebc289b92 : 2 : ittapi_config_apply_per_lib :  ITTAPI function NOT instrumented (not matched by --itt-config option): __itt_task_end_overlapped

4151 : 0x12075ebc28a193 : 2 : ittapi_config_apply_per_lib :  ITTAPI function NOT instrumented (not matched by --itt-config option): __itt_task_end_overlapped_ex

4151 : 0x12075ebc28b466 : 2 : ittapi_config_apply_per_lib :  ITTAPI function not implemented: __itt_marker_ex
4151 : 0x12075ebc28c367 : 2 : ittapi_config_apply_per_lib :  ITTAPI function not implemented: __itt_metadata_add_with_scope
4151 : 0x12075ebc28d197 : 2 : ittapi_config_apply_per_lib :  ITTAPI function not implemented: __itt_metadata_str_add_with_scope
4151 : 0x12075ebc28de69 : 2 : ittapi_config_apply_per_lib :  ITTAPI function not implemented: __itt_relation_add_to_current_ex
4151 : 0x12075ebc29056d : 2 : ittapi_config_apply_per_lib :  ITTAPI function not implemented: __itt_relation_add_ex
4151 : 0x12075ebc291585 : 2 : ittapi_config_apply_per_lib :  ITTAPI function not implemented: __itt_track_group_create
4151 : 0x12075ebc29229e : 2 : ittapi_config_apply_per_lib :  ITTAPI function not implemented: __itt_track_create
4151 : 0x12075ebc2932fc : 2 : ittapi_config_apply_per_lib :  ITTAPI function not implemented: __itt_set_track
4151 : 0x12075ebc294589 : 2 : ittapi_config_apply_per_lib :  ITTAPI function instrumented: __itt_api_version
4151 : 0x12075ebc295373 : 2 : ittapi_config_apply_per_lib :  ITTAPI function not implemented: __itt_av_save
4151 : 0x12075ebc2cc878 : 2 : ittapi_config_mask_get :  --itt-config mask to be applied: 17
4151 : 0x12075ebc2cdd34 : 2 : ittapi_config_apply_per_lib :  ITTAPI function instrumented: __itt_domain_create
4151 : 0x12075ebc2ce864 : 2 : ittapi_config_apply_per_lib :  ITTAPI function instrumented: __itt_string_handle_create
4151 : 0x12075ebc2cf3d9 : 2 : ittapi_config_apply_per_lib :  ITTAPI function instrumented: __itt_pause
4151 : 0x12075ebc2d36b0 : 2 : ittapi_config_apply_per_lib :  ITTAPI function instrumented: __itt_resume
4151 : 0x12075ebc2d4526 : 2 : ittapi_config_apply_per_lib :  ITTAPI function instrumented: __itt_thread_set_name
4151 : 0x12075ebc2d509b : 2 : ittapi_config_apply_per_lib :  ITTAPI function instrumented: __itt_thread_ignore
4151 : 0x12075ebc2d5b85 : 2 : ittapi_config_apply_per_lib :  ITTAPI function instrumented: __itt_thr_name_set
4151 : 0x12075ebc2d6629 : 2 : ittapi_config_apply_per_lib :  ITTAPI function instrumented: __itt_thr_ignore
4151 : 0x12075ebc2d7570 : 2 : ittapi_config_apply_per_lib :  ITTAPI function not implemented: __itt_enable_attach
4151 : 0x12075ebc2d7bb6 : 2 : ittapi_config_apply_per_lib :  ITTAPI function NOT instrumented (not matched by --itt-config option): __itt_sync_create

4151 : 0x12075ebc2d8242 : 2 : ittapi_config_apply_per_lib :  ITTAPI function NOT instrumented (not matched by --itt-config option): __itt_sync_rename

4151 : 0x12075ebc2d87fd : 2 : ittapi_config_apply_per_lib :  ITTAPI function NOT instrumented (not matched by --itt-config option): __itt_sync_destroy

4151 : 0x12075ebc2d8dfd : 2 : ittapi_config_apply_per_lib :  ITTAPI function NOT instrumented (not matched by --itt-config option): __itt_sync_prepare

4151 : 0x12075ebc2daae9 : 2 : ittapi_config_apply_per_lib :  ITTAPI function NOT instrumented (not matched by --itt-config option): __itt_sync_cancel

4151 : 0x12075ebc2db246 : 2 : ittapi_config_apply_per_lib :  ITTAPI function NOT instrumented (not matched by --itt-config option): __itt_sync_acquired

4151 : 0x12075ebc2db88d : 2 : ittapi_config_apply_per_lib :  ITTAPI function NOT instrumented (not matched by --itt-config option): __itt_sync_releasing

4151 : 0x12075ebc2dc977 : 2 : ittapi_config_apply_per_lib :  ITTAPI function not implemented: __itt_suppress_push
4151 : 0x12075ebc2dd832 : 2 : ittapi_config_apply_per_lib :  ITTAPI function not implemented: __itt_suppress_pop
4151 : 0x12075ebc2de54b : 2 : ittapi_config_apply_per_lib :  ITTAPI function not implemented: __itt_suppress_mark_range
4151 : 0x12075ebc2df1d7 : 2 : ittapi_config_apply_per_lib :  ITTAPI function not implemented: __itt_suppress_clear_range
4151 : 0x12075ebc2df7d8 : 2 : ittapi_config_apply_per_lib :  ITTAPI function NOT instrumented (not matched by --itt-config option): __itt_sync_prepare

4151 : 0x12075ebc2dfd92 : 2 : ittapi_config_apply_per_lib :  ITTAPI function NOT instrumented (not matched by --itt-config option): __itt_sync_cancel

4151 : 0x12075ebc2e034d : 2 : ittapi_config_apply_per_lib :  ITTAPI function NOT instrumented (not matched by --itt-config option): __itt_sync_acquired

4151 : 0x12075ebc2e1d38 : 2 : ittapi_config_apply_per_lib :  ITTAPI function NOT instrumented (not matched by --itt-config option): __itt_sync_releasing

4151 : 0x12075ebc2e2e22 : 2 : ittapi_config_apply_per_lib :  ITTAPI function not implemented: __itt_model_site_begin
4151 : 0x12075ebc2e5082 : 2 : ittapi_config_apply_per_lib :  ITTAPI function not implemented: __itt_model_site_end
4151 : 0x12075ebc2e5eb2 : 2 : ittapi_config_apply_per_lib :  ITTAPI function not implemented: __itt_model_task_begin
4151 : 0x12075ebc2e6b3f : 2 : ittapi_config_apply_per_lib :  ITTAPI function not implemented: __itt_model_task_end
4151 : 0x12075ebc2e7740 : 2 : ittapi_config_apply_per_lib :  ITTAPI function not implemented: __itt_model_lock_acquire
4151 : 0x12075ebc2e8387 : 2 : ittapi_config_apply_per_lib :  ITTAPI function not implemented: __itt_model_lock_release
4151 : 0x12075ebc2e9170 : 2 : ittapi_config_apply_per_lib :  ITTAPI function not implemented: __itt_model_record_allocation
4151 : 0x12075ebc2e9e89 : 2 : ittapi_config_apply_per_lib :  ITTAPI function not implemented: __itt_model_record_deallocation
4151 : 0x12075ebc2eaad0 : 2 : ittapi_config_apply_per_lib :  ITTAPI function not implemented: __itt_model_induction_uses
4151 : 0x12075ebc2edb1a : 2 : ittapi_config_apply_per_lib :  ITTAPI function not implemented: __itt_model_reduction_uses
4151 : 0x12075ebc2eeaa7 : 2 : ittapi_config_apply_per_lib :  ITTAPI function not implemented: __itt_model_observe_uses
4151 : 0x12075ebc2ef7bf : 2 : ittapi_config_apply_per_lib :  ITTAPI function not implemented: __itt_model_clear_uses
4151 : 0x12075ebc2f051d : 2 : ittapi_config_apply_per_lib :  ITTAPI function not implemented: __itt_model_site_beginA
4151 : 0x12075ebc2f11f0 : 2 : ittapi_config_apply_per_lib :  ITTAPI function not implemented: __itt_model_site_beginAL
4151 : 0x12075ebc2f1e37 : 2 : ittapi_config_apply_per_lib :  ITTAPI function not implemented: __itt_model_task_beginA
4151 : 0x12075ebc2f2ac3 : 2 : ittapi_config_apply_per_lib :  ITTAPI function not implemented: __itt_model_task_beginAL
4151 : 0x12075ebc2f37dc : 2 : ittapi_config_apply_per_lib :  ITTAPI function not implemented: __itt_model_iteration_taskA
4151 : 0x12075ebc2f4468 : 2 : ittapi_config_apply_per_lib :  ITTAPI function not implemented: __itt_model_iteration_taskAL
4151 : 0x12075ebc2f50af : 2 : ittapi_config_apply_per_lib :  ITTAPI function not implemented: __itt_model_site_end_2
4151 : 0x12075ebc2f739b : 2 : ittapi_config_apply_per_lib :  ITTAPI function not implemented: __itt_model_task_end_2
4151 : 0x12075ebc2f82e2 : 2 : ittapi_config_apply_per_lib :  ITTAPI function not implemented: __itt_model_lock_acquire_2
4151 : 0x12075ebc2f8fb4 : 2 : ittapi_config_apply_per_lib :  ITTAPI function not implemented: __itt_model_lock_release_2
4151 : 0x12075ebc2f9c41 : 2 : ittapi_config_apply_per_lib :  ITTAPI function not implemented: __itt_model_aggregate_task
4151 : 0x12075ebc2fa842 : 2 : ittapi_config_apply_per_lib :  ITTAPI function not implemented: __itt_model_disable_push
4151 : 0x12075ebc2fb515 : 2 : ittapi_config_apply_per_lib :  ITTAPI function not implemented: __itt_model_disable_pop
4151 : 0x12075ebc2fc15c : 2 : ittapi_config_apply_per_lib :  ITTAPI function not implemented: __itt_heap_function_create
4151 : 0x12075ebc2fcda2 : 2 : ittapi_config_apply_per_lib :  ITTAPI function not implemented: __itt_heap_allocate_begin
4151 : 0x12075ebc2fd9e9 : 2 : ittapi_config_apply_per_lib :  ITTAPI function not implemented: __itt_heap_allocate_end
4151 : 0x12075ebc2ff8bd : 2 : ittapi_config_apply_per_lib :  ITTAPI function not implemented: __itt_heap_free_begin
4151 : 0x12075ebc301e1e : 2 : ittapi_config_apply_per_lib :  ITTAPI function not implemented: __itt_heap_free_end
4151 : 0x12075ebc302cd9 : 2 : ittapi_config_apply_per_lib :  ITTAPI function not implemented: __itt_heap_reallocate_begin
4151 : 0x12075ebc3039f1 : 2 : ittapi_config_apply_per_lib :  ITTAPI function not implemented: __itt_heap_reallocate_end
4151 : 0x12075ebc3046c4 : 2 : ittapi_config_apply_per_lib :  ITTAPI function not implemented: __itt_heap_internal_access_begin
4151 : 0x12075ebc305351 : 2 : ittapi_config_apply_per_lib :  ITTAPI function not implemented: __itt_heap_internal_access_end
4151 : 0x12075ebc3060af : 2 : ittapi_config_apply_per_lib :  ITTAPI function not implemented: __itt_heap_record_memory_growth_begin
4151 : 0x12075ebc306d81 : 2 : ittapi_config_apply_per_lib :  ITTAPI function not implemented: __itt_heap_record_memory_growth_end
4151 : 0x12075ebc3079c8 : 2 : ittapi_config_apply_per_lib :  ITTAPI function not implemented: __itt_heap_reset_detection
4151 : 0x12075ebc30860f : 2 : ittapi_config_apply_per_lib :  ITTAPI function not implemented: __itt_heap_record
4151 : 0x12075ebc309256 : 2 : ittapi_config_apply_per_lib :  ITTAPI function not implemented: __itt_id_create
4151 : 0x12075ebc30bf5a : 2 : ittapi_config_apply_per_lib :  ITTAPI function not implemented: __itt_id_destroy
4151 : 0x12075ebc30ccfe : 2 : ittapi_config_apply_per_lib :  ITTAPI function instrumented: __itt_get_timestamp
4151 : 0x12075ebc30d98b : 2 : ittapi_config_apply_per_lib :  ITTAPI function not implemented: __itt_region_begin
4151 : 0x12075ebc30e617 : 2 : ittapi_config_apply_per_lib :  ITTAPI function not implemented: __itt_region_end
4151 : 0x12075ebc30f1d2 : 2 : ittapi_config_apply_per_lib :  ITTAPI function instrumented: __itt_frame_begin_v3
4151 : 0x12075ebc30fcbc : 2 : ittapi_config_apply_per_lib :  ITTAPI function instrumented: __itt_frame_end_v3
4151 : 0x12075ebc3107a6 : 2 : ittapi_config_apply_per_lib :  ITTAPI function instrumented: __itt_frame_submit_v3
4151 : 0x12075ebc310d60 : 2 : ittapi_config_apply_per_lib :  ITTAPI function NOT instrumented (not matched by --itt-config option): __itt_task_group

4151 : 0x12075ebc311361 : 2 : ittapi_config_apply_per_lib :  ITTAPI function NOT instrumented (not matched by --itt-config option): __itt_task_begin

4151 : 0x12075ebc31191c : 2 : ittapi_config_apply_per_lib :  ITTAPI function NOT instrumented (not matched by --itt-config option): __itt_task_begin_fn

4151 : 0x12075ebc313307 : 2 : ittapi_config_apply_per_lib :  ITTAPI function NOT instrumented (not matched by --itt-config option): __itt_task_end

4151 : 0x12075ebc31447c : 2 : ittapi_config_apply_per_lib :  ITTAPI function not implemented: __itt_counter_inc_v3
4151 : 0x12075ebc315109 : 2 : ittapi_config_apply_per_lib :  ITTAPI function not implemented: __itt_counter_inc_delta_v3
4151 : 0x12075ebc315ddc : 2 : ittapi_config_apply_per_lib :  ITTAPI function not implemented: __itt_marker
4151 : 0x12075ebc31690b : 2 : ittapi_config_apply_per_lib :  ITTAPI function instrumented: __itt_metadata_add
4151 : 0x12075ebc317552 : 2 : ittapi_config_apply_per_lib :  ITTAPI function not implemented: __itt_metadata_str_add
4151 : 0x12075ebc318225 : 2 : ittapi_config_apply_per_lib :  ITTAPI function not implemented: __itt_relation_add_to_current
4151 : 0x12075ebc318eb1 : 2 : ittapi_config_apply_per_lib :  ITTAPI function not implemented: __itt_relation_add
4151 : 0x12075ebc3199e1 : 2 : ittapi_config_apply_per_lib :  ITTAPI function instrumented: __itt_event_create
4151 : 0x12075ebc319f56 : 2 : ittapi_config_apply_per_lib :  ITTAPI function NOT instrumented (not matched by --itt-config option): __itt_event_start

4151 : 0x12075ebc31b829 : 2 : ittapi_config_apply_per_lib :  ITTAPI function NOT instrumented (not matched by --itt-config option): __itt_event_end

4151 : 0x12075ebc31bf87 : 2 : ittapi_config_apply_per_lib :  ITTAPI function NOT instrumented (not matched by --itt-config option): __itt_sync_set_name

4151 : 0x12075ebc31e08a : 2 : ittapi_config_apply_per_lib :  ITTAPI function instrumented: __itt_notify_sync_name
4151 : 0x12075ebc31eb73 : 2 : ittapi_config_apply_per_lib :  ITTAPI function instrumented: __itt_notify_sync_prepare
4151 : 0x12075ebc31f5d1 : 2 : ittapi_config_apply_per_lib :  ITTAPI function instrumented: __itt_notify_sync_cancel
4151 : 0x12075ebc32018c : 2 : ittapi_config_apply_per_lib :  ITTAPI function instrumented: __itt_notify_sync_acquired
4151 : 0x12075ebc320c76 : 2 : ittapi_config_apply_per_lib :  ITTAPI function instrumented: __itt_notify_sync_releasing
4151 : 0x12075ebc321949 : 2 : ittapi_config_apply_per_lib :  ITTAPI function not implemented: __itt_memory_read
4151 : 0x12075ebc322661 : 2 : ittapi_config_apply_per_lib :  ITTAPI function not implemented: __itt_memory_write
4151 : 0x12075ebc3232ee : 2 : ittapi_config_apply_per_lib :  ITTAPI function not implemented: __itt_memory_update
4151 : 0x12075ebc325665 : 2 : ittapi_config_apply_per_lib :  ITTAPI function not implemented: __itt_state_get
4151 : 0x12075ebc326495 : 2 : ittapi_config_apply_per_lib :  ITTAPI function not implemented: __itt_state_set
4151 : 0x12075ebc3270dc : 2 : ittapi_config_apply_per_lib :  ITTAPI function not implemented: __itt_obj_mode_set
4151 : 0x12075ebc327cdd : 2 : ittapi_config_apply_per_lib :  ITTAPI function not implemented: __itt_thr_mode_set
4151 : 0x12075ebc3287c6 : 2 : ittapi_config_apply_per_lib :  ITTAPI function instrumented: __itt_frame_create
4151 : 0x12075ebc32933c : 2 : ittapi_config_apply_per_lib :  ITTAPI function instrumented: __itt_frame_begin
4151 : 0x12075ebc329ddf : 2 : ittapi_config_apply_per_lib :  ITTAPI function instrumented: __itt_frame_end
4151 : 0x12075ebc32a9e0 : 2 : ittapi_config_apply_per_lib :  ITTAPI function not implemented: __itt_counter_create
4151 : 0x12075ebc32b5e1 : 2 : ittapi_config_apply_per_lib :  ITTAPI function not implemented: __itt_counter_destroy
4151 : 0x12075ebc32c1e3 : 2 : ittapi_config_apply_per_lib :  ITTAPI function not implemented: __itt_counter_inc
4151 : 0x12075ebc32f044 : 2 : ittapi_config_apply_per_lib :  ITTAPI function not implemented: __itt_counter_inc_delta
4151 : 0x12075ebc32ff8b : 2 : ittapi_config_apply_per_lib :  ITTAPI function not implemented: __itt_mark_create
4151 : 0x12075ebc330c5d : 2 : ittapi_config_apply_per_lib :  ITTAPI function not implemented: __itt_mark
4151 : 0x12075ebc3319bb : 2 : ittapi_config_apply_per_lib :  ITTAPI function not implemented: __itt_mark_off
4151 : 0x12075ebc332602 : 2 : ittapi_config_apply_per_lib :  ITTAPI function not implemented: __itt_mark_global
4151 : 0x12075ebc333203 : 2 : ittapi_config_apply_per_lib :  ITTAPI function not implemented: __itt_mark_global_off
4151 : 0x12075ebc333dbe : 2 : ittapi_config_apply_per_lib :  ITTAPI function instrumented: __itt_stack_caller_create
4151 : 0x12075ebc3348a8 : 2 : ittapi_config_apply_per_lib :  ITTAPI function instrumented: __itt_stack_caller_destroy
4151 : 0x12075ebc3354a9 : 2 : ittapi_config_apply_per_lib :  ITTAPI function instrumented: __itt_stack_callee_enter
4151 : 0x12075ebc335f93 : 2 : ittapi_config_apply_per_lib :  ITTAPI function instrumented: __itt_stack_callee_leave
4151 : 0x12075ebc338350 : 2 : ittapi_config_apply_per_lib :  ITTAPI function not implemented: __itt_clock_domain_create
4151 : 0x12075ebc3392dd : 2 : ittapi_config_apply_per_lib :  ITTAPI function not implemented: __itt_clock_domain_reset
4151 : 0x12075ebc339f6a : 2 : ittapi_config_apply_per_lib :  ITTAPI function not implemented: __itt_id_create_ex
4151 : 0x12075ebc33abf6 : 2 : ittapi_config_apply_per_lib :  ITTAPI function not implemented: __itt_id_destroy_ex
4151 : 0x12075ebc33b1f7 : 2 : ittapi_config_apply_per_lib :  ITTAPI function NOT instrumented (not matched by --itt-config option): __itt_task_begin_ex

4151 : 0x12075ebc33b7b1 : 2 : ittapi_config_apply_per_lib :  ITTAPI function NOT instrumented (not matched by --itt-config option): __itt_task_begin_fn_ex

4151 : 0x12075ebc33bdb2 : 2 : ittapi_config_apply_per_lib :  ITTAPI function NOT instrumented (not matched by --itt-config option): __itt_task_end_ex

4151 : 0x12075ebc33c36d : 2 : ittapi_config_apply_per_lib :  ITTAPI function NOT instrumented (not matched by --itt-config option): __itt_task_begin_overlapped

4151 : 0x12075ebc33c96d : 2 : ittapi_config_apply_per_lib :  ITTAPI function NOT instrumented (not matched by --itt-config option): __itt_task_begin_overlapped_ex

4151 : 0x12075ebc33cf28 : 2 : ittapi_config_apply_per_lib :  ITTAPI function NOT instrumented (not matched by --itt-config option): __itt_task_end_overlapped

4151 : 0x12075ebc33e8cd : 2 : ittapi_config_apply_per_lib :  ITTAPI function NOT instrumented (not matched by --itt-config option): __itt_task_end_overlapped_ex

4151 : 0x12075ebc33fa43 : 2 : ittapi_config_apply_per_lib :  ITTAPI function not implemented: __itt_marker_ex
4151 : 0x12075ebc34075b : 2 : ittapi_config_apply_per_lib :  ITTAPI function not implemented: __itt_metadata_add_with_scope
4151 : 0x12075ebc3414b9 : 2 : ittapi_config_apply_per_lib :  ITTAPI function not implemented: __itt_metadata_str_add_with_scope
4151 : 0x12075ebc34218c : 2 : ittapi_config_apply_per_lib :  ITTAPI function not implemented: __itt_relation_add_to_current_ex
4151 : 0x12075ebc342d8d : 2 : ittapi_config_apply_per_lib :  ITTAPI function not implemented: __itt_relation_add_ex
4151 : 0x12075ebc343a1a : 2 : ittapi_config_apply_per_lib :  ITTAPI function not implemented: __itt_track_group_create
4151 : 0x12075ebc3445d5 : 2 : ittapi_config_apply_per_lib :  ITTAPI function not implemented: __itt_track_create
4151 : 0x12075ebc3453bf : 2 : ittapi_config_apply_per_lib :  ITTAPI function not implemented: __itt_set_track
4151 : 0x12075ebc34657a : 2 : ittapi_config_apply_per_lib :  ITTAPI function instrumented: __itt_api_version
4151 : 0x12075ebc349cdc : 2 : ittapi_config_apply_per_lib :  ITTAPI function not implemented: __itt_av_save